#! /c/Source/iverilog-install/bin/vvp
:ivl_version "12.0 (devel)" "(s20150603-1110-g18392a46)";
:ivl_delay_selection "TYPICAL";
:vpi_time_precision - 12;
:vpi_module "D:\iverilog\lib\ivl\system.vpi";
:vpi_module "D:\iverilog\lib\ivl\vhdl_sys.vpi";
:vpi_module "D:\iverilog\lib\ivl\vhdl_textio.vpi";
:vpi_module "D:\iverilog\lib\ivl\v2005_math.vpi";
:vpi_module "D:\iverilog\lib\ivl\va_math.vpi";
S_000001b6d817ac90 .scope module, "tb_shift" "tb_shift" 2 5;
 .timescale -9 -12;
P_000001b6d8177210 .param/l "PERIOD" 0 2 8, +C4<00000000000000000000000000001010>;
P_000001b6d8177248 .param/l "n" 0 2 9, +C4<00000000000000000000000000001000>;
v000001b6d817bd70_0 .var "date", 7 0;
v000001b6d817be10_0 .net "outdate", 7 0, v000001b6d8177000_0;  1 drivers
v000001b6d817beb0_0 .var "s", 1 0;
S_000001b6d817cb10 .scope module, "u_shift" "shift" 2 20, 3 1 0, S_000001b6d817ac90;
 .timescale 0 0;
    .port_info 0 /INPUT 2 "s";
    .port_info 1 /INPUT 8 "date";
    .port_info 2 /OUTPUT 8 "outdate";
P_000001b6d80572d0 .param/l "n" 0 3 2, +C4<00000000000000000000000000001000>;
v000001b6d8177560_0 .net "date", 7 0, v000001b6d817bd70_0;  1 drivers
v000001b6d8177000_0 .var "outdate", 7 0;
v000001b6d817bcd0_0 .net "s", 1 0, v000001b6d817beb0_0;  1 drivers
E_000001b6d80573d0 .event anyedge, v000001b6d8177560_0, v000001b6d817bcd0_0;
    .scope S_000001b6d817cb10;
T_0 ;
    %wait E_000001b6d80573d0;
    %load/vec4 v000001b6d817bcd0_0;
    %dup/vec4;
    %pushi/vec4 0, 0, 2;
    %cmp/u;
    %jmp/1 T_0.0, 6;
    %dup/vec4;
    %pushi/vec4 1, 0, 2;
    %cmp/u;
    %jmp/1 T_0.1, 6;
    %dup/vec4;
    %pushi/vec4 2, 0, 2;
    %cmp/u;
    %jmp/1 T_0.2, 6;
    %dup/vec4;
    %pushi/vec4 3, 0, 2;
    %cmp/u;
    %jmp/1 T_0.3, 6;
    %jmp T_0.4;
T_0.0 ;
    %load/vec4 v000001b6d8177560_0;
    %store/vec4 v000001b6d8177000_0, 0, 8;
    %jmp T_0.4;
T_0.1 ;
    %load/vec4 v000001b6d8177560_0;
    %ix/load 4, 1, 0;
    %flag_set/imm 4, 0;
    %shiftl 4;
    %store/vec4 v000001b6d8177000_0, 0, 8;
    %jmp T_0.4;
T_0.2 ;
    %load/vec4 v000001b6d8177560_0;
    %ix/load 4, 1, 0;
    %flag_set/imm 4, 0;
    %shiftr 4;
    %store/vec4 v000001b6d8177000_0, 0, 8;
    %jmp T_0.4;
T_0.3 ;
    %load/vec4 v000001b6d8177560_0;
    %parti/s 1, 0, 2;
    %load/vec4 v000001b6d8177560_0;
    %parti/s 7, 1, 2;
    %concat/vec4; draw_concat_vec4
    %store/vec4 v000001b6d8177000_0, 0, 8;
    %jmp T_0.4;
T_0.4 ;
    %pop/vec4 1;
    %jmp T_0;
    .thread T_0, $push;
    .scope S_000001b6d817ac90;
T_1 ;
    %pushi/vec4 0, 0, 2;
    %store/vec4 v000001b6d817beb0_0, 0, 2;
    %pushi/vec4 0, 0, 8;
    %store/vec4 v000001b6d817bd70_0, 0, 8;
    %end;
    .thread T_1;
    .scope S_000001b6d817ac90;
T_2 ;
    %vpi_call 2 29 "$dumpfile", "tb_shift.vcd" {0 0 0};
    %vpi_call 2 30 "$dumpvars", 32'sb00000000000000000000000000000000, S_000001b6d817ac90 {0 0 0};
    %pushi/vec4 0, 0, 2;
    %store/vec4 v000001b6d817beb0_0, 0, 2;
    %pushi/vec4 178, 0, 8;
    %store/vec4 v000001b6d817bd70_0, 0, 8;
    %delay 10000, 0;
    %pushi/vec4 1, 0, 2;
    %store/vec4 v000001b6d817beb0_0, 0, 2;
    %delay 10000, 0;
    %pushi/vec4 2, 0, 2;
    %store/vec4 v000001b6d817beb0_0, 0, 2;
    %delay 10000, 0;
    %pushi/vec4 3, 0, 2;
    %store/vec4 v000001b6d817beb0_0, 0, 2;
    %delay 10000, 0;
    %vpi_call 2 40 "$finish" {0 0 0};
    %end;
    .thread T_2;
# The file index is used to find the file name in the following table.
:file_names 4;
    "N/A";
    "<interactive>";
    "tb.v";
    "./shift.v";
