#! /c/Source/iverilog-install/bin/vvp
:ivl_version "12.0 (devel)" "(s20150603-1110-g18392a46)";
:ivl_delay_selection "TYPICAL";
:vpi_time_precision + 0;
:vpi_module "D:\iverilog\lib\ivl\system.vpi";
:vpi_module "D:\iverilog\lib\ivl\vhdl_sys.vpi";
:vpi_module "D:\iverilog\lib\ivl\vhdl_textio.vpi";
:vpi_module "D:\iverilog\lib\ivl\v2005_math.vpi";
:vpi_module "D:\iverilog\lib\ivl\va_math.vpi";
S_000002027cbf2df0 .scope module, "random" "random" 2 1;
 .timescale 0 0;
    .port_info 0 /INPUT 1 "clk";
    .port_info 1 /INPUT 1 "rst_n";
    .port_info 2 /INPUT 32 "seed";
    .port_info 3 /OUTPUT 32 "random";
o000002027cc34f88 .functor BUFZ 1, C4<z>; HiZ drive
v000002027cbf3390_0 .net "clk", 0 0, o000002027cc34f88;  0 drivers
v000002027cbf2f80_0 .var "data", 31 0;
v000002027cbf3020_0 .var "random", 31 0;
o000002027cc35018 .functor BUFZ 1, C4<z>; HiZ drive
v000002027cbf30c0_0 .net "rst_n", 0 0, o000002027cc35018;  0 drivers
o000002027cc35048 .functor BUFZ 32, C4<zzzzzzzzzzzzzzzzzzzzzzzzzzzzzzzz>; HiZ drive
v000002027cc23790_0 .net "seed", 31 0, o000002027cc35048;  0 drivers
E_000002027cc1b040/0 .event negedge, v000002027cbf30c0_0;
E_000002027cc1b040/1 .event posedge, v000002027cbf3390_0;
E_000002027cc1b040 .event/or E_000002027cc1b040/0, E_000002027cc1b040/1;
    .scope S_000002027cbf2df0;
T_0 ;
    %wait E_000002027cc1b040;
    %load/vec4 v000002027cbf30c0_0;
    %nor/r;
    %flag_set/vec4 8;
    %jmp/0xz  T_0.0, 8;
    %pushi/vec4 0, 0, 32;
    %assign/vec4 v000002027cbf2f80_0, 0;
    %pushi/vec4 0, 0, 32;
    %assign/vec4 v000002027cbf3020_0, 0;
    %jmp T_0.1;
T_0.0 ;
    %load/vec4 v000002027cbf2f80_0;
    %cmpi/e 0, 0, 32;
    %jmp/0xz  T_0.2, 4;
    %load/vec4 v000002027cc23790_0;
    %assign/vec4 v000002027cbf2f80_0, 0;
    %jmp T_0.3;
T_0.2 ;
    %load/vec4 v000002027cbf2f80_0;
    %parti/s 1, 31, 6;
    %ix/load 4, 0, 0;
    %ix/load 5, 0, 0;
    %flag_set/imm 4, 0;
    %assign/vec4/off/d v000002027cbf2f80_0, 4, 5;
    %load/vec4 v000002027cbf2f80_0;
    %parti/s 1, 0, 2;
    %load/vec4 v000002027cbf2f80_0;
    %parti/s 1, 31, 6;
    %xor;
    %ix/load 4, 1, 0;
    %ix/load 5, 0, 0;
    %flag_set/imm 4, 0;
    %assign/vec4/off/d v000002027cbf2f80_0, 4, 5;
    %load/vec4 v000002027cbf2f80_0;
    %parti/s 1, 1, 2;
    %load/vec4 v000002027cbf2f80_0;
    %parti/s 1, 31, 6;
    %xor;
    %ix/load 4, 2, 0;
    %ix/load 5, 0, 0;
    %flag_set/imm 4, 0;
    %assign/vec4/off/d v000002027cbf2f80_0, 4, 5;
    %load/vec4 v000002027cbf2f80_0;
    %parti/s 1, 2, 3;
    %load/vec4 v000002027cbf2f80_0;
    %parti/s 1, 31, 6;
    %xor;
    %ix/load 4, 3, 0;
    %ix/load 5, 0, 0;
    %flag_set/imm 4, 0;
    %assign/vec4/off/d v000002027cbf2f80_0, 4, 5;
    %load/vec4 v000002027cbf2f80_0;
    %parti/s 1, 3, 3;
    %ix/load 4, 4, 0;
    %ix/load 5, 0, 0;
    %flag_set/imm 4, 0;
    %assign/vec4/off/d v000002027cbf2f80_0, 4, 5;
    %load/vec4 v000002027cbf2f80_0;
    %parti/s 1, 4, 4;
    %load/vec4 v000002027cbf2f80_0;
    %parti/s 1, 31, 6;
    %xor;
    %ix/load 4, 5, 0;
    %ix/load 5, 0, 0;
    %flag_set/imm 4, 0;
    %assign/vec4/off/d v000002027cbf2f80_0, 4, 5;
    %load/vec4 v000002027cbf2f80_0;
    %parti/s 1, 5, 4;
    %ix/load 4, 6, 0;
    %ix/load 5, 0, 0;
    %flag_set/imm 4, 0;
    %assign/vec4/off/d v000002027cbf2f80_0, 4, 5;
    %load/vec4 v000002027cbf2f80_0;
    %parti/s 1, 6, 4;
    %load/vec4 v000002027cbf2f80_0;
    %parti/s 1, 31, 6;
    %xor;
    %ix/load 4, 7, 0;
    %ix/load 5, 0, 0;
    %flag_set/imm 4, 0;
    %assign/vec4/off/d v000002027cbf2f80_0, 4, 5;
    %load/vec4 v000002027cbf2f80_0;
    %parti/s 1, 7, 4;
    %ix/load 4, 8, 0;
    %ix/load 5, 0, 0;
    %flag_set/imm 4, 0;
    %assign/vec4/off/d v000002027cbf2f80_0, 4, 5;
    %load/vec4 v000002027cbf2f80_0;
    %parti/s 1, 8, 5;
    %ix/load 4, 9, 0;
    %ix/load 5, 0, 0;
    %flag_set/imm 4, 0;
    %assign/vec4/off/d v000002027cbf2f80_0, 4, 5;
    %load/vec4 v000002027cbf2f80_0;
    %parti/s 1, 9, 5;
    %ix/load 4, 10, 0;
    %ix/load 5, 0, 0;
    %flag_set/imm 4, 0;
    %assign/vec4/off/d v000002027cbf2f80_0, 4, 5;
    %load/vec4 v000002027cbf2f80_0;
    %parti/s 1, 10, 5;
    %ix/load 4, 11, 0;
    %ix/load 5, 0, 0;
    %flag_set/imm 4, 0;
    %assign/vec4/off/d v000002027cbf2f80_0, 4, 5;
    %load/vec4 v000002027cbf2f80_0;
    %parti/s 1, 11, 5;
    %ix/load 4, 12, 0;
    %ix/load 5, 0, 0;
    %flag_set/imm 4, 0;
    %assign/vec4/off/d v000002027cbf2f80_0, 4, 5;
    %load/vec4 v000002027cbf2f80_0;
    %parti/s 1, 12, 5;
    %ix/load 4, 13, 0;
    %ix/load 5, 0, 0;
    %flag_set/imm 4, 0;
    %assign/vec4/off/d v000002027cbf2f80_0, 4, 5;
    %load/vec4 v000002027cbf2f80_0;
    %parti/s 1, 13, 5;
    %ix/load 4, 14, 0;
    %ix/load 5, 0, 0;
    %flag_set/imm 4, 0;
    %assign/vec4/off/d v000002027cbf2f80_0, 4, 5;
    %load/vec4 v000002027cbf2f80_0;
    %parti/s 1, 14, 5;
    %ix/load 4, 15, 0;
    %ix/load 5, 0, 0;
    %flag_set/imm 4, 0;
    %assign/vec4/off/d v000002027cbf2f80_0, 4, 5;
    %load/vec4 v000002027cbf2f80_0;
    %parti/s 1, 15, 5;
    %ix/load 4, 16, 0;
    %ix/load 5, 0, 0;
    %flag_set/imm 4, 0;
    %assign/vec4/off/d v000002027cbf2f80_0, 4, 5;
    %load/vec4 v000002027cbf2f80_0;
    %parti/s 1, 16, 6;
    %ix/load 4, 17, 0;
    %ix/load 5, 0, 0;
    %flag_set/imm 4, 0;
    %assign/vec4/off/d v000002027cbf2f80_0, 4, 5;
    %load/vec4 v000002027cbf2f80_0;
    %parti/s 1, 17, 6;
    %ix/load 4, 18, 0;
    %ix/load 5, 0, 0;
    %flag_set/imm 4, 0;
    %assign/vec4/off/d v000002027cbf2f80_0, 4, 5;
    %load/vec4 v000002027cbf2f80_0;
    %parti/s 1, 18, 6;
    %ix/load 4, 19, 0;
    %ix/load 5, 0, 0;
    %flag_set/imm 4, 0;
    %assign/vec4/off/d v000002027cbf2f80_0, 4, 5;
    %load/vec4 v000002027cbf2f80_0;
    %parti/s 1, 19, 6;
    %ix/load 4, 20, 0;
    %ix/load 5, 0, 0;
    %flag_set/imm 4, 0;
    %assign/vec4/off/d v000002027cbf2f80_0, 4, 5;
    %load/vec4 v000002027cbf2f80_0;
    %parti/s 1, 20, 6;
    %ix/load 4, 21, 0;
    %ix/load 5, 0, 0;
    %flag_set/imm 4, 0;
    %assign/vec4/off/d v000002027cbf2f80_0, 4, 5;
    %load/vec4 v000002027cbf2f80_0;
    %parti/s 1, 21, 6;
    %ix/load 4, 22, 0;
    %ix/load 5, 0, 0;
    %flag_set/imm 4, 0;
    %assign/vec4/off/d v000002027cbf2f80_0, 4, 5;
    %load/vec4 v000002027cbf2f80_0;
    %parti/s 1, 22, 6;
    %ix/load 4, 23, 0;
    %ix/load 5, 0, 0;
    %flag_set/imm 4, 0;
    %assign/vec4/off/d v000002027cbf2f80_0, 4, 5;
    %load/vec4 v000002027cbf2f80_0;
    %parti/s 1, 23, 6;
    %ix/load 4, 24, 0;
    %ix/load 5, 0, 0;
    %flag_set/imm 4, 0;
    %assign/vec4/off/d v000002027cbf2f80_0, 4, 5;
    %load/vec4 v000002027cbf2f80_0;
    %parti/s 1, 24, 6;
    %ix/load 4, 25, 0;
    %ix/load 5, 0, 0;
    %flag_set/imm 4, 0;
    %assign/vec4/off/d v000002027cbf2f80_0, 4, 5;
    %load/vec4 v000002027cbf2f80_0;
    %parti/s 1, 25, 6;
    %ix/load 4, 26, 0;
    %ix/load 5, 0, 0;
    %flag_set/imm 4, 0;
    %assign/vec4/off/d v000002027cbf2f80_0, 4, 5;
    %load/vec4 v000002027cbf2f80_0;
    %parti/s 1, 26, 6;
    %ix/load 4, 27, 0;
    %ix/load 5, 0, 0;
    %flag_set/imm 4, 0;
    %assign/vec4/off/d v000002027cbf2f80_0, 4, 5;
    %load/vec4 v000002027cbf2f80_0;
    %parti/s 1, 27, 6;
    %ix/load 4, 28, 0;
    %ix/load 5, 0, 0;
    %flag_set/imm 4, 0;
    %assign/vec4/off/d v000002027cbf2f80_0, 4, 5;
    %load/vec4 v000002027cbf2f80_0;
    %parti/s 1, 28, 6;
    %ix/load 4, 29, 0;
    %ix/load 5, 0, 0;
    %flag_set/imm 4, 0;
    %assign/vec4/off/d v000002027cbf2f80_0, 4, 5;
    %load/vec4 v000002027cbf2f80_0;
    %parti/s 1, 29, 6;
    %ix/load 4, 30, 0;
    %ix/load 5, 0, 0;
    %flag_set/imm 4, 0;
    %assign/vec4/off/d v000002027cbf2f80_0, 4, 5;
    %load/vec4 v000002027cbf2f80_0;
    %parti/s 1, 30, 6;
    %ix/load 4, 31, 0;
    %ix/load 5, 0, 0;
    %flag_set/imm 4, 0;
    %assign/vec4/off/d v000002027cbf2f80_0, 4, 5;
T_0.3 ;
T_0.1 ;
    %load/vec4 v000002027cbf2f80_0;
    %parti/s 4, 0, 2;
    %cmpi/u 10, 0, 4;
    %jmp/0xz  T_0.4, 5;
    %load/vec4 v000002027cbf2f80_0;
    %parti/s 4, 0, 2;
    %ix/load 4, 0, 0;
    %ix/load 5, 0, 0;
    %flag_set/imm 4, 0;
    %assign/vec4/off/d v000002027cbf3020_0, 4, 5;
    %jmp T_0.5;
T_0.4 ;
    %load/vec4 v000002027cbf2f80_0;
    %parti/s 4, 0, 2;
    %inv;
    %ix/load 4, 0, 0;
    %ix/load 5, 0, 0;
    %flag_set/imm 4, 0;
    %assign/vec4/off/d v000002027cbf3020_0, 4, 5;
T_0.5 ;
    %load/vec4 v000002027cbf2f80_0;
    %parti/s 4, 4, 4;
    %cmpi/u 10, 0, 4;
    %jmp/0xz  T_0.6, 5;
    %load/vec4 v000002027cbf2f80_0;
    %parti/s 4, 4, 4;
    %ix/load 4, 4, 0;
    %ix/load 5, 0, 0;
    %flag_set/imm 4, 0;
    %assign/vec4/off/d v000002027cbf3020_0, 4, 5;
    %jmp T_0.7;
T_0.6 ;
    %load/vec4 v000002027cbf2f80_0;
    %parti/s 4, 4, 4;
    %inv;
    %ix/load 4, 4, 0;
    %ix/load 5, 0, 0;
    %flag_set/imm 4, 0;
    %assign/vec4/off/d v000002027cbf3020_0, 4, 5;
T_0.7 ;
    %load/vec4 v000002027cbf2f80_0;
    %parti/s 4, 8, 5;
    %cmpi/u 10, 0, 4;
    %jmp/0xz  T_0.8, 5;
    %load/vec4 v000002027cbf2f80_0;
    %parti/s 4, 8, 5;
    %ix/load 4, 8, 0;
    %ix/load 5, 0, 0;
    %flag_set/imm 4, 0;
    %assign/vec4/off/d v000002027cbf3020_0, 4, 5;
    %jmp T_0.9;
T_0.8 ;
    %load/vec4 v000002027cbf2f80_0;
    %parti/s 4, 8, 5;
    %inv;
    %ix/load 4, 8, 0;
    %ix/load 5, 0, 0;
    %flag_set/imm 4, 0;
    %assign/vec4/off/d v000002027cbf3020_0, 4, 5;
T_0.9 ;
    %load/vec4 v000002027cbf2f80_0;
    %parti/s 4, 12, 5;
    %cmpi/u 10, 0, 4;
    %jmp/0xz  T_0.10, 5;
    %load/vec4 v000002027cbf2f80_0;
    %parti/s 4, 12, 5;
    %ix/load 4, 12, 0;
    %ix/load 5, 0, 0;
    %flag_set/imm 4, 0;
    %assign/vec4/off/d v000002027cbf3020_0, 4, 5;
    %jmp T_0.11;
T_0.10 ;
    %load/vec4 v000002027cbf2f80_0;
    %parti/s 4, 12, 5;
    %inv;
    %ix/load 4, 12, 0;
    %ix/load 5, 0, 0;
    %flag_set/imm 4, 0;
    %assign/vec4/off/d v000002027cbf3020_0, 4, 5;
T_0.11 ;
    %load/vec4 v000002027cbf2f80_0;
    %parti/s 4, 16, 6;
    %cmpi/u 10, 0, 4;
    %jmp/0xz  T_0.12, 5;
    %load/vec4 v000002027cbf2f80_0;
    %parti/s 4, 16, 6;
    %ix/load 4, 16, 0;
    %ix/load 5, 0, 0;
    %flag_set/imm 4, 0;
    %assign/vec4/off/d v000002027cbf3020_0, 4, 5;
    %jmp T_0.13;
T_0.12 ;
    %load/vec4 v000002027cbf2f80_0;
    %parti/s 4, 16, 6;
    %inv;
    %ix/load 4, 16, 0;
    %ix/load 5, 0, 0;
    %flag_set/imm 4, 0;
    %assign/vec4/off/d v000002027cbf3020_0, 4, 5;
T_0.13 ;
    %load/vec4 v000002027cbf2f80_0;
    %parti/s 4, 20, 6;
    %cmpi/u 10, 0, 4;
    %jmp/0xz  T_0.14, 5;
    %load/vec4 v000002027cbf2f80_0;
    %parti/s 4, 20, 6;
    %ix/load 4, 20, 0;
    %ix/load 5, 0, 0;
    %flag_set/imm 4, 0;
    %assign/vec4/off/d v000002027cbf3020_0, 4, 5;
    %jmp T_0.15;
T_0.14 ;
    %load/vec4 v000002027cbf2f80_0;
    %parti/s 4, 20, 6;
    %inv;
    %ix/load 4, 20, 0;
    %ix/load 5, 0, 0;
    %flag_set/imm 4, 0;
    %assign/vec4/off/d v000002027cbf3020_0, 4, 5;
T_0.15 ;
    %load/vec4 v000002027cbf2f80_0;
    %parti/s 4, 24, 6;
    %cmpi/u 10, 0, 4;
    %jmp/0xz  T_0.16, 5;
    %load/vec4 v000002027cbf2f80_0;
    %parti/s 4, 24, 6;
    %ix/load 4, 24, 0;
    %ix/load 5, 0, 0;
    %flag_set/imm 4, 0;
    %assign/vec4/off/d v000002027cbf3020_0, 4, 5;
    %jmp T_0.17;
T_0.16 ;
    %load/vec4 v000002027cbf2f80_0;
    %parti/s 4, 24, 6;
    %inv;
    %ix/load 4, 24, 0;
    %ix/load 5, 0, 0;
    %flag_set/imm 4, 0;
    %assign/vec4/off/d v000002027cbf3020_0, 4, 5;
T_0.17 ;
    %load/vec4 v000002027cbf2f80_0;
    %parti/s 4, 28, 6;
    %cmpi/u 10, 0, 4;
    %jmp/0xz  T_0.18, 5;
    %load/vec4 v000002027cbf2f80_0;
    %parti/s 4, 28, 6;
    %ix/load 4, 28, 0;
    %ix/load 5, 0, 0;
    %flag_set/imm 4, 0;
    %assign/vec4/off/d v000002027cbf3020_0, 4, 5;
    %jmp T_0.19;
T_0.18 ;
    %load/vec4 v000002027cbf2f80_0;
    %parti/s 4, 28, 6;
    %inv;
    %ix/load 4, 28, 0;
    %ix/load 5, 0, 0;
    %flag_set/imm 4, 0;
    %assign/vec4/off/d v000002027cbf3020_0, 4, 5;
T_0.19 ;
    %jmp T_0;
    .thread T_0;
# The file index is used to find the file name in the following table.
:file_names 3;
    "N/A";
    "<interactive>";
    "random.v";
