#! /c/Source/iverilog-install/bin/vvp
:ivl_version "12.0 (devel)" "(s20150603-1110-g18392a46)";
:ivl_delay_selection "TYPICAL";
:vpi_time_precision - 12;
:vpi_module "D:\iverilog\lib\ivl\system.vpi";
:vpi_module "D:\iverilog\lib\ivl\vhdl_sys.vpi";
:vpi_module "D:\iverilog\lib\ivl\vhdl_textio.vpi";
:vpi_module "D:\iverilog\lib\ivl\v2005_math.vpi";
:vpi_module "D:\iverilog\lib\ivl\va_math.vpi";
S_000001efe767b8a0 .scope module, "tb_random" "tb_random" 2 5;
 .timescale -9 -12;
P_000001efe76bb860 .param/l "PERIOD" 0 2 8, +C4<00000000000000000000000000001010>;
v000001efe7692e60_0 .var "clk", 0 0;
v000001efe7692f00_0 .net "random", 31 0, v000001efe76d5080_0;  1 drivers
v000001efe7692fa0_0 .var "rst_n", 0 0;
v000001efe7693040_0 .var "seed", 31 0;
S_000001efe767ba30 .scope module, "u_random" "random" 2 25, 3 1 0, S_000001efe767b8a0;
 .timescale 0 0;
    .port_info 0 /INPUT 1 "clk";
    .port_info 1 /INPUT 1 "rst_n";
    .port_info 2 /INPUT 32 "seed";
    .port_info 3 /OUTPUT 32 "random";
v000001efe767b650_0 .net "clk", 0 0, v000001efe7692e60_0;  1 drivers
v000001efe76933d0_0 .var "data", 31 0;
v000001efe76d5080_0 .var "random", 31 0;
v000001efe7692d20_0 .net "rst_n", 0 0, v000001efe7692fa0_0;  1 drivers
v000001efe7692dc0_0 .net "seed", 31 0, v000001efe7693040_0;  1 drivers
E_000001efe76bb160/0 .event negedge, v000001efe7692d20_0;
E_000001efe76bb160/1 .event posedge, v000001efe767b650_0;
E_000001efe76bb160 .event/or E_000001efe76bb160/0, E_000001efe76bb160/1;
    .scope S_000001efe767ba30;
T_0 ;
    %wait E_000001efe76bb160;
    %load/vec4 v000001efe7692d20_0;
    %nor/r;
    %flag_set/vec4 8;
    %jmp/0xz  T_0.0, 8;
    %pushi/vec4 0, 0, 32;
    %assign/vec4 v000001efe76933d0_0, 0;
    %pushi/vec4 0, 0, 32;
    %assign/vec4 v000001efe76d5080_0, 0;
    %jmp T_0.1;
T_0.0 ;
    %load/vec4 v000001efe76933d0_0;
    %cmpi/e 0, 0, 32;
    %jmp/0xz  T_0.2, 4;
    %load/vec4 v000001efe7692dc0_0;
    %assign/vec4 v000001efe76933d0_0, 0;
    %jmp T_0.3;
T_0.2 ;
    %load/vec4 v000001efe76933d0_0;
    %parti/s 1, 31, 6;
    %ix/load 4, 0, 0;
    %ix/load 5, 0, 0;
    %flag_set/imm 4, 0;
    %assign/vec4/off/d v000001efe76933d0_0, 4, 5;
    %load/vec4 v000001efe76933d0_0;
    %parti/s 1, 0, 2;
    %load/vec4 v000001efe76933d0_0;
    %parti/s 1, 31, 6;
    %xor;
    %ix/load 4, 1, 0;
    %ix/load 5, 0, 0;
    %flag_set/imm 4, 0;
    %assign/vec4/off/d v000001efe76933d0_0, 4, 5;
    %load/vec4 v000001efe76933d0_0;
    %parti/s 1, 1, 2;
    %load/vec4 v000001efe76933d0_0;
    %parti/s 1, 31, 6;
    %xor;
    %ix/load 4, 2, 0;
    %ix/load 5, 0, 0;
    %flag_set/imm 4, 0;
    %assign/vec4/off/d v000001efe76933d0_0, 4, 5;
    %load/vec4 v000001efe76933d0_0;
    %parti/s 1, 2, 3;
    %load/vec4 v000001efe76933d0_0;
    %parti/s 1, 31, 6;
    %xor;
    %ix/load 4, 3, 0;
    %ix/load 5, 0, 0;
    %flag_set/imm 4, 0;
    %assign/vec4/off/d v000001efe76933d0_0, 4, 5;
    %load/vec4 v000001efe76933d0_0;
    %parti/s 1, 3, 3;
    %ix/load 4, 4, 0;
    %ix/load 5, 0, 0;
    %flag_set/imm 4, 0;
    %assign/vec4/off/d v000001efe76933d0_0, 4, 5;
    %load/vec4 v000001efe76933d0_0;
    %parti/s 1, 4, 4;
    %load/vec4 v000001efe76933d0_0;
    %parti/s 1, 31, 6;
    %xor;
    %ix/load 4, 5, 0;
    %ix/load 5, 0, 0;
    %flag_set/imm 4, 0;
    %assign/vec4/off/d v000001efe76933d0_0, 4, 5;
    %load/vec4 v000001efe76933d0_0;
    %parti/s 1, 5, 4;
    %ix/load 4, 6, 0;
    %ix/load 5, 0, 0;
    %flag_set/imm 4, 0;
    %assign/vec4/off/d v000001efe76933d0_0, 4, 5;
    %load/vec4 v000001efe76933d0_0;
    %parti/s 1, 6, 4;
    %load/vec4 v000001efe76933d0_0;
    %parti/s 1, 31, 6;
    %xor;
    %ix/load 4, 7, 0;
    %ix/load 5, 0, 0;
    %flag_set/imm 4, 0;
    %assign/vec4/off/d v000001efe76933d0_0, 4, 5;
    %load/vec4 v000001efe76933d0_0;
    %parti/s 1, 7, 4;
    %ix/load 4, 8, 0;
    %ix/load 5, 0, 0;
    %flag_set/imm 4, 0;
    %assign/vec4/off/d v000001efe76933d0_0, 4, 5;
    %load/vec4 v000001efe76933d0_0;
    %parti/s 1, 8, 5;
    %ix/load 4, 9, 0;
    %ix/load 5, 0, 0;
    %flag_set/imm 4, 0;
    %assign/vec4/off/d v000001efe76933d0_0, 4, 5;
    %load/vec4 v000001efe76933d0_0;
    %parti/s 1, 9, 5;
    %ix/load 4, 10, 0;
    %ix/load 5, 0, 0;
    %flag_set/imm 4, 0;
    %assign/vec4/off/d v000001efe76933d0_0, 4, 5;
    %load/vec4 v000001efe76933d0_0;
    %parti/s 1, 10, 5;
    %ix/load 4, 11, 0;
    %ix/load 5, 0, 0;
    %flag_set/imm 4, 0;
    %assign/vec4/off/d v000001efe76933d0_0, 4, 5;
    %load/vec4 v000001efe76933d0_0;
    %parti/s 1, 11, 5;
    %ix/load 4, 12, 0;
    %ix/load 5, 0, 0;
    %flag_set/imm 4, 0;
    %assign/vec4/off/d v000001efe76933d0_0, 4, 5;
    %load/vec4 v000001efe76933d0_0;
    %parti/s 1, 12, 5;
    %ix/load 4, 13, 0;
    %ix/load 5, 0, 0;
    %flag_set/imm 4, 0;
    %assign/vec4/off/d v000001efe76933d0_0, 4, 5;
    %load/vec4 v000001efe76933d0_0;
    %parti/s 1, 13, 5;
    %ix/load 4, 14, 0;
    %ix/load 5, 0, 0;
    %flag_set/imm 4, 0;
    %assign/vec4/off/d v000001efe76933d0_0, 4, 5;
    %load/vec4 v000001efe76933d0_0;
    %parti/s 1, 14, 5;
    %ix/load 4, 15, 0;
    %ix/load 5, 0, 0;
    %flag_set/imm 4, 0;
    %assign/vec4/off/d v000001efe76933d0_0, 4, 5;
    %load/vec4 v000001efe76933d0_0;
    %parti/s 1, 15, 5;
    %ix/load 4, 16, 0;
    %ix/load 5, 0, 0;
    %flag_set/imm 4, 0;
    %assign/vec4/off/d v000001efe76933d0_0, 4, 5;
    %load/vec4 v000001efe76933d0_0;
    %parti/s 1, 16, 6;
    %ix/load 4, 17, 0;
    %ix/load 5, 0, 0;
    %flag_set/imm 4, 0;
    %assign/vec4/off/d v000001efe76933d0_0, 4, 5;
    %load/vec4 v000001efe76933d0_0;
    %parti/s 1, 17, 6;
    %ix/load 4, 18, 0;
    %ix/load 5, 0, 0;
    %flag_set/imm 4, 0;
    %assign/vec4/off/d v000001efe76933d0_0, 4, 5;
    %load/vec4 v000001efe76933d0_0;
    %parti/s 1, 18, 6;
    %ix/load 4, 19, 0;
    %ix/load 5, 0, 0;
    %flag_set/imm 4, 0;
    %assign/vec4/off/d v000001efe76933d0_0, 4, 5;
    %load/vec4 v000001efe76933d0_0;
    %parti/s 1, 19, 6;
    %ix/load 4, 20, 0;
    %ix/load 5, 0, 0;
    %flag_set/imm 4, 0;
    %assign/vec4/off/d v000001efe76933d0_0, 4, 5;
    %load/vec4 v000001efe76933d0_0;
    %parti/s 1, 20, 6;
    %ix/load 4, 21, 0;
    %ix/load 5, 0, 0;
    %flag_set/imm 4, 0;
    %assign/vec4/off/d v000001efe76933d0_0, 4, 5;
    %load/vec4 v000001efe76933d0_0;
    %parti/s 1, 21, 6;
    %ix/load 4, 22, 0;
    %ix/load 5, 0, 0;
    %flag_set/imm 4, 0;
    %assign/vec4/off/d v000001efe76933d0_0, 4, 5;
    %load/vec4 v000001efe76933d0_0;
    %parti/s 1, 22, 6;
    %ix/load 4, 23, 0;
    %ix/load 5, 0, 0;
    %flag_set/imm 4, 0;
    %assign/vec4/off/d v000001efe76933d0_0, 4, 5;
    %load/vec4 v000001efe76933d0_0;
    %parti/s 1, 23, 6;
    %ix/load 4, 24, 0;
    %ix/load 5, 0, 0;
    %flag_set/imm 4, 0;
    %assign/vec4/off/d v000001efe76933d0_0, 4, 5;
    %load/vec4 v000001efe76933d0_0;
    %parti/s 1, 24, 6;
    %ix/load 4, 25, 0;
    %ix/load 5, 0, 0;
    %flag_set/imm 4, 0;
    %assign/vec4/off/d v000001efe76933d0_0, 4, 5;
    %load/vec4 v000001efe76933d0_0;
    %parti/s 1, 25, 6;
    %ix/load 4, 26, 0;
    %ix/load 5, 0, 0;
    %flag_set/imm 4, 0;
    %assign/vec4/off/d v000001efe76933d0_0, 4, 5;
    %load/vec4 v000001efe76933d0_0;
    %parti/s 1, 26, 6;
    %ix/load 4, 27, 0;
    %ix/load 5, 0, 0;
    %flag_set/imm 4, 0;
    %assign/vec4/off/d v000001efe76933d0_0, 4, 5;
    %load/vec4 v000001efe76933d0_0;
    %parti/s 1, 27, 6;
    %ix/load 4, 28, 0;
    %ix/load 5, 0, 0;
    %flag_set/imm 4, 0;
    %assign/vec4/off/d v000001efe76933d0_0, 4, 5;
    %load/vec4 v000001efe76933d0_0;
    %parti/s 1, 28, 6;
    %ix/load 4, 29, 0;
    %ix/load 5, 0, 0;
    %flag_set/imm 4, 0;
    %assign/vec4/off/d v000001efe76933d0_0, 4, 5;
    %load/vec4 v000001efe76933d0_0;
    %parti/s 1, 29, 6;
    %ix/load 4, 30, 0;
    %ix/load 5, 0, 0;
    %flag_set/imm 4, 0;
    %assign/vec4/off/d v000001efe76933d0_0, 4, 5;
    %load/vec4 v000001efe76933d0_0;
    %parti/s 1, 30, 6;
    %ix/load 4, 31, 0;
    %ix/load 5, 0, 0;
    %flag_set/imm 4, 0;
    %assign/vec4/off/d v000001efe76933d0_0, 4, 5;
T_0.3 ;
T_0.1 ;
    %load/vec4 v000001efe76933d0_0;
    %parti/s 4, 0, 2;
    %cmpi/u 10, 0, 4;
    %jmp/0xz  T_0.4, 5;
    %load/vec4 v000001efe76933d0_0;
    %parti/s 4, 0, 2;
    %ix/load 4, 0, 0;
    %ix/load 5, 0, 0;
    %flag_set/imm 4, 0;
    %assign/vec4/off/d v000001efe76d5080_0, 4, 5;
    %jmp T_0.5;
T_0.4 ;
    %load/vec4 v000001efe76933d0_0;
    %parti/s 4, 0, 2;
    %inv;
    %ix/load 4, 0, 0;
    %ix/load 5, 0, 0;
    %flag_set/imm 4, 0;
    %assign/vec4/off/d v000001efe76d5080_0, 4, 5;
T_0.5 ;
    %load/vec4 v000001efe76933d0_0;
    %parti/s 4, 4, 4;
    %cmpi/u 10, 0, 4;
    %jmp/0xz  T_0.6, 5;
    %load/vec4 v000001efe76933d0_0;
    %parti/s 4, 4, 4;
    %ix/load 4, 4, 0;
    %ix/load 5, 0, 0;
    %flag_set/imm 4, 0;
    %assign/vec4/off/d v000001efe76d5080_0, 4, 5;
    %jmp T_0.7;
T_0.6 ;
    %load/vec4 v000001efe76933d0_0;
    %parti/s 4, 4, 4;
    %inv;
    %ix/load 4, 4, 0;
    %ix/load 5, 0, 0;
    %flag_set/imm 4, 0;
    %assign/vec4/off/d v000001efe76d5080_0, 4, 5;
T_0.7 ;
    %load/vec4 v000001efe76933d0_0;
    %parti/s 4, 8, 5;
    %cmpi/u 10, 0, 4;
    %jmp/0xz  T_0.8, 5;
    %load/vec4 v000001efe76933d0_0;
    %parti/s 4, 8, 5;
    %ix/load 4, 8, 0;
    %ix/load 5, 0, 0;
    %flag_set/imm 4, 0;
    %assign/vec4/off/d v000001efe76d5080_0, 4, 5;
    %jmp T_0.9;
T_0.8 ;
    %load/vec4 v000001efe76933d0_0;
    %parti/s 4, 8, 5;
    %inv;
    %ix/load 4, 8, 0;
    %ix/load 5, 0, 0;
    %flag_set/imm 4, 0;
    %assign/vec4/off/d v000001efe76d5080_0, 4, 5;
T_0.9 ;
    %load/vec4 v000001efe76933d0_0;
    %parti/s 4, 12, 5;
    %cmpi/u 10, 0, 4;
    %jmp/0xz  T_0.10, 5;
    %load/vec4 v000001efe76933d0_0;
    %parti/s 4, 12, 5;
    %ix/load 4, 12, 0;
    %ix/load 5, 0, 0;
    %flag_set/imm 4, 0;
    %assign/vec4/off/d v000001efe76d5080_0, 4, 5;
    %jmp T_0.11;
T_0.10 ;
    %load/vec4 v000001efe76933d0_0;
    %parti/s 4, 12, 5;
    %inv;
    %ix/load 4, 12, 0;
    %ix/load 5, 0, 0;
    %flag_set/imm 4, 0;
    %assign/vec4/off/d v000001efe76d5080_0, 4, 5;
T_0.11 ;
    %load/vec4 v000001efe76933d0_0;
    %parti/s 4, 16, 6;
    %cmpi/u 10, 0, 4;
    %jmp/0xz  T_0.12, 5;
    %load/vec4 v000001efe76933d0_0;
    %parti/s 4, 16, 6;
    %ix/load 4, 16, 0;
    %ix/load 5, 0, 0;
    %flag_set/imm 4, 0;
    %assign/vec4/off/d v000001efe76d5080_0, 4, 5;
    %jmp T_0.13;
T_0.12 ;
    %load/vec4 v000001efe76933d0_0;
    %parti/s 4, 16, 6;
    %inv;
    %ix/load 4, 16, 0;
    %ix/load 5, 0, 0;
    %flag_set/imm 4, 0;
    %assign/vec4/off/d v000001efe76d5080_0, 4, 5;
T_0.13 ;
    %load/vec4 v000001efe76933d0_0;
    %parti/s 4, 20, 6;
    %cmpi/u 10, 0, 4;
    %jmp/0xz  T_0.14, 5;
    %load/vec4 v000001efe76933d0_0;
    %parti/s 4, 20, 6;
    %ix/load 4, 20, 0;
    %ix/load 5, 0, 0;
    %flag_set/imm 4, 0;
    %assign/vec4/off/d v000001efe76d5080_0, 4, 5;
    %jmp T_0.15;
T_0.14 ;
    %load/vec4 v000001efe76933d0_0;
    %parti/s 4, 20, 6;
    %inv;
    %ix/load 4, 20, 0;
    %ix/load 5, 0, 0;
    %flag_set/imm 4, 0;
    %assign/vec4/off/d v000001efe76d5080_0, 4, 5;
T_0.15 ;
    %load/vec4 v000001efe76933d0_0;
    %parti/s 4, 24, 6;
    %cmpi/u 10, 0, 4;
    %jmp/0xz  T_0.16, 5;
    %load/vec4 v000001efe76933d0_0;
    %parti/s 4, 24, 6;
    %ix/load 4, 24, 0;
    %ix/load 5, 0, 0;
    %flag_set/imm 4, 0;
    %assign/vec4/off/d v000001efe76d5080_0, 4, 5;
    %jmp T_0.17;
T_0.16 ;
    %load/vec4 v000001efe76933d0_0;
    %parti/s 4, 24, 6;
    %inv;
    %ix/load 4, 24, 0;
    %ix/load 5, 0, 0;
    %flag_set/imm 4, 0;
    %assign/vec4/off/d v000001efe76d5080_0, 4, 5;
T_0.17 ;
    %load/vec4 v000001efe76933d0_0;
    %parti/s 4, 28, 6;
    %cmpi/u 10, 0, 4;
    %jmp/0xz  T_0.18, 5;
    %load/vec4 v000001efe76933d0_0;
    %parti/s 4, 28, 6;
    %ix/load 4, 28, 0;
    %ix/load 5, 0, 0;
    %flag_set/imm 4, 0;
    %assign/vec4/off/d v000001efe76d5080_0, 4, 5;
    %jmp T_0.19;
T_0.18 ;
    %load/vec4 v000001efe76933d0_0;
    %parti/s 4, 28, 6;
    %inv;
    %ix/load 4, 28, 0;
    %ix/load 5, 0, 0;
    %flag_set/imm 4, 0;
    %assign/vec4/off/d v000001efe76d5080_0, 4, 5;
T_0.19 ;
    %jmp T_0;
    .thread T_0;
    .scope S_000001efe767b8a0;
T_1 ;
    %pushi/vec4 0, 0, 1;
    %store/vec4 v000001efe7692e60_0, 0, 1;
    %pushi/vec4 0, 0, 1;
    %store/vec4 v000001efe7692fa0_0, 0, 1;
    %pushi/vec4 0, 0, 32;
    %store/vec4 v000001efe7693040_0, 0, 32;
    %end;
    .thread T_1;
    .scope S_000001efe767b8a0;
T_2 ;
T_2.0 ;
    %delay 5000, 0;
    %load/vec4 v000001efe7692e60_0;
    %inv;
    %store/vec4 v000001efe7692e60_0, 0, 1;
    %jmp T_2.0;
    %end;
    .thread T_2;
    .scope S_000001efe767b8a0;
T_3 ;
    %vpi_call 2 35 "$dumpfile", "tb_random.vcd" {0 0 0};
    %vpi_call 2 36 "$dumpvars", 32'sb00000000000000000000000000000000, S_000001efe767b8a0 {0 0 0};
    %pushi/vec4 0, 0, 1;
    %store/vec4 v000001efe7692fa0_0, 0, 1;
    %vpi_func 2 38 "$random" 32 {0 0 0};
    %store/vec4 v000001efe7693040_0, 0, 32;
    %delay 10000, 0;
    %pushi/vec4 1, 0, 1;
    %store/vec4 v000001efe7692fa0_0, 0, 1;
    %delay 10000, 0;
    %delay 1000000000, 0;
    %vpi_call 2 43 "$finish" {0 0 0};
    %end;
    .thread T_3;
# The file index is used to find the file name in the following table.
:file_names 4;
    "N/A";
    "<interactive>";
    "tb.v";
    "./random.v";
