#! /c/Source/iverilog-install/bin/vvp
:ivl_version "12.0 (devel)" "(s20150603-1110-g18392a46)";
:ivl_delay_selection "TYPICAL";
:vpi_time_precision + 0;
:vpi_module "D:\iverilog\lib\ivl\system.vpi";
:vpi_module "D:\iverilog\lib\ivl\vhdl_sys.vpi";
:vpi_module "D:\iverilog\lib\ivl\vhdl_textio.vpi";
:vpi_module "D:\iverilog\lib\ivl\v2005_math.vpi";
:vpi_module "D:\iverilog\lib\ivl\va_math.vpi";
S_0000020ed8d72df0 .scope module, "summation" "summation" 2 1;
 .timescale 0 0;
    .port_info 0 /INPUT 1 "clk";
    .port_info 1 /INPUT 1 "reset";
    .port_info 2 /OUTPUT 8 "out";
P_0000020ed8d72f80 .param/l "s0" 0 2 5, +C4<00000000000000000000000000000000>;
P_0000020ed8d72fb8 .param/l "s1" 0 2 5, +C4<00000000000000000000000000000001>;
P_0000020ed8d72ff0 .param/l "s2" 0 2 5, +C4<00000000000000000000000000000010>;
P_0000020ed8d73028 .param/l "s3" 0 2 5, +C4<00000000000000000000000000000011>;
P_0000020ed8d73060 .param/l "s4" 0 2 5, +C4<00000000000000000000000000000100>;
o0000020ed8daafb8 .functor BUFZ 1, C4<z>; HiZ drive
v0000020ed8d733b0_0 .net "clk", 0 0, o0000020ed8daafb8;  0 drivers
v0000020ed8d730a0_0 .var "i", 7 0;
v0000020ed8d73140_0 .var "out", 7 0;
o0000020ed8dab048 .functor BUFZ 1, C4<z>; HiZ drive
v0000020ed8da4ec0_0 .net "reset", 0 0, o0000020ed8dab048;  0 drivers
v0000020ed8da4f60_0 .var "state", 2 0;
v0000020ed8da5000_0 .var "sum", 7 0;
E_0000020ed8daa630/0 .event negedge, v0000020ed8da4ec0_0;
E_0000020ed8daa630/1 .event posedge, v0000020ed8d733b0_0;
E_0000020ed8daa630 .event/or E_0000020ed8daa630/0, E_0000020ed8daa630/1;
    .scope S_0000020ed8d72df0;
T_0 ;
    %wait E_0000020ed8daa630;
    %load/vec4 v0000020ed8da4ec0_0;
    %pad/u 32;
    %cmpi/e 0, 0, 32;
    %jmp/0xz  T_0.0, 4;
    %pushi/vec4 0, 0, 8;
    %assign/vec4 v0000020ed8d73140_0, 0;
    %pushi/vec4 0, 0, 3;
    %assign/vec4 v0000020ed8da4f60_0, 0;
    %jmp T_0.1;
T_0.0 ;
    %load/vec4 v0000020ed8da4f60_0;
    %dup/vec4;
    %pushi/vec4 0, 0, 3;
    %cmp/u;
    %jmp/1 T_0.2, 6;
    %dup/vec4;
    %pushi/vec4 1, 0, 3;
    %cmp/u;
    %jmp/1 T_0.3, 6;
    %dup/vec4;
    %pushi/vec4 2, 0, 3;
    %cmp/u;
    %jmp/1 T_0.4, 6;
    %dup/vec4;
    %pushi/vec4 3, 0, 3;
    %cmp/u;
    %jmp/1 T_0.5, 6;
    %dup/vec4;
    %pushi/vec4 4, 0, 3;
    %cmp/u;
    %jmp/1 T_0.6, 6;
    %pushi/vec4 0, 0, 8;
    %assign/vec4 v0000020ed8d73140_0, 0;
    %pushi/vec4 0, 0, 3;
    %assign/vec4 v0000020ed8da4f60_0, 0;
    %jmp T_0.8;
T_0.2 ;
    %pushi/vec4 0, 0, 8;
    %assign/vec4 v0000020ed8da5000_0, 0;
    %pushi/vec4 1, 0, 8;
    %assign/vec4 v0000020ed8d730a0_0, 0;
    %pushi/vec4 0, 0, 8;
    %assign/vec4 v0000020ed8d73140_0, 0;
    %pushi/vec4 1, 0, 3;
    %assign/vec4 v0000020ed8da4f60_0, 0;
    %jmp T_0.8;
T_0.3 ;
    %load/vec4 v0000020ed8da5000_0;
    %load/vec4 v0000020ed8d730a0_0;
    %add;
    %assign/vec4 v0000020ed8da5000_0, 0;
    %pushi/vec4 0, 0, 8;
    %assign/vec4 v0000020ed8d73140_0, 0;
    %pushi/vec4 2, 0, 3;
    %assign/vec4 v0000020ed8da4f60_0, 0;
    %jmp T_0.8;
T_0.4 ;
    %pushi/vec4 0, 0, 8;
    %assign/vec4 v0000020ed8d73140_0, 0;
    %load/vec4 v0000020ed8d730a0_0;
    %addi 1, 0, 8;
    %assign/vec4 v0000020ed8d730a0_0, 0;
    %pushi/vec4 3, 0, 3;
    %assign/vec4 v0000020ed8da4f60_0, 0;
    %jmp T_0.8;
T_0.5 ;
    %pushi/vec4 0, 0, 8;
    %assign/vec4 v0000020ed8d73140_0, 0;
    %load/vec4 v0000020ed8d730a0_0;
    %pad/u 32;
    %cmpi/ne 11, 0, 32;
    %jmp/0xz  T_0.9, 4;
    %pushi/vec4 1, 0, 3;
    %assign/vec4 v0000020ed8da4f60_0, 0;
    %jmp T_0.10;
T_0.9 ;
    %pushi/vec4 4, 0, 3;
    %assign/vec4 v0000020ed8da4f60_0, 0;
T_0.10 ;
    %jmp T_0.8;
T_0.6 ;
    %load/vec4 v0000020ed8da5000_0;
    %assign/vec4 v0000020ed8d73140_0, 0;
    %pushi/vec4 4, 0, 3;
    %assign/vec4 v0000020ed8da4f60_0, 0;
    %jmp T_0.8;
T_0.8 ;
    %pop/vec4 1;
T_0.1 ;
    %jmp T_0;
    .thread T_0;
# The file index is used to find the file name in the following table.
:file_names 3;
    "N/A";
    "<interactive>";
    "summation.v";
