#! /c/Source/iverilog-install/bin/vvp
:ivl_version "12.0 (devel)" "(s20150603-1110-g18392a46)";
:ivl_delay_selection "TYPICAL";
:vpi_time_precision + 0;
:vpi_module "D:\iverilog\lib\ivl\system.vpi";
:vpi_module "D:\iverilog\lib\ivl\vhdl_sys.vpi";
:vpi_module "D:\iverilog\lib\ivl\vhdl_textio.vpi";
:vpi_module "D:\iverilog\lib\ivl\v2005_math.vpi";
:vpi_module "D:\iverilog\lib\ivl\va_math.vpi";
S_00000200dcca2df0 .scope module, "summation_forloop" "summation_forloop" 2 1;
 .timescale 0 0;
    .port_info 0 /INPUT 1 "reset";
    .port_info 1 /OUTPUT 8 "out";
v00000200dcca33b0_0 .var "i", 3 0;
v00000200dcca3740_0 .var "out", 7 0;
o00000200dccd7008 .functor BUFZ 1, C4<z>; HiZ drive
v00000200dcca2f80_0 .net "reset", 0 0, o00000200dccd7008;  0 drivers
v00000200dcca3020_0 .var "sum", 7 0;
E_00000200dcdc8b80 .event anyedge, v00000200dcca2f80_0;
    .scope S_00000200dcca2df0;
T_0 ;
    %wait E_00000200dcdc8b80;
    %pushi/vec4 0, 0, 8;
    %store/vec4 v00000200dcca3020_0, 0, 8;
    %pushi/vec4 0, 0, 4;
    %store/vec4 v00000200dcca33b0_0, 0, 4;
T_0.0 ;
    %load/vec4 v00000200dcca33b0_0;
    %pad/u 32;
    %cmpi/u 10, 0, 32;
    %flag_or 5, 4;
    %jmp/0xz T_0.1, 5;
    %load/vec4 v00000200dcca3020_0;
    %load/vec4 v00000200dcca33b0_0;
    %pad/u 8;
    %add;
    %store/vec4 v00000200dcca3020_0, 0, 8;
    %load/vec4 v00000200dcca33b0_0;
    %addi 1, 0, 4;
    %store/vec4 v00000200dcca33b0_0, 0, 4;
    %jmp T_0.0;
T_0.1 ;
    %load/vec4 v00000200dcca3020_0;
    %store/vec4 v00000200dcca3740_0, 0, 8;
    %jmp T_0;
    .thread T_0, $push;
# The file index is used to find the file name in the following table.
:file_names 3;
    "N/A";
    "<interactive>";
    "summation_forloop.v";
