#! /c/Source/iverilog-install/bin/vvp
:ivl_version "12.0 (devel)" "(s20150603-1110-g18392a46)";
:ivl_delay_selection "TYPICAL";
:vpi_time_precision - 12;
:vpi_module "D:\iverilog\lib\ivl\system.vpi";
:vpi_module "D:\iverilog\lib\ivl\vhdl_sys.vpi";
:vpi_module "D:\iverilog\lib\ivl\vhdl_textio.vpi";
:vpi_module "D:\iverilog\lib\ivl\v2005_math.vpi";
:vpi_module "D:\iverilog\lib\ivl\va_math.vpi";
S_000001c5086cb950 .scope module, "tb_summation" "tb_summation" 2 5;
 .timescale -9 -12;
P_000001c5086e3630 .param/l "PERIOD" 0 2 8, +C4<00000000000000000000000000001010>;
P_000001c5086e3668 .param/l "s0" 0 2 9, +C4<00000000000000000000000000000000>;
v000001c5087199a0_0 .var "clk", 0 0;
v000001c508719a40_0 .net "out", 7 0, v000001c5086e3120_0;  1 drivers
v000001c508712af0_0 .var "reset", 0 0;
S_000001c5086cbae0 .scope module, "u_summation" "summation" 2 28, 3 1 0, S_000001c5086cb950;
 .timescale 0 0;
    .port_info 0 /INPUT 1 "clk";
    .port_info 1 /INPUT 1 "reset";
    .port_info 2 /OUTPUT 8 "out";
P_000001c5087196a0 .param/l "s0" 0 3 5, +C4<00000000000000000000000000000000>;
P_000001c5087196d8 .param/l "s1" 0 3 5, +C4<00000000000000000000000000000001>;
P_000001c508719710 .param/l "s2" 0 3 5, +C4<00000000000000000000000000000010>;
P_000001c508719748 .param/l "s3" 0 3 5, +C4<00000000000000000000000000000011>;
P_000001c508719780 .param/l "s4" 0 3 5, +C4<00000000000000000000000000000100>;
v000001c5086e33f0_0 .net "clk", 0 0, v000001c5087199a0_0;  1 drivers
v000001c5086cb640_0 .var "i", 7 0;
v000001c5086e3120_0 .var "out", 7 0;
v000001c5087197c0_0 .net "reset", 0 0, v000001c508712af0_0;  1 drivers
v000001c508719860_0 .var "state", 2 0;
v000001c508719900_0 .var "sum", 7 0;
E_000001c5087097b0/0 .event negedge, v000001c5087197c0_0;
E_000001c5087097b0/1 .event posedge, v000001c5086e33f0_0;
E_000001c5087097b0 .event/or E_000001c5087097b0/0, E_000001c5087097b0/1;
    .scope S_000001c5086cbae0;
T_0 ;
    %wait E_000001c5087097b0;
    %load/vec4 v000001c5087197c0_0;
    %pad/u 32;
    %cmpi/e 0, 0, 32;
    %jmp/0xz  T_0.0, 4;
    %pushi/vec4 0, 0, 8;
    %assign/vec4 v000001c5086e3120_0, 0;
    %pushi/vec4 0, 0, 3;
    %assign/vec4 v000001c508719860_0, 0;
    %jmp T_0.1;
T_0.0 ;
    %load/vec4 v000001c508719860_0;
    %dup/vec4;
    %pushi/vec4 0, 0, 3;
    %cmp/u;
    %jmp/1 T_0.2, 6;
    %dup/vec4;
    %pushi/vec4 1, 0, 3;
    %cmp/u;
    %jmp/1 T_0.3, 6;
    %dup/vec4;
    %pushi/vec4 2, 0, 3;
    %cmp/u;
    %jmp/1 T_0.4, 6;
    %dup/vec4;
    %pushi/vec4 3, 0, 3;
    %cmp/u;
    %jmp/1 T_0.5, 6;
    %dup/vec4;
    %pushi/vec4 4, 0, 3;
    %cmp/u;
    %jmp/1 T_0.6, 6;
    %pushi/vec4 0, 0, 8;
    %assign/vec4 v000001c5086e3120_0, 0;
    %pushi/vec4 0, 0, 3;
    %assign/vec4 v000001c508719860_0, 0;
    %jmp T_0.8;
T_0.2 ;
    %pushi/vec4 0, 0, 8;
    %assign/vec4 v000001c508719900_0, 0;
    %pushi/vec4 1, 0, 8;
    %assign/vec4 v000001c5086cb640_0, 0;
    %pushi/vec4 0, 0, 8;
    %assign/vec4 v000001c5086e3120_0, 0;
    %pushi/vec4 1, 0, 3;
    %assign/vec4 v000001c508719860_0, 0;
    %jmp T_0.8;
T_0.3 ;
    %load/vec4 v000001c508719900_0;
    %load/vec4 v000001c5086cb640_0;
    %add;
    %assign/vec4 v000001c508719900_0, 0;
    %pushi/vec4 0, 0, 8;
    %assign/vec4 v000001c5086e3120_0, 0;
    %pushi/vec4 2, 0, 3;
    %assign/vec4 v000001c508719860_0, 0;
    %jmp T_0.8;
T_0.4 ;
    %pushi/vec4 0, 0, 8;
    %assign/vec4 v000001c5086e3120_0, 0;
    %load/vec4 v000001c5086cb640_0;
    %addi 1, 0, 8;
    %assign/vec4 v000001c5086cb640_0, 0;
    %pushi/vec4 3, 0, 3;
    %assign/vec4 v000001c508719860_0, 0;
    %jmp T_0.8;
T_0.5 ;
    %pushi/vec4 0, 0, 8;
    %assign/vec4 v000001c5086e3120_0, 0;
    %load/vec4 v000001c5086cb640_0;
    %pad/u 32;
    %cmpi/ne 11, 0, 32;
    %jmp/0xz  T_0.9, 4;
    %pushi/vec4 1, 0, 3;
    %assign/vec4 v000001c508719860_0, 0;
    %jmp T_0.10;
T_0.9 ;
    %pushi/vec4 4, 0, 3;
    %assign/vec4 v000001c508719860_0, 0;
T_0.10 ;
    %jmp T_0.8;
T_0.6 ;
    %load/vec4 v000001c508719900_0;
    %assign/vec4 v000001c5086e3120_0, 0;
    %pushi/vec4 4, 0, 3;
    %assign/vec4 v000001c508719860_0, 0;
    %jmp T_0.8;
T_0.8 ;
    %pop/vec4 1;
T_0.1 ;
    %jmp T_0;
    .thread T_0;
    .scope S_000001c5086cb950;
T_1 ;
    %pushi/vec4 0, 0, 1;
    %store/vec4 v000001c5087199a0_0, 0, 1;
    %pushi/vec4 0, 0, 1;
    %store/vec4 v000001c508712af0_0, 0, 1;
    %end;
    .thread T_1;
    .scope S_000001c5086cb950;
T_2 ;
T_2.0 ;
    %delay 5000, 0;
    %load/vec4 v000001c5087199a0_0;
    %inv;
    %store/vec4 v000001c5087199a0_0, 0, 1;
    %jmp T_2.0;
    %end;
    .thread T_2;
    .scope S_000001c5086cb950;
T_3 ;
    %vpi_call 2 37 "$dumpfile", "tb_summation.vcd" {0 0 0};
    %vpi_call 2 38 "$dumpvars", 32'sb00000000000000000000000000000000, S_000001c5086cb950 {0 0 0};
    %pushi/vec4 0, 0, 1;
    %store/vec4 v000001c508712af0_0, 0, 1;
    %delay 10000, 0;
    %pushi/vec4 1, 0, 1;
    %store/vec4 v000001c508712af0_0, 0, 1;
    %delay 1000000, 0;
    %vpi_call 2 43 "$finish" {0 0 0};
    %end;
    .thread T_3;
# The file index is used to find the file name in the following table.
:file_names 4;
    "N/A";
    "<interactive>";
    "tb.v";
    "./summation.v";
