#! /c/Source/iverilog-install/bin/vvp
:ivl_version "12.0 (devel)" "(s20150603-1110-g18392a46)";
:ivl_delay_selection "TYPICAL";
:vpi_time_precision - 12;
:vpi_module "D:\iverilog\lib\ivl\system.vpi";
:vpi_module "D:\iverilog\lib\ivl\vhdl_sys.vpi";
:vpi_module "D:\iverilog\lib\ivl\vhdl_textio.vpi";
:vpi_module "D:\iverilog\lib\ivl\v2005_math.vpi";
:vpi_module "D:\iverilog\lib\ivl\va_math.vpi";
S_0000027d3441baa0 .scope module, "tb_summation_forloop" "tb_summation_forloop" 2 5;
 .timescale -9 -12;
P_0000027d3441c200 .param/l "PERIOD" 0 2 8, +C4<00000000000000000000000000001010>;
v0000027d3441ae00_0 .net "out", 7 0, v0000027d344a33f0_0;  1 drivers
v0000027d3441aea0_0 .var "reset", 0 0;
S_0000027d3441ac70 .scope module, "u_summation_forloop" "summation_forloop" 2 21, 3 1 0, S_0000027d3441baa0;
 .timescale 0 0;
    .port_info 0 /INPUT 1 "reset";
    .port_info 1 /OUTPUT 8 "out";
v0000027d344193b0_0 .var "i", 3 0;
v0000027d344a33f0_0 .var "out", 7 0;
v0000027d344a3780_0 .net "reset", 0 0, v0000027d3441aea0_0;  1 drivers
v0000027d344d6d20_0 .var "sum", 7 0;
E_0000027d3441c980 .event anyedge, v0000027d344a3780_0;
    .scope S_0000027d3441ac70;
T_0 ;
    %wait E_0000027d3441c980;
    %pushi/vec4 0, 0, 8;
    %store/vec4 v0000027d344d6d20_0, 0, 8;
    %pushi/vec4 0, 0, 4;
    %store/vec4 v0000027d344193b0_0, 0, 4;
T_0.0 ;
    %load/vec4 v0000027d344193b0_0;
    %pad/u 32;
    %cmpi/u 10, 0, 32;
    %flag_or 5, 4;
    %jmp/0xz T_0.1, 5;
    %load/vec4 v0000027d344d6d20_0;
    %load/vec4 v0000027d344193b0_0;
    %pad/u 8;
    %add;
    %store/vec4 v0000027d344d6d20_0, 0, 8;
    %load/vec4 v0000027d344193b0_0;
    %addi 1, 0, 4;
    %store/vec4 v0000027d344193b0_0, 0, 4;
    %jmp T_0.0;
T_0.1 ;
    %load/vec4 v0000027d344d6d20_0;
    %store/vec4 v0000027d344a33f0_0, 0, 8;
    %jmp T_0;
    .thread T_0, $push;
    .scope S_0000027d3441baa0;
T_1 ;
    %pushi/vec4 0, 0, 1;
    %store/vec4 v0000027d3441aea0_0, 0, 1;
    %end;
    .thread T_1;
    .scope S_0000027d3441baa0;
T_2 ;
    %vpi_call 2 29 "$dumpfile", "tb_summation_forloop.vcd" {0 0 0};
    %vpi_call 2 30 "$dumpvars", 32'sb00000000000000000000000000000000, S_0000027d3441baa0 {0 0 0};
    %pushi/vec4 0, 0, 1;
    %store/vec4 v0000027d3441aea0_0, 0, 1;
    %delay 10000, 0;
    %pushi/vec4 1, 0, 1;
    %store/vec4 v0000027d3441aea0_0, 0, 1;
    %delay 1000000, 0;
    %vpi_call 2 35 "$finish" {0 0 0};
    %end;
    .thread T_2;
# The file index is used to find the file name in the following table.
:file_names 4;
    "N/A";
    "<interactive>";
    "tb2.v";
    "./summation_forloop.v";
