#! /c/Source/iverilog-install/bin/vvp
:ivl_version "12.0 (devel)" "(s20150603-1110-g18392a46)";
:ivl_delay_selection "TYPICAL";
:vpi_time_precision + 0;
:vpi_module "D:\iverilog\lib\ivl\system.vpi";
:vpi_module "D:\iverilog\lib\ivl\vhdl_sys.vpi";
:vpi_module "D:\iverilog\lib\ivl\vhdl_textio.vpi";
:vpi_module "D:\iverilog\lib\ivl\v2005_math.vpi";
:vpi_module "D:\iverilog\lib\ivl\va_math.vpi";
S_0000029546182df0 .scope module, "clk_division" "clk_division" 2 1;
 .timescale 0 0;
    .port_info 0 /INPUT 1 "ena";
    .port_info 1 /INPUT 1 "clk_in";
    .port_info 2 /OUTPUT 1 "clk_out";
P_00000295461834a0 .param/l "F_CLK_DIVISION" 0 2 2, +C4<00000000000000000000000000000001>;
P_00000295461834d8 .param/l "F_CLK_SYS" 0 2 2, +C4<00000000000000001100001101010000>;
o00000295461b6fd8 .functor BUFZ 1, C4<z>; HiZ drive
v0000029546183360_0 .net "clk_in", 0 0, o00000295461b6fd8;  0 drivers
v000002954616edb0_0 .var "clk_out", 0 0;
v000002954616ee50_0 .var/i "counter", 31 0;
o00000295461b7068 .functor BUFZ 1, C4<z>; HiZ drive
v000002954616eef0_0 .net "ena", 0 0, o00000295461b7068;  0 drivers
E_000002954616c1c0 .event posedge, v0000029546183360_0;
    .scope S_0000029546182df0;
T_0 ;
    %pushi/vec4 0, 0, 1;
    %store/vec4 v000002954616edb0_0, 0, 1;
    %pushi/vec4 0, 0, 32;
    %store/vec4 v000002954616ee50_0, 0, 32;
    %end;
    .thread T_0;
    .scope S_0000029546182df0;
T_1 ;
    %wait E_000002954616c1c0;
    %load/vec4 v000002954616eef0_0;
    %inv;
    %flag_set/vec4 8;
    %jmp/0xz  T_1.0, 8;
    %pushi/vec4 0, 0, 32;
    %store/vec4 v000002954616ee50_0, 0, 32;
    %pushi/vec4 0, 0, 1;
    %store/vec4 v000002954616edb0_0, 0, 1;
    %jmp T_1.1;
T_1.0 ;
    %load/vec4 v000002954616ee50_0;
    %cmpi/e 24999, 0, 32;
    %jmp/0xz  T_1.2, 4;
    %pushi/vec4 0, 0, 32;
    %store/vec4 v000002954616ee50_0, 0, 32;
    %load/vec4 v000002954616edb0_0;
    %inv;
    %store/vec4 v000002954616edb0_0, 0, 1;
    %jmp T_1.3;
T_1.2 ;
    %load/vec4 v000002954616ee50_0;
    %addi 1, 0, 32;
    %store/vec4 v000002954616ee50_0, 0, 32;
    %load/vec4 v000002954616edb0_0;
    %store/vec4 v000002954616edb0_0, 0, 1;
T_1.3 ;
T_1.1 ;
    %jmp T_1;
    .thread T_1;
# The file index is used to find the file name in the following table.
:file_names 3;
    "N/A";
    "<interactive>";
    "clk_division.v";
