#! /c/Source/iverilog-install/bin/vvp
:ivl_version "12.0 (devel)" "(s20150603-1110-g18392a46)";
:ivl_delay_selection "TYPICAL";
:vpi_time_precision + 0;
:vpi_module "D:\iverilog\lib\ivl\system.vpi";
:vpi_module "D:\iverilog\lib\ivl\vhdl_sys.vpi";
:vpi_module "D:\iverilog\lib\ivl\vhdl_textio.vpi";
:vpi_module "D:\iverilog\lib\ivl\v2005_math.vpi";
:vpi_module "D:\iverilog\lib\ivl\va_math.vpi";
S_0000025d3f512ce0 .scope module, "led" "led" 2 1;
 .timescale 0 0;
    .port_info 0 /INPUT 4 "seg_selection";
    .port_info 1 /OUTPUT 8 "led";
P_0000025d3f512e70 .param/l "BLANK" 0 2 5, C4<1011>;
P_0000025d3f512ea8 .param/l "DECIMAL_POINT" 0 2 4, C4<1010>;
P_0000025d3f512ee0 .param/l "EIGHT" 0 2 4, C4<1000>;
P_0000025d3f512f18 .param/l "FIVE" 0 2 3, C4<0101>;
P_0000025d3f512f50 .param/l "FOUR" 0 2 3, C4<0100>;
P_0000025d3f512f88 .param/l "MINUS" 0 2 5, C4<1100>;
P_0000025d3f512fc0 .param/l "NINE" 0 2 4, C4<1001>;
P_0000025d3f512ff8 .param/l "ONE" 0 2 2, C4<0001>;
P_0000025d3f513030 .param/l "SEVEN" 0 2 3, C4<0111>;
P_0000025d3f513068 .param/l "SIX" 0 2 3, C4<0110>;
P_0000025d3f5130a0 .param/l "THREE" 0 2 2, C4<0011>;
P_0000025d3f5130d8 .param/l "TWO" 0 2 2, C4<0010>;
P_0000025d3f513110 .param/l "ZERO" 0 2 2, C4<0000>;
P_0000025d3f513148 .param/l "d" 0 2 5, C4<1101>;
P_0000025d3f513180 .param/l "l" 0 2 5, C4<1110>;
v0000025d3f5132d0_0 .var "led", 7 0;
o0000025d3f548fc8 .functor BUFZ 4, C4<zzzz>; HiZ drive
v0000025d3f48bba0_0 .net "seg_selection", 3 0, o0000025d3f548fc8;  0 drivers
E_0000025d3f48d720 .event anyedge, v0000025d3f48bba0_0;
    .scope S_0000025d3f512ce0;
T_0 ;
    %wait E_0000025d3f48d720;
    %load/vec4 v0000025d3f48bba0_0;
    %dup/vec4;
    %pushi/vec4 0, 0, 4;
    %cmp/u;
    %jmp/1 T_0.0, 6;
    %dup/vec4;
    %pushi/vec4 1, 0, 4;
    %cmp/u;
    %jmp/1 T_0.1, 6;
    %dup/vec4;
    %pushi/vec4 2, 0, 4;
    %cmp/u;
    %jmp/1 T_0.2, 6;
    %dup/vec4;
    %pushi/vec4 3, 0, 4;
    %cmp/u;
    %jmp/1 T_0.3, 6;
    %dup/vec4;
    %pushi/vec4 4, 0, 4;
    %cmp/u;
    %jmp/1 T_0.4, 6;
    %dup/vec4;
    %pushi/vec4 5, 0, 4;
    %cmp/u;
    %jmp/1 T_0.5, 6;
    %dup/vec4;
    %pushi/vec4 6, 0, 4;
    %cmp/u;
    %jmp/1 T_0.6, 6;
    %dup/vec4;
    %pushi/vec4 7, 0, 4;
    %cmp/u;
    %jmp/1 T_0.7, 6;
    %dup/vec4;
    %pushi/vec4 8, 0, 4;
    %cmp/u;
    %jmp/1 T_0.8, 6;
    %dup/vec4;
    %pushi/vec4 9, 0, 4;
    %cmp/u;
    %jmp/1 T_0.9, 6;
    %dup/vec4;
    %pushi/vec4 10, 0, 4;
    %cmp/u;
    %jmp/1 T_0.10, 6;
    %dup/vec4;
    %pushi/vec4 11, 0, 4;
    %cmp/u;
    %jmp/1 T_0.11, 6;
    %dup/vec4;
    %pushi/vec4 12, 0, 4;
    %cmp/u;
    %jmp/1 T_0.12, 6;
    %dup/vec4;
    %pushi/vec4 13, 0, 4;
    %cmp/u;
    %jmp/1 T_0.13, 6;
    %dup/vec4;
    %pushi/vec4 14, 0, 4;
    %cmp/u;
    %jmp/1 T_0.14, 6;
    %pushi/vec4 0, 0, 8;
    %store/vec4 v0000025d3f5132d0_0, 0, 8;
    %jmp T_0.16;
T_0.0 ;
    %pushi/vec4 252, 0, 8;
    %store/vec4 v0000025d3f5132d0_0, 0, 8;
    %jmp T_0.16;
T_0.1 ;
    %pushi/vec4 96, 0, 8;
    %store/vec4 v0000025d3f5132d0_0, 0, 8;
    %jmp T_0.16;
T_0.2 ;
    %pushi/vec4 218, 0, 8;
    %store/vec4 v0000025d3f5132d0_0, 0, 8;
    %jmp T_0.16;
T_0.3 ;
    %pushi/vec4 242, 0, 8;
    %store/vec4 v0000025d3f5132d0_0, 0, 8;
    %jmp T_0.16;
T_0.4 ;
    %pushi/vec4 102, 0, 8;
    %store/vec4 v0000025d3f5132d0_0, 0, 8;
    %jmp T_0.16;
T_0.5 ;
    %pushi/vec4 182, 0, 8;
    %store/vec4 v0000025d3f5132d0_0, 0, 8;
    %jmp T_0.16;
T_0.6 ;
    %pushi/vec4 190, 0, 8;
    %store/vec4 v0000025d3f5132d0_0, 0, 8;
    %jmp T_0.16;
T_0.7 ;
    %pushi/vec4 224, 0, 8;
    %store/vec4 v0000025d3f5132d0_0, 0, 8;
    %jmp T_0.16;
T_0.8 ;
    %pushi/vec4 254, 0, 8;
    %store/vec4 v0000025d3f5132d0_0, 0, 8;
    %jmp T_0.16;
T_0.9 ;
    %pushi/vec4 246, 0, 8;
    %store/vec4 v0000025d3f5132d0_0, 0, 8;
    %jmp T_0.16;
T_0.10 ;
    %pushi/vec4 1, 0, 8;
    %store/vec4 v0000025d3f5132d0_0, 0, 8;
    %jmp T_0.16;
T_0.11 ;
    %pushi/vec4 0, 0, 8;
    %store/vec4 v0000025d3f5132d0_0, 0, 8;
    %jmp T_0.16;
T_0.12 ;
    %pushi/vec4 2, 0, 8;
    %store/vec4 v0000025d3f5132d0_0, 0, 8;
    %jmp T_0.16;
T_0.13 ;
    %pushi/vec4 61, 0, 8;
    %store/vec4 v0000025d3f5132d0_0, 0, 8;
    %jmp T_0.16;
T_0.14 ;
    %pushi/vec4 14, 0, 8;
    %store/vec4 v0000025d3f5132d0_0, 0, 8;
    %jmp T_0.16;
T_0.16 ;
    %pop/vec4 1;
    %jmp T_0;
    .thread T_0, $push;
# The file index is used to find the file name in the following table.
:file_names 3;
    "N/A";
    "<interactive>";
    "led.v";
