#! /c/Source/iverilog-install/bin/vvp
:ivl_version "12.0 (devel)" "(s20150603-1110-g18392a46)";
:ivl_delay_selection "TYPICAL";
:vpi_time_precision - 9;
:vpi_module "D:\iverilog\lib\ivl\system.vpi";
:vpi_module "D:\iverilog\lib\ivl\vhdl_sys.vpi";
:vpi_module "D:\iverilog\lib\ivl\vhdl_textio.vpi";
:vpi_module "D:\iverilog\lib\ivl\v2005_math.vpi";
:vpi_module "D:\iverilog\lib\ivl\va_math.vpi";
S_000002b869472d00 .scope module, "segment" "segment" 2 2;
 .timescale -9 -9;
    .port_info 0 /INPUT 1 "clk_sys";
    .port_info 1 /INPUT 1 "clk";
    .port_info 2 /INPUT 1 "reset";
    .port_info 3 /INPUT 16 "Disp_Data";
    .port_info 4 /OUTPUT 4 "Sel";
    .port_info 5 /OUTPUT 8 "led";
    .port_info 6 /NODIR 0 "unnamed";
P_000002b869472e90 .param/l "BLANK" 0 2 6, C4<1011>;
P_000002b869472ec8 .param/l "DECIMAL_POINT" 0 2 5, C4<1010>;
P_000002b869472f00 .param/l "EIGHT" 0 2 5, C4<1000>;
P_000002b869472f38 .param/l "FIVE" 0 2 4, C4<0101>;
P_000002b869472f70 .param/l "FOUR" 0 2 4, C4<0100>;
P_000002b869472fa8 .param/l "MINUS" 0 2 6, C4<1100>;
P_000002b869472fe0 .param/l "NINE" 0 2 5, C4<1001>;
P_000002b869473018 .param/l "ONE" 0 2 3, C4<0001>;
P_000002b869473050 .param/l "SEVEN" 0 2 4, C4<0111>;
P_000002b869473088 .param/l "SIX" 0 2 4, C4<0110>;
P_000002b8694730c0 .param/l "THREE" 0 2 3, C4<0011>;
P_000002b8694730f8 .param/l "TWO" 0 2 3, C4<0010>;
P_000002b869473130 .param/l "ZERO" 0 2 3, C4<0000>;
P_000002b869473168 .param/l "d" 0 2 6, C4<1101>;
P_000002b8694731a0 .param/l "l" 0 2 6, C4<1110>;
o000002b8694abfb8 .functor BUFZ 16, C4<zzzzzzzzzzzzzzzz>; HiZ drive
v000002b8694732f0_0 .net "Disp_Data", 15 0, o000002b8694abfb8;  0 drivers
v000002b86945b110_0 .var "Disp_tmp", 3 0;
v000002b86945b840_0 .var "Num", 1 0;
v000002b86945b8e0_0 .var "Sel", 3 0;
o000002b8694ac078 .functor BUFZ 1, C4<z>; HiZ drive
v000002b86945b980_0 .net "clk", 0 0, o000002b8694ac078;  0 drivers
o000002b8694ac0a8 .functor BUFZ 1, C4<z>; HiZ drive
v000002b86945ba20_0 .net "clk_sys", 0 0, o000002b8694ac0a8;  0 drivers
v000002b86945bac0_0 .var "led", 7 0;
o000002b8694ac108 .functor BUFZ 1, C4<z>; HiZ drive
v000002b8694a3700_0 .net "reset", 0 0, o000002b8694ac108;  0 drivers
E_000002b869495780 .event posedge, v000002b86945ba20_0;
E_000002b869495300/0 .event negedge, v000002b8694a3700_0;
E_000002b869495300/1 .event posedge, v000002b86945b980_0;
E_000002b869495300 .event/or E_000002b869495300/0, E_000002b869495300/1;
    .scope S_000002b869472d00;
T_0 ;
    %wait E_000002b869495300;
    %load/vec4 v000002b8694a3700_0;
    %inv;
    %flag_set/vec4 8;
    %jmp/0xz  T_0.0, 8;
    %pushi/vec4 0, 0, 2;
    %assign/vec4 v000002b86945b840_0, 0;
    %jmp T_0.1;
T_0.0 ;
    %load/vec4 v000002b86945b840_0;
    %addi 1, 0, 2;
    %assign/vec4 v000002b86945b840_0, 0;
T_0.1 ;
    %jmp T_0;
    .thread T_0;
    .scope S_000002b869472d00;
T_1 ;
    %wait E_000002b869495780;
    %load/vec4 v000002b86945b840_0;
    %dup/vec4;
    %pushi/vec4 0, 0, 2;
    %cmp/u;
    %jmp/1 T_1.0, 6;
    %dup/vec4;
    %pushi/vec4 1, 0, 2;
    %cmp/u;
    %jmp/1 T_1.1, 6;
    %dup/vec4;
    %pushi/vec4 2, 0, 2;
    %cmp/u;
    %jmp/1 T_1.2, 6;
    %dup/vec4;
    %pushi/vec4 3, 0, 2;
    %cmp/u;
    %jmp/1 T_1.3, 6;
    %jmp T_1.4;
T_1.0 ;
    %pushi/vec4 1, 0, 4;
    %store/vec4 v000002b86945b8e0_0, 0, 4;
    %jmp T_1.4;
T_1.1 ;
    %pushi/vec4 2, 0, 4;
    %store/vec4 v000002b86945b8e0_0, 0, 4;
    %jmp T_1.4;
T_1.2 ;
    %pushi/vec4 4, 0, 4;
    %store/vec4 v000002b86945b8e0_0, 0, 4;
    %jmp T_1.4;
T_1.3 ;
    %pushi/vec4 8, 0, 4;
    %store/vec4 v000002b86945b8e0_0, 0, 4;
    %jmp T_1.4;
T_1.4 ;
    %pop/vec4 1;
    %jmp T_1;
    .thread T_1;
    .scope S_000002b869472d00;
T_2 ;
    %wait E_000002b869495780;
    %load/vec4 v000002b86945b840_0;
    %dup/vec4;
    %pushi/vec4 0, 0, 2;
    %cmp/u;
    %jmp/1 T_2.0, 6;
    %dup/vec4;
    %pushi/vec4 1, 0, 2;
    %cmp/u;
    %jmp/1 T_2.1, 6;
    %dup/vec4;
    %pushi/vec4 2, 0, 2;
    %cmp/u;
    %jmp/1 T_2.2, 6;
    %dup/vec4;
    %pushi/vec4 3, 0, 2;
    %cmp/u;
    %jmp/1 T_2.3, 6;
    %jmp T_2.4;
T_2.0 ;
    %load/vec4 v000002b8694732f0_0;
    %parti/s 4, 0, 2;
    %store/vec4 v000002b86945b110_0, 0, 4;
    %jmp T_2.4;
T_2.1 ;
    %load/vec4 v000002b8694732f0_0;
    %parti/s 4, 4, 4;
    %store/vec4 v000002b86945b110_0, 0, 4;
    %jmp T_2.4;
T_2.2 ;
    %load/vec4 v000002b8694732f0_0;
    %parti/s 4, 8, 5;
    %store/vec4 v000002b86945b110_0, 0, 4;
    %jmp T_2.4;
T_2.3 ;
    %load/vec4 v000002b8694732f0_0;
    %parti/s 4, 12, 5;
    %store/vec4 v000002b86945b110_0, 0, 4;
    %jmp T_2.4;
T_2.4 ;
    %pop/vec4 1;
    %jmp T_2;
    .thread T_2;
    .scope S_000002b869472d00;
T_3 ;
    %wait E_000002b869495780;
    %load/vec4 v000002b86945b110_0;
    %dup/vec4;
    %pushi/vec4 0, 0, 4;
    %cmp/u;
    %jmp/1 T_3.0, 6;
    %dup/vec4;
    %pushi/vec4 1, 0, 4;
    %cmp/u;
    %jmp/1 T_3.1, 6;
    %dup/vec4;
    %pushi/vec4 2, 0, 4;
    %cmp/u;
    %jmp/1 T_3.2, 6;
    %dup/vec4;
    %pushi/vec4 3, 0, 4;
    %cmp/u;
    %jmp/1 T_3.3, 6;
    %dup/vec4;
    %pushi/vec4 4, 0, 4;
    %cmp/u;
    %jmp/1 T_3.4, 6;
    %dup/vec4;
    %pushi/vec4 5, 0, 4;
    %cmp/u;
    %jmp/1 T_3.5, 6;
    %dup/vec4;
    %pushi/vec4 6, 0, 4;
    %cmp/u;
    %jmp/1 T_3.6, 6;
    %dup/vec4;
    %pushi/vec4 7, 0, 4;
    %cmp/u;
    %jmp/1 T_3.7, 6;
    %dup/vec4;
    %pushi/vec4 8, 0, 4;
    %cmp/u;
    %jmp/1 T_3.8, 6;
    %dup/vec4;
    %pushi/vec4 9, 0, 4;
    %cmp/u;
    %jmp/1 T_3.9, 6;
    %dup/vec4;
    %pushi/vec4 10, 0, 4;
    %cmp/u;
    %jmp/1 T_3.10, 6;
    %dup/vec4;
    %pushi/vec4 11, 0, 4;
    %cmp/u;
    %jmp/1 T_3.11, 6;
    %dup/vec4;
    %pushi/vec4 12, 0, 4;
    %cmp/u;
    %jmp/1 T_3.12, 6;
    %dup/vec4;
    %pushi/vec4 13, 0, 4;
    %cmp/u;
    %jmp/1 T_3.13, 6;
    %dup/vec4;
    %pushi/vec4 14, 0, 4;
    %cmp/u;
    %jmp/1 T_3.14, 6;
    %pushi/vec4 0, 0, 8;
    %store/vec4 v000002b86945bac0_0, 0, 8;
    %jmp T_3.16;
T_3.0 ;
    %pushi/vec4 252, 0, 8;
    %store/vec4 v000002b86945bac0_0, 0, 8;
    %jmp T_3.16;
T_3.1 ;
    %pushi/vec4 96, 0, 8;
    %store/vec4 v000002b86945bac0_0, 0, 8;
    %jmp T_3.16;
T_3.2 ;
    %pushi/vec4 218, 0, 8;
    %store/vec4 v000002b86945bac0_0, 0, 8;
    %jmp T_3.16;
T_3.3 ;
    %pushi/vec4 242, 0, 8;
    %store/vec4 v000002b86945bac0_0, 0, 8;
    %jmp T_3.16;
T_3.4 ;
    %pushi/vec4 102, 0, 8;
    %store/vec4 v000002b86945bac0_0, 0, 8;
    %jmp T_3.16;
T_3.5 ;
    %pushi/vec4 182, 0, 8;
    %store/vec4 v000002b86945bac0_0, 0, 8;
    %jmp T_3.16;
T_3.6 ;
    %pushi/vec4 190, 0, 8;
    %store/vec4 v000002b86945bac0_0, 0, 8;
    %jmp T_3.16;
T_3.7 ;
    %pushi/vec4 224, 0, 8;
    %store/vec4 v000002b86945bac0_0, 0, 8;
    %jmp T_3.16;
T_3.8 ;
    %pushi/vec4 254, 0, 8;
    %store/vec4 v000002b86945bac0_0, 0, 8;
    %jmp T_3.16;
T_3.9 ;
    %pushi/vec4 246, 0, 8;
    %store/vec4 v000002b86945bac0_0, 0, 8;
    %jmp T_3.16;
T_3.10 ;
    %pushi/vec4 1, 0, 8;
    %store/vec4 v000002b86945bac0_0, 0, 8;
    %jmp T_3.16;
T_3.11 ;
    %pushi/vec4 0, 0, 8;
    %store/vec4 v000002b86945bac0_0, 0, 8;
    %jmp T_3.16;
T_3.12 ;
    %pushi/vec4 2, 0, 8;
    %store/vec4 v000002b86945bac0_0, 0, 8;
    %jmp T_3.16;
T_3.13 ;
    %pushi/vec4 122, 0, 8;
    %store/vec4 v000002b86945bac0_0, 0, 8;
    %jmp T_3.16;
T_3.14 ;
    %pushi/vec4 28, 0, 8;
    %store/vec4 v000002b86945bac0_0, 0, 8;
    %jmp T_3.16;
T_3.16 ;
    %pop/vec4 1;
    %jmp T_3;
    .thread T_3;
# The file index is used to find the file name in the following table.
:file_names 3;
    "N/A";
    "<interactive>";
    "segment.v";
