#! /c/Source/iverilog-install/bin/vvp
:ivl_version "12.0 (devel)" "(s20150603-1110-g18392a46)";
:ivl_delay_selection "TYPICAL";
:vpi_time_precision - 12;
:vpi_module "D:\iverilog\lib\ivl\system.vpi";
:vpi_module "D:\iverilog\lib\ivl\vhdl_sys.vpi";
:vpi_module "D:\iverilog\lib\ivl\vhdl_textio.vpi";
:vpi_module "D:\iverilog\lib\ivl\v2005_math.vpi";
:vpi_module "D:\iverilog\lib\ivl\va_math.vpi";
S_000001957d56f830 .scope module, "tb_top" "tb_top" 2 3;
 .timescale -9 -9;
P_000001957d564c60 .param/l "PERIOD" 0 2 6, +C4<00000000000000000000000000001010>;
v000001957d5d57c0_0 .var "clk_sys", 0 0;
v000001957d5d54a0_0 .net "led", 7 0, v000001957d5d5540_0;  1 drivers
v000001957d5d61c0_0 .var "mode", 0 0;
v000001957d5d5fe0_0 .var "reset", 0 0;
v000001957d5d6120_0 .net "segena", 3 0, v000001957d5d5cc0_0;  1 drivers
S_000001957d56f9c0 .scope module, "u_top" "top" 2 25, 3 3 0, S_000001957d56f830;
 .timescale -9 -9;
    .port_info 0 /INPUT 1 "clk_sys";
    .port_info 1 /INPUT 1 "mode";
    .port_info 2 /INPUT 1 "reset";
    .port_info 3 /OUTPUT 8 "led";
    .port_info 4 /OUTPUT 4 "segena";
v000001957d5d5c20_0 .var "bcd", 63 0;
v000001957d5d5900_0 .net "clk", 0 0, v000001957d55cc60_0;  1 drivers
v000001957d5d6080_0 .net "clk1", 0 0, v000001957d578c30_0;  1 drivers
v000001957d5d5860_0 .net "clk_sys", 0 0, v000001957d5d57c0_0;  1 drivers
L_000001957d960088 .functor BUFT 1, C4<1>, C4<0>, C4<0>, C4<0>;
v000001957d5d59a0_0 .net "ena", 0 0, L_000001957d960088;  1 drivers
v000001957d5d5ea0_0 .net "led", 7 0, v000001957d5d5540_0;  alias, 1 drivers
v000001957d5d5720_0 .net "mode", 0 0, v000001957d5d61c0_0;  1 drivers
v000001957d5d55e0_0 .net "reset", 0 0, v000001957d5d5fe0_0;  1 drivers
v000001957d5d5f40_0 .var "seg_selection", 15 0;
v000001957d5d5e00_0 .net "segena", 3 0, v000001957d5d5cc0_0;  alias, 1 drivers
E_000001957d5650e0/0 .event negedge, v000001957d5d5b80_0;
E_000001957d5650e0/1 .event posedge, v000001957d55cc60_0;
E_000001957d5650e0 .event/or E_000001957d5650e0/0, E_000001957d5650e0/1;
S_000001957d56fb50 .scope module, "clk_division_inst" "clk_division" 3 16, 4 1 0, S_000001957d56f9c0;
 .timescale -9 -12;
    .port_info 0 /INPUT 1 "ena";
    .port_info 1 /INPUT 1 "clk_in";
    .port_info 2 /OUTPUT 1 "clk_out";
P_000001957d5198f0 .param/l "F_CLK_DIVISION" 0 4 2, +C4<00000000000000000000000000000001>;
P_000001957d519928 .param/l "F_CLK_SYS" 0 4 2, +C4<00000000000000000100111000100000>;
v000001957d560d70_0 .net "clk_in", 0 0, v000001957d5d57c0_0;  alias, 1 drivers
v000001957d55cc60_0 .var "clk_out", 0 0;
v000001957d5333e0_0 .var/i "counter", 31 0;
L_000001957d9600d0 .functor BUFT 1, C4<1>, C4<0>, C4<0>, C4<0>;
v000001957d57af70_0 .net "ena", 0 0, L_000001957d9600d0;  1 drivers
E_000001957d5645a0 .event posedge, v000001957d560d70_0;
S_000001957d578aa0 .scope module, "clk_division_inst1" "clk_division" 3 21, 4 1 0, S_000001957d56f9c0;
 .timescale -9 -12;
    .port_info 0 /INPUT 1 "ena";
    .port_info 1 /INPUT 1 "clk_in";
    .port_info 2 /OUTPUT 1 "clk_out";
P_000001957d51a370 .param/l "F_CLK_DIVISION" 0 4 2, +C4<00000000000000000000000000000001>;
P_000001957d51a3a8 .param/l "F_CLK_SYS" 0 4 2, +C4<00000000000000000000000000010100>;
v000001957d57b010_0 .net "clk_in", 0 0, v000001957d5d57c0_0;  alias, 1 drivers
v000001957d578c30_0 .var "clk_out", 0 0;
v000001957d578cd0_0 .var/i "counter", 31 0;
L_000001957d960118 .functor BUFT 1, C4<1>, C4<0>, C4<0>, C4<0>;
v000001957d578d70_0 .net "ena", 0 0, L_000001957d960118;  1 drivers
S_000001957d51dd50 .scope module, "segment_inst" "segment" 3 65, 5 2 0, S_000001957d56f9c0;
 .timescale -9 -9;
    .port_info 0 /INPUT 1 "clk_sys";
    .port_info 1 /INPUT 1 "clk";
    .port_info 2 /INPUT 1 "reset";
    .port_info 3 /INPUT 16 "Disp_Data";
    .port_info 4 /OUTPUT 4 "Sel";
    .port_info 5 /OUTPUT 8 "led";
    .port_info 6 /NODIR 0 "";
P_000001957d532d60 .param/l "BLANK" 0 5 6, C4<1011>;
P_000001957d532d98 .param/l "DECIMAL_POINT" 0 5 5, C4<1010>;
P_000001957d532dd0 .param/l "EIGHT" 0 5 5, C4<1000>;
P_000001957d532e08 .param/l "FIVE" 0 5 4, C4<0101>;
P_000001957d532e40 .param/l "FOUR" 0 5 4, C4<0100>;
P_000001957d532e78 .param/l "MINUS" 0 5 6, C4<1100>;
P_000001957d532eb0 .param/l "NINE" 0 5 5, C4<1001>;
P_000001957d532ee8 .param/l "ONE" 0 5 3, C4<0001>;
P_000001957d532f20 .param/l "SEVEN" 0 5 4, C4<0111>;
P_000001957d532f58 .param/l "SIX" 0 5 4, C4<0110>;
P_000001957d532f90 .param/l "THREE" 0 5 3, C4<0011>;
P_000001957d532fc8 .param/l "TWO" 0 5 3, C4<0010>;
P_000001957d533000 .param/l "ZERO" 0 5 3, C4<0000>;
P_000001957d533038 .param/l "d" 0 5 6, C4<1101>;
P_000001957d533070 .param/l "l" 0 5 6, C4<1110>;
v000001957d5d6300_0 .net "Disp_Data", 15 0, v000001957d5d5f40_0;  1 drivers
v000001957d5d5a40_0 .var "Disp_tmp", 3 0;
v000001957d5d63a0_0 .var "Num", 1 0;
v000001957d5d5cc0_0 .var "Sel", 3 0;
v000001957d5d5d60_0 .net "clk", 0 0, v000001957d578c30_0;  alias, 1 drivers
v000001957d5d5ae0_0 .net "clk_sys", 0 0, v000001957d5d57c0_0;  alias, 1 drivers
v000001957d5d5540_0 .var "led", 7 0;
v000001957d5d5b80_0 .net "reset", 0 0, v000001957d5d5fe0_0;  alias, 1 drivers
E_000001957d5648a0/0 .event negedge, v000001957d5d5b80_0;
E_000001957d5648a0/1 .event posedge, v000001957d578c30_0;
E_000001957d5648a0 .event/or E_000001957d5648a0/0, E_000001957d5648a0/1;
    .scope S_000001957d56fb50;
T_0 ;
    %pushi/vec4 0, 0, 1;
    %store/vec4 v000001957d55cc60_0, 0, 1;
    %pushi/vec4 0, 0, 32;
    %store/vec4 v000001957d5333e0_0, 0, 32;
    %end;
    .thread T_0;
    .scope S_000001957d56fb50;
T_1 ;
    %wait E_000001957d5645a0;
    %load/vec4 v000001957d57af70_0;
    %inv;
    %flag_set/vec4 8;
    %jmp/0xz  T_1.0, 8;
    %pushi/vec4 0, 0, 32;
    %store/vec4 v000001957d5333e0_0, 0, 32;
    %pushi/vec4 0, 0, 1;
    %store/vec4 v000001957d55cc60_0, 0, 1;
    %jmp T_1.1;
T_1.0 ;
    %load/vec4 v000001957d5333e0_0;
    %cmpi/e 9999, 0, 32;
    %jmp/0xz  T_1.2, 4;
    %pushi/vec4 0, 0, 32;
    %store/vec4 v000001957d5333e0_0, 0, 32;
    %load/vec4 v000001957d55cc60_0;
    %inv;
    %store/vec4 v000001957d55cc60_0, 0, 1;
    %jmp T_1.3;
T_1.2 ;
    %load/vec4 v000001957d5333e0_0;
    %addi 1, 0, 32;
    %store/vec4 v000001957d5333e0_0, 0, 32;
    %load/vec4 v000001957d55cc60_0;
    %store/vec4 v000001957d55cc60_0, 0, 1;
T_1.3 ;
T_1.1 ;
    %jmp T_1;
    .thread T_1;
    .scope S_000001957d578aa0;
T_2 ;
    %pushi/vec4 0, 0, 1;
    %store/vec4 v000001957d578c30_0, 0, 1;
    %pushi/vec4 0, 0, 32;
    %store/vec4 v000001957d578cd0_0, 0, 32;
    %end;
    .thread T_2;
    .scope S_000001957d578aa0;
T_3 ;
    %wait E_000001957d5645a0;
    %load/vec4 v000001957d578d70_0;
    %inv;
    %flag_set/vec4 8;
    %jmp/0xz  T_3.0, 8;
    %pushi/vec4 0, 0, 32;
    %store/vec4 v000001957d578cd0_0, 0, 32;
    %pushi/vec4 0, 0, 1;
    %store/vec4 v000001957d578c30_0, 0, 1;
    %jmp T_3.1;
T_3.0 ;
    %load/vec4 v000001957d578cd0_0;
    %cmpi/e 9, 0, 32;
    %jmp/0xz  T_3.2, 4;
    %pushi/vec4 0, 0, 32;
    %store/vec4 v000001957d578cd0_0, 0, 32;
    %load/vec4 v000001957d578c30_0;
    %inv;
    %store/vec4 v000001957d578c30_0, 0, 1;
    %jmp T_3.3;
T_3.2 ;
    %load/vec4 v000001957d578cd0_0;
    %addi 1, 0, 32;
    %store/vec4 v000001957d578cd0_0, 0, 32;
    %load/vec4 v000001957d578c30_0;
    %store/vec4 v000001957d578c30_0, 0, 1;
T_3.3 ;
T_3.1 ;
    %jmp T_3;
    .thread T_3;
    .scope S_000001957d51dd50;
T_4 ;
    %wait E_000001957d5648a0;
    %load/vec4 v000001957d5d5b80_0;
    %inv;
    %flag_set/vec4 8;
    %jmp/0xz  T_4.0, 8;
    %pushi/vec4 0, 0, 2;
    %assign/vec4 v000001957d5d63a0_0, 0;
    %jmp T_4.1;
T_4.0 ;
    %load/vec4 v000001957d5d63a0_0;
    %addi 1, 0, 2;
    %assign/vec4 v000001957d5d63a0_0, 0;
T_4.1 ;
    %jmp T_4;
    .thread T_4;
    .scope S_000001957d51dd50;
T_5 ;
    %wait E_000001957d5645a0;
    %load/vec4 v000001957d5d63a0_0;
    %dup/vec4;
    %pushi/vec4 0, 0, 2;
    %cmp/u;
    %jmp/1 T_5.0, 6;
    %dup/vec4;
    %pushi/vec4 1, 0, 2;
    %cmp/u;
    %jmp/1 T_5.1, 6;
    %dup/vec4;
    %pushi/vec4 2, 0, 2;
    %cmp/u;
    %jmp/1 T_5.2, 6;
    %dup/vec4;
    %pushi/vec4 3, 0, 2;
    %cmp/u;
    %jmp/1 T_5.3, 6;
    %jmp T_5.4;
T_5.0 ;
    %pushi/vec4 1, 0, 4;
    %store/vec4 v000001957d5d5cc0_0, 0, 4;
    %jmp T_5.4;
T_5.1 ;
    %pushi/vec4 2, 0, 4;
    %store/vec4 v000001957d5d5cc0_0, 0, 4;
    %jmp T_5.4;
T_5.2 ;
    %pushi/vec4 4, 0, 4;
    %store/vec4 v000001957d5d5cc0_0, 0, 4;
    %jmp T_5.4;
T_5.3 ;
    %pushi/vec4 8, 0, 4;
    %store/vec4 v000001957d5d5cc0_0, 0, 4;
    %jmp T_5.4;
T_5.4 ;
    %pop/vec4 1;
    %jmp T_5;
    .thread T_5;
    .scope S_000001957d51dd50;
T_6 ;
    %wait E_000001957d5645a0;
    %load/vec4 v000001957d5d63a0_0;
    %dup/vec4;
    %pushi/vec4 0, 0, 2;
    %cmp/u;
    %jmp/1 T_6.0, 6;
    %dup/vec4;
    %pushi/vec4 1, 0, 2;
    %cmp/u;
    %jmp/1 T_6.1, 6;
    %dup/vec4;
    %pushi/vec4 2, 0, 2;
    %cmp/u;
    %jmp/1 T_6.2, 6;
    %dup/vec4;
    %pushi/vec4 3, 0, 2;
    %cmp/u;
    %jmp/1 T_6.3, 6;
    %jmp T_6.4;
T_6.0 ;
    %load/vec4 v000001957d5d6300_0;
    %parti/s 4, 0, 2;
    %store/vec4 v000001957d5d5a40_0, 0, 4;
    %jmp T_6.4;
T_6.1 ;
    %load/vec4 v000001957d5d6300_0;
    %parti/s 4, 4, 4;
    %store/vec4 v000001957d5d5a40_0, 0, 4;
    %jmp T_6.4;
T_6.2 ;
    %load/vec4 v000001957d5d6300_0;
    %parti/s 4, 8, 5;
    %store/vec4 v000001957d5d5a40_0, 0, 4;
    %jmp T_6.4;
T_6.3 ;
    %load/vec4 v000001957d5d6300_0;
    %parti/s 4, 12, 5;
    %store/vec4 v000001957d5d5a40_0, 0, 4;
    %jmp T_6.4;
T_6.4 ;
    %pop/vec4 1;
    %jmp T_6;
    .thread T_6;
    .scope S_000001957d51dd50;
T_7 ;
    %wait E_000001957d5645a0;
    %load/vec4 v000001957d5d5a40_0;
    %dup/vec4;
    %pushi/vec4 0, 0, 4;
    %cmp/u;
    %jmp/1 T_7.0, 6;
    %dup/vec4;
    %pushi/vec4 1, 0, 4;
    %cmp/u;
    %jmp/1 T_7.1, 6;
    %dup/vec4;
    %pushi/vec4 2, 0, 4;
    %cmp/u;
    %jmp/1 T_7.2, 6;
    %dup/vec4;
    %pushi/vec4 3, 0, 4;
    %cmp/u;
    %jmp/1 T_7.3, 6;
    %dup/vec4;
    %pushi/vec4 4, 0, 4;
    %cmp/u;
    %jmp/1 T_7.4, 6;
    %dup/vec4;
    %pushi/vec4 5, 0, 4;
    %cmp/u;
    %jmp/1 T_7.5, 6;
    %dup/vec4;
    %pushi/vec4 6, 0, 4;
    %cmp/u;
    %jmp/1 T_7.6, 6;
    %dup/vec4;
    %pushi/vec4 7, 0, 4;
    %cmp/u;
    %jmp/1 T_7.7, 6;
    %dup/vec4;
    %pushi/vec4 8, 0, 4;
    %cmp/u;
    %jmp/1 T_7.8, 6;
    %dup/vec4;
    %pushi/vec4 9, 0, 4;
    %cmp/u;
    %jmp/1 T_7.9, 6;
    %dup/vec4;
    %pushi/vec4 10, 0, 4;
    %cmp/u;
    %jmp/1 T_7.10, 6;
    %dup/vec4;
    %pushi/vec4 11, 0, 4;
    %cmp/u;
    %jmp/1 T_7.11, 6;
    %dup/vec4;
    %pushi/vec4 12, 0, 4;
    %cmp/u;
    %jmp/1 T_7.12, 6;
    %dup/vec4;
    %pushi/vec4 13, 0, 4;
    %cmp/u;
    %jmp/1 T_7.13, 6;
    %dup/vec4;
    %pushi/vec4 14, 0, 4;
    %cmp/u;
    %jmp/1 T_7.14, 6;
    %pushi/vec4 0, 0, 8;
    %store/vec4 v000001957d5d5540_0, 0, 8;
    %jmp T_7.16;
T_7.0 ;
    %pushi/vec4 252, 0, 8;
    %store/vec4 v000001957d5d5540_0, 0, 8;
    %jmp T_7.16;
T_7.1 ;
    %pushi/vec4 96, 0, 8;
    %store/vec4 v000001957d5d5540_0, 0, 8;
    %jmp T_7.16;
T_7.2 ;
    %pushi/vec4 218, 0, 8;
    %store/vec4 v000001957d5d5540_0, 0, 8;
    %jmp T_7.16;
T_7.3 ;
    %pushi/vec4 242, 0, 8;
    %store/vec4 v000001957d5d5540_0, 0, 8;
    %jmp T_7.16;
T_7.4 ;
    %pushi/vec4 102, 0, 8;
    %store/vec4 v000001957d5d5540_0, 0, 8;
    %jmp T_7.16;
T_7.5 ;
    %pushi/vec4 182, 0, 8;
    %store/vec4 v000001957d5d5540_0, 0, 8;
    %jmp T_7.16;
T_7.6 ;
    %pushi/vec4 190, 0, 8;
    %store/vec4 v000001957d5d5540_0, 0, 8;
    %jmp T_7.16;
T_7.7 ;
    %pushi/vec4 224, 0, 8;
    %store/vec4 v000001957d5d5540_0, 0, 8;
    %jmp T_7.16;
T_7.8 ;
    %pushi/vec4 254, 0, 8;
    %store/vec4 v000001957d5d5540_0, 0, 8;
    %jmp T_7.16;
T_7.9 ;
    %pushi/vec4 246, 0, 8;
    %store/vec4 v000001957d5d5540_0, 0, 8;
    %jmp T_7.16;
T_7.10 ;
    %pushi/vec4 1, 0, 8;
    %store/vec4 v000001957d5d5540_0, 0, 8;
    %jmp T_7.16;
T_7.11 ;
    %pushi/vec4 0, 0, 8;
    %store/vec4 v000001957d5d5540_0, 0, 8;
    %jmp T_7.16;
T_7.12 ;
    %pushi/vec4 2, 0, 8;
    %store/vec4 v000001957d5d5540_0, 0, 8;
    %jmp T_7.16;
T_7.13 ;
    %pushi/vec4 122, 0, 8;
    %store/vec4 v000001957d5d5540_0, 0, 8;
    %jmp T_7.16;
T_7.14 ;
    %pushi/vec4 28, 0, 8;
    %store/vec4 v000001957d5d5540_0, 0, 8;
    %jmp T_7.16;
T_7.16 ;
    %pop/vec4 1;
    %jmp T_7;
    .thread T_7;
    .scope S_000001957d56f9c0;
T_8 ;
    %pushi/vec4 3149005179, 0, 32;
    %concati/vec4 78806494, 0, 32;
    %store/vec4 v000001957d5d5c20_0, 0, 64;
    %end;
    .thread T_8;
    .scope S_000001957d56f9c0;
T_9 ;
    %wait E_000001957d5650e0;
    %load/vec4 v000001957d5d55e0_0;
    %inv;
    %flag_set/vec4 8;
    %jmp/0xz  T_9.0, 8;
    %pushi/vec4 3149005179, 0, 32;
    %concati/vec4 78806494, 0, 32;
    %store/vec4 v000001957d5d5c20_0, 0, 64;
    %pushi/vec4 0, 0, 16;
    %assign/vec4 v000001957d5d5f40_0, 0;
    %jmp T_9.1;
T_9.0 ;
    %load/vec4 v000001957d5d5720_0;
    %inv;
    %flag_set/vec4 8;
    %jmp/0xz  T_9.2, 8;
    %load/vec4 v000001957d5d5c20_0;
    %parti/s 16, 48, 7;
    %assign/vec4 v000001957d5d5f40_0, 0;
    %load/vec4 v000001957d5d5c20_0;
    %parti/s 12, 52, 7;
    %load/vec4 v000001957d5d5c20_0;
    %parti/s 48, 0, 2;
    %concat/vec4; draw_concat_vec4
    %load/vec4 v000001957d5d5c20_0;
    %parti/s 4, 48, 7;
    %concat/vec4; draw_concat_vec4
    %assign/vec4 v000001957d5d5c20_0, 0;
    %jmp T_9.3;
T_9.2 ;
    %load/vec4 v000001957d5d5c20_0;
    %parti/s 16, 48, 7;
    %assign/vec4 v000001957d5d5f40_0, 0;
    %load/vec4 v000001957d5d5c20_0;
    %parti/s 60, 0, 2;
    %load/vec4 v000001957d5d5c20_0;
    %parti/s 4, 60, 7;
    %concat/vec4; draw_concat_vec4
    %assign/vec4 v000001957d5d5c20_0, 0;
T_9.3 ;
T_9.1 ;
    %jmp T_9;
    .thread T_9;
    .scope S_000001957d56f830;
T_10 ;
    %pushi/vec4 0, 0, 1;
    %store/vec4 v000001957d5d57c0_0, 0, 1;
    %pushi/vec4 0, 0, 1;
    %store/vec4 v000001957d5d61c0_0, 0, 1;
    %pushi/vec4 0, 0, 1;
    %store/vec4 v000001957d5d5fe0_0, 0, 1;
    %end;
    .thread T_10;
    .scope S_000001957d56f830;
T_11 ;
T_11.0 ;
    %delay 5000, 0;
    %load/vec4 v000001957d5d57c0_0;
    %inv;
    %store/vec4 v000001957d5d57c0_0, 0, 1;
    %jmp T_11.0;
    %end;
    .thread T_11;
    .scope S_000001957d56f830;
T_12 ;
    %vpi_call 2 36 "$dumpfile", "tb_top.vcd" {0 0 0};
    %vpi_call 2 37 "$dumpvars", 32'sb00000000000000000000000000000000, S_000001957d56f830 {0 0 0};
    %pushi/vec4 0, 0, 1;
    %store/vec4 v000001957d5d5fe0_0, 0, 1;
    %pushi/vec4 1, 0, 1;
    %store/vec4 v000001957d5d61c0_0, 0, 1;
    %delay 10000, 0;
    %pushi/vec4 1, 0, 1;
    %store/vec4 v000001957d5d5fe0_0, 0, 1;
    %delay 1000000000, 0;
    %vpi_call 2 43 "$finish" {0 0 0};
    %end;
    .thread T_12;
# The file index is used to find the file name in the following table.
:file_names 6;
    "N/A";
    "<interactive>";
    "tb.v";
    "./top.v";
    "./clk_division.v";
    "./segment.v";
