#! /c/Source/iverilog-install/bin/vvp
:ivl_version "12.0 (devel)" "(s20150603-1110-g18392a46)";
:ivl_delay_selection "TYPICAL";
:vpi_time_precision - 9;
:vpi_module "D:\iverilog\lib\ivl\system.vpi";
:vpi_module "D:\iverilog\lib\ivl\vhdl_sys.vpi";
:vpi_module "D:\iverilog\lib\ivl\vhdl_textio.vpi";
:vpi_module "D:\iverilog\lib\ivl\v2005_math.vpi";
:vpi_module "D:\iverilog\lib\ivl\va_math.vpi";
S_000001e56a34f8d0 .scope module, "top" "top" 2 3;
 .timescale -9 -9;
    .port_info 0 /INPUT 1 "clk_sys";
    .port_info 1 /INPUT 1 "mode";
    .port_info 2 /INPUT 1 "reset";
    .port_info 3 /OUTPUT 8 "led";
    .port_info 4 /OUTPUT 4 "segena";
v000001e56a3acd10_0 .var "bcd", 63 0;
v000001e56a3ac090_0 .net "clk", 0 0, v000001e56a33aa80_0;  1 drivers
v000001e56a3acdb0_0 .net "clk1", 0 0, v000001e56a312dc0_0;  1 drivers
o000001e56a359f98 .functor BUFZ 1, C4<z>; HiZ drive
v000001e56a3ac1d0_0 .net "clk_sys", 0 0, o000001e56a359f98;  0 drivers
L_000001e56a3ad058 .functor BUFT 1, C4<1>, C4<0>, C4<0>, C4<0>;
v000001e56a3ace50_0 .net "ena", 0 0, L_000001e56a3ad058;  1 drivers
v000001e56a3acef0_0 .net "led", 7 0, v000001e56a3ac950_0;  1 drivers
o000001e56a35a4a8 .functor BUFZ 1, C4<z>; HiZ drive
v000001e56a3acf90_0 .net "mode", 0 0, o000001e56a35a4a8;  0 drivers
o000001e56a35a2f8 .functor BUFZ 1, C4<z>; HiZ drive
v000001e56a3ac130_0 .net "reset", 0 0, o000001e56a35a2f8;  0 drivers
v000001e56a3ac270_0 .var "seg_selection", 15 0;
v000001e56a3ac310_0 .net "segena", 3 0, v000001e56a3acb30_0;  1 drivers
E_000001e56a33a200/0 .event negedge, v000001e56a3acbd0_0;
E_000001e56a33a200/1 .event posedge, v000001e56a33aa80_0;
E_000001e56a33a200 .event/or E_000001e56a33a200/0, E_000001e56a33a200/1;
S_000001e56a34fa60 .scope module, "clk_division_inst" "clk_division" 2 16, 3 1 0, S_000001e56a34f8d0;
 .timescale 0 0;
    .port_info 0 /INPUT 1 "ena";
    .port_info 1 /INPUT 1 "clk_in";
    .port_info 2 /OUTPUT 1 "clk_out";
P_000001e56a2f8620 .param/l "F_CLK_DIVISION" 0 3 2, +C4<00000000000000000000000000000001>;
P_000001e56a2f8658 .param/l "F_CLK_SYS" 0 3 2, +C4<00000000000000000100111000100000>;
v000001e56a33e3a0_0 .net "clk_in", 0 0, o000001e56a359f98;  alias, 0 drivers
v000001e56a33aa80_0 .var "clk_out", 0 0;
v000001e56a3133a0_0 .var/i "counter", 31 0;
L_000001e56a3ad0a0 .functor BUFT 1, C4<1>, C4<0>, C4<0>, C4<0>;
v000001e56a2fe150_0 .net "ena", 0 0, L_000001e56a3ad0a0;  1 drivers
E_000001e56a339f40 .event posedge, v000001e56a33e3a0_0;
S_000001e56a34fbf0 .scope module, "clk_division_inst1" "clk_division" 2 21, 3 1 0, S_000001e56a34f8d0;
 .timescale 0 0;
    .port_info 0 /INPUT 1 "ena";
    .port_info 1 /INPUT 1 "clk_in";
    .port_info 2 /OUTPUT 1 "clk_out";
P_000001e56a2f8420 .param/l "F_CLK_DIVISION" 0 3 2, +C4<00000000000000000000000000000001>;
P_000001e56a2f8458 .param/l "F_CLK_SYS" 0 3 2, +C4<00000000000000000000000000010100>;
v000001e56a312d20_0 .net "clk_in", 0 0, o000001e56a359f98;  alias, 0 drivers
v000001e56a312dc0_0 .var "clk_out", 0 0;
v000001e56a312e60_0 .var/i "counter", 31 0;
L_000001e56a3ad0e8 .functor BUFT 1, C4<1>, C4<0>, C4<0>, C4<0>;
v000001e56a312f00_0 .net "ena", 0 0, L_000001e56a3ad0e8;  1 drivers
S_000001e56a312fa0 .scope module, "segment_inst" "segment" 2 65, 4 2 0, S_000001e56a34f8d0;
 .timescale -9 -9;
    .port_info 0 /INPUT 1 "clk_sys";
    .port_info 1 /INPUT 1 "clk";
    .port_info 2 /INPUT 1 "reset";
    .port_info 3 /INPUT 16 "Disp_Data";
    .port_info 4 /OUTPUT 4 "Sel";
    .port_info 5 /OUTPUT 8 "led";
    .port_info 6 /NODIR 0 "";
P_000001e56a344880 .param/l "BLANK" 0 4 6, C4<1011>;
P_000001e56a3448b8 .param/l "DECIMAL_POINT" 0 4 5, C4<1010>;
P_000001e56a3448f0 .param/l "EIGHT" 0 4 5, C4<1000>;
P_000001e56a344928 .param/l "FIVE" 0 4 4, C4<0101>;
P_000001e56a344960 .param/l "FOUR" 0 4 4, C4<0100>;
P_000001e56a344998 .param/l "MINUS" 0 4 6, C4<1100>;
P_000001e56a3449d0 .param/l "NINE" 0 4 5, C4<1001>;
P_000001e56a344a08 .param/l "ONE" 0 4 3, C4<0001>;
P_000001e56a344a40 .param/l "SEVEN" 0 4 4, C4<0111>;
P_000001e56a344a78 .param/l "SIX" 0 4 4, C4<0110>;
P_000001e56a344ab0 .param/l "THREE" 0 4 3, C4<0011>;
P_000001e56a344ae8 .param/l "TWO" 0 4 3, C4<0010>;
P_000001e56a344b20 .param/l "ZERO" 0 4 3, C4<0000>;
P_000001e56a344b58 .param/l "d" 0 4 6, C4<1101>;
P_000001e56a344b90 .param/l "l" 0 4 6, C4<1110>;
v000001e56a3ac9f0_0 .net "Disp_Data", 15 0, v000001e56a3ac270_0;  1 drivers
v000001e56a3aca90_0 .var "Disp_tmp", 3 0;
v000001e56a3ac590_0 .var "Num", 1 0;
v000001e56a3acb30_0 .var "Sel", 3 0;
v000001e56a3acc70_0 .net "clk", 0 0, v000001e56a312dc0_0;  alias, 1 drivers
v000001e56a3ac3b0_0 .net "clk_sys", 0 0, o000001e56a359f98;  alias, 0 drivers
v000001e56a3ac950_0 .var "led", 7 0;
v000001e56a3acbd0_0 .net "reset", 0 0, o000001e56a35a2f8;  alias, 0 drivers
E_000001e56a339c80/0 .event negedge, v000001e56a3acbd0_0;
E_000001e56a339c80/1 .event posedge, v000001e56a312dc0_0;
E_000001e56a339c80 .event/or E_000001e56a339c80/0, E_000001e56a339c80/1;
    .scope S_000001e56a34fa60;
T_0 ;
    %pushi/vec4 0, 0, 1;
    %store/vec4 v000001e56a33aa80_0, 0, 1;
    %pushi/vec4 0, 0, 32;
    %store/vec4 v000001e56a3133a0_0, 0, 32;
    %end;
    .thread T_0;
    .scope S_000001e56a34fa60;
T_1 ;
    %wait E_000001e56a339f40;
    %load/vec4 v000001e56a2fe150_0;
    %inv;
    %flag_set/vec4 8;
    %jmp/0xz  T_1.0, 8;
    %pushi/vec4 0, 0, 32;
    %store/vec4 v000001e56a3133a0_0, 0, 32;
    %pushi/vec4 0, 0, 1;
    %store/vec4 v000001e56a33aa80_0, 0, 1;
    %jmp T_1.1;
T_1.0 ;
    %load/vec4 v000001e56a3133a0_0;
    %cmpi/e 9999, 0, 32;
    %jmp/0xz  T_1.2, 4;
    %pushi/vec4 0, 0, 32;
    %store/vec4 v000001e56a3133a0_0, 0, 32;
    %load/vec4 v000001e56a33aa80_0;
    %inv;
    %store/vec4 v000001e56a33aa80_0, 0, 1;
    %jmp T_1.3;
T_1.2 ;
    %load/vec4 v000001e56a3133a0_0;
    %addi 1, 0, 32;
    %store/vec4 v000001e56a3133a0_0, 0, 32;
    %load/vec4 v000001e56a33aa80_0;
    %store/vec4 v000001e56a33aa80_0, 0, 1;
T_1.3 ;
T_1.1 ;
    %jmp T_1;
    .thread T_1;
    .scope S_000001e56a34fbf0;
T_2 ;
    %pushi/vec4 0, 0, 1;
    %store/vec4 v000001e56a312dc0_0, 0, 1;
    %pushi/vec4 0, 0, 32;
    %store/vec4 v000001e56a312e60_0, 0, 32;
    %end;
    .thread T_2;
    .scope S_000001e56a34fbf0;
T_3 ;
    %wait E_000001e56a339f40;
    %load/vec4 v000001e56a312f00_0;
    %inv;
    %flag_set/vec4 8;
    %jmp/0xz  T_3.0, 8;
    %pushi/vec4 0, 0, 32;
    %store/vec4 v000001e56a312e60_0, 0, 32;
    %pushi/vec4 0, 0, 1;
    %store/vec4 v000001e56a312dc0_0, 0, 1;
    %jmp T_3.1;
T_3.0 ;
    %load/vec4 v000001e56a312e60_0;
    %cmpi/e 9, 0, 32;
    %jmp/0xz  T_3.2, 4;
    %pushi/vec4 0, 0, 32;
    %store/vec4 v000001e56a312e60_0, 0, 32;
    %load/vec4 v000001e56a312dc0_0;
    %inv;
    %store/vec4 v000001e56a312dc0_0, 0, 1;
    %jmp T_3.3;
T_3.2 ;
    %load/vec4 v000001e56a312e60_0;
    %addi 1, 0, 32;
    %store/vec4 v000001e56a312e60_0, 0, 32;
    %load/vec4 v000001e56a312dc0_0;
    %store/vec4 v000001e56a312dc0_0, 0, 1;
T_3.3 ;
T_3.1 ;
    %jmp T_3;
    .thread T_3;
    .scope S_000001e56a312fa0;
T_4 ;
    %wait E_000001e56a339c80;
    %load/vec4 v000001e56a3acbd0_0;
    %flag_set/vec4 8;
    %jmp/0xz  T_4.0, 8;
    %pushi/vec4 0, 0, 2;
    %assign/vec4 v000001e56a3ac590_0, 0;
    %jmp T_4.1;
T_4.0 ;
    %load/vec4 v000001e56a3ac590_0;
    %addi 1, 0, 2;
    %assign/vec4 v000001e56a3ac590_0, 0;
T_4.1 ;
    %jmp T_4;
    .thread T_4;
    .scope S_000001e56a312fa0;
T_5 ;
    %wait E_000001e56a339f40;
    %load/vec4 v000001e56a3ac590_0;
    %dup/vec4;
    %pushi/vec4 0, 0, 2;
    %cmp/u;
    %jmp/1 T_5.0, 6;
    %dup/vec4;
    %pushi/vec4 1, 0, 2;
    %cmp/u;
    %jmp/1 T_5.1, 6;
    %dup/vec4;
    %pushi/vec4 2, 0, 2;
    %cmp/u;
    %jmp/1 T_5.2, 6;
    %dup/vec4;
    %pushi/vec4 3, 0, 2;
    %cmp/u;
    %jmp/1 T_5.3, 6;
    %jmp T_5.4;
T_5.0 ;
    %pushi/vec4 1, 0, 4;
    %store/vec4 v000001e56a3acb30_0, 0, 4;
    %jmp T_5.4;
T_5.1 ;
    %pushi/vec4 2, 0, 4;
    %store/vec4 v000001e56a3acb30_0, 0, 4;
    %jmp T_5.4;
T_5.2 ;
    %pushi/vec4 4, 0, 4;
    %store/vec4 v000001e56a3acb30_0, 0, 4;
    %jmp T_5.4;
T_5.3 ;
    %pushi/vec4 8, 0, 4;
    %store/vec4 v000001e56a3acb30_0, 0, 4;
    %jmp T_5.4;
T_5.4 ;
    %pop/vec4 1;
    %jmp T_5;
    .thread T_5;
    .scope S_000001e56a312fa0;
T_6 ;
    %wait E_000001e56a339f40;
    %load/vec4 v000001e56a3ac590_0;
    %dup/vec4;
    %pushi/vec4 0, 0, 2;
    %cmp/u;
    %jmp/1 T_6.0, 6;
    %dup/vec4;
    %pushi/vec4 1, 0, 2;
    %cmp/u;
    %jmp/1 T_6.1, 6;
    %dup/vec4;
    %pushi/vec4 2, 0, 2;
    %cmp/u;
    %jmp/1 T_6.2, 6;
    %dup/vec4;
    %pushi/vec4 3, 0, 2;
    %cmp/u;
    %jmp/1 T_6.3, 6;
    %jmp T_6.4;
T_6.0 ;
    %load/vec4 v000001e56a3ac9f0_0;
    %parti/s 4, 0, 2;
    %store/vec4 v000001e56a3aca90_0, 0, 4;
    %jmp T_6.4;
T_6.1 ;
    %load/vec4 v000001e56a3ac9f0_0;
    %parti/s 4, 4, 4;
    %store/vec4 v000001e56a3aca90_0, 0, 4;
    %jmp T_6.4;
T_6.2 ;
    %load/vec4 v000001e56a3ac9f0_0;
    %parti/s 4, 8, 5;
    %store/vec4 v000001e56a3aca90_0, 0, 4;
    %jmp T_6.4;
T_6.3 ;
    %load/vec4 v000001e56a3ac9f0_0;
    %parti/s 4, 12, 5;
    %store/vec4 v000001e56a3aca90_0, 0, 4;
    %jmp T_6.4;
T_6.4 ;
    %pop/vec4 1;
    %jmp T_6;
    .thread T_6;
    .scope S_000001e56a312fa0;
T_7 ;
    %wait E_000001e56a339f40;
    %load/vec4 v000001e56a3aca90_0;
    %dup/vec4;
    %pushi/vec4 0, 0, 4;
    %cmp/u;
    %jmp/1 T_7.0, 6;
    %dup/vec4;
    %pushi/vec4 1, 0, 4;
    %cmp/u;
    %jmp/1 T_7.1, 6;
    %dup/vec4;
    %pushi/vec4 2, 0, 4;
    %cmp/u;
    %jmp/1 T_7.2, 6;
    %dup/vec4;
    %pushi/vec4 3, 0, 4;
    %cmp/u;
    %jmp/1 T_7.3, 6;
    %dup/vec4;
    %pushi/vec4 4, 0, 4;
    %cmp/u;
    %jmp/1 T_7.4, 6;
    %dup/vec4;
    %pushi/vec4 5, 0, 4;
    %cmp/u;
    %jmp/1 T_7.5, 6;
    %dup/vec4;
    %pushi/vec4 6, 0, 4;
    %cmp/u;
    %jmp/1 T_7.6, 6;
    %dup/vec4;
    %pushi/vec4 7, 0, 4;
    %cmp/u;
    %jmp/1 T_7.7, 6;
    %dup/vec4;
    %pushi/vec4 8, 0, 4;
    %cmp/u;
    %jmp/1 T_7.8, 6;
    %dup/vec4;
    %pushi/vec4 9, 0, 4;
    %cmp/u;
    %jmp/1 T_7.9, 6;
    %dup/vec4;
    %pushi/vec4 10, 0, 4;
    %cmp/u;
    %jmp/1 T_7.10, 6;
    %dup/vec4;
    %pushi/vec4 11, 0, 4;
    %cmp/u;
    %jmp/1 T_7.11, 6;
    %dup/vec4;
    %pushi/vec4 12, 0, 4;
    %cmp/u;
    %jmp/1 T_7.12, 6;
    %dup/vec4;
    %pushi/vec4 13, 0, 4;
    %cmp/u;
    %jmp/1 T_7.13, 6;
    %dup/vec4;
    %pushi/vec4 14, 0, 4;
    %cmp/u;
    %jmp/1 T_7.14, 6;
    %pushi/vec4 0, 0, 8;
    %store/vec4 v000001e56a3ac950_0, 0, 8;
    %jmp T_7.16;
T_7.0 ;
    %pushi/vec4 252, 0, 8;
    %store/vec4 v000001e56a3ac950_0, 0, 8;
    %jmp T_7.16;
T_7.1 ;
    %pushi/vec4 96, 0, 8;
    %store/vec4 v000001e56a3ac950_0, 0, 8;
    %jmp T_7.16;
T_7.2 ;
    %pushi/vec4 218, 0, 8;
    %store/vec4 v000001e56a3ac950_0, 0, 8;
    %jmp T_7.16;
T_7.3 ;
    %pushi/vec4 242, 0, 8;
    %store/vec4 v000001e56a3ac950_0, 0, 8;
    %jmp T_7.16;
T_7.4 ;
    %pushi/vec4 102, 0, 8;
    %store/vec4 v000001e56a3ac950_0, 0, 8;
    %jmp T_7.16;
T_7.5 ;
    %pushi/vec4 182, 0, 8;
    %store/vec4 v000001e56a3ac950_0, 0, 8;
    %jmp T_7.16;
T_7.6 ;
    %pushi/vec4 190, 0, 8;
    %store/vec4 v000001e56a3ac950_0, 0, 8;
    %jmp T_7.16;
T_7.7 ;
    %pushi/vec4 224, 0, 8;
    %store/vec4 v000001e56a3ac950_0, 0, 8;
    %jmp T_7.16;
T_7.8 ;
    %pushi/vec4 254, 0, 8;
    %store/vec4 v000001e56a3ac950_0, 0, 8;
    %jmp T_7.16;
T_7.9 ;
    %pushi/vec4 246, 0, 8;
    %store/vec4 v000001e56a3ac950_0, 0, 8;
    %jmp T_7.16;
T_7.10 ;
    %pushi/vec4 1, 0, 8;
    %store/vec4 v000001e56a3ac950_0, 0, 8;
    %jmp T_7.16;
T_7.11 ;
    %pushi/vec4 0, 0, 8;
    %store/vec4 v000001e56a3ac950_0, 0, 8;
    %jmp T_7.16;
T_7.12 ;
    %pushi/vec4 2, 0, 8;
    %store/vec4 v000001e56a3ac950_0, 0, 8;
    %jmp T_7.16;
T_7.13 ;
    %pushi/vec4 122, 0, 8;
    %store/vec4 v000001e56a3ac950_0, 0, 8;
    %jmp T_7.16;
T_7.14 ;
    %pushi/vec4 28, 0, 8;
    %store/vec4 v000001e56a3ac950_0, 0, 8;
    %jmp T_7.16;
T_7.16 ;
    %pop/vec4 1;
    %jmp T_7;
    .thread T_7;
    .scope S_000001e56a34f8d0;
T_8 ;
    %pushi/vec4 3149005179, 0, 32;
    %concati/vec4 78806494, 0, 32;
    %store/vec4 v000001e56a3acd10_0, 0, 64;
    %end;
    .thread T_8;
    .scope S_000001e56a34f8d0;
T_9 ;
    %wait E_000001e56a33a200;
    %load/vec4 v000001e56a3ac130_0;
    %inv;
    %flag_set/vec4 8;
    %jmp/0xz  T_9.0, 8;
    %pushi/vec4 3149005179, 0, 32;
    %concati/vec4 78806494, 0, 32;
    %store/vec4 v000001e56a3acd10_0, 0, 64;
    %pushi/vec4 0, 0, 16;
    %assign/vec4 v000001e56a3ac270_0, 0;
    %jmp T_9.1;
T_9.0 ;
    %load/vec4 v000001e56a3acf90_0;
    %inv;
    %flag_set/vec4 8;
    %jmp/0xz  T_9.2, 8;
    %load/vec4 v000001e56a3acd10_0;
    %parti/s 16, 48, 7;
    %assign/vec4 v000001e56a3ac270_0, 0;
    %load/vec4 v000001e56a3acd10_0;
    %parti/s 12, 52, 7;
    %load/vec4 v000001e56a3acd10_0;
    %parti/s 48, 0, 2;
    %concat/vec4; draw_concat_vec4
    %load/vec4 v000001e56a3acd10_0;
    %parti/s 4, 48, 7;
    %concat/vec4; draw_concat_vec4
    %assign/vec4 v000001e56a3acd10_0, 0;
    %jmp T_9.3;
T_9.2 ;
    %load/vec4 v000001e56a3acd10_0;
    %parti/s 16, 48, 7;
    %assign/vec4 v000001e56a3ac270_0, 0;
    %load/vec4 v000001e56a3acd10_0;
    %parti/s 60, 0, 2;
    %load/vec4 v000001e56a3acd10_0;
    %parti/s 4, 60, 7;
    %concat/vec4; draw_concat_vec4
    %assign/vec4 v000001e56a3acd10_0, 0;
T_9.3 ;
T_9.1 ;
    %jmp T_9;
    .thread T_9;
# The file index is used to find the file name in the following table.
:file_names 5;
    "N/A";
    "<interactive>";
    "top.v";
    "./clk_division.v";
    "./segment.v";
