#! /c/Source/iverilog-install/bin/vvp
:ivl_version "12.0 (devel)" "(s20150603-1110-g18392a46)";
:ivl_delay_selection "TYPICAL";
:vpi_time_precision + 0;
:vpi_module "D:\iverilog\lib\ivl\system.vpi";
:vpi_module "D:\iverilog\lib\ivl\vhdl_sys.vpi";
:vpi_module "D:\iverilog\lib\ivl\vhdl_textio.vpi";
:vpi_module "D:\iverilog\lib\ivl\v2005_math.vpi";
:vpi_module "D:\iverilog\lib\ivl\va_math.vpi";
S_00000163d63b6ce0 .scope module, "DFF_eable" "DFF_eable" 2 1;
 .timescale 0 0;
    .port_info 0 /INPUT 1 "clk";
    .port_info 1 /INPUT 1 "reset";
    .port_info 2 /INPUT 1 "eable";
    .port_info 3 /INPUT 4 "D";
    .port_info 4 /OUTPUT 4 "Q";
P_00000163d6406da0 .param/l "n" 0 2 2, +C4<00000000000000000000000000000100>;
o00000163d6406fd8 .functor BUFZ 4, C4<zzzz>; HiZ drive
v00000163d63b7400_0 .net "D", 3 0, o00000163d6406fd8;  0 drivers
v00000163d63b6e70_0 .var "Q", 3 0;
o00000163d6407038 .functor BUFZ 1, C4<z>; HiZ drive
v00000163d63b6f10_0 .net "clk", 0 0, o00000163d6407038;  0 drivers
o00000163d6407068 .functor BUFZ 1, C4<z>; HiZ drive
v00000163d63b6fb0_0 .net "eable", 0 0, o00000163d6407068;  0 drivers
o00000163d6407098 .functor BUFZ 1, C4<z>; HiZ drive
v00000163d63bb030_0 .net "reset", 0 0, o00000163d6407098;  0 drivers
E_00000163d64064e0 .event posedge, v00000163d63bb030_0, v00000163d63b6f10_0;
    .scope S_00000163d63b6ce0;
T_0 ;
    %pushi/vec4 0, 0, 4;
    %store/vec4 v00000163d63b6e70_0, 0, 4;
    %end;
    .thread T_0;
    .scope S_00000163d63b6ce0;
T_1 ;
    %wait E_00000163d64064e0;
    %load/vec4 v00000163d63bb030_0;
    %pad/u 32;
    %cmpi/e 1, 0, 32;
    %jmp/0xz  T_1.0, 4;
    %pushi/vec4 0, 0, 4;
    %assign/vec4 v00000163d63b6e70_0, 0;
    %jmp T_1.1;
T_1.0 ;
    %load/vec4 v00000163d63b6fb0_0;
    %pad/u 32;
    %cmpi/e 1, 0, 32;
    %jmp/0xz  T_1.2, 4;
    %load/vec4 v00000163d63b7400_0;
    %assign/vec4 v00000163d63b6e70_0, 0;
T_1.2 ;
T_1.1 ;
    %jmp T_1;
    .thread T_1;
# The file index is used to find the file name in the following table.
:file_names 3;
    "N/A";
    "<interactive>";
    "DFF_eable.v";
