#! /c/Source/iverilog-install/bin/vvp
:ivl_version "12.0 (devel)" "(s20150603-1110-g18392a46)";
:ivl_delay_selection "TYPICAL";
:vpi_time_precision - 12;
:vpi_module "D:\iverilog\lib\ivl\system.vpi";
:vpi_module "D:\iverilog\lib\ivl\vhdl_sys.vpi";
:vpi_module "D:\iverilog\lib\ivl\vhdl_textio.vpi";
:vpi_module "D:\iverilog\lib\ivl\v2005_math.vpi";
:vpi_module "D:\iverilog\lib\ivl\va_math.vpi";
S_000001b83c59c760 .scope module, "tb_DFF_eable" "tb_DFF_eable" 2 5;
 .timescale -9 -12;
P_000001b83c597240 .param/l "PERIOD" 0 2 8, +C4<00000000000000000000000000001010>;
P_000001b83c597278 .param/l "n" 0 2 9, +C4<00000000000000000000000000000100>;
v000001b83c59b840_0 .var "D", 3 0;
v000001b83c59b8e0_0 .net "Q", 3 0, v000001b83c59b530_0;  1 drivers
v000001b83c59b980_0 .var "clk", 0 0;
v000001b83c59ba20_0 .var "eable", 0 0;
v000001b83c59bac0_0 .var "reset", 0 0;
S_000001b83c59c8f0 .scope module, "u_DFF_eable" "DFF_eable" 2 29, 3 1 0, S_000001b83c59c760;
 .timescale 0 0;
    .port_info 0 /INPUT 1 "clk";
    .port_info 1 /INPUT 1 "reset";
    .port_info 2 /INPUT 1 "eable";
    .port_info 3 /INPUT 4 "D";
    .port_info 4 /OUTPUT 4 "Q";
P_000001b83c59ace0 .param/l "n" 0 3 2, +C4<00000000000000000000000000000100>;
v000001b83c597440_0 .net "D", 3 0, v000001b83c59b840_0;  1 drivers
v000001b83c59b530_0 .var "Q", 3 0;
v000001b83c597010_0 .net "clk", 0 0, v000001b83c59b980_0;  1 drivers
v000001b83c59ca80_0 .net "eable", 0 0, v000001b83c59ba20_0;  1 drivers
v000001b83c59cb20_0 .net "reset", 0 0, v000001b83c59bac0_0;  1 drivers
E_000001b83c59aea0 .event posedge, v000001b83c59cb20_0, v000001b83c597010_0;
    .scope S_000001b83c59c8f0;
T_0 ;
    %pushi/vec4 0, 0, 4;
    %store/vec4 v000001b83c59b530_0, 0, 4;
    %end;
    .thread T_0;
    .scope S_000001b83c59c8f0;
T_1 ;
    %wait E_000001b83c59aea0;
    %load/vec4 v000001b83c59cb20_0;
    %pad/u 32;
    %cmpi/e 1, 0, 32;
    %jmp/0xz  T_1.0, 4;
    %pushi/vec4 0, 0, 4;
    %assign/vec4 v000001b83c59b530_0, 0;
    %jmp T_1.1;
T_1.0 ;
    %load/vec4 v000001b83c59ca80_0;
    %pad/u 32;
    %cmpi/e 1, 0, 32;
    %jmp/0xz  T_1.2, 4;
    %load/vec4 v000001b83c597440_0;
    %assign/vec4 v000001b83c59b530_0, 0;
T_1.2 ;
T_1.1 ;
    %jmp T_1;
    .thread T_1;
    .scope S_000001b83c59c760;
T_2 ;
    %pushi/vec4 0, 0, 1;
    %store/vec4 v000001b83c59b980_0, 0, 1;
    %pushi/vec4 0, 0, 1;
    %store/vec4 v000001b83c59bac0_0, 0, 1;
    %pushi/vec4 0, 0, 1;
    %store/vec4 v000001b83c59ba20_0, 0, 1;
    %pushi/vec4 0, 0, 4;
    %store/vec4 v000001b83c59b840_0, 0, 4;
    %end;
    .thread T_2;
    .scope S_000001b83c59c760;
T_3 ;
T_3.0 ;
    %delay 5000, 0;
    %load/vec4 v000001b83c59b980_0;
    %inv;
    %store/vec4 v000001b83c59b980_0, 0, 1;
    %jmp T_3.0;
    %end;
    .thread T_3;
    .scope S_000001b83c59c760;
T_4 ;
    %vpi_call 2 40 "$dumpfile", "tb_DFF_eable.vcd" {0 0 0};
    %vpi_call 2 41 "$dumpvars", 32'sb00000000000000000000000000000000, S_000001b83c59c760 {0 0 0};
    %pushi/vec4 1, 0, 1;
    %store/vec4 v000001b83c59bac0_0, 0, 1;
    %delay 10000, 0;
    %pushi/vec4 0, 0, 1;
    %store/vec4 v000001b83c59bac0_0, 0, 1;
    %pushi/vec4 1, 0, 1;
    %store/vec4 v000001b83c59ba20_0, 0, 1;
    %pushi/vec4 0, 0, 4;
    %store/vec4 v000001b83c59b840_0, 0, 4;
    %delay 6000, 0;
    %pushi/vec4 12, 0, 4;
    %store/vec4 v000001b83c59b840_0, 0, 4;
    %delay 6000, 0;
    %pushi/vec4 8, 0, 4;
    %store/vec4 v000001b83c59b840_0, 0, 4;
    %delay 6000, 0;
    %pushi/vec4 4, 0, 4;
    %store/vec4 v000001b83c59b840_0, 0, 4;
    %delay 6000, 0;
    %pushi/vec4 2, 0, 4;
    %store/vec4 v000001b83c59b840_0, 0, 4;
    %delay 6000, 0;
    %pushi/vec4 0, 0, 1;
    %store/vec4 v000001b83c59ba20_0, 0, 1;
    %delay 6000, 0;
    %pushi/vec4 1, 0, 4;
    %store/vec4 v000001b83c59b840_0, 0, 4;
    %delay 6000, 0;
    %pushi/vec4 9, 0, 4;
    %store/vec4 v000001b83c59b840_0, 0, 4;
    %delay 6000, 0;
    %pushi/vec4 1, 0, 1;
    %store/vec4 v000001b83c59ba20_0, 0, 1;
    %delay 6000, 0;
    %pushi/vec4 5, 0, 4;
    %store/vec4 v000001b83c59b840_0, 0, 4;
    %delay 6000, 0;
    %pushi/vec4 13, 0, 4;
    %store/vec4 v000001b83c59b840_0, 0, 4;
    %delay 6000, 0;
    %vpi_call 2 68 "$finish" {0 0 0};
    %end;
    .thread T_4;
# The file index is used to find the file name in the following table.
:file_names 4;
    "N/A";
    "<interactive>";
    "tb.v";
    "./DFF_eable.v";
