#! /c/Source/iverilog-install/bin/vvp
:ivl_version "12.0 (devel)" "(s20150603-1110-g18392a46)";
:ivl_delay_selection "TYPICAL";
:vpi_time_precision + 0;
:vpi_module "D:\iverilog\lib\ivl\system.vpi";
:vpi_module "D:\iverilog\lib\ivl\vhdl_sys.vpi";
:vpi_module "D:\iverilog\lib\ivl\vhdl_textio.vpi";
:vpi_module "D:\iverilog\lib\ivl\v2005_math.vpi";
:vpi_module "D:\iverilog\lib\ivl\va_math.vpi";
S_000002863a712df0 .scope module, "Balance_Control" "Balance_Control" 2 1;
 .timescale 0 0;
    .port_info 0 /INPUT 1 "clk";
    .port_info 1 /INPUT 16 "Sensor";
    .port_info 2 /INPUT 16 "zhongzhi";
    .port_info 3 /INPUT 16 "kp";
    .port_info 4 /INPUT 16 "kd";
    .port_info 5 /OUTPUT 16 "Blance_pwm";
v000002863a713740_0 .var/s "Bias", 15 0;
v000002863a7133b0_0 .var/s "Blance_pwm", 15 0;
v000002863a712f80_0 .var/s "D_Bias", 15 0;
v000002863a713020_0 .var/s "Last_Bias", 15 0;
o000002863a747068 .functor BUFZ 16, C4<zzzzzzzzzzzzzzzz>; HiZ drive
v000002863a7130c0_0 .net "Sensor", 15 0, o000002863a747068;  0 drivers
o000002863a747098 .functor BUFZ 1, C4<z>; HiZ drive
v000002863a789c10_0 .net "clk", 0 0, o000002863a747098;  0 drivers
o000002863a7470c8 .functor BUFZ 16, C4<zzzzzzzzzzzzzzzz>; HiZ drive
v000002863a789cb0_0 .net "kd", 15 0, o000002863a7470c8;  0 drivers
o000002863a7470f8 .functor BUFZ 16, C4<zzzzzzzzzzzzzzzz>; HiZ drive
v000002863a789d50_0 .net "kp", 15 0, o000002863a7470f8;  0 drivers
v000002863a789df0_0 .var/s "rkd", 15 0;
v000002863a789e90_0 .var/s "rkp", 15 0;
o000002863a747188 .functor BUFZ 16, C4<zzzzzzzzzzzzzzzz>; HiZ drive
v000002863a789f30_0 .net "zhongzhi", 15 0, o000002863a747188;  0 drivers
E_000002863a84cad0 .event anyedge, v000002863a712f80_0;
E_000002863a84cbd0 .event posedge, v000002863a789c10_0;
E_000002863a84bf10 .event anyedge, v000002863a789cb0_0, v000002863a789d50_0, v000002863a7130c0_0;
    .scope S_000002863a712df0;
T_0 ;
    %wait E_000002863a84bf10;
    %load/vec4 v000002863a7130c0_0;
    %load/vec4 v000002863a789f30_0;
    %sub;
    %store/vec4 v000002863a713740_0, 0, 16;
    %load/vec4 v000002863a789d50_0;
    %store/vec4 v000002863a789e90_0, 0, 16;
    %load/vec4 v000002863a789cb0_0;
    %store/vec4 v000002863a789df0_0, 0, 16;
    %jmp T_0;
    .thread T_0, $push;
    .scope S_000002863a712df0;
T_1 ;
    %wait E_000002863a84cbd0;
    %load/vec4 v000002863a713740_0;
    %load/vec4 v000002863a713020_0;
    %sub;
    %assign/vec4 v000002863a712f80_0, 0;
    %load/vec4 v000002863a713740_0;
    %assign/vec4 v000002863a713020_0, 0;
    %jmp T_1;
    .thread T_1;
    .scope S_000002863a712df0;
T_2 ;
    %wait E_000002863a84cad0;
    %load/vec4 v000002863a789e90_0;
    %load/vec4 v000002863a713740_0;
    %mul;
    %load/vec4 v000002863a789df0_0;
    %load/vec4 v000002863a712f80_0;
    %mul;
    %add;
    %store/vec4 v000002863a7133b0_0, 0, 16;
    %jmp T_2;
    .thread T_2, $push;
# The file index is used to find the file name in the following table.
:file_names 3;
    "N/A";
    "<interactive>";
    "Balance_control.v";
