#! /c/Source/iverilog-install/bin/vvp
:ivl_version "12.0 (devel)" "(s20150603-1110-g18392a46)";
:ivl_delay_selection "TYPICAL";
:vpi_time_precision - 12;
:vpi_module "D:\iverilog\lib\ivl\system.vpi";
:vpi_module "D:\iverilog\lib\ivl\vhdl_sys.vpi";
:vpi_module "D:\iverilog\lib\ivl\vhdl_textio.vpi";
:vpi_module "D:\iverilog\lib\ivl\v2005_math.vpi";
:vpi_module "D:\iverilog\lib\ivl\va_math.vpi";
S_000002831d7fb170 .scope module, "tb_Position_Control" "tb_Position_Control" 2 4;
 .timescale -9 -12;
P_000002831d6d6350 .param/l "PERIOD" 0 2 7, +C4<00000000000000000000000000001010>;
v000002831d73b480_0 .net "Position_pwm", 15 0, v000002831d6b3140_0;  1 drivers
v000002831d73a940_0 .var "Sensor", 15 0;
v000002831d73ad00_0 .var "clk", 0 0;
v000002831d73b660_0 .var "posi_kd", 15 0;
v000002831d73af80_0 .var "posi_kp", 15 0;
v000002831d73b5c0_0 .var "positon_target", 15 0;
S_000002831d7fe620 .scope module, "u_Position_Control" "Position_Control" 2 27, 3 1 0, S_000002831d7fb170;
 .timescale -9 -12;
    .port_info 0 /INPUT 1 "clk";
    .port_info 1 /INPUT 16 "Sensor";
    .port_info 2 /INPUT 16 "positon_target";
    .port_info 3 /INPUT 16 "posi_kp";
    .port_info 4 /INPUT 16 "posi_kd";
    .port_info 5 /OUTPUT 16 "Position_pwm";
v000002831d6b37a0_0 .var "D_posi_Bias", 15 0;
v000002831d6b3410_0 .var "Last_posi_Bias", 15 0;
v000002831d6b3140_0 .var "Position_pwm", 15 0;
v000002831d7fe7b0_0 .net "Sensor", 15 0, v000002831d73a940_0;  1 drivers
v000002831d7fe850_0 .net "clk", 0 0, v000002831d73ad00_0;  1 drivers
v000002831d7fe8f0_0 .var "posi_Bias", 15 0;
v000002831d7fe990_0 .net "posi_kd", 15 0, v000002831d73b660_0;  1 drivers
v000002831d7fea30_0 .net "posi_kp", 15 0, v000002831d73af80_0;  1 drivers
v000002831d7fb640_0 .var "posi_least", 15 0;
v000002831d7fb6e0_0 .net "positon_target", 15 0, v000002831d73b5c0_0;  1 drivers
v000002831d7fb780_0 .var "rkd", 15 0;
v000002831d73b160_0 .var "rkp", 15 0;
E_000002831d6d68d0 .event anyedge, v000002831d6b37a0_0;
E_000002831d6d6650 .event posedge, v000002831d7fe850_0;
E_000002831d6d6690 .event anyedge, v000002831d7fe990_0, v000002831d7fea30_0, v000002831d7fe7b0_0;
    .scope S_000002831d7fe620;
T_0 ;
    %pushi/vec4 0, 0, 16;
    %store/vec4 v000002831d7fe8f0_0, 0, 16;
    %end;
    .thread T_0;
    .scope S_000002831d7fe620;
T_1 ;
    %wait E_000002831d6d6690;
    %load/vec4 v000002831d7fe7b0_0;
    %load/vec4 v000002831d7fb6e0_0;
    %sub;
    %store/vec4 v000002831d7fb640_0, 0, 16;
    %load/vec4 v000002831d7fb640_0;
    %pad/u 32;
    %pushi/vec4 5, 0, 32;
    %div;
    %load/vec4 v000002831d7fe8f0_0;
    %pad/u 32;
    %muli 4, 0, 32;
    %pushi/vec4 5, 0, 32;
    %div;
    %add;
    %pad/u 16;
    %store/vec4 v000002831d7fe8f0_0, 0, 16;
    %load/vec4 v000002831d7fea30_0;
    %store/vec4 v000002831d73b160_0, 0, 16;
    %load/vec4 v000002831d7fe990_0;
    %store/vec4 v000002831d7fb780_0, 0, 16;
    %jmp T_1;
    .thread T_1, $push;
    .scope S_000002831d7fe620;
T_2 ;
    %wait E_000002831d6d6650;
    %load/vec4 v000002831d7fe8f0_0;
    %load/vec4 v000002831d6b3410_0;
    %sub;
    %assign/vec4 v000002831d6b37a0_0, 0;
    %load/vec4 v000002831d7fe8f0_0;
    %assign/vec4 v000002831d6b3410_0, 0;
    %jmp T_2;
    .thread T_2;
    .scope S_000002831d7fe620;
T_3 ;
    %wait E_000002831d6d68d0;
    %load/vec4 v000002831d73b160_0;
    %load/vec4 v000002831d7fe8f0_0;
    %mul;
    %load/vec4 v000002831d7fb780_0;
    %load/vec4 v000002831d6b37a0_0;
    %mul;
    %add;
    %store/vec4 v000002831d6b3140_0, 0, 16;
    %jmp T_3;
    .thread T_3, $push;
    .scope S_000002831d7fb170;
T_4 ;
    %pushi/vec4 0, 0, 1;
    %store/vec4 v000002831d73ad00_0, 0, 1;
    %pushi/vec4 0, 0, 16;
    %store/vec4 v000002831d73a940_0, 0, 16;
    %pushi/vec4 0, 0, 16;
    %store/vec4 v000002831d73b5c0_0, 0, 16;
    %pushi/vec4 0, 0, 16;
    %store/vec4 v000002831d73af80_0, 0, 16;
    %pushi/vec4 0, 0, 16;
    %store/vec4 v000002831d73b660_0, 0, 16;
    %end;
    .thread T_4;
    .scope S_000002831d7fb170;
T_5 ;
T_5.0 ;
    %delay 5000, 0;
    %load/vec4 v000002831d73ad00_0;
    %inv;
    %store/vec4 v000002831d73ad00_0, 0, 1;
    %jmp T_5.0;
    %end;
    .thread T_5;
    .scope S_000002831d7fb170;
T_6 ;
    %vpi_call 2 39 "$dumpfile", "tb_Position_Control.vcd" {0 0 0};
    %vpi_call 2 40 "$dumpvars", 32'sb00000000000000000000000000000000, S_000002831d7fb170 {0 0 0};
    %pushi/vec4 1, 0, 16;
    %store/vec4 v000002831d73af80_0, 0, 16;
    %pushi/vec4 1, 0, 16;
    %store/vec4 v000002831d73b660_0, 0, 16;
    %pushi/vec4 2000, 0, 16;
    %store/vec4 v000002831d73b5c0_0, 0, 16;
    %pushi/vec4 5000, 0, 16;
    %store/vec4 v000002831d73a940_0, 0, 16;
    %delay 100000, 0;
    %pushi/vec4 3000, 0, 16;
    %store/vec4 v000002831d73a940_0, 0, 16;
    %delay 100000, 0;
    %pushi/vec4 2500, 0, 16;
    %store/vec4 v000002831d73a940_0, 0, 16;
    %delay 100000, 0;
    %pushi/vec4 2200, 0, 16;
    %store/vec4 v000002831d73a940_0, 0, 16;
    %delay 100000, 0;
    %pushi/vec4 2100, 0, 16;
    %store/vec4 v000002831d73a940_0, 0, 16;
    %delay 100000, 0;
    %pushi/vec4 2075, 0, 16;
    %store/vec4 v000002831d73a940_0, 0, 16;
    %delay 100000, 0;
    %vpi_call 2 56 "$finish" {0 0 0};
    %end;
    .thread T_6;
# The file index is used to find the file name in the following table.
:file_names 4;
    "N/A";
    "<interactive>";
    "posi_tb.v";
    "./Position_Control.v";
