#! /c/Source/iverilog-install/bin/vvp
:ivl_version "12.0 (devel)" "(s20150603-1110-g18392a46)";
:ivl_delay_selection "TYPICAL";
:vpi_time_precision + 0;
:vpi_module "D:\iverilog\lib\ivl\system.vpi";
:vpi_module "D:\iverilog\lib\ivl\vhdl_sys.vpi";
:vpi_module "D:\iverilog\lib\ivl\vhdl_textio.vpi";
:vpi_module "D:\iverilog\lib\ivl\v2005_math.vpi";
:vpi_module "D:\iverilog\lib\ivl\va_math.vpi";
S_00000297148a2df0 .scope module, "Position_Control" "Position_Control" 2 1;
 .timescale 0 0;
    .port_info 0 /INPUT 1 "clk";
    .port_info 1 /INPUT 16 "posi_Sensor";
    .port_info 2 /INPUT 16 "positon_target";
    .port_info 3 /INPUT 16 "posi_kp";
    .port_info 4 /INPUT 16 "posi_kd";
    .port_info 5 /OUTPUT 16 "Position_pwm";
v00000297148a33b0_0 .var "D_posi_Bias", 15 0;
v00000297148a2f80_0 .var "Last_posi_Bias", 15 0;
v00000297148a3020_0 .var "Position_pwm", 15 0;
o00000297148d7068 .functor BUFZ 1, C4<z>; HiZ drive
v00000297148a30c0_0 .net "clk", 0 0, o00000297148d7068;  0 drivers
v000002971481b940_0 .var "posi_Bias", 15 0;
o00000297148d70c8 .functor BUFZ 16, C4<zzzzzzzzzzzzzzzz>; HiZ drive
v000002971481b9e0_0 .net "posi_Sensor", 15 0, o00000297148d70c8;  0 drivers
o00000297148d70f8 .functor BUFZ 16, C4<zzzzzzzzzzzzzzzz>; HiZ drive
v000002971481ba80_0 .net "posi_kd", 15 0, o00000297148d70f8;  0 drivers
o00000297148d7128 .functor BUFZ 16, C4<zzzzzzzzzzzzzzzz>; HiZ drive
v000002971481bb20_0 .net "posi_kp", 15 0, o00000297148d7128;  0 drivers
v000002971481bbc0_0 .var "posi_least", 15 0;
o00000297148d7188 .functor BUFZ 16, C4<zzzzzzzzzzzzzzzz>; HiZ drive
v000002971481bc60_0 .net "positon_target", 15 0, o00000297148d7188;  0 drivers
v000002971491b850_0 .var "rkd", 15 0;
v000002971491b8f0_0 .var "rkp", 15 0;
E_0000029714819b30 .event anyedge, v00000297148a33b0_0;
E_0000029714819330 .event posedge, v00000297148a30c0_0;
E_00000297148198f0 .event anyedge, v000002971481ba80_0, v000002971481bb20_0, v000002971481b9e0_0;
    .scope S_00000297148a2df0;
T_0 ;
    %pushi/vec4 0, 0, 16;
    %store/vec4 v000002971481b940_0, 0, 16;
    %end;
    .thread T_0;
    .scope S_00000297148a2df0;
T_1 ;
    %wait E_00000297148198f0;
    %load/vec4 v000002971481b9e0_0;
    %load/vec4 v000002971481bc60_0;
    %sub;
    %store/vec4 v000002971481bbc0_0, 0, 16;
    %load/vec4 v000002971481bbc0_0;
    %pad/u 32;
    %pushi/vec4 5, 0, 32;
    %div;
    %load/vec4 v000002971481b940_0;
    %pad/u 32;
    %muli 4, 0, 32;
    %pushi/vec4 5, 0, 32;
    %div;
    %add;
    %pad/u 16;
    %store/vec4 v000002971481b940_0, 0, 16;
    %load/vec4 v000002971481bb20_0;
    %store/vec4 v000002971491b8f0_0, 0, 16;
    %load/vec4 v000002971481ba80_0;
    %store/vec4 v000002971491b850_0, 0, 16;
    %jmp T_1;
    .thread T_1, $push;
    .scope S_00000297148a2df0;
T_2 ;
    %wait E_0000029714819330;
    %load/vec4 v000002971481b940_0;
    %load/vec4 v00000297148a2f80_0;
    %sub;
    %assign/vec4 v00000297148a33b0_0, 0;
    %load/vec4 v000002971481b940_0;
    %assign/vec4 v00000297148a2f80_0, 0;
    %jmp T_2;
    .thread T_2;
    .scope S_00000297148a2df0;
T_3 ;
    %wait E_0000029714819b30;
    %load/vec4 v000002971491b8f0_0;
    %load/vec4 v000002971481b940_0;
    %mul;
    %load/vec4 v000002971491b850_0;
    %load/vec4 v00000297148a33b0_0;
    %mul;
    %add;
    %store/vec4 v00000297148a3020_0, 0, 16;
    %jmp T_3;
    .thread T_3, $push;
# The file index is used to find the file name in the following table.
:file_names 3;
    "N/A";
    "<interactive>";
    "Position_control.v";
