#! /c/Source/iverilog-install/bin/vvp
:ivl_version "12.0 (devel)" "(s20150603-1110-g18392a46)";
:ivl_delay_selection "TYPICAL";
:vpi_time_precision - 12;
:vpi_module "D:\iverilog\lib\ivl\system.vpi";
:vpi_module "D:\iverilog\lib\ivl\vhdl_sys.vpi";
:vpi_module "D:\iverilog\lib\ivl\vhdl_textio.vpi";
:vpi_module "D:\iverilog\lib\ivl\v2005_math.vpi";
:vpi_module "D:\iverilog\lib\ivl\va_math.vpi";
S_0000013e53bd3360 .scope module, "tb_control" "tb_control" 2 5;
 .timescale -9 -12;
P_0000013e53bb7590 .param/l "PERIOD" 0 2 8, +C4<00000000000000000000000000001010>;
v0000013e53c2fd20_0 .net "Motor", 15 0, L_0000013e53c2e380;  1 drivers
v0000013e53c2fdc0_0 .var "Sensor", 15 0;
v0000013e53c2ec40_0 .var "clk", 0 0;
v0000013e53c2e9c0_0 .var "kd", 15 0;
v0000013e53c2ed80_0 .var "kp", 15 0;
v0000013e53c2ef60_0 .var "posi_Sensor", 15 0;
v0000013e53c2eb00_0 .var "posi_kd", 15 0;
v0000013e53c2f8c0_0 .var "posi_kp", 15 0;
v0000013e53c2faa0_0 .var "positon_target", 15 0;
v0000013e53c2f960_0 .var "zhongzhi", 15 0;
S_0000013e53bd34f0 .scope module, "u_control" "control" 2 33, 3 4 0, S_0000013e53bd3360;
 .timescale -9 -12;
    .port_info 0 /INPUT 1 "clk";
    .port_info 1 /INPUT 16 "kp";
    .port_info 2 /INPUT 16 "kd";
    .port_info 3 /INPUT 16 "zhongzhi";
    .port_info 4 /INPUT 16 "positon_target";
    .port_info 5 /INPUT 16 "posi_kp";
    .port_info 6 /INPUT 16 "posi_kd";
    .port_info 7 /INPUT 16 "posi_Sensor";
    .port_info 8 /INPUT 16 "Sensor";
    .port_info 9 /OUTPUT 16 "Motor";
v0000013e53c2deb0_0 .net "Blance_pwm", 15 0, v0000013e53b937c0_0;  1 drivers
v0000013e53c2df50_0 .net "Motor", 15 0, L_0000013e53c2e380;  alias, 1 drivers
v0000013e53c2d2d0_0 .net "Position_pwm", 15 0, v0000013e53c2daf0_0;  1 drivers
v0000013e53c2d0f0_0 .net "Sensor", 15 0, v0000013e53c2fdc0_0;  1 drivers
v0000013e53c2d190_0 .net "clk", 0 0, v0000013e53c2ec40_0;  1 drivers
v0000013e53c2dd70_0 .net "kd", 15 0, v0000013e53c2e9c0_0;  1 drivers
v0000013e53c2db90_0 .net "kp", 15 0, v0000013e53c2ed80_0;  1 drivers
v0000013e53c2d730_0 .net "posi_Sensor", 15 0, v0000013e53c2ef60_0;  1 drivers
v0000013e53c2dc30_0 .net "posi_kd", 15 0, v0000013e53c2eb00_0;  1 drivers
v0000013e53c2fa00_0 .net "posi_kp", 15 0, v0000013e53c2f8c0_0;  1 drivers
v0000013e53c2e100_0 .net "positon_target", 15 0, v0000013e53c2faa0_0;  1 drivers
v0000013e53c2e2e0_0 .net "zhongzhi", 15 0, v0000013e53c2f960_0;  1 drivers
L_0000013e53c2e380 .arith/sub 16, v0000013e53b937c0_0, v0000013e53c2daf0_0;
S_0000013e53bd3680 .scope module, "u1" "Balance_Control" 3 17, 4 1 0, S_0000013e53bd34f0;
 .timescale -9 -12;
    .port_info 0 /INPUT 1 "clk";
    .port_info 1 /INPUT 16 "Sensor";
    .port_info 2 /INPUT 16 "zhongzhi";
    .port_info 3 /INPUT 16 "kp";
    .port_info 4 /INPUT 16 "kd";
    .port_info 5 /OUTPUT 16 "Blance_pwm";
v0000013e53b0b9c0_0 .var/s "Bias", 15 0;
v0000013e53b937c0_0 .var/s "Blance_pwm", 15 0;
v0000013e53b93430_0 .var/s "D_Bias", 15 0;
v0000013e53bbcb40_0 .var/s "Last_Bias", 15 0;
v0000013e53bcbc30_0 .net "Sensor", 15 0, v0000013e53c2fdc0_0;  alias, 1 drivers
v0000013e53bcbcd0_0 .net "clk", 0 0, v0000013e53c2ec40_0;  alias, 1 drivers
v0000013e53bcbd70_0 .net "kd", 15 0, v0000013e53c2e9c0_0;  alias, 1 drivers
v0000013e53c2d5f0_0 .net "kp", 15 0, v0000013e53c2ed80_0;  alias, 1 drivers
v0000013e53c2da50_0 .var/s "rkd", 15 0;
v0000013e53c2d7d0_0 .var/s "rkp", 15 0;
v0000013e53c2d370_0 .net "zhongzhi", 15 0, v0000013e53c2f960_0;  alias, 1 drivers
E_0000013e53bb7990 .event anyedge, v0000013e53b93430_0;
E_0000013e53bb8010 .event posedge, v0000013e53bcbcd0_0;
E_0000013e53bb7750 .event anyedge, v0000013e53bcbd70_0, v0000013e53c2d5f0_0, v0000013e53bcbc30_0;
S_0000013e53bcbe10 .scope module, "u2" "Position_Control" 3 26, 5 1 0, S_0000013e53bd34f0;
 .timescale -9 -12;
    .port_info 0 /INPUT 1 "clk";
    .port_info 1 /INPUT 16 "posi_Sensor";
    .port_info 2 /INPUT 16 "positon_target";
    .port_info 3 /INPUT 16 "posi_kp";
    .port_info 4 /INPUT 16 "posi_kd";
    .port_info 5 /OUTPUT 16 "Position_pwm";
v0000013e53c2d870_0 .var "D_posi_Bias", 15 0;
v0000013e53c2d690_0 .var "Last_posi_Bias", 15 0;
v0000013e53c2daf0_0 .var "Position_pwm", 15 0;
v0000013e53c2dcd0_0 .net "clk", 0 0, v0000013e53c2ec40_0;  alias, 1 drivers
v0000013e53c2d410_0 .var "posi_Bias", 15 0;
v0000013e53c2de10_0 .net "posi_Sensor", 15 0, v0000013e53c2ef60_0;  alias, 1 drivers
v0000013e53c2d910_0 .net "posi_kd", 15 0, v0000013e53c2eb00_0;  alias, 1 drivers
v0000013e53c2d4b0_0 .net "posi_kp", 15 0, v0000013e53c2f8c0_0;  alias, 1 drivers
v0000013e53c2d9b0_0 .var "posi_least", 15 0;
v0000013e53c2d050_0 .net "positon_target", 15 0, v0000013e53c2faa0_0;  alias, 1 drivers
v0000013e53c2d550_0 .var "rkd", 15 0;
v0000013e53c2d230_0 .var "rkp", 15 0;
E_0000013e53bb7650 .event anyedge, v0000013e53c2d870_0;
E_0000013e53bb81d0 .event anyedge, v0000013e53c2d910_0, v0000013e53c2d4b0_0, v0000013e53c2de10_0;
    .scope S_0000013e53bd3680;
T_0 ;
    %wait E_0000013e53bb7750;
    %load/vec4 v0000013e53bcbc30_0;
    %load/vec4 v0000013e53c2d370_0;
    %sub;
    %store/vec4 v0000013e53b0b9c0_0, 0, 16;
    %load/vec4 v0000013e53c2d5f0_0;
    %store/vec4 v0000013e53c2d7d0_0, 0, 16;
    %load/vec4 v0000013e53bcbd70_0;
    %store/vec4 v0000013e53c2da50_0, 0, 16;
    %jmp T_0;
    .thread T_0, $push;
    .scope S_0000013e53bd3680;
T_1 ;
    %wait E_0000013e53bb8010;
    %load/vec4 v0000013e53b0b9c0_0;
    %load/vec4 v0000013e53bbcb40_0;
    %sub;
    %assign/vec4 v0000013e53b93430_0, 0;
    %load/vec4 v0000013e53b0b9c0_0;
    %assign/vec4 v0000013e53bbcb40_0, 0;
    %jmp T_1;
    .thread T_1;
    .scope S_0000013e53bd3680;
T_2 ;
    %wait E_0000013e53bb7990;
    %load/vec4 v0000013e53c2d7d0_0;
    %load/vec4 v0000013e53b0b9c0_0;
    %mul;
    %load/vec4 v0000013e53c2da50_0;
    %load/vec4 v0000013e53b93430_0;
    %mul;
    %add;
    %store/vec4 v0000013e53b937c0_0, 0, 16;
    %jmp T_2;
    .thread T_2, $push;
    .scope S_0000013e53bcbe10;
T_3 ;
    %pushi/vec4 0, 0, 16;
    %store/vec4 v0000013e53c2d410_0, 0, 16;
    %end;
    .thread T_3;
    .scope S_0000013e53bcbe10;
T_4 ;
    %wait E_0000013e53bb81d0;
    %load/vec4 v0000013e53c2de10_0;
    %load/vec4 v0000013e53c2d050_0;
    %sub;
    %store/vec4 v0000013e53c2d9b0_0, 0, 16;
    %load/vec4 v0000013e53c2d9b0_0;
    %store/vec4 v0000013e53c2d410_0, 0, 16;
    %load/vec4 v0000013e53c2d4b0_0;
    %store/vec4 v0000013e53c2d230_0, 0, 16;
    %load/vec4 v0000013e53c2d910_0;
    %store/vec4 v0000013e53c2d550_0, 0, 16;
    %jmp T_4;
    .thread T_4, $push;
    .scope S_0000013e53bcbe10;
T_5 ;
    %wait E_0000013e53bb8010;
    %load/vec4 v0000013e53c2d410_0;
    %load/vec4 v0000013e53c2d690_0;
    %sub;
    %assign/vec4 v0000013e53c2d870_0, 0;
    %load/vec4 v0000013e53c2d410_0;
    %assign/vec4 v0000013e53c2d690_0, 0;
    %jmp T_5;
    .thread T_5;
    .scope S_0000013e53bcbe10;
T_6 ;
    %wait E_0000013e53bb7650;
    %load/vec4 v0000013e53c2d230_0;
    %load/vec4 v0000013e53c2d410_0;
    %mul;
    %load/vec4 v0000013e53c2d550_0;
    %load/vec4 v0000013e53c2d870_0;
    %mul;
    %add;
    %store/vec4 v0000013e53c2daf0_0, 0, 16;
    %jmp T_6;
    .thread T_6, $push;
    .scope S_0000013e53bd3360;
T_7 ;
    %pushi/vec4 0, 0, 1;
    %store/vec4 v0000013e53c2ec40_0, 0, 1;
    %pushi/vec4 0, 0, 16;
    %store/vec4 v0000013e53c2ed80_0, 0, 16;
    %pushi/vec4 0, 0, 16;
    %store/vec4 v0000013e53c2e9c0_0, 0, 16;
    %pushi/vec4 0, 0, 16;
    %store/vec4 v0000013e53c2f960_0, 0, 16;
    %pushi/vec4 0, 0, 16;
    %store/vec4 v0000013e53c2faa0_0, 0, 16;
    %pushi/vec4 0, 0, 16;
    %store/vec4 v0000013e53c2f8c0_0, 0, 16;
    %pushi/vec4 0, 0, 16;
    %store/vec4 v0000013e53c2eb00_0, 0, 16;
    %pushi/vec4 0, 0, 16;
    %store/vec4 v0000013e53c2ef60_0, 0, 16;
    %pushi/vec4 0, 0, 16;
    %store/vec4 v0000013e53c2fdc0_0, 0, 16;
    %end;
    .thread T_7;
    .scope S_0000013e53bd3360;
T_8 ;
T_8.0 ;
    %delay 5000, 0;
    %load/vec4 v0000013e53c2ec40_0;
    %inv;
    %store/vec4 v0000013e53c2ec40_0, 0, 1;
    %jmp T_8.0;
    %end;
    .thread T_8;
    .scope S_0000013e53bd3360;
T_9 ;
    %vpi_call 2 49 "$dumpfile", "control.vcd" {0 0 0};
    %vpi_call 2 50 "$dumpvars", 32'sb00000000000000000000000000000000, S_0000013e53bd3360 {0 0 0};
    %pushi/vec4 1, 0, 16;
    %store/vec4 v0000013e53c2ed80_0, 0, 16;
    %pushi/vec4 1, 0, 16;
    %store/vec4 v0000013e53c2e9c0_0, 0, 16;
    %pushi/vec4 1, 0, 16;
    %store/vec4 v0000013e53c2f8c0_0, 0, 16;
    %pushi/vec4 1, 0, 16;
    %store/vec4 v0000013e53c2eb00_0, 0, 16;
    %pushi/vec4 1000, 0, 16;
    %store/vec4 v0000013e53c2f960_0, 0, 16;
    %pushi/vec4 2000, 0, 16;
    %store/vec4 v0000013e53c2faa0_0, 0, 16;
    %pushi/vec4 700, 0, 16;
    %store/vec4 v0000013e53c2fdc0_0, 0, 16;
    %pushi/vec4 1500, 0, 16;
    %store/vec4 v0000013e53c2ef60_0, 0, 16;
    %delay 100000, 0;
    %pushi/vec4 800, 0, 16;
    %store/vec4 v0000013e53c2fdc0_0, 0, 16;
    %pushi/vec4 1700, 0, 16;
    %store/vec4 v0000013e53c2ef60_0, 0, 16;
    %vpi_call 2 63 "$finish" {0 0 0};
    %end;
    .thread T_9;
# The file index is used to find the file name in the following table.
:file_names 6;
    "N/A";
    "<interactive>";
    "tb.v";
    "./control.v";
    "./Balance_Control.v";
    "./Position_Control.v";
