#! /c/Source/iverilog-install/bin/vvp
:ivl_version "12.0 (devel)" "(s20150603-1110-g18392a46)";
:ivl_delay_selection "TYPICAL";
:vpi_time_precision - 12;
:vpi_module "D:\iverilog\lib\ivl\system.vpi";
:vpi_module "D:\iverilog\lib\ivl\vhdl_sys.vpi";
:vpi_module "D:\iverilog\lib\ivl\vhdl_textio.vpi";
:vpi_module "D:\iverilog\lib\ivl\v2005_math.vpi";
:vpi_module "D:\iverilog\lib\ivl\va_math.vpi";
S_000001e98d30a330 .scope module, "tb_D_latches" "tb_D_latches" 2 5;
 .timescale -9 -12;
P_000001e98d30c2b0 .param/l "PERIOD" 0 2 8, +C4<00000000000000000000000000001010>;
v000001e98d175800_0 .var "D", 0 0;
v000001e98d1758a0_0 .var "E", 0 0;
v000001e98d175940_0 .net "Q", 0 0, v000001e98d175760_0;  1 drivers
S_000001e98d1755d0 .scope module, "u_D_latches" "D_latches" 2 20, 3 1 0, S_000001e98d30a330;
 .timescale 0 0;
    .port_info 0 /INPUT 1 "E";
    .port_info 1 /INPUT 1 "D";
    .port_info 2 /OUTPUT 1 "Q";
v000001e98d307500_0 .net "D", 0 0, v000001e98d175800_0;  1 drivers
v000001e98d307010_0 .net "E", 0 0, v000001e98d1758a0_0;  1 drivers
v000001e98d175760_0 .var "Q", 0 0;
E_000001e98d30cc70 .event anyedge, v000001e98d307500_0, v000001e98d307010_0;
    .scope S_000001e98d1755d0;
T_0 ;
    %wait E_000001e98d30cc70;
    %load/vec4 v000001e98d307010_0;
    %pad/u 32;
    %cmpi/e 1, 0, 32;
    %jmp/0xz  T_0.0, 4;
    %load/vec4 v000001e98d307500_0;
    %assign/vec4 v000001e98d175760_0, 0;
T_0.0 ;
    %jmp T_0;
    .thread T_0, $push;
    .scope S_000001e98d30a330;
T_1 ;
    %pushi/vec4 0, 0, 1;
    %store/vec4 v000001e98d1758a0_0, 0, 1;
    %pushi/vec4 0, 0, 1;
    %store/vec4 v000001e98d175800_0, 0, 1;
    %end;
    .thread T_1;
    .scope S_000001e98d30a330;
T_2 ;
    %vpi_call 2 29 "$dumpfile", "tb_D_latches.vcd" {0 0 0};
    %vpi_call 2 30 "$dumpvars", 32'sb00000000000000000000000000000000, S_000001e98d30a330 {0 0 0};
    %pushi/vec4 0, 0, 1;
    %store/vec4 v000001e98d1758a0_0, 0, 1;
    %pushi/vec4 1, 0, 1;
    %store/vec4 v000001e98d175800_0, 0, 1;
    %delay 10000, 0;
    %pushi/vec4 1, 0, 1;
    %store/vec4 v000001e98d1758a0_0, 0, 1;
    %delay 10000, 0;
    %pushi/vec4 0, 0, 1;
    %store/vec4 v000001e98d1758a0_0, 0, 1;
    %delay 10000, 0;
    %pushi/vec4 0, 0, 1;
    %store/vec4 v000001e98d175800_0, 0, 1;
    %delay 10000, 0;
    %pushi/vec4 1, 0, 1;
    %store/vec4 v000001e98d1758a0_0, 0, 1;
    %delay 10000, 0;
    %vpi_call 2 42 "$finish" {0 0 0};
    %end;
    .thread T_2;
# The file index is used to find the file name in the following table.
:file_names 4;
    "N/A";
    "<interactive>";
    "tb.v";
    "./D_latches.v";
