#! /c/Source/iverilog-install/bin/vvp
:ivl_version "12.0 (devel)" "(s20150603-1110-g18392a46)";
:ivl_delay_selection "TYPICAL";
:vpi_time_precision + 0;
:vpi_module "D:\iverilog\lib\ivl\system.vpi";
:vpi_module "D:\iverilog\lib\ivl\vhdl_sys.vpi";
:vpi_module "D:\iverilog\lib\ivl\vhdl_textio.vpi";
:vpi_module "D:\iverilog\lib\ivl\v2005_math.vpi";
:vpi_module "D:\iverilog\lib\ivl\va_math.vpi";
S_000002297dd52ca0 .scope module, "ram" "ram" 2 1;
 .timescale 0 0;
    .port_info 0 /INPUT 1 "CE";
    .port_info 1 /INPUT 1 "WR";
    .port_info 2 /INPUT 1 "OE";
    .port_info 3 /INPUT 5 "addr";
    .port_info 4 /INOUT 8 "data";
P_000002297dd85590 .param/l "size" 0 2 2, +C4<00000000000000000000000000000101>;
o000002297dd86fd8 .functor BUFZ 1, C4<z>; HiZ drive
o000002297dd87008 .functor BUFZ 1, C4<z>; HiZ drive
L_000002297dd533b0 .functor AND 1, o000002297dd86fd8, o000002297dd87008, C4<1>, C4<1>;
o000002297dd87038 .functor BUFZ 1, C4<z>; HiZ drive
L_000002297dd535d0 .functor NOT 1, o000002297dd87038, C4<0>, C4<0>, C4<0>;
L_000002297dd531b0 .functor AND 1, L_000002297dd533b0, L_000002297dd535d0, C4<1>, C4<1>;
v000002297de99740_0 .net "CE", 0 0, o000002297dd86fd8;  0 drivers
v000002297de9ba90_0 .net "OE", 0 0, o000002297dd87008;  0 drivers
v000002297dd52e30_0 .net "WR", 0 0, o000002297dd87038;  0 drivers
v000002297dd52ed0_0 .net *"_ivl_1", 0 0, L_000002297dd533b0;  1 drivers
v000002297ddd2920_0 .net *"_ivl_2", 0 0, L_000002297dd535d0;  1 drivers
v000002297ddd2060_0 .net *"_ivl_5", 0 0, L_000002297dd531b0;  1 drivers
o000002297dd870f8 .functor BUFZ 8, C4<zzzzzzzz>; HiZ drive
; Elide local net with no drivers, v000002297ddd24c0_0 name=_ivl_6
o000002297dd87128 .functor BUFZ 5, C4<zzzzz>; HiZ drive
v000002297ddd2380_0 .net "addr", 4 0, o000002297dd87128;  0 drivers
v000002297ddd2ba0_0 .net "data", 7 0, L_000002297ddd1de0;  1 drivers
v000002297ddd2100_0 .var "data_out", 7 0;
v000002297ddd2a60 .array "mem", 31 0, 7 0;
E_000002297dd85410 .event anyedge, v000002297dd52e30_0, v000002297ddd2380_0, v000002297de9ba90_0, v000002297de99740_0;
E_000002297dd85650 .event anyedge, v000002297ddd2ba0_0, v000002297ddd2380_0, v000002297dd52e30_0, v000002297de99740_0;
L_000002297ddd1de0 .functor MUXZ 8, o000002297dd870f8, v000002297ddd2100_0, L_000002297dd531b0, C4<>;
    .scope S_000002297dd52ca0;
T_0 ;
    %wait E_000002297dd85650;
    %load/vec4 v000002297de99740_0;
    %load/vec4 v000002297dd52e30_0;
    %and;
    %flag_set/vec4 8;
    %jmp/0xz  T_0.0, 8;
    %load/vec4 v000002297ddd2ba0_0;
    %load/vec4 v000002297ddd2380_0;
    %pad/u 7;
    %ix/vec4 4;
    %store/vec4a v000002297ddd2a60, 4, 0;
T_0.0 ;
    %jmp T_0;
    .thread T_0, $push;
    .scope S_000002297dd52ca0;
T_1 ;
    %wait E_000002297dd85410;
    %load/vec4 v000002297de99740_0;
    %load/vec4 v000002297de9ba90_0;
    %and;
    %load/vec4 v000002297dd52e30_0;
    %inv;
    %and;
    %flag_set/vec4 8;
    %jmp/0xz  T_1.0, 8;
    %load/vec4 v000002297ddd2380_0;
    %pad/u 7;
    %ix/vec4 4;
    %load/vec4a v000002297ddd2a60, 4;
    %store/vec4 v000002297ddd2100_0, 0, 8;
T_1.0 ;
    %jmp T_1;
    .thread T_1, $push;
# The file index is used to find the file name in the following table.
:file_names 3;
    "N/A";
    "<interactive>";
    "ram.v";
