#! /c/Source/iverilog-install/bin/vvp
:ivl_version "12.0 (devel)" "(s20150603-1110-g18392a46)";
:ivl_delay_selection "TYPICAL";
:vpi_time_precision + 0;
:vpi_module "D:\iverilog\lib\ivl\system.vpi";
:vpi_module "D:\iverilog\lib\ivl\vhdl_sys.vpi";
:vpi_module "D:\iverilog\lib\ivl\vhdl_textio.vpi";
:vpi_module "D:\iverilog\lib\ivl\v2005_math.vpi";
:vpi_module "D:\iverilog\lib\ivl\va_math.vpi";
S_000001ecfca42df0 .scope module, "regfile" "regfile" 2 1;
 .timescale 0 0;
    .port_info 0 /INPUT 8 "D";
    .port_info 1 /INPUT 2 "WA";
    .port_info 2 /INPUT 1 "WE";
    .port_info 3 /INPUT 1 "clk";
    .port_info 4 /INPUT 2 "RAA";
    .port_info 5 /INPUT 2 "RBA";
    .port_info 6 /INPUT 1 "RAE";
    .port_info 7 /INPUT 1 "RBE";
    .port_info 8 /OUTPUT 8 "portA";
    .port_info 9 /OUTPUT 8 "portB";
o000001ecfca7cfb8 .functor BUFZ 8, C4<zzzzzzzz>; HiZ drive
v000001ecfca42f80_0 .net "D", 7 0, o000001ecfca7cfb8;  0 drivers
o000001ecfca7cfe8 .functor BUFZ 2, C4<zz>; HiZ drive
v000001ecfca43020_0 .net "RAA", 1 0, o000001ecfca7cfe8;  0 drivers
o000001ecfca7d018 .functor BUFZ 1, C4<z>; HiZ drive
v000001ecfca430c0_0 .net "RAE", 0 0, o000001ecfca7d018;  0 drivers
o000001ecfca7d048 .functor BUFZ 2, C4<zz>; HiZ drive
v000001ecfcb5bad0_0 .net "RBA", 1 0, o000001ecfca7d048;  0 drivers
o000001ecfca7d078 .functor BUFZ 1, C4<z>; HiZ drive
v000001ecfcb5bb70_0 .net "RBE", 0 0, o000001ecfca7d078;  0 drivers
o000001ecfca7d0a8 .functor BUFZ 2, C4<zz>; HiZ drive
v000001ecfcb5bc10_0 .net "WA", 1 0, o000001ecfca7d0a8;  0 drivers
o000001ecfca7d0d8 .functor BUFZ 1, C4<z>; HiZ drive
v000001ecfcabf820_0 .net "WE", 0 0, o000001ecfca7d0d8;  0 drivers
o000001ecfca7d108 .functor BUFZ 1, C4<z>; HiZ drive
v000001ecfcabf8c0_0 .net "clk", 0 0, o000001ecfca7d108;  0 drivers
v000001ecfcabf960_0 .var "portA", 7 0;
v000001ecfcabfa00_0 .var "portB", 7 0;
v000001ecfcabfaa0_0 .var "reg1", 7 0;
v000001ecfcabfb40_0 .var "reg2", 7 0;
v000001ecfca74090_0 .var "reg3", 7 0;
v000001ecfca73370_0 .var "reg4", 7 0;
E_000001ecfca79080 .event anyedge, v000001ecfcb5bb70_0, v000001ecfcb5bad0_0;
E_000001ecfca79a80 .event anyedge, v000001ecfca430c0_0, v000001ecfca43020_0;
E_000001ecfca78ec0 .event posedge, v000001ecfcabf8c0_0;
    .scope S_000001ecfca42df0;
T_0 ;
    %wait E_000001ecfca78ec0;
    %load/vec4 v000001ecfcabf820_0;
    %flag_set/vec4 8;
    %jmp/0xz  T_0.0, 8;
    %load/vec4 v000001ecfcb5bc10_0;
    %dup/vec4;
    %pushi/vec4 0, 0, 2;
    %cmp/u;
    %jmp/1 T_0.2, 6;
    %dup/vec4;
    %pushi/vec4 1, 0, 2;
    %cmp/u;
    %jmp/1 T_0.3, 6;
    %dup/vec4;
    %pushi/vec4 2, 0, 2;
    %cmp/u;
    %jmp/1 T_0.4, 6;
    %dup/vec4;
    %pushi/vec4 3, 0, 2;
    %cmp/u;
    %jmp/1 T_0.5, 6;
    %jmp T_0.6;
T_0.2 ;
    %load/vec4 v000001ecfca42f80_0;
    %assign/vec4 v000001ecfcabfaa0_0, 0;
    %jmp T_0.6;
T_0.3 ;
    %load/vec4 v000001ecfca42f80_0;
    %assign/vec4 v000001ecfcabfb40_0, 0;
    %jmp T_0.6;
T_0.4 ;
    %load/vec4 v000001ecfca42f80_0;
    %assign/vec4 v000001ecfca74090_0, 0;
    %jmp T_0.6;
T_0.5 ;
    %load/vec4 v000001ecfca42f80_0;
    %assign/vec4 v000001ecfca73370_0, 0;
    %jmp T_0.6;
T_0.6 ;
    %pop/vec4 1;
T_0.0 ;
    %jmp T_0;
    .thread T_0;
    .scope S_000001ecfca42df0;
T_1 ;
    %wait E_000001ecfca79a80;
    %load/vec4 v000001ecfca430c0_0;
    %flag_set/vec4 8;
    %jmp/0xz  T_1.0, 8;
    %load/vec4 v000001ecfca43020_0;
    %dup/vec4;
    %pushi/vec4 0, 0, 2;
    %cmp/u;
    %jmp/1 T_1.2, 6;
    %dup/vec4;
    %pushi/vec4 1, 0, 2;
    %cmp/u;
    %jmp/1 T_1.3, 6;
    %dup/vec4;
    %pushi/vec4 2, 0, 2;
    %cmp/u;
    %jmp/1 T_1.4, 6;
    %dup/vec4;
    %pushi/vec4 3, 0, 2;
    %cmp/u;
    %jmp/1 T_1.5, 6;
    %pushi/vec4 0, 0, 8;
    %assign/vec4 v000001ecfcabf960_0, 0;
    %jmp T_1.7;
T_1.2 ;
    %load/vec4 v000001ecfcabfaa0_0;
    %assign/vec4 v000001ecfcabf960_0, 0;
    %jmp T_1.7;
T_1.3 ;
    %load/vec4 v000001ecfcabfb40_0;
    %assign/vec4 v000001ecfcabf960_0, 0;
    %jmp T_1.7;
T_1.4 ;
    %load/vec4 v000001ecfca74090_0;
    %assign/vec4 v000001ecfcabf960_0, 0;
    %jmp T_1.7;
T_1.5 ;
    %load/vec4 v000001ecfca73370_0;
    %assign/vec4 v000001ecfcabf960_0, 0;
    %jmp T_1.7;
T_1.7 ;
    %pop/vec4 1;
    %jmp T_1.1;
T_1.0 ;
    %pushi/vec4 0, 0, 8;
    %assign/vec4 v000001ecfcabf960_0, 0;
T_1.1 ;
    %jmp T_1;
    .thread T_1, $push;
    .scope S_000001ecfca42df0;
T_2 ;
    %wait E_000001ecfca79080;
    %load/vec4 v000001ecfcb5bb70_0;
    %flag_set/vec4 8;
    %jmp/0xz  T_2.0, 8;
    %load/vec4 v000001ecfcb5bad0_0;
    %dup/vec4;
    %pushi/vec4 0, 0, 2;
    %cmp/u;
    %jmp/1 T_2.2, 6;
    %dup/vec4;
    %pushi/vec4 1, 0, 2;
    %cmp/u;
    %jmp/1 T_2.3, 6;
    %dup/vec4;
    %pushi/vec4 2, 0, 2;
    %cmp/u;
    %jmp/1 T_2.4, 6;
    %dup/vec4;
    %pushi/vec4 3, 0, 2;
    %cmp/u;
    %jmp/1 T_2.5, 6;
    %pushi/vec4 0, 0, 8;
    %assign/vec4 v000001ecfcabfa00_0, 0;
    %jmp T_2.7;
T_2.2 ;
    %load/vec4 v000001ecfcabfaa0_0;
    %assign/vec4 v000001ecfcabfa00_0, 0;
    %jmp T_2.7;
T_2.3 ;
    %load/vec4 v000001ecfcabfb40_0;
    %assign/vec4 v000001ecfcabfa00_0, 0;
    %jmp T_2.7;
T_2.4 ;
    %load/vec4 v000001ecfca74090_0;
    %assign/vec4 v000001ecfcabfa00_0, 0;
    %jmp T_2.7;
T_2.5 ;
    %load/vec4 v000001ecfca73370_0;
    %assign/vec4 v000001ecfcabfa00_0, 0;
    %jmp T_2.7;
T_2.7 ;
    %pop/vec4 1;
    %jmp T_2.1;
T_2.0 ;
    %pushi/vec4 0, 0, 8;
    %assign/vec4 v000001ecfcabfa00_0, 0;
T_2.1 ;
    %jmp T_2;
    .thread T_2, $push;
# The file index is used to find the file name in the following table.
:file_names 3;
    "N/A";
    "<interactive>";
    "regfile.v";
