#! /c/Source/iverilog-install/bin/vvp
:ivl_version "12.0 (devel)" "(s20150603-1110-g18392a46)";
:ivl_delay_selection "TYPICAL";
:vpi_time_precision - 12;
:vpi_module "D:\iverilog\lib\ivl\system.vpi";
:vpi_module "D:\iverilog\lib\ivl\vhdl_sys.vpi";
:vpi_module "D:\iverilog\lib\ivl\vhdl_textio.vpi";
:vpi_module "D:\iverilog\lib\ivl\v2005_math.vpi";
:vpi_module "D:\iverilog\lib\ivl\va_math.vpi";
S_0000025dfc3ab990 .scope module, "tb_D_flipflop" "tb_D_flipflop" 2 5;
 .timescale -9 -12;
P_0000025dfc3a72b0 .param/l "PERIOD" 0 2 9, +C4<00000000000000000000000000010000>;
P_0000025dfc3a72e8 .param/l "n" 0 2 8, +C4<00000000000000000000000000000100>;
v0000025dfc3f5cd0_0 .var "D", 3 0;
v0000025dfc3f5d70_0 .net "Q", 3 0, v0000025dfc3abf00_0;  1 drivers
v0000025dfc3f5e10_0 .var "clk", 0 0;
S_0000025dfc3f5b40 .scope module, "u_D_flipflop" "D_flipflop" 2 25, 3 1 0, S_0000025dfc3ab990;
 .timescale 0 0;
    .port_info 0 /INPUT 4 "D";
    .port_info 1 /INPUT 1 "clk";
    .port_info 2 /OUTPUT 4 "Q";
P_0000025dfc3a9ed0 .param/l "n" 0 3 2, +C4<00000000000000000000000000000100>;
v0000025dfc3abb20_0 .net "D", 3 0, v0000025dfc3f5cd0_0;  1 drivers
v0000025dfc3abf00_0 .var "Q", 3 0;
v0000025dfc3a7080_0 .net "clk", 0 0, v0000025dfc3f5e10_0;  1 drivers
E_0000025dfc3a9f50 .event posedge, v0000025dfc3a7080_0;
    .scope S_0000025dfc3f5b40;
T_0 ;
    %pushi/vec4 0, 0, 4;
    %store/vec4 v0000025dfc3abf00_0, 0, 4;
    %end;
    .thread T_0;
    .scope S_0000025dfc3f5b40;
T_1 ;
    %wait E_0000025dfc3a9f50;
    %load/vec4 v0000025dfc3abb20_0;
    %assign/vec4 v0000025dfc3abf00_0, 0;
    %jmp T_1;
    .thread T_1;
    .scope S_0000025dfc3ab990;
T_2 ;
    %pushi/vec4 0, 0, 4;
    %store/vec4 v0000025dfc3f5cd0_0, 0, 4;
    %pushi/vec4 0, 0, 1;
    %store/vec4 v0000025dfc3f5e10_0, 0, 1;
    %end;
    .thread T_2;
    .scope S_0000025dfc3ab990;
T_3 ;
T_3.0 ;
    %delay 8000, 0;
    %load/vec4 v0000025dfc3f5e10_0;
    %inv;
    %store/vec4 v0000025dfc3f5e10_0, 0, 1;
    %jmp T_3.0;
    %end;
    .thread T_3;
    .scope S_0000025dfc3ab990;
T_4 ;
    %vpi_call 2 34 "$dumpfile", "tb_D_flipflop.vcd" {0 0 0};
    %vpi_call 2 35 "$dumpvars", 32'sb00000000000000000000000000000000, S_0000025dfc3ab990 {0 0 0};
    %pushi/vec4 0, 0, 4;
    %store/vec4 v0000025dfc3f5cd0_0, 0, 4;
    %delay 10000, 0;
    %pushi/vec4 8, 0, 4;
    %store/vec4 v0000025dfc3f5cd0_0, 0, 4;
    %delay 10000, 0;
    %pushi/vec4 4, 0, 4;
    %store/vec4 v0000025dfc3f5cd0_0, 0, 4;
    %delay 10000, 0;
    %pushi/vec4 2, 0, 4;
    %store/vec4 v0000025dfc3f5cd0_0, 0, 4;
    %delay 10000, 0;
    %pushi/vec4 1, 0, 4;
    %store/vec4 v0000025dfc3f5cd0_0, 0, 4;
    %delay 10000, 0;
    %vpi_call 2 46 "$finish" {0 0 0};
    %end;
    .thread T_4;
# The file index is used to find the file name in the following table.
:file_names 4;
    "N/A";
    "<interactive>";
    "tb.v";
    "./D_flipflop.v";
