#! /c/Source/iverilog-install/bin/vvp
:ivl_version "12.0 (devel)" "(s20150603-1110-g18392a46)";
:ivl_delay_selection "TYPICAL";
:vpi_time_precision + 0;
:vpi_module "D:\iverilog\lib\ivl\system.vpi";
:vpi_module "D:\iverilog\lib\ivl\vhdl_sys.vpi";
:vpi_module "D:\iverilog\lib\ivl\vhdl_textio.vpi";
:vpi_module "D:\iverilog\lib\ivl\v2005_math.vpi";
:vpi_module "D:\iverilog\lib\ivl\va_math.vpi";
S_000001c5de2cece0 .scope module, "alu" "alu" 2 1;
 .timescale 0 0;
    .port_info 0 /INPUT 4 "a";
    .port_info 1 /INPUT 4 "b";
    .port_info 2 /INPUT 3 "s";
    .port_info 3 /OUTPUT 4 "F";
P_000001c5de2cc320 .param/l "n" 0 2 6, +C4<00000000000000000000000000000100>;
v000001c5de1235c0_0 .var "F", 3 0;
o000001c5de156fc8 .functor BUFZ 4, C4<zzzz>; HiZ drive
v000001c5de123800_0 .net "a", 3 0, o000001c5de156fc8;  0 drivers
o000001c5de156ff8 .functor BUFZ 4, C4<zzzz>; HiZ drive
v000001c5de1230f0_0 .net "b", 3 0, o000001c5de156ff8;  0 drivers
o000001c5de157028 .functor BUFZ 3, C4<zzz>; HiZ drive
v000001c5de2cee70_0 .net "s", 2 0, o000001c5de157028;  0 drivers
E_000001c5de2cc6a0 .event anyedge, v000001c5de2cee70_0, v000001c5de123800_0, v000001c5de1230f0_0;
    .scope S_000001c5de2cece0;
T_0 ;
    %wait E_000001c5de2cc6a0;
    %load/vec4 v000001c5de2cee70_0;
    %dup/vec4;
    %pushi/vec4 0, 0, 3;
    %cmp/u;
    %jmp/1 T_0.0, 6;
    %dup/vec4;
    %pushi/vec4 1, 0, 3;
    %cmp/u;
    %jmp/1 T_0.1, 6;
    %dup/vec4;
    %pushi/vec4 2, 0, 3;
    %cmp/u;
    %jmp/1 T_0.2, 6;
    %dup/vec4;
    %pushi/vec4 3, 0, 3;
    %cmp/u;
    %jmp/1 T_0.3, 6;
    %dup/vec4;
    %pushi/vec4 4, 0, 3;
    %cmp/u;
    %jmp/1 T_0.4, 6;
    %dup/vec4;
    %pushi/vec4 5, 0, 3;
    %cmp/u;
    %jmp/1 T_0.5, 6;
    %dup/vec4;
    %pushi/vec4 6, 0, 3;
    %cmp/u;
    %jmp/1 T_0.6, 6;
    %dup/vec4;
    %pushi/vec4 7, 0, 3;
    %cmp/u;
    %jmp/1 T_0.7, 6;
    %jmp T_0.8;
T_0.0 ;
    %load/vec4 v000001c5de123800_0;
    %load/vec4 v000001c5de1230f0_0;
    %and;
    %store/vec4 v000001c5de1235c0_0, 0, 4;
    %jmp T_0.8;
T_0.1 ;
    %load/vec4 v000001c5de123800_0;
    %load/vec4 v000001c5de1230f0_0;
    %or;
    %store/vec4 v000001c5de1235c0_0, 0, 4;
    %jmp T_0.8;
T_0.2 ;
    %load/vec4 v000001c5de123800_0;
    %load/vec4 v000001c5de1230f0_0;
    %add;
    %store/vec4 v000001c5de1235c0_0, 0, 4;
    %jmp T_0.8;
T_0.3 ;
    %load/vec4 v000001c5de123800_0;
    %load/vec4 v000001c5de1230f0_0;
    %sub;
    %store/vec4 v000001c5de1235c0_0, 0, 4;
    %jmp T_0.8;
T_0.4 ;
    %load/vec4 v000001c5de123800_0;
    %load/vec4 v000001c5de1230f0_0;
    %xor;
    %store/vec4 v000001c5de1235c0_0, 0, 4;
    %jmp T_0.8;
T_0.5 ;
    %load/vec4 v000001c5de123800_0;
    %inv;
    %store/vec4 v000001c5de1235c0_0, 0, 4;
    %jmp T_0.8;
T_0.6 ;
    %load/vec4 v000001c5de1230f0_0;
    %inv;
    %store/vec4 v000001c5de1235c0_0, 0, 4;
    %jmp T_0.8;
T_0.7 ;
    %pushi/vec4 0, 0, 4;
    %store/vec4 v000001c5de1235c0_0, 0, 4;
    %jmp T_0.8;
T_0.8 ;
    %pop/vec4 1;
    %jmp T_0;
    .thread T_0, $push;
# The file index is used to find the file name in the following table.
:file_names 3;
    "N/A";
    "<interactive>";
    "alu.v";
