#! /c/Source/iverilog-install/bin/vvp
:ivl_version "12.0 (devel)" "(s20150603-1110-g18392a46)";
:ivl_delay_selection "TYPICAL";
:vpi_time_precision - 12;
:vpi_module "D:\iverilog\lib\ivl\system.vpi";
:vpi_module "D:\iverilog\lib\ivl\vhdl_sys.vpi";
:vpi_module "D:\iverilog\lib\ivl\vhdl_textio.vpi";
:vpi_module "D:\iverilog\lib\ivl\v2005_math.vpi";
:vpi_module "D:\iverilog\lib\ivl\va_math.vpi";
S_0000025b9d46b8d0 .scope module, "tb_alu" "tb_alu" 2 5;
 .timescale -9 -12;
P_0000025b9d363600 .param/l "PERIOD" 0 2 8, +C4<00000000000000000000000000001010>;
P_0000025b9d363638 .param/l "n" 0 2 9, +C4<00000000000000000000000000000100>;
v0000025b9d362e60_0 .net "F", 3 0, v0000025b9d469dc0_0;  1 drivers
v0000025b9d362f00_0 .var "a", 3 0;
v0000025b9d362fa0_0 .var "b", 3 0;
v0000025b9d363040_0 .var "s", 2 0;
S_0000025b9d46ba60 .scope module, "u_alu" "alu" 2 24, 3 1 0, S_0000025b9d46b8d0;
 .timescale 0 0;
    .port_info 0 /INPUT 4 "a";
    .port_info 1 /INPUT 4 "b";
    .port_info 2 /INPUT 3 "s";
    .port_info 3 /OUTPUT 4 "F";
P_0000025b9d39bd50 .param/l "n" 0 3 6, +C4<00000000000000000000000000000100>;
v0000025b9d469dc0_0 .var "F", 3 0;
v0000025b9d46db90_0 .net "a", 3 0, v0000025b9d362f00_0;  1 drivers
v0000025b9d362d20_0 .net "b", 3 0, v0000025b9d362fa0_0;  1 drivers
v0000025b9d362dc0_0 .net "s", 2 0, v0000025b9d363040_0;  1 drivers
E_0000025b9d39b9d0 .event anyedge, v0000025b9d362dc0_0, v0000025b9d46db90_0, v0000025b9d362d20_0;
    .scope S_0000025b9d46ba60;
T_0 ;
    %wait E_0000025b9d39b9d0;
    %load/vec4 v0000025b9d362dc0_0;
    %dup/vec4;
    %pushi/vec4 0, 0, 3;
    %cmp/u;
    %jmp/1 T_0.0, 6;
    %dup/vec4;
    %pushi/vec4 1, 0, 3;
    %cmp/u;
    %jmp/1 T_0.1, 6;
    %dup/vec4;
    %pushi/vec4 2, 0, 3;
    %cmp/u;
    %jmp/1 T_0.2, 6;
    %dup/vec4;
    %pushi/vec4 3, 0, 3;
    %cmp/u;
    %jmp/1 T_0.3, 6;
    %dup/vec4;
    %pushi/vec4 4, 0, 3;
    %cmp/u;
    %jmp/1 T_0.4, 6;
    %dup/vec4;
    %pushi/vec4 5, 0, 3;
    %cmp/u;
    %jmp/1 T_0.5, 6;
    %dup/vec4;
    %pushi/vec4 6, 0, 3;
    %cmp/u;
    %jmp/1 T_0.6, 6;
    %dup/vec4;
    %pushi/vec4 7, 0, 3;
    %cmp/u;
    %jmp/1 T_0.7, 6;
    %jmp T_0.8;
T_0.0 ;
    %load/vec4 v0000025b9d46db90_0;
    %load/vec4 v0000025b9d362d20_0;
    %and;
    %store/vec4 v0000025b9d469dc0_0, 0, 4;
    %jmp T_0.8;
T_0.1 ;
    %load/vec4 v0000025b9d46db90_0;
    %load/vec4 v0000025b9d362d20_0;
    %or;
    %store/vec4 v0000025b9d469dc0_0, 0, 4;
    %jmp T_0.8;
T_0.2 ;
    %load/vec4 v0000025b9d46db90_0;
    %load/vec4 v0000025b9d362d20_0;
    %add;
    %store/vec4 v0000025b9d469dc0_0, 0, 4;
    %jmp T_0.8;
T_0.3 ;
    %load/vec4 v0000025b9d46db90_0;
    %load/vec4 v0000025b9d362d20_0;
    %sub;
    %store/vec4 v0000025b9d469dc0_0, 0, 4;
    %jmp T_0.8;
T_0.4 ;
    %load/vec4 v0000025b9d46db90_0;
    %load/vec4 v0000025b9d362d20_0;
    %xor;
    %store/vec4 v0000025b9d469dc0_0, 0, 4;
    %jmp T_0.8;
T_0.5 ;
    %load/vec4 v0000025b9d46db90_0;
    %inv;
    %store/vec4 v0000025b9d469dc0_0, 0, 4;
    %jmp T_0.8;
T_0.6 ;
    %load/vec4 v0000025b9d362d20_0;
    %inv;
    %store/vec4 v0000025b9d469dc0_0, 0, 4;
    %jmp T_0.8;
T_0.7 ;
    %pushi/vec4 0, 0, 4;
    %store/vec4 v0000025b9d469dc0_0, 0, 4;
    %jmp T_0.8;
T_0.8 ;
    %pop/vec4 1;
    %jmp T_0;
    .thread T_0, $push;
    .scope S_0000025b9d46b8d0;
T_1 ;
    %pushi/vec4 0, 0, 4;
    %store/vec4 v0000025b9d362f00_0, 0, 4;
    %pushi/vec4 0, 0, 4;
    %store/vec4 v0000025b9d362fa0_0, 0, 4;
    %pushi/vec4 0, 0, 3;
    %store/vec4 v0000025b9d363040_0, 0, 3;
    %end;
    .thread T_1;
    .scope S_0000025b9d46b8d0;
T_2 ;
    %vpi_call 2 34 "$dumpfile", "alu.vcd" {0 0 0};
    %vpi_call 2 35 "$dumpvars" {0 0 0};
    %pushi/vec4 5, 0, 4;
    %store/vec4 v0000025b9d362f00_0, 0, 4;
    %pushi/vec4 2, 0, 4;
    %store/vec4 v0000025b9d362fa0_0, 0, 4;
    %pushi/vec4 2, 0, 3;
    %store/vec4 v0000025b9d363040_0, 0, 3;
    %delay 20000, 0;
    %pushi/vec4 3, 0, 4;
    %store/vec4 v0000025b9d362f00_0, 0, 4;
    %pushi/vec4 9, 0, 4;
    %store/vec4 v0000025b9d362fa0_0, 0, 4;
    %pushi/vec4 3, 0, 3;
    %store/vec4 v0000025b9d363040_0, 0, 3;
    %delay 20000, 0;
    %pushi/vec4 1, 0, 4;
    %store/vec4 v0000025b9d362f00_0, 0, 4;
    %pushi/vec4 1, 0, 4;
    %store/vec4 v0000025b9d362fa0_0, 0, 4;
    %pushi/vec4 0, 0, 3;
    %store/vec4 v0000025b9d363040_0, 0, 3;
    %delay 20000, 0;
    %pushi/vec4 1, 0, 4;
    %store/vec4 v0000025b9d362f00_0, 0, 4;
    %pushi/vec4 8, 0, 4;
    %store/vec4 v0000025b9d362fa0_0, 0, 4;
    %pushi/vec4 1, 0, 3;
    %store/vec4 v0000025b9d363040_0, 0, 3;
    %delay 20000, 0;
    %pushi/vec4 3, 0, 4;
    %store/vec4 v0000025b9d362f00_0, 0, 4;
    %pushi/vec4 2, 0, 4;
    %store/vec4 v0000025b9d362fa0_0, 0, 4;
    %pushi/vec4 4, 0, 3;
    %store/vec4 v0000025b9d363040_0, 0, 3;
    %delay 20000, 0;
    %pushi/vec4 3, 0, 4;
    %store/vec4 v0000025b9d362f00_0, 0, 4;
    %pushi/vec4 6, 0, 4;
    %store/vec4 v0000025b9d362fa0_0, 0, 4;
    %pushi/vec4 5, 0, 3;
    %store/vec4 v0000025b9d363040_0, 0, 3;
    %vpi_call 2 60 "$finish" {0 0 0};
    %end;
    .thread T_2;
# The file index is used to find the file name in the following table.
:file_names 4;
    "N/A";
    "<interactive>";
    "alu_tb.v";
    "./alu.v";
