#! /c/Source/iverilog-install/bin/vvp
:ivl_version "12.0 (devel)" "(s20150603-1110-g18392a46)";
:ivl_delay_selection "TYPICAL";
:vpi_time_precision - 12;
:vpi_module "D:\iverilog\lib\ivl\system.vpi";
:vpi_module "D:\iverilog\lib\ivl\vhdl_sys.vpi";
:vpi_module "D:\iverilog\lib\ivl\vhdl_textio.vpi";
:vpi_module "D:\iverilog\lib\ivl\v2005_math.vpi";
:vpi_module "D:\iverilog\lib\ivl\va_math.vpi";
S_00000242209a9b30 .scope module, "tb_FSM" "tb_FSM" 2 5;
 .timescale -9 -12;
P_0000024220a6f1f0 .param/l "PERIOD" 0 2 8, +C4<00000000000000000000000000001010>;
P_0000024220a6f228 .param/l "s_1" 0 2 10, +C4<00000000000000000000000000000001>;
P_0000024220a6f260 .param/l "s_10" 0 2 11, +C4<00000000000000000000000000000010>;
P_0000024220a6f298 .param/l "s_100" 0 2 12, +C4<00000000000000000000000000000011>;
P_0000024220a6f2d0 .param/l "s_1001" 0 2 13, +C4<00000000000000000000000000000100>;
P_0000024220a6f308 .param/l "s_10010" 0 2 14, +C4<00000000000000000000000000000101>;
P_0000024220a6f340 .param/l "s_reset" 0 2 9, +C4<00000000000000000000000000000000>;
v0000024220ac8a30_0 .var "b0", 0 0;
v0000024220ac8ad0_0 .var "b1", 0 0;
v0000024220ac8b70_0 .var "clk", 0 0;
v0000024220ac92a0_0 .net "debugstate", 2 0, L_0000024220a733a0;  1 drivers
v0000024220ac98e0_0 .var "rst", 0 0;
v0000024220ac9840_0 .net "unlock", 0 0, v0000024220ac8990_0;  1 drivers
S_0000024220a6f380 .scope module, "u_FSM" "FSM" 2 41, 3 1 0, S_00000242209a9b30;
 .timescale 0 0;
    .port_info 0 /INPUT 1 "clk";
    .port_info 1 /INPUT 1 "rst";
    .port_info 2 /INPUT 1 "b0";
    .port_info 3 /INPUT 1 "b1";
    .port_info 4 /OUTPUT 1 "unlock";
    .port_info 5 /OUTPUT 3 "debugstate";
P_0000024220a6f510 .param/l "s_1" 0 3 9, +C4<00000000000000000000000000000001>;
P_0000024220a6f548 .param/l "s_10" 0 3 10, +C4<00000000000000000000000000000010>;
P_0000024220a6f580 .param/l "s_100" 0 3 11, +C4<00000000000000000000000000000011>;
P_0000024220a6f5b8 .param/l "s_1001" 0 3 12, +C4<00000000000000000000000000000100>;
P_0000024220a6f5f0 .param/l "s_10010" 0 3 13, +C4<00000000000000000000000000000101>;
P_0000024220a6f628 .param/l "s_reset" 0 3 8, +C4<00000000000000000000000000000000>;
L_0000024220a733a0 .functor BUFZ 3, v0000024220ac88f0_0, C4<000>, C4<000>, C4<000>;
v0000024220a333d0_0 .net "b0", 0 0, v0000024220ac8a30_0;  1 drivers
v00000242209a9cc0_0 .net "b1", 0 0, v0000024220ac8ad0_0;  1 drivers
v0000024220a33120_0 .net "clk", 0 0, v0000024220ac8b70_0;  1 drivers
v0000024220a58630_0 .net "debugstate", 2 0, L_0000024220a733a0;  alias, 1 drivers
v0000024220a586d0_0 .var "next_state", 2 0;
v0000024220ac8850_0 .net "rst", 0 0, v0000024220ac98e0_0;  1 drivers
v0000024220ac88f0_0 .var "state", 2 0;
v0000024220ac8990_0 .var "unlock", 0 0;
E_0000024220a56d90 .event anyedge, v00000242209a9cc0_0, v0000024220a333d0_0, v0000024220ac88f0_0;
E_0000024220a56b50/0 .event negedge, v0000024220ac8850_0;
E_0000024220a56b50/1 .event posedge, v0000024220a33120_0;
E_0000024220a56b50 .event/or E_0000024220a56b50/0, E_0000024220a56b50/1;
    .scope S_0000024220a6f380;
T_0 ;
    %wait E_0000024220a56b50;
    %load/vec4 v0000024220ac8850_0;
    %nor/r;
    %flag_set/vec4 8;
    %jmp/0xz  T_0.0, 8;
    %pushi/vec4 0, 0, 3;
    %assign/vec4 v0000024220ac88f0_0, 0;
    %jmp T_0.1;
T_0.0 ;
    %load/vec4 v0000024220a586d0_0;
    %assign/vec4 v0000024220ac88f0_0, 0;
T_0.1 ;
    %jmp T_0;
    .thread T_0;
    .scope S_0000024220a6f380;
T_1 ;
    %wait E_0000024220a56b50;
    %load/vec4 v0000024220ac8850_0;
    %nor/r;
    %flag_set/vec4 8;
    %jmp/0xz  T_1.0, 8;
    %pushi/vec4 0, 0, 1;
    %store/vec4 v0000024220ac8990_0, 0, 1;
    %jmp T_1.1;
T_1.0 ;
    %load/vec4 v0000024220a586d0_0;
    %dup/vec4;
    %pushi/vec4 0, 0, 3;
    %cmp/u;
    %jmp/1 T_1.2, 6;
    %dup/vec4;
    %pushi/vec4 1, 0, 3;
    %cmp/u;
    %jmp/1 T_1.3, 6;
    %dup/vec4;
    %pushi/vec4 2, 0, 3;
    %cmp/u;
    %jmp/1 T_1.4, 6;
    %dup/vec4;
    %pushi/vec4 3, 0, 3;
    %cmp/u;
    %jmp/1 T_1.5, 6;
    %dup/vec4;
    %pushi/vec4 4, 0, 3;
    %cmp/u;
    %jmp/1 T_1.6, 6;
    %dup/vec4;
    %pushi/vec4 5, 0, 3;
    %cmp/u;
    %jmp/1 T_1.7, 6;
    %pushi/vec4 0, 0, 1;
    %assign/vec4 v0000024220ac8990_0, 0;
    %jmp T_1.9;
T_1.2 ;
    %pushi/vec4 0, 0, 1;
    %assign/vec4 v0000024220ac8990_0, 0;
    %jmp T_1.9;
T_1.3 ;
    %pushi/vec4 0, 0, 1;
    %assign/vec4 v0000024220ac8990_0, 0;
    %jmp T_1.9;
T_1.4 ;
    %pushi/vec4 0, 0, 1;
    %assign/vec4 v0000024220ac8990_0, 0;
    %jmp T_1.9;
T_1.5 ;
    %pushi/vec4 0, 0, 1;
    %assign/vec4 v0000024220ac8990_0, 0;
    %jmp T_1.9;
T_1.6 ;
    %pushi/vec4 0, 0, 1;
    %assign/vec4 v0000024220ac8990_0, 0;
    %jmp T_1.9;
T_1.7 ;
    %pushi/vec4 1, 0, 1;
    %assign/vec4 v0000024220ac8990_0, 0;
    %jmp T_1.9;
T_1.9 ;
    %pop/vec4 1;
T_1.1 ;
    %jmp T_1;
    .thread T_1;
    .scope S_0000024220a6f380;
T_2 ;
    %wait E_0000024220a56d90;
    %load/vec4 v0000024220ac88f0_0;
    %dup/vec4;
    %pushi/vec4 0, 0, 3;
    %cmp/u;
    %jmp/1 T_2.0, 6;
    %dup/vec4;
    %pushi/vec4 1, 0, 3;
    %cmp/u;
    %jmp/1 T_2.1, 6;
    %dup/vec4;
    %pushi/vec4 2, 0, 3;
    %cmp/u;
    %jmp/1 T_2.2, 6;
    %dup/vec4;
    %pushi/vec4 3, 0, 3;
    %cmp/u;
    %jmp/1 T_2.3, 6;
    %dup/vec4;
    %pushi/vec4 4, 0, 3;
    %cmp/u;
    %jmp/1 T_2.4, 6;
    %dup/vec4;
    %pushi/vec4 5, 0, 3;
    %cmp/u;
    %jmp/1 T_2.5, 6;
    %jmp T_2.6;
T_2.0 ;
    %load/vec4 v0000024220a333d0_0;
    %load/vec4 v00000242209a9cc0_0;
    %concat/vec4; draw_concat_vec4
    %cmpi/e 1, 0, 2;
    %jmp/0xz  T_2.7, 4;
    %pushi/vec4 1, 0, 3;
    %store/vec4 v0000024220a586d0_0, 0, 3;
    %jmp T_2.8;
T_2.7 ;
    %pushi/vec4 0, 0, 3;
    %store/vec4 v0000024220a586d0_0, 0, 3;
T_2.8 ;
    %jmp T_2.6;
T_2.1 ;
    %load/vec4 v0000024220a333d0_0;
    %load/vec4 v00000242209a9cc0_0;
    %concat/vec4; draw_concat_vec4
    %cmpi/e 2, 0, 2;
    %jmp/0xz  T_2.9, 4;
    %pushi/vec4 2, 0, 3;
    %store/vec4 v0000024220a586d0_0, 0, 3;
    %jmp T_2.10;
T_2.9 ;
    %pushi/vec4 1, 0, 3;
    %store/vec4 v0000024220a586d0_0, 0, 3;
T_2.10 ;
    %jmp T_2.6;
T_2.2 ;
    %load/vec4 v0000024220a333d0_0;
    %load/vec4 v00000242209a9cc0_0;
    %concat/vec4; draw_concat_vec4
    %cmpi/e 2, 0, 2;
    %jmp/0xz  T_2.11, 4;
    %pushi/vec4 3, 0, 3;
    %store/vec4 v0000024220a586d0_0, 0, 3;
    %jmp T_2.12;
T_2.11 ;
    %load/vec4 v0000024220a333d0_0;
    %load/vec4 v00000242209a9cc0_0;
    %concat/vec4; draw_concat_vec4
    %cmpi/e 1, 0, 2;
    %jmp/0xz  T_2.13, 4;
    %pushi/vec4 1, 0, 3;
    %store/vec4 v0000024220a586d0_0, 0, 3;
    %jmp T_2.14;
T_2.13 ;
    %pushi/vec4 2, 0, 3;
    %store/vec4 v0000024220a586d0_0, 0, 3;
T_2.14 ;
T_2.12 ;
    %jmp T_2.6;
T_2.3 ;
    %load/vec4 v0000024220a333d0_0;
    %load/vec4 v00000242209a9cc0_0;
    %concat/vec4; draw_concat_vec4
    %cmpi/e 1, 0, 2;
    %jmp/0xz  T_2.15, 4;
    %pushi/vec4 4, 0, 3;
    %store/vec4 v0000024220a586d0_0, 0, 3;
    %jmp T_2.16;
T_2.15 ;
    %load/vec4 v0000024220a333d0_0;
    %load/vec4 v00000242209a9cc0_0;
    %concat/vec4; draw_concat_vec4
    %cmpi/e 2, 0, 2;
    %jmp/0xz  T_2.17, 4;
    %pushi/vec4 0, 0, 3;
    %store/vec4 v0000024220a586d0_0, 0, 3;
    %jmp T_2.18;
T_2.17 ;
    %pushi/vec4 3, 0, 3;
    %store/vec4 v0000024220a586d0_0, 0, 3;
T_2.18 ;
T_2.16 ;
    %jmp T_2.6;
T_2.4 ;
    %load/vec4 v0000024220a333d0_0;
    %load/vec4 v00000242209a9cc0_0;
    %concat/vec4; draw_concat_vec4
    %cmpi/e 2, 0, 2;
    %jmp/0xz  T_2.19, 4;
    %pushi/vec4 5, 0, 3;
    %store/vec4 v0000024220a586d0_0, 0, 3;
    %jmp T_2.20;
T_2.19 ;
    %load/vec4 v0000024220a333d0_0;
    %load/vec4 v00000242209a9cc0_0;
    %concat/vec4; draw_concat_vec4
    %cmpi/e 1, 0, 2;
    %jmp/0xz  T_2.21, 4;
    %pushi/vec4 1, 0, 3;
    %store/vec4 v0000024220a586d0_0, 0, 3;
    %jmp T_2.22;
T_2.21 ;
    %pushi/vec4 4, 0, 3;
    %store/vec4 v0000024220a586d0_0, 0, 3;
T_2.22 ;
T_2.20 ;
    %jmp T_2.6;
T_2.5 ;
    %load/vec4 v0000024220a333d0_0;
    %load/vec4 v00000242209a9cc0_0;
    %concat/vec4; draw_concat_vec4
    %cmpi/e 2, 0, 2;
    %jmp/0xz  T_2.23, 4;
    %pushi/vec4 0, 0, 3;
    %store/vec4 v0000024220a586d0_0, 0, 3;
    %jmp T_2.24;
T_2.23 ;
    %load/vec4 v0000024220a333d0_0;
    %load/vec4 v00000242209a9cc0_0;
    %concat/vec4; draw_concat_vec4
    %cmpi/e 1, 0, 2;
    %jmp/0xz  T_2.25, 4;
    %pushi/vec4 3, 0, 3;
    %store/vec4 v0000024220a586d0_0, 0, 3;
    %jmp T_2.26;
T_2.25 ;
    %pushi/vec4 5, 0, 3;
    %store/vec4 v0000024220a586d0_0, 0, 3;
T_2.26 ;
T_2.24 ;
    %jmp T_2.6;
T_2.6 ;
    %pop/vec4 1;
    %jmp T_2;
    .thread T_2, $push;
    .scope S_00000242209a9b30;
T_3 ;
    %pushi/vec4 0, 0, 1;
    %store/vec4 v0000024220ac8b70_0, 0, 1;
    %pushi/vec4 0, 0, 1;
    %store/vec4 v0000024220ac98e0_0, 0, 1;
    %pushi/vec4 0, 0, 1;
    %store/vec4 v0000024220ac8a30_0, 0, 1;
    %pushi/vec4 0, 0, 1;
    %store/vec4 v0000024220ac8ad0_0, 0, 1;
    %end;
    .thread T_3;
    .scope S_00000242209a9b30;
T_4 ;
T_4.0 ;
    %delay 5000, 0;
    %load/vec4 v0000024220ac8b70_0;
    %inv;
    %store/vec4 v0000024220ac8b70_0, 0, 1;
    %jmp T_4.0;
    %end;
    .thread T_4;
    .scope S_00000242209a9b30;
T_5 ;
    %vpi_call 2 53 "$dumpfile", "tb_FSM.vcd" {0 0 0};
    %vpi_call 2 54 "$dumpvars", 32'sb00000000000000000000000000000000, S_00000242209a9b30 {0 0 0};
    %pushi/vec4 0, 0, 1;
    %store/vec4 v0000024220ac8a30_0, 0, 1;
    %pushi/vec4 0, 0, 1;
    %store/vec4 v0000024220ac8ad0_0, 0, 1;
    %pushi/vec4 0, 0, 1;
    %store/vec4 v0000024220ac98e0_0, 0, 1;
    %delay 5000, 0;
    %pushi/vec4 1, 0, 1;
    %store/vec4 v0000024220ac98e0_0, 0, 1;
    %delay 10000, 0;
    %pushi/vec4 1, 0, 1;
    %store/vec4 v0000024220ac8ad0_0, 0, 1;
    %delay 10000, 0;
    %pushi/vec4 0, 0, 1;
    %store/vec4 v0000024220ac8ad0_0, 0, 1;
    %pushi/vec4 1, 0, 1;
    %store/vec4 v0000024220ac8a30_0, 0, 1;
    %delay 10000, 0;
    %pushi/vec4 1, 0, 1;
    %store/vec4 v0000024220ac8a30_0, 0, 1;
    %pushi/vec4 0, 0, 1;
    %store/vec4 v0000024220ac8ad0_0, 0, 1;
    %delay 10000, 0;
    %pushi/vec4 0, 0, 1;
    %store/vec4 v0000024220ac8a30_0, 0, 1;
    %pushi/vec4 0, 0, 1;
    %store/vec4 v0000024220ac8ad0_0, 0, 1;
    %delay 30000, 0;
    %pushi/vec4 0, 0, 1;
    %store/vec4 v0000024220ac8a30_0, 0, 1;
    %pushi/vec4 1, 0, 1;
    %store/vec4 v0000024220ac8ad0_0, 0, 1;
    %delay 10000, 0;
    %pushi/vec4 1, 0, 1;
    %store/vec4 v0000024220ac8a30_0, 0, 1;
    %pushi/vec4 0, 0, 1;
    %store/vec4 v0000024220ac8ad0_0, 0, 1;
    %delay 10000, 0;
    %pushi/vec4 0, 0, 1;
    %store/vec4 v0000024220ac8a30_0, 0, 1;
    %pushi/vec4 1, 0, 1;
    %store/vec4 v0000024220ac8ad0_0, 0, 1;
    %delay 10000, 0;
    %vpi_call 2 83 "$finish" {0 0 0};
    %end;
    .thread T_5;
# The file index is used to find the file name in the following table.
:file_names 4;
    "N/A";
    "<interactive>";
    "tb.v";
    "./FSM.v";
