#! /c/Source/iverilog-install/bin/vvp
:ivl_version "12.0 (devel)" "(s20150603-1110-g18392a46)";
:ivl_delay_selection "TYPICAL";
:vpi_time_precision + 0;
:vpi_module "D:\iverilog\lib\ivl\system.vpi";
:vpi_module "D:\iverilog\lib\ivl\vhdl_sys.vpi";
:vpi_module "D:\iverilog\lib\ivl\vhdl_textio.vpi";
:vpi_module "D:\iverilog\lib\ivl\v2005_math.vpi";
:vpi_module "D:\iverilog\lib\ivl\va_math.vpi";
S_00000221bfb5b7b0 .scope module, "botton" "botton" 2 1;
 .timescale 0 0;
    .port_info 0 /INPUT 1 "clk";
    .port_info 1 /INPUT 1 "rst_n";
    .port_info 2 /INPUT 1 "key";
    .port_info 3 /OUTPUT 1 "press";
P_00000221bfb58120 .param/l "DELAY_TIME" 0 2 9, +C4<00000000000000000000000000110010>;
L_00000221bfb96a60 .functor NOT 1, v00000221bfbef970_0, C4<0>, C4<0>, C4<0>;
L_00000221bfb97080 .functor AND 1, v00000221bfbef8d0_0, L_00000221bfb96a60, C4<1>, C4<1>;
v00000221bfb5b070_0 .net *"_ivl_0", 0 0, L_00000221bfb96a60;  1 drivers
o00000221bfbaafe8 .functor BUFZ 1, C4<z>; HiZ drive
v00000221bfb730a0_0 .net "clk", 0 0, o00000221bfbaafe8;  0 drivers
v00000221bfb5b940_0 .var "delay_cnt", 19 0;
v00000221bfb5b9e0_0 .var "delay_flag", 0 0;
o00000221bfbab078 .functor BUFZ 1, C4<z>; HiZ drive
v00000221bfb5ba80_0 .net "key", 0 0, o00000221bfbab078;  0 drivers
v00000221bfbef830_0 .net "key_nedge", 0 0, L_00000221bfb97080;  1 drivers
v00000221bfbef8d0_0 .var "key_r0", 0 0;
v00000221bfbef970_0 .var "key_r1", 0 0;
v00000221bfbefa10_0 .var "press", 0 0;
o00000221bfbab168 .functor BUFZ 1, C4<z>; HiZ drive
v00000221bfbefab0_0 .net "rst_n", 0 0, o00000221bfbab168;  0 drivers
E_00000221bfb58620/0 .event negedge, v00000221bfbefab0_0;
E_00000221bfb58620/1 .event posedge, v00000221bfb730a0_0;
E_00000221bfb58620 .event/or E_00000221bfb58620/0, E_00000221bfb58620/1;
    .scope S_00000221bfb5b7b0;
T_0 ;
    %pushi/vec4 0, 0, 20;
    %store/vec4 v00000221bfb5b940_0, 0, 20;
    %end;
    .thread T_0;
    .scope S_00000221bfb5b7b0;
T_1 ;
    %wait E_00000221bfb58620;
    %load/vec4 v00000221bfbefab0_0;
    %cmpi/e 0, 0, 1;
    %jmp/0xz  T_1.0, 4;
    %pushi/vec4 1, 0, 1;
    %assign/vec4 v00000221bfbef8d0_0, 0;
    %pushi/vec4 1, 0, 1;
    %assign/vec4 v00000221bfbef970_0, 0;
    %jmp T_1.1;
T_1.0 ;
    %load/vec4 v00000221bfb5ba80_0;
    %assign/vec4 v00000221bfbef8d0_0, 0;
    %load/vec4 v00000221bfbef8d0_0;
    %assign/vec4 v00000221bfbef970_0, 0;
T_1.1 ;
    %jmp T_1;
    .thread T_1;
    .scope S_00000221bfb5b7b0;
T_2 ;
    %wait E_00000221bfb58620;
    %load/vec4 v00000221bfbefab0_0;
    %nor/r;
    %flag_set/vec4 8;
    %jmp/0xz  T_2.0, 8;
    %pushi/vec4 0, 0, 20;
    %assign/vec4 v00000221bfb5b940_0, 0;
    %jmp T_2.1;
T_2.0 ;
    %load/vec4 v00000221bfb5b9e0_0;
    %flag_set/vec4 8;
    %jmp/0xz  T_2.2, 8;
    %load/vec4 v00000221bfb5b940_0;
    %pad/u 32;
    %cmpi/e 49, 0, 32;
    %jmp/0xz  T_2.4, 4;
    %pushi/vec4 0, 0, 20;
    %assign/vec4 v00000221bfb5b940_0, 0;
    %jmp T_2.5;
T_2.4 ;
    %load/vec4 v00000221bfb5b940_0;
    %addi 1, 0, 20;
    %assign/vec4 v00000221bfb5b940_0, 0;
T_2.5 ;
T_2.2 ;
T_2.1 ;
    %jmp T_2;
    .thread T_2;
    .scope S_00000221bfb5b7b0;
T_3 ;
    %wait E_00000221bfb58620;
    %load/vec4 v00000221bfbefab0_0;
    %nor/r;
    %flag_set/vec4 8;
    %jmp/0xz  T_3.0, 8;
    %pushi/vec4 0, 0, 1;
    %assign/vec4 v00000221bfb5b9e0_0, 0;
    %jmp T_3.1;
T_3.0 ;
    %load/vec4 v00000221bfbef830_0;
    %flag_set/vec4 8;
    %jmp/0xz  T_3.2, 8;
    %pushi/vec4 1, 0, 1;
    %assign/vec4 v00000221bfb5b9e0_0, 0;
    %jmp T_3.3;
T_3.2 ;
    %load/vec4 v00000221bfb5b940_0;
    %pad/u 32;
    %cmpi/e 49, 0, 32;
    %jmp/0xz  T_3.4, 4;
    %pushi/vec4 0, 0, 1;
    %assign/vec4 v00000221bfb5b9e0_0, 0;
T_3.4 ;
T_3.3 ;
T_3.1 ;
    %jmp T_3;
    .thread T_3;
    .scope S_00000221bfb5b7b0;
T_4 ;
    %wait E_00000221bfb58620;
    %load/vec4 v00000221bfbefab0_0;
    %nor/r;
    %flag_set/vec4 8;
    %jmp/0xz  T_4.0, 8;
    %pushi/vec4 0, 0, 1;
    %assign/vec4 v00000221bfbefa10_0, 0;
    %jmp T_4.1;
T_4.0 ;
    %load/vec4 v00000221bfb5b940_0;
    %pad/u 32;
    %cmpi/e 49, 0, 32;
    %jmp/0xz  T_4.2, 4;
    %load/vec4 v00000221bfbef8d0_0;
    %assign/vec4 v00000221bfbefa10_0, 0;
    %jmp T_4.3;
T_4.2 ;
    %pushi/vec4 0, 0, 1;
    %assign/vec4 v00000221bfbefa10_0, 0;
T_4.3 ;
T_4.1 ;
    %jmp T_4;
    .thread T_4;
# The file index is used to find the file name in the following table.
:file_names 3;
    "N/A";
    "<interactive>";
    "botton.v";
