#! /c/Source/iverilog-install/bin/vvp
:ivl_version "12.0 (devel)" "(s20150603-1110-g18392a46)";
:ivl_delay_selection "TYPICAL";
:vpi_time_precision + 0;
:vpi_module "D:\iverilog\lib\ivl\system.vpi";
:vpi_module "D:\iverilog\lib\ivl\vhdl_sys.vpi";
:vpi_module "D:\iverilog\lib\ivl\vhdl_textio.vpi";
:vpi_module "D:\iverilog\lib\ivl\v2005_math.vpi";
:vpi_module "D:\iverilog\lib\ivl\va_math.vpi";
S_000001da97b385a0 .scope module, "FSM" "FSM" 2 1;
 .timescale 0 0;
    .port_info 0 /INPUT 1 "clk";
    .port_info 1 /INPUT 1 "rst";
    .port_info 2 /INPUT 1 "b0";
    .port_info 3 /INPUT 1 "b1";
    .port_info 4 /OUTPUT 1 "unlock";
    .port_info 5 /OUTPUT 3 "debugstate";
P_000001da97b3b740 .param/l "s_1" 0 2 9, +C4<00000000000000000000000000000001>;
P_000001da97b3b778 .param/l "s_10" 0 2 10, +C4<00000000000000000000000000000010>;
P_000001da97b3b7b0 .param/l "s_100" 0 2 11, +C4<00000000000000000000000000000011>;
P_000001da97b3b7e8 .param/l "s_1001" 0 2 12, +C4<00000000000000000000000000000100>;
P_000001da97b3b820 .param/l "s_10010" 0 2 13, +C4<00000000000000000000000000000101>;
P_000001da97b3b858 .param/l "s_reset" 0 2 8, +C4<00000000000000000000000000000000>;
L_000001da97b8b600 .functor BUFZ 3, v000001da97b84a90_0, C4<000>, C4<000>, C4<000>;
o000001da97b8ffd8 .functor BUFZ 1, C4<z>; HiZ drive
v000001da97b53250_0 .net "b0", 0 0, o000001da97b8ffd8;  0 drivers
o000001da97b90008 .functor BUFZ 1, C4<z>; HiZ drive
v000001da97b530a0_0 .net "b1", 0 0, o000001da97b90008;  0 drivers
o000001da97b90038 .functor BUFZ 1, C4<z>; HiZ drive
v000001da97b3b8a0_0 .net "clk", 0 0, o000001da97b90038;  0 drivers
v000001da97b3b940_0 .net "debugstate", 2 0, L_000001da97b8b600;  1 drivers
v000001da97b3b9e0_0 .var "next_state", 2 0;
o000001da97b900c8 .functor BUFZ 1, C4<z>; HiZ drive
v000001da97b3ba80_0 .net "rst", 0 0, o000001da97b900c8;  0 drivers
v000001da97b84a90_0 .var "state", 2 0;
v000001da97b84b30_0 .var "unlock", 0 0;
E_000001da97b75740 .event anyedge, v000001da97b530a0_0, v000001da97b53250_0, v000001da97b84a90_0;
E_000001da97b75300/0 .event negedge, v000001da97b3ba80_0;
E_000001da97b75300/1 .event posedge, v000001da97b3b8a0_0;
E_000001da97b75300 .event/or E_000001da97b75300/0, E_000001da97b75300/1;
    .scope S_000001da97b385a0;
T_0 ;
    %wait E_000001da97b75300;
    %load/vec4 v000001da97b3ba80_0;
    %nor/r;
    %flag_set/vec4 8;
    %jmp/0xz  T_0.0, 8;
    %pushi/vec4 0, 0, 3;
    %assign/vec4 v000001da97b84a90_0, 0;
    %jmp T_0.1;
T_0.0 ;
    %load/vec4 v000001da97b3b9e0_0;
    %assign/vec4 v000001da97b84a90_0, 0;
T_0.1 ;
    %jmp T_0;
    .thread T_0;
    .scope S_000001da97b385a0;
T_1 ;
    %wait E_000001da97b75300;
    %load/vec4 v000001da97b3ba80_0;
    %nor/r;
    %flag_set/vec4 8;
    %jmp/0xz  T_1.0, 8;
    %pushi/vec4 0, 0, 1;
    %store/vec4 v000001da97b84b30_0, 0, 1;
    %jmp T_1.1;
T_1.0 ;
    %load/vec4 v000001da97b3b9e0_0;
    %dup/vec4;
    %pushi/vec4 0, 0, 3;
    %cmp/u;
    %jmp/1 T_1.2, 6;
    %dup/vec4;
    %pushi/vec4 1, 0, 3;
    %cmp/u;
    %jmp/1 T_1.3, 6;
    %dup/vec4;
    %pushi/vec4 2, 0, 3;
    %cmp/u;
    %jmp/1 T_1.4, 6;
    %dup/vec4;
    %pushi/vec4 3, 0, 3;
    %cmp/u;
    %jmp/1 T_1.5, 6;
    %dup/vec4;
    %pushi/vec4 4, 0, 3;
    %cmp/u;
    %jmp/1 T_1.6, 6;
    %dup/vec4;
    %pushi/vec4 5, 0, 3;
    %cmp/u;
    %jmp/1 T_1.7, 6;
    %pushi/vec4 0, 0, 1;
    %assign/vec4 v000001da97b84b30_0, 0;
    %jmp T_1.9;
T_1.2 ;
    %pushi/vec4 0, 0, 1;
    %assign/vec4 v000001da97b84b30_0, 0;
    %jmp T_1.9;
T_1.3 ;
    %pushi/vec4 0, 0, 1;
    %assign/vec4 v000001da97b84b30_0, 0;
    %jmp T_1.9;
T_1.4 ;
    %pushi/vec4 0, 0, 1;
    %assign/vec4 v000001da97b84b30_0, 0;
    %jmp T_1.9;
T_1.5 ;
    %pushi/vec4 0, 0, 1;
    %assign/vec4 v000001da97b84b30_0, 0;
    %jmp T_1.9;
T_1.6 ;
    %pushi/vec4 0, 0, 1;
    %assign/vec4 v000001da97b84b30_0, 0;
    %jmp T_1.9;
T_1.7 ;
    %pushi/vec4 1, 0, 1;
    %assign/vec4 v000001da97b84b30_0, 0;
    %jmp T_1.9;
T_1.9 ;
    %pop/vec4 1;
T_1.1 ;
    %jmp T_1;
    .thread T_1;
    .scope S_000001da97b385a0;
T_2 ;
    %wait E_000001da97b75740;
    %load/vec4 v000001da97b84a90_0;
    %dup/vec4;
    %pushi/vec4 0, 0, 3;
    %cmp/u;
    %jmp/1 T_2.0, 6;
    %dup/vec4;
    %pushi/vec4 1, 0, 3;
    %cmp/u;
    %jmp/1 T_2.1, 6;
    %dup/vec4;
    %pushi/vec4 2, 0, 3;
    %cmp/u;
    %jmp/1 T_2.2, 6;
    %dup/vec4;
    %pushi/vec4 3, 0, 3;
    %cmp/u;
    %jmp/1 T_2.3, 6;
    %dup/vec4;
    %pushi/vec4 4, 0, 3;
    %cmp/u;
    %jmp/1 T_2.4, 6;
    %dup/vec4;
    %pushi/vec4 5, 0, 3;
    %cmp/u;
    %jmp/1 T_2.5, 6;
    %jmp T_2.6;
T_2.0 ;
    %load/vec4 v000001da97b53250_0;
    %load/vec4 v000001da97b530a0_0;
    %concat/vec4; draw_concat_vec4
    %cmpi/e 1, 0, 2;
    %jmp/0xz  T_2.7, 4;
    %pushi/vec4 1, 0, 3;
    %store/vec4 v000001da97b3b9e0_0, 0, 3;
    %jmp T_2.8;
T_2.7 ;
    %pushi/vec4 0, 0, 3;
    %store/vec4 v000001da97b3b9e0_0, 0, 3;
T_2.8 ;
    %jmp T_2.6;
T_2.1 ;
    %load/vec4 v000001da97b53250_0;
    %load/vec4 v000001da97b530a0_0;
    %concat/vec4; draw_concat_vec4
    %cmpi/e 2, 0, 2;
    %jmp/0xz  T_2.9, 4;
    %pushi/vec4 2, 0, 3;
    %store/vec4 v000001da97b3b9e0_0, 0, 3;
    %jmp T_2.10;
T_2.9 ;
    %pushi/vec4 1, 0, 3;
    %store/vec4 v000001da97b3b9e0_0, 0, 3;
T_2.10 ;
    %jmp T_2.6;
T_2.2 ;
    %load/vec4 v000001da97b53250_0;
    %load/vec4 v000001da97b530a0_0;
    %concat/vec4; draw_concat_vec4
    %cmpi/e 2, 0, 2;
    %jmp/0xz  T_2.11, 4;
    %pushi/vec4 3, 0, 3;
    %store/vec4 v000001da97b3b9e0_0, 0, 3;
    %jmp T_2.12;
T_2.11 ;
    %load/vec4 v000001da97b53250_0;
    %load/vec4 v000001da97b530a0_0;
    %concat/vec4; draw_concat_vec4
    %cmpi/e 1, 0, 2;
    %jmp/0xz  T_2.13, 4;
    %pushi/vec4 1, 0, 3;
    %store/vec4 v000001da97b3b9e0_0, 0, 3;
    %jmp T_2.14;
T_2.13 ;
    %pushi/vec4 2, 0, 3;
    %store/vec4 v000001da97b3b9e0_0, 0, 3;
T_2.14 ;
T_2.12 ;
    %jmp T_2.6;
T_2.3 ;
    %load/vec4 v000001da97b53250_0;
    %load/vec4 v000001da97b530a0_0;
    %concat/vec4; draw_concat_vec4
    %cmpi/e 1, 0, 2;
    %jmp/0xz  T_2.15, 4;
    %pushi/vec4 4, 0, 3;
    %store/vec4 v000001da97b3b9e0_0, 0, 3;
    %jmp T_2.16;
T_2.15 ;
    %load/vec4 v000001da97b53250_0;
    %load/vec4 v000001da97b530a0_0;
    %concat/vec4; draw_concat_vec4
    %cmpi/e 2, 0, 2;
    %jmp/0xz  T_2.17, 4;
    %pushi/vec4 0, 0, 3;
    %store/vec4 v000001da97b3b9e0_0, 0, 3;
    %jmp T_2.18;
T_2.17 ;
    %pushi/vec4 3, 0, 3;
    %store/vec4 v000001da97b3b9e0_0, 0, 3;
T_2.18 ;
T_2.16 ;
    %jmp T_2.6;
T_2.4 ;
    %load/vec4 v000001da97b53250_0;
    %load/vec4 v000001da97b530a0_0;
    %concat/vec4; draw_concat_vec4
    %cmpi/e 2, 0, 2;
    %jmp/0xz  T_2.19, 4;
    %pushi/vec4 5, 0, 3;
    %store/vec4 v000001da97b3b9e0_0, 0, 3;
    %jmp T_2.20;
T_2.19 ;
    %load/vec4 v000001da97b53250_0;
    %load/vec4 v000001da97b530a0_0;
    %concat/vec4; draw_concat_vec4
    %cmpi/e 1, 0, 2;
    %jmp/0xz  T_2.21, 4;
    %pushi/vec4 1, 0, 3;
    %store/vec4 v000001da97b3b9e0_0, 0, 3;
    %jmp T_2.22;
T_2.21 ;
    %pushi/vec4 4, 0, 3;
    %store/vec4 v000001da97b3b9e0_0, 0, 3;
T_2.22 ;
T_2.20 ;
    %jmp T_2.6;
T_2.5 ;
    %load/vec4 v000001da97b53250_0;
    %load/vec4 v000001da97b530a0_0;
    %concat/vec4; draw_concat_vec4
    %cmpi/e 2, 0, 2;
    %jmp/0xz  T_2.23, 4;
    %pushi/vec4 0, 0, 3;
    %store/vec4 v000001da97b3b9e0_0, 0, 3;
    %jmp T_2.24;
T_2.23 ;
    %load/vec4 v000001da97b53250_0;
    %load/vec4 v000001da97b530a0_0;
    %concat/vec4; draw_concat_vec4
    %cmpi/e 1, 0, 2;
    %jmp/0xz  T_2.25, 4;
    %pushi/vec4 1, 0, 3;
    %store/vec4 v000001da97b3b9e0_0, 0, 3;
    %jmp T_2.26;
T_2.25 ;
    %pushi/vec4 5, 0, 3;
    %store/vec4 v000001da97b3b9e0_0, 0, 3;
T_2.26 ;
T_2.24 ;
    %jmp T_2.6;
T_2.6 ;
    %pop/vec4 1;
    %jmp T_2;
    .thread T_2, $push;
# The file index is used to find the file name in the following table.
:file_names 3;
    "N/A";
    "<interactive>";
    "FSM.v";
