#! /c/Source/iverilog-install/bin/vvp
:ivl_version "12.0 (devel)" "(s20150603-1110-g18392a46)";
:ivl_delay_selection "TYPICAL";
:vpi_time_precision - 12;
:vpi_module "D:\iverilog\lib\ivl\system.vpi";
:vpi_module "D:\iverilog\lib\ivl\vhdl_sys.vpi";
:vpi_module "D:\iverilog\lib\ivl\vhdl_textio.vpi";
:vpi_module "D:\iverilog\lib\ivl\v2005_math.vpi";
:vpi_module "D:\iverilog\lib\ivl\va_math.vpi";
S_000001fd8af3b900 .scope module, "tb_top" "tb_top" 2 5;
 .timescale -9 -9;
P_000001fd8afc47b0 .param/l "PERIOD" 0 2 8, +C4<00000000000000000000000000001010>;
v000001fd8b021920_0 .net "DisPlay", 7 0, v000001fd8af84b30_0;  1 drivers
v000001fd8b021a60_0 .net "DisPlay1", 7 0, v000001fd8af84db0_0;  1 drivers
v000001fd8b022820_0 .net "Sel", 7 0, v000001fd8af841d0_0;  1 drivers
v000001fd8b022d20_0 .var "clk", 0 0;
v000001fd8b021740_0 .var "key0", 0 0;
v000001fd8b0228c0_0 .var "key1", 0 0;
v000001fd8b021240_0 .var "rst", 0 0;
v000001fd8b022a00_0 .net "unlock", 0 0, v000001fd8af84630_0;  1 drivers
S_000001fd8af80710 .scope module, "u_top" "top" 2 31, 3 5 0, S_000001fd8af3b900;
 .timescale -9 -9;
    .port_info 0 /INPUT 1 "clk";
    .port_info 1 /INPUT 1 "rst";
    .port_info 2 /INPUT 1 "key0";
    .port_info 3 /INPUT 1 "key1";
    .port_info 4 /OUTPUT 1 "unlock";
    .port_info 5 /OUTPUT 8 "Sel";
    .port_info 6 /OUTPUT 8 "DisPlay";
    .port_info 7 /OUTPUT 8 "DisPlay1";
v000001fd8b021ba0_0 .net "DisPlay", 7 0, v000001fd8af84b30_0;  alias, 1 drivers
v000001fd8b021880_0 .net "DisPlay1", 7 0, v000001fd8af84db0_0;  alias, 1 drivers
v000001fd8b021380_0 .net "Sel", 7 0, v000001fd8af841d0_0;  alias, 1 drivers
v000001fd8b021420_0 .net "b0", 0 0, v000001fd8b022dc0_0;  1 drivers
v000001fd8b021c40_0 .net "b1", 0 0, v000001fd8b0219c0_0;  1 drivers
v000001fd8b022780_0 .net "clk", 0 0, v000001fd8b022d20_0;  1 drivers
v000001fd8b021100_0 .net "current_state", 2 0, L_000001fd8afbd3c0;  1 drivers
v000001fd8b0221e0_0 .var "data", 31 0;
v000001fd8b021600_0 .net "key0", 0 0, v000001fd8b021740_0;  1 drivers
v000001fd8b0211a0_0 .net "key1", 0 0, v000001fd8b0228c0_0;  1 drivers
v000001fd8b022140_0 .net "rst", 0 0, v000001fd8b021240_0;  1 drivers
v000001fd8b022460_0 .net "unlock", 0 0, v000001fd8af84630_0;  alias, 1 drivers
S_000001fd8afae180 .scope module, "u_FSM" "FSM" 3 29, 4 1 0, S_000001fd8af80710;
 .timescale -9 -12;
    .port_info 0 /INPUT 1 "clk";
    .port_info 1 /INPUT 1 "rst";
    .port_info 2 /INPUT 1 "b0";
    .port_info 3 /INPUT 1 "b1";
    .port_info 4 /OUTPUT 1 "unlock";
    .port_info 5 /OUTPUT 3 "debugstate";
P_000001fd8afae310 .param/l "s_1" 0 4 9, +C4<00000000000000000000000000000001>;
P_000001fd8afae348 .param/l "s_10" 0 4 10, +C4<00000000000000000000000000000010>;
P_000001fd8afae380 .param/l "s_100" 0 4 11, +C4<00000000000000000000000000000011>;
P_000001fd8afae3b8 .param/l "s_1001" 0 4 12, +C4<00000000000000000000000000000100>;
P_000001fd8afae3f0 .param/l "s_10010" 0 4 13, +C4<00000000000000000000000000000101>;
P_000001fd8afae428 .param/l "s_reset" 0 4 8, +C4<00000000000000000000000000000000>;
L_000001fd8afbd3c0 .functor BUFZ 3, v000001fd8af84590_0, C4<000>, C4<000>, C4<000>;
v000001fd8af84770_0 .net "b0", 0 0, v000001fd8b022dc0_0;  alias, 1 drivers
v000001fd8af843b0_0 .net "b1", 0 0, v000001fd8b0219c0_0;  alias, 1 drivers
v000001fd8af84810_0 .net "clk", 0 0, v000001fd8b022d20_0;  alias, 1 drivers
v000001fd8af84950_0 .net "debugstate", 2 0, L_000001fd8afbd3c0;  alias, 1 drivers
v000001fd8af84ef0_0 .var "next_state", 2 0;
v000001fd8af84d10_0 .net "rst", 0 0, v000001fd8b021240_0;  alias, 1 drivers
v000001fd8af84590_0 .var "state", 2 0;
v000001fd8af84630_0 .var "unlock", 0 0;
E_000001fd8afc4fb0 .event anyedge, v000001fd8af843b0_0, v000001fd8af84770_0, v000001fd8af84590_0;
E_000001fd8afc4830/0 .event negedge, v000001fd8af84d10_0;
E_000001fd8afc4830/1 .event posedge, v000001fd8af84810_0;
E_000001fd8afc4830 .event/or E_000001fd8afc4830/0, E_000001fd8afc4830/1;
S_000001fd8afae470 .scope module, "u_Segment" "Segment" 3 48, 5 2 0, S_000001fd8af80710;
 .timescale -9 -9;
    .port_info 0 /INPUT 1 "Clk";
    .port_info 1 /INPUT 1 "Reset_N";
    .port_info 2 /INPUT 32 "Disp_Data";
    .port_info 3 /INPUT 3 "state";
    .port_info 4 /OUTPUT 8 "Sel";
    .port_info 5 /OUTPUT 8 "DisPlay";
    .port_info 6 /OUTPUT 8 "DisPlay1";
v000001fd8af84a90_0 .net "Clk", 0 0, v000001fd8b022d20_0;  alias, 1 drivers
v000001fd8af84b30_0 .var "DisPlay", 7 0;
v000001fd8af84db0_0 .var "DisPlay1", 7 0;
v000001fd8af84e50_0 .net "Disp_Data", 31 0, v000001fd8b0221e0_0;  1 drivers
v000001fd8af84bd0_0 .var "Disp_tmp", 3 0;
v000001fd8af84f90_0 .var "Disp_tmp1", 3 0;
v000001fd8af85030_0 .var "Num", 2 0;
v000001fd8af84130_0 .net "Reset_N", 0 0, v000001fd8b021240_0;  alias, 1 drivers
v000001fd8af841d0_0 .var "Sel", 7 0;
v000001fd8af84270_0 .var "clk_1k", 0 0;
v000001fd8af84310_0 .var "div_cnt", 15 0;
v000001fd8b022280_0 .net "state", 2 0, L_000001fd8afbd3c0;  alias, 1 drivers
E_000001fd8afc5270 .event posedge, v000001fd8af84810_0;
S_000001fd8af52ca0 .scope module, "u_botton" "botton" 3 17, 6 1 0, S_000001fd8af80710;
 .timescale -9 -12;
    .port_info 0 /INPUT 1 "clk";
    .port_info 1 /INPUT 1 "rst_n";
    .port_info 2 /INPUT 1 "key";
    .port_info 3 /OUTPUT 1 "press";
P_000001fd8afc5330 .param/l "DELAY_TIME" 0 6 9, +C4<00000000000000000000000000110010>;
L_000001fd8afbd0b0 .functor NOT 1, v000001fd8b022c80_0, C4<0>, C4<0>, C4<0>;
L_000001fd8afbd900 .functor AND 1, v000001fd8b022f00_0, L_000001fd8afbd0b0, C4<1>, C4<1>;
v000001fd8b022640_0 .net *"_ivl_0", 0 0, L_000001fd8afbd0b0;  1 drivers
v000001fd8b021b00_0 .net "clk", 0 0, v000001fd8b022d20_0;  alias, 1 drivers
v000001fd8b0225a0_0 .var "delay_cnt", 19 0;
v000001fd8b022960_0 .var "delay_flag", 0 0;
v000001fd8b0214c0_0 .net "key", 0 0, v000001fd8b021740_0;  alias, 1 drivers
v000001fd8b0216a0_0 .net "key_nedge", 0 0, L_000001fd8afbd900;  1 drivers
v000001fd8b022f00_0 .var "key_r0", 0 0;
v000001fd8b022c80_0 .var "key_r1", 0 0;
v000001fd8b022dc0_0 .var "press", 0 0;
v000001fd8b0223c0_0 .net "rst_n", 0 0, v000001fd8b021240_0;  alias, 1 drivers
S_000001fd8af52e30 .scope module, "u_botton1" "botton" 3 23, 6 1 0, S_000001fd8af80710;
 .timescale -9 -12;
    .port_info 0 /INPUT 1 "clk";
    .port_info 1 /INPUT 1 "rst_n";
    .port_info 2 /INPUT 1 "key";
    .port_info 3 /OUTPUT 1 "press";
P_000001fd8afc4c30 .param/l "DELAY_TIME" 0 6 9, +C4<00000000000000000000000000110010>;
L_000001fd8afbd660 .functor NOT 1, v000001fd8b021ce0_0, C4<0>, C4<0>, C4<0>;
L_000001fd8afbd820 .functor AND 1, v000001fd8b022320_0, L_000001fd8afbd660, C4<1>, C4<1>;
v000001fd8b0212e0_0 .net *"_ivl_0", 0 0, L_000001fd8afbd660;  1 drivers
v000001fd8b0226e0_0 .net "clk", 0 0, v000001fd8b022d20_0;  alias, 1 drivers
v000001fd8b021d80_0 .var "delay_cnt", 19 0;
v000001fd8b0217e0_0 .var "delay_flag", 0 0;
v000001fd8b022e60_0 .net "key", 0 0, v000001fd8b0228c0_0;  alias, 1 drivers
v000001fd8b021060_0 .net "key_nedge", 0 0, L_000001fd8afbd820;  1 drivers
v000001fd8b022320_0 .var "key_r0", 0 0;
v000001fd8b021ce0_0 .var "key_r1", 0 0;
v000001fd8b0219c0_0 .var "press", 0 0;
v000001fd8b021560_0 .net "rst_n", 0 0, v000001fd8b021240_0;  alias, 1 drivers
    .scope S_000001fd8af52ca0;
T_0 ;
    %pushi/vec4 0, 0, 20;
    %store/vec4 v000001fd8b0225a0_0, 0, 20;
    %end;
    .thread T_0;
    .scope S_000001fd8af52ca0;
T_1 ;
    %wait E_000001fd8afc4830;
    %load/vec4 v000001fd8b0223c0_0;
    %cmpi/e 0, 0, 1;
    %jmp/0xz  T_1.0, 4;
    %pushi/vec4 1, 0, 1;
    %assign/vec4 v000001fd8b022f00_0, 0;
    %pushi/vec4 1, 0, 1;
    %assign/vec4 v000001fd8b022c80_0, 0;
    %jmp T_1.1;
T_1.0 ;
    %load/vec4 v000001fd8b0214c0_0;
    %assign/vec4 v000001fd8b022f00_0, 0;
    %load/vec4 v000001fd8b022f00_0;
    %assign/vec4 v000001fd8b022c80_0, 0;
T_1.1 ;
    %jmp T_1;
    .thread T_1;
    .scope S_000001fd8af52ca0;
T_2 ;
    %wait E_000001fd8afc4830;
    %load/vec4 v000001fd8b0223c0_0;
    %nor/r;
    %flag_set/vec4 8;
    %jmp/0xz  T_2.0, 8;
    %pushi/vec4 0, 0, 20;
    %assign/vec4 v000001fd8b0225a0_0, 0;
    %jmp T_2.1;
T_2.0 ;
    %load/vec4 v000001fd8b022960_0;
    %flag_set/vec4 8;
    %jmp/0xz  T_2.2, 8;
    %load/vec4 v000001fd8b0225a0_0;
    %pad/u 32;
    %cmpi/e 49, 0, 32;
    %jmp/0xz  T_2.4, 4;
    %pushi/vec4 0, 0, 20;
    %assign/vec4 v000001fd8b0225a0_0, 0;
    %jmp T_2.5;
T_2.4 ;
    %load/vec4 v000001fd8b0225a0_0;
    %addi 1, 0, 20;
    %assign/vec4 v000001fd8b0225a0_0, 0;
T_2.5 ;
T_2.2 ;
T_2.1 ;
    %jmp T_2;
    .thread T_2;
    .scope S_000001fd8af52ca0;
T_3 ;
    %wait E_000001fd8afc4830;
    %load/vec4 v000001fd8b0223c0_0;
    %nor/r;
    %flag_set/vec4 8;
    %jmp/0xz  T_3.0, 8;
    %pushi/vec4 0, 0, 1;
    %assign/vec4 v000001fd8b022960_0, 0;
    %jmp T_3.1;
T_3.0 ;
    %load/vec4 v000001fd8b0216a0_0;
    %flag_set/vec4 8;
    %jmp/0xz  T_3.2, 8;
    %pushi/vec4 1, 0, 1;
    %assign/vec4 v000001fd8b022960_0, 0;
    %jmp T_3.3;
T_3.2 ;
    %load/vec4 v000001fd8b0225a0_0;
    %pad/u 32;
    %cmpi/e 49, 0, 32;
    %jmp/0xz  T_3.4, 4;
    %pushi/vec4 0, 0, 1;
    %assign/vec4 v000001fd8b022960_0, 0;
T_3.4 ;
T_3.3 ;
T_3.1 ;
    %jmp T_3;
    .thread T_3;
    .scope S_000001fd8af52ca0;
T_4 ;
    %wait E_000001fd8afc4830;
    %load/vec4 v000001fd8b0223c0_0;
    %nor/r;
    %flag_set/vec4 8;
    %jmp/0xz  T_4.0, 8;
    %pushi/vec4 0, 0, 1;
    %assign/vec4 v000001fd8b022dc0_0, 0;
    %jmp T_4.1;
T_4.0 ;
    %load/vec4 v000001fd8b0225a0_0;
    %pad/u 32;
    %cmpi/e 49, 0, 32;
    %jmp/0xz  T_4.2, 4;
    %load/vec4 v000001fd8b022f00_0;
    %assign/vec4 v000001fd8b022dc0_0, 0;
    %jmp T_4.3;
T_4.2 ;
    %pushi/vec4 0, 0, 1;
    %assign/vec4 v000001fd8b022dc0_0, 0;
T_4.3 ;
T_4.1 ;
    %jmp T_4;
    .thread T_4;
    .scope S_000001fd8af52e30;
T_5 ;
    %pushi/vec4 0, 0, 20;
    %store/vec4 v000001fd8b021d80_0, 0, 20;
    %end;
    .thread T_5;
    .scope S_000001fd8af52e30;
T_6 ;
    %wait E_000001fd8afc4830;
    %load/vec4 v000001fd8b021560_0;
    %cmpi/e 0, 0, 1;
    %jmp/0xz  T_6.0, 4;
    %pushi/vec4 1, 0, 1;
    %assign/vec4 v000001fd8b022320_0, 0;
    %pushi/vec4 1, 0, 1;
    %assign/vec4 v000001fd8b021ce0_0, 0;
    %jmp T_6.1;
T_6.0 ;
    %load/vec4 v000001fd8b022e60_0;
    %assign/vec4 v000001fd8b022320_0, 0;
    %load/vec4 v000001fd8b022320_0;
    %assign/vec4 v000001fd8b021ce0_0, 0;
T_6.1 ;
    %jmp T_6;
    .thread T_6;
    .scope S_000001fd8af52e30;
T_7 ;
    %wait E_000001fd8afc4830;
    %load/vec4 v000001fd8b021560_0;
    %nor/r;
    %flag_set/vec4 8;
    %jmp/0xz  T_7.0, 8;
    %pushi/vec4 0, 0, 20;
    %assign/vec4 v000001fd8b021d80_0, 0;
    %jmp T_7.1;
T_7.0 ;
    %load/vec4 v000001fd8b0217e0_0;
    %flag_set/vec4 8;
    %jmp/0xz  T_7.2, 8;
    %load/vec4 v000001fd8b021d80_0;
    %pad/u 32;
    %cmpi/e 49, 0, 32;
    %jmp/0xz  T_7.4, 4;
    %pushi/vec4 0, 0, 20;
    %assign/vec4 v000001fd8b021d80_0, 0;
    %jmp T_7.5;
T_7.4 ;
    %load/vec4 v000001fd8b021d80_0;
    %addi 1, 0, 20;
    %assign/vec4 v000001fd8b021d80_0, 0;
T_7.5 ;
T_7.2 ;
T_7.1 ;
    %jmp T_7;
    .thread T_7;
    .scope S_000001fd8af52e30;
T_8 ;
    %wait E_000001fd8afc4830;
    %load/vec4 v000001fd8b021560_0;
    %nor/r;
    %flag_set/vec4 8;
    %jmp/0xz  T_8.0, 8;
    %pushi/vec4 0, 0, 1;
    %assign/vec4 v000001fd8b0217e0_0, 0;
    %jmp T_8.1;
T_8.0 ;
    %load/vec4 v000001fd8b021060_0;
    %flag_set/vec4 8;
    %jmp/0xz  T_8.2, 8;
    %pushi/vec4 1, 0, 1;
    %assign/vec4 v000001fd8b0217e0_0, 0;
    %jmp T_8.3;
T_8.2 ;
    %load/vec4 v000001fd8b021d80_0;
    %pad/u 32;
    %cmpi/e 49, 0, 32;
    %jmp/0xz  T_8.4, 4;
    %pushi/vec4 0, 0, 1;
    %assign/vec4 v000001fd8b0217e0_0, 0;
T_8.4 ;
T_8.3 ;
T_8.1 ;
    %jmp T_8;
    .thread T_8;
    .scope S_000001fd8af52e30;
T_9 ;
    %wait E_000001fd8afc4830;
    %load/vec4 v000001fd8b021560_0;
    %nor/r;
    %flag_set/vec4 8;
    %jmp/0xz  T_9.0, 8;
    %pushi/vec4 0, 0, 1;
    %assign/vec4 v000001fd8b0219c0_0, 0;
    %jmp T_9.1;
T_9.0 ;
    %load/vec4 v000001fd8b021d80_0;
    %pad/u 32;
    %cmpi/e 49, 0, 32;
    %jmp/0xz  T_9.2, 4;
    %load/vec4 v000001fd8b022320_0;
    %assign/vec4 v000001fd8b0219c0_0, 0;
    %jmp T_9.3;
T_9.2 ;
    %pushi/vec4 0, 0, 1;
    %assign/vec4 v000001fd8b0219c0_0, 0;
T_9.3 ;
T_9.1 ;
    %jmp T_9;
    .thread T_9;
    .scope S_000001fd8afae180;
T_10 ;
    %wait E_000001fd8afc4830;
    %load/vec4 v000001fd8af84d10_0;
    %nor/r;
    %flag_set/vec4 8;
    %jmp/0xz  T_10.0, 8;
    %pushi/vec4 0, 0, 3;
    %assign/vec4 v000001fd8af84590_0, 0;
    %jmp T_10.1;
T_10.0 ;
    %load/vec4 v000001fd8af84ef0_0;
    %assign/vec4 v000001fd8af84590_0, 0;
T_10.1 ;
    %jmp T_10;
    .thread T_10;
    .scope S_000001fd8afae180;
T_11 ;
    %wait E_000001fd8afc4830;
    %load/vec4 v000001fd8af84d10_0;
    %nor/r;
    %flag_set/vec4 8;
    %jmp/0xz  T_11.0, 8;
    %pushi/vec4 0, 0, 1;
    %store/vec4 v000001fd8af84630_0, 0, 1;
    %jmp T_11.1;
T_11.0 ;
    %load/vec4 v000001fd8af84ef0_0;
    %dup/vec4;
    %pushi/vec4 0, 0, 3;
    %cmp/u;
    %jmp/1 T_11.2, 6;
    %dup/vec4;
    %pushi/vec4 1, 0, 3;
    %cmp/u;
    %jmp/1 T_11.3, 6;
    %dup/vec4;
    %pushi/vec4 2, 0, 3;
    %cmp/u;
    %jmp/1 T_11.4, 6;
    %dup/vec4;
    %pushi/vec4 3, 0, 3;
    %cmp/u;
    %jmp/1 T_11.5, 6;
    %dup/vec4;
    %pushi/vec4 4, 0, 3;
    %cmp/u;
    %jmp/1 T_11.6, 6;
    %dup/vec4;
    %pushi/vec4 5, 0, 3;
    %cmp/u;
    %jmp/1 T_11.7, 6;
    %pushi/vec4 0, 0, 1;
    %assign/vec4 v000001fd8af84630_0, 0;
    %jmp T_11.9;
T_11.2 ;
    %pushi/vec4 0, 0, 1;
    %assign/vec4 v000001fd8af84630_0, 0;
    %jmp T_11.9;
T_11.3 ;
    %pushi/vec4 0, 0, 1;
    %assign/vec4 v000001fd8af84630_0, 0;
    %jmp T_11.9;
T_11.4 ;
    %pushi/vec4 0, 0, 1;
    %assign/vec4 v000001fd8af84630_0, 0;
    %jmp T_11.9;
T_11.5 ;
    %pushi/vec4 0, 0, 1;
    %assign/vec4 v000001fd8af84630_0, 0;
    %jmp T_11.9;
T_11.6 ;
    %pushi/vec4 0, 0, 1;
    %assign/vec4 v000001fd8af84630_0, 0;
    %jmp T_11.9;
T_11.7 ;
    %pushi/vec4 1, 0, 1;
    %assign/vec4 v000001fd8af84630_0, 0;
    %jmp T_11.9;
T_11.9 ;
    %pop/vec4 1;
T_11.1 ;
    %jmp T_11;
    .thread T_11;
    .scope S_000001fd8afae180;
T_12 ;
    %wait E_000001fd8afc4fb0;
    %load/vec4 v000001fd8af84590_0;
    %dup/vec4;
    %pushi/vec4 0, 0, 3;
    %cmp/u;
    %jmp/1 T_12.0, 6;
    %dup/vec4;
    %pushi/vec4 1, 0, 3;
    %cmp/u;
    %jmp/1 T_12.1, 6;
    %dup/vec4;
    %pushi/vec4 2, 0, 3;
    %cmp/u;
    %jmp/1 T_12.2, 6;
    %dup/vec4;
    %pushi/vec4 3, 0, 3;
    %cmp/u;
    %jmp/1 T_12.3, 6;
    %dup/vec4;
    %pushi/vec4 4, 0, 3;
    %cmp/u;
    %jmp/1 T_12.4, 6;
    %dup/vec4;
    %pushi/vec4 5, 0, 3;
    %cmp/u;
    %jmp/1 T_12.5, 6;
    %jmp T_12.6;
T_12.0 ;
    %load/vec4 v000001fd8af84770_0;
    %load/vec4 v000001fd8af843b0_0;
    %concat/vec4; draw_concat_vec4
    %cmpi/e 1, 0, 2;
    %jmp/0xz  T_12.7, 4;
    %pushi/vec4 1, 0, 3;
    %store/vec4 v000001fd8af84ef0_0, 0, 3;
    %jmp T_12.8;
T_12.7 ;
    %pushi/vec4 0, 0, 3;
    %store/vec4 v000001fd8af84ef0_0, 0, 3;
T_12.8 ;
    %jmp T_12.6;
T_12.1 ;
    %load/vec4 v000001fd8af84770_0;
    %load/vec4 v000001fd8af843b0_0;
    %concat/vec4; draw_concat_vec4
    %cmpi/e 2, 0, 2;
    %jmp/0xz  T_12.9, 4;
    %pushi/vec4 2, 0, 3;
    %store/vec4 v000001fd8af84ef0_0, 0, 3;
    %jmp T_12.10;
T_12.9 ;
    %pushi/vec4 1, 0, 3;
    %store/vec4 v000001fd8af84ef0_0, 0, 3;
T_12.10 ;
    %jmp T_12.6;
T_12.2 ;
    %load/vec4 v000001fd8af84770_0;
    %load/vec4 v000001fd8af843b0_0;
    %concat/vec4; draw_concat_vec4
    %cmpi/e 2, 0, 2;
    %jmp/0xz  T_12.11, 4;
    %pushi/vec4 3, 0, 3;
    %store/vec4 v000001fd8af84ef0_0, 0, 3;
    %jmp T_12.12;
T_12.11 ;
    %load/vec4 v000001fd8af84770_0;
    %load/vec4 v000001fd8af843b0_0;
    %concat/vec4; draw_concat_vec4
    %cmpi/e 1, 0, 2;
    %jmp/0xz  T_12.13, 4;
    %pushi/vec4 1, 0, 3;
    %store/vec4 v000001fd8af84ef0_0, 0, 3;
    %jmp T_12.14;
T_12.13 ;
    %pushi/vec4 2, 0, 3;
    %store/vec4 v000001fd8af84ef0_0, 0, 3;
T_12.14 ;
T_12.12 ;
    %jmp T_12.6;
T_12.3 ;
    %load/vec4 v000001fd8af84770_0;
    %load/vec4 v000001fd8af843b0_0;
    %concat/vec4; draw_concat_vec4
    %cmpi/e 1, 0, 2;
    %jmp/0xz  T_12.15, 4;
    %pushi/vec4 4, 0, 3;
    %store/vec4 v000001fd8af84ef0_0, 0, 3;
    %jmp T_12.16;
T_12.15 ;
    %load/vec4 v000001fd8af84770_0;
    %load/vec4 v000001fd8af843b0_0;
    %concat/vec4; draw_concat_vec4
    %cmpi/e 2, 0, 2;
    %jmp/0xz  T_12.17, 4;
    %pushi/vec4 0, 0, 3;
    %store/vec4 v000001fd8af84ef0_0, 0, 3;
    %jmp T_12.18;
T_12.17 ;
    %pushi/vec4 3, 0, 3;
    %store/vec4 v000001fd8af84ef0_0, 0, 3;
T_12.18 ;
T_12.16 ;
    %jmp T_12.6;
T_12.4 ;
    %load/vec4 v000001fd8af84770_0;
    %load/vec4 v000001fd8af843b0_0;
    %concat/vec4; draw_concat_vec4
    %cmpi/e 2, 0, 2;
    %jmp/0xz  T_12.19, 4;
    %pushi/vec4 5, 0, 3;
    %store/vec4 v000001fd8af84ef0_0, 0, 3;
    %jmp T_12.20;
T_12.19 ;
    %load/vec4 v000001fd8af84770_0;
    %load/vec4 v000001fd8af843b0_0;
    %concat/vec4; draw_concat_vec4
    %cmpi/e 1, 0, 2;
    %jmp/0xz  T_12.21, 4;
    %pushi/vec4 1, 0, 3;
    %store/vec4 v000001fd8af84ef0_0, 0, 3;
    %jmp T_12.22;
T_12.21 ;
    %pushi/vec4 4, 0, 3;
    %store/vec4 v000001fd8af84ef0_0, 0, 3;
T_12.22 ;
T_12.20 ;
    %jmp T_12.6;
T_12.5 ;
    %load/vec4 v000001fd8af84770_0;
    %load/vec4 v000001fd8af843b0_0;
    %concat/vec4; draw_concat_vec4
    %cmpi/e 2, 0, 2;
    %jmp/0xz  T_12.23, 4;
    %pushi/vec4 0, 0, 3;
    %store/vec4 v000001fd8af84ef0_0, 0, 3;
    %jmp T_12.24;
T_12.23 ;
    %load/vec4 v000001fd8af84770_0;
    %load/vec4 v000001fd8af843b0_0;
    %concat/vec4; draw_concat_vec4
    %cmpi/e 1, 0, 2;
    %jmp/0xz  T_12.25, 4;
    %pushi/vec4 1, 0, 3;
    %store/vec4 v000001fd8af84ef0_0, 0, 3;
    %jmp T_12.26;
T_12.25 ;
    %pushi/vec4 5, 0, 3;
    %store/vec4 v000001fd8af84ef0_0, 0, 3;
T_12.26 ;
T_12.24 ;
    %jmp T_12.6;
T_12.6 ;
    %pop/vec4 1;
    %jmp T_12;
    .thread T_12, $push;
    .scope S_000001fd8afae470;
T_13 ;
    %wait E_000001fd8afc4830;
    %load/vec4 v000001fd8af84130_0;
    %nor/r;
    %flag_set/vec4 8;
    %jmp/0xz  T_13.0, 8;
    %pushi/vec4 0, 0, 16;
    %assign/vec4 v000001fd8af84310_0, 0;
    %jmp T_13.1;
T_13.0 ;
    %load/vec4 v000001fd8af84310_0;
    %pad/u 32;
    %cmpi/u 499, 0, 32;
    %flag_inv 5; GE is !LT
    %jmp/0xz  T_13.2, 5;
    %pushi/vec4 0, 0, 16;
    %assign/vec4 v000001fd8af84310_0, 0;
    %jmp T_13.3;
T_13.2 ;
    %load/vec4 v000001fd8af84310_0;
    %addi 1, 0, 16;
    %assign/vec4 v000001fd8af84310_0, 0;
T_13.3 ;
T_13.1 ;
    %jmp T_13;
    .thread T_13;
    .scope S_000001fd8afae470;
T_14 ;
    %wait E_000001fd8afc4830;
    %load/vec4 v000001fd8af84130_0;
    %nor/r;
    %flag_set/vec4 8;
    %jmp/0xz  T_14.0, 8;
    %pushi/vec4 0, 0, 1;
    %assign/vec4 v000001fd8af84270_0, 0;
    %jmp T_14.1;
T_14.0 ;
    %load/vec4 v000001fd8af84310_0;
    %pad/u 32;
    %cmpi/e 499, 0, 32;
    %jmp/0xz  T_14.2, 4;
    %pushi/vec4 1, 0, 1;
    %assign/vec4 v000001fd8af84270_0, 0;
    %jmp T_14.3;
T_14.2 ;
    %pushi/vec4 0, 0, 1;
    %assign/vec4 v000001fd8af84270_0, 0;
T_14.3 ;
T_14.1 ;
    %jmp T_14;
    .thread T_14;
    .scope S_000001fd8afae470;
T_15 ;
    %wait E_000001fd8afc4830;
    %load/vec4 v000001fd8af84130_0;
    %nor/r;
    %flag_set/vec4 8;
    %jmp/0xz  T_15.0, 8;
    %pushi/vec4 0, 0, 3;
    %assign/vec4 v000001fd8af85030_0, 0;
    %jmp T_15.1;
T_15.0 ;
    %load/vec4 v000001fd8af84270_0;
    %flag_set/vec4 8;
    %jmp/0xz  T_15.2, 8;
    %load/vec4 v000001fd8b022280_0;
    %pad/u 32;
    %cmpi/ne 0, 0, 32;
    %jmp/0xz  T_15.4, 4;
    %load/vec4 v000001fd8af85030_0;
    %pad/u 32;
    %load/vec4 v000001fd8b022280_0;
    %pad/u 32;
    %subi 1, 0, 32;
    %cmp/e;
    %flag_mov 8, 4;
    %jmp/0 T_15.6, 8;
    %pushi/vec4 0, 0, 3;
    %jmp/1 T_15.7, 8;
T_15.6 ; End of true expr.
    %load/vec4 v000001fd8af85030_0;
    %addi 1, 0, 3;
    %jmp/0 T_15.7, 8;
 ; End of false expr.
    %blend;
T_15.7;
    %assign/vec4 v000001fd8af85030_0, 0;
    %jmp T_15.5;
T_15.4 ;
    %pushi/vec4 0, 0, 3;
    %assign/vec4 v000001fd8af85030_0, 0;
T_15.5 ;
T_15.2 ;
T_15.1 ;
    %jmp T_15;
    .thread T_15;
    .scope S_000001fd8afae470;
T_16 ;
    %wait E_000001fd8afc5270;
    %load/vec4 v000001fd8b022280_0;
    %dup/vec4;
    %pushi/vec4 0, 0, 3;
    %cmp/u;
    %jmp/1 T_16.0, 6;
    %dup/vec4;
    %pushi/vec4 1, 0, 3;
    %cmp/u;
    %jmp/1 T_16.1, 6;
    %dup/vec4;
    %pushi/vec4 2, 0, 3;
    %cmp/u;
    %jmp/1 T_16.2, 6;
    %dup/vec4;
    %pushi/vec4 3, 0, 3;
    %cmp/u;
    %jmp/1 T_16.3, 6;
    %dup/vec4;
    %pushi/vec4 4, 0, 3;
    %cmp/u;
    %jmp/1 T_16.4, 6;
    %dup/vec4;
    %pushi/vec4 5, 0, 3;
    %cmp/u;
    %jmp/1 T_16.5, 6;
    %jmp T_16.6;
T_16.0 ;
    %pushi/vec4 0, 0, 8;
    %store/vec4 v000001fd8af841d0_0, 0, 8;
    %jmp T_16.6;
T_16.1 ;
    %load/vec4 v000001fd8af85030_0;
    %dup/vec4;
    %pushi/vec4 0, 0, 3;
    %cmp/u;
    %jmp/1 T_16.7, 6;
    %jmp T_16.8;
T_16.7 ;
    %pushi/vec4 1, 0, 8;
    %store/vec4 v000001fd8af841d0_0, 0, 8;
    %jmp T_16.8;
T_16.8 ;
    %pop/vec4 1;
    %jmp T_16.6;
T_16.2 ;
    %load/vec4 v000001fd8af85030_0;
    %dup/vec4;
    %pushi/vec4 0, 0, 3;
    %cmp/u;
    %jmp/1 T_16.9, 6;
    %dup/vec4;
    %pushi/vec4 1, 0, 3;
    %cmp/u;
    %jmp/1 T_16.10, 6;
    %jmp T_16.11;
T_16.9 ;
    %pushi/vec4 1, 0, 8;
    %store/vec4 v000001fd8af841d0_0, 0, 8;
    %jmp T_16.11;
T_16.10 ;
    %pushi/vec4 2, 0, 8;
    %store/vec4 v000001fd8af841d0_0, 0, 8;
    %jmp T_16.11;
T_16.11 ;
    %pop/vec4 1;
    %jmp T_16.6;
T_16.3 ;
    %load/vec4 v000001fd8af85030_0;
    %dup/vec4;
    %pushi/vec4 0, 0, 3;
    %cmp/u;
    %jmp/1 T_16.12, 6;
    %dup/vec4;
    %pushi/vec4 1, 0, 3;
    %cmp/u;
    %jmp/1 T_16.13, 6;
    %dup/vec4;
    %pushi/vec4 2, 0, 3;
    %cmp/u;
    %jmp/1 T_16.14, 6;
    %jmp T_16.15;
T_16.12 ;
    %pushi/vec4 1, 0, 8;
    %store/vec4 v000001fd8af841d0_0, 0, 8;
    %jmp T_16.15;
T_16.13 ;
    %pushi/vec4 2, 0, 8;
    %store/vec4 v000001fd8af841d0_0, 0, 8;
    %jmp T_16.15;
T_16.14 ;
    %pushi/vec4 4, 0, 8;
    %store/vec4 v000001fd8af841d0_0, 0, 8;
    %jmp T_16.15;
T_16.15 ;
    %pop/vec4 1;
    %jmp T_16.6;
T_16.4 ;
    %load/vec4 v000001fd8af85030_0;
    %dup/vec4;
    %pushi/vec4 0, 0, 3;
    %cmp/u;
    %jmp/1 T_16.16, 6;
    %dup/vec4;
    %pushi/vec4 1, 0, 3;
    %cmp/u;
    %jmp/1 T_16.17, 6;
    %dup/vec4;
    %pushi/vec4 2, 0, 3;
    %cmp/u;
    %jmp/1 T_16.18, 6;
    %dup/vec4;
    %pushi/vec4 3, 0, 3;
    %cmp/u;
    %jmp/1 T_16.19, 6;
    %jmp T_16.20;
T_16.16 ;
    %pushi/vec4 1, 0, 8;
    %store/vec4 v000001fd8af841d0_0, 0, 8;
    %jmp T_16.20;
T_16.17 ;
    %pushi/vec4 2, 0, 8;
    %store/vec4 v000001fd8af841d0_0, 0, 8;
    %jmp T_16.20;
T_16.18 ;
    %pushi/vec4 4, 0, 8;
    %store/vec4 v000001fd8af841d0_0, 0, 8;
    %jmp T_16.20;
T_16.19 ;
    %pushi/vec4 8, 0, 8;
    %store/vec4 v000001fd8af841d0_0, 0, 8;
    %jmp T_16.20;
T_16.20 ;
    %pop/vec4 1;
    %jmp T_16.6;
T_16.5 ;
    %load/vec4 v000001fd8af85030_0;
    %dup/vec4;
    %pushi/vec4 0, 0, 3;
    %cmp/u;
    %jmp/1 T_16.21, 6;
    %dup/vec4;
    %pushi/vec4 1, 0, 3;
    %cmp/u;
    %jmp/1 T_16.22, 6;
    %dup/vec4;
    %pushi/vec4 2, 0, 3;
    %cmp/u;
    %jmp/1 T_16.23, 6;
    %dup/vec4;
    %pushi/vec4 3, 0, 3;
    %cmp/u;
    %jmp/1 T_16.24, 6;
    %dup/vec4;
    %pushi/vec4 4, 0, 3;
    %cmp/u;
    %jmp/1 T_16.25, 6;
    %jmp T_16.26;
T_16.21 ;
    %pushi/vec4 1, 0, 8;
    %store/vec4 v000001fd8af841d0_0, 0, 8;
    %jmp T_16.26;
T_16.22 ;
    %pushi/vec4 2, 0, 8;
    %store/vec4 v000001fd8af841d0_0, 0, 8;
    %jmp T_16.26;
T_16.23 ;
    %pushi/vec4 4, 0, 8;
    %store/vec4 v000001fd8af841d0_0, 0, 8;
    %jmp T_16.26;
T_16.24 ;
    %pushi/vec4 8, 0, 8;
    %store/vec4 v000001fd8af841d0_0, 0, 8;
    %jmp T_16.26;
T_16.25 ;
    %pushi/vec4 16, 0, 8;
    %store/vec4 v000001fd8af841d0_0, 0, 8;
    %jmp T_16.26;
T_16.26 ;
    %pop/vec4 1;
    %jmp T_16.6;
T_16.6 ;
    %pop/vec4 1;
    %jmp T_16;
    .thread T_16;
    .scope S_000001fd8afae470;
T_17 ;
    %wait E_000001fd8afc5270;
    %load/vec4 v000001fd8af85030_0;
    %dup/vec4;
    %pushi/vec4 0, 0, 3;
    %cmp/u;
    %jmp/1 T_17.0, 6;
    %dup/vec4;
    %pushi/vec4 1, 0, 3;
    %cmp/u;
    %jmp/1 T_17.1, 6;
    %dup/vec4;
    %pushi/vec4 2, 0, 3;
    %cmp/u;
    %jmp/1 T_17.2, 6;
    %dup/vec4;
    %pushi/vec4 3, 0, 3;
    %cmp/u;
    %jmp/1 T_17.3, 6;
    %dup/vec4;
    %pushi/vec4 4, 0, 3;
    %cmp/u;
    %jmp/1 T_17.4, 6;
    %dup/vec4;
    %pushi/vec4 5, 0, 3;
    %cmp/u;
    %jmp/1 T_17.5, 6;
    %dup/vec4;
    %pushi/vec4 6, 0, 3;
    %cmp/u;
    %jmp/1 T_17.6, 6;
    %dup/vec4;
    %pushi/vec4 7, 0, 3;
    %cmp/u;
    %jmp/1 T_17.7, 6;
    %jmp T_17.8;
T_17.0 ;
    %load/vec4 v000001fd8af84e50_0;
    %parti/s 4, 0, 2;
    %store/vec4 v000001fd8af84bd0_0, 0, 4;
    %jmp T_17.8;
T_17.1 ;
    %load/vec4 v000001fd8af84e50_0;
    %parti/s 4, 4, 4;
    %store/vec4 v000001fd8af84bd0_0, 0, 4;
    %jmp T_17.8;
T_17.2 ;
    %load/vec4 v000001fd8af84e50_0;
    %parti/s 4, 8, 5;
    %store/vec4 v000001fd8af84bd0_0, 0, 4;
    %jmp T_17.8;
T_17.3 ;
    %load/vec4 v000001fd8af84e50_0;
    %parti/s 4, 12, 5;
    %store/vec4 v000001fd8af84bd0_0, 0, 4;
    %jmp T_17.8;
T_17.4 ;
    %load/vec4 v000001fd8af84e50_0;
    %parti/s 4, 16, 6;
    %store/vec4 v000001fd8af84f90_0, 0, 4;
    %jmp T_17.8;
T_17.5 ;
    %load/vec4 v000001fd8af84e50_0;
    %parti/s 4, 20, 6;
    %store/vec4 v000001fd8af84f90_0, 0, 4;
    %jmp T_17.8;
T_17.6 ;
    %load/vec4 v000001fd8af84e50_0;
    %parti/s 4, 24, 6;
    %store/vec4 v000001fd8af84f90_0, 0, 4;
    %jmp T_17.8;
T_17.7 ;
    %load/vec4 v000001fd8af84e50_0;
    %parti/s 4, 28, 6;
    %store/vec4 v000001fd8af84f90_0, 0, 4;
    %jmp T_17.8;
T_17.8 ;
    %pop/vec4 1;
    %jmp T_17;
    .thread T_17;
    .scope S_000001fd8afae470;
T_18 ;
    %wait E_000001fd8afc5270;
    %load/vec4 v000001fd8af84bd0_0;
    %dup/vec4;
    %pushi/vec4 0, 0, 4;
    %cmp/u;
    %jmp/1 T_18.0, 6;
    %dup/vec4;
    %pushi/vec4 1, 0, 4;
    %cmp/u;
    %jmp/1 T_18.1, 6;
    %dup/vec4;
    %pushi/vec4 2, 0, 4;
    %cmp/u;
    %jmp/1 T_18.2, 6;
    %dup/vec4;
    %pushi/vec4 3, 0, 4;
    %cmp/u;
    %jmp/1 T_18.3, 6;
    %dup/vec4;
    %pushi/vec4 4, 0, 4;
    %cmp/u;
    %jmp/1 T_18.4, 6;
    %dup/vec4;
    %pushi/vec4 5, 0, 4;
    %cmp/u;
    %jmp/1 T_18.5, 6;
    %dup/vec4;
    %pushi/vec4 6, 0, 4;
    %cmp/u;
    %jmp/1 T_18.6, 6;
    %dup/vec4;
    %pushi/vec4 7, 0, 4;
    %cmp/u;
    %jmp/1 T_18.7, 6;
    %dup/vec4;
    %pushi/vec4 8, 0, 4;
    %cmp/u;
    %jmp/1 T_18.8, 6;
    %dup/vec4;
    %pushi/vec4 9, 0, 4;
    %cmp/u;
    %jmp/1 T_18.9, 6;
    %dup/vec4;
    %pushi/vec4 10, 0, 4;
    %cmp/u;
    %jmp/1 T_18.10, 6;
    %dup/vec4;
    %pushi/vec4 11, 0, 4;
    %cmp/u;
    %jmp/1 T_18.11, 6;
    %dup/vec4;
    %pushi/vec4 12, 0, 4;
    %cmp/u;
    %jmp/1 T_18.12, 6;
    %dup/vec4;
    %pushi/vec4 13, 0, 4;
    %cmp/u;
    %jmp/1 T_18.13, 6;
    %dup/vec4;
    %pushi/vec4 14, 0, 4;
    %cmp/u;
    %jmp/1 T_18.14, 6;
    %dup/vec4;
    %pushi/vec4 15, 0, 4;
    %cmp/u;
    %jmp/1 T_18.15, 6;
    %jmp T_18.16;
T_18.0 ;
    %pushi/vec4 63, 0, 8;
    %store/vec4 v000001fd8af84b30_0, 0, 8;
    %jmp T_18.16;
T_18.1 ;
    %pushi/vec4 6, 0, 8;
    %store/vec4 v000001fd8af84b30_0, 0, 8;
    %jmp T_18.16;
T_18.2 ;
    %pushi/vec4 91, 0, 8;
    %store/vec4 v000001fd8af84b30_0, 0, 8;
    %jmp T_18.16;
T_18.3 ;
    %pushi/vec4 79, 0, 8;
    %store/vec4 v000001fd8af84b30_0, 0, 8;
    %jmp T_18.16;
T_18.4 ;
    %pushi/vec4 102, 0, 8;
    %store/vec4 v000001fd8af84b30_0, 0, 8;
    %jmp T_18.16;
T_18.5 ;
    %pushi/vec4 109, 0, 8;
    %store/vec4 v000001fd8af84b30_0, 0, 8;
    %jmp T_18.16;
T_18.6 ;
    %pushi/vec4 125, 0, 8;
    %store/vec4 v000001fd8af84b30_0, 0, 8;
    %jmp T_18.16;
T_18.7 ;
    %pushi/vec4 7, 0, 8;
    %store/vec4 v000001fd8af84b30_0, 0, 8;
    %jmp T_18.16;
T_18.8 ;
    %pushi/vec4 127, 0, 8;
    %store/vec4 v000001fd8af84b30_0, 0, 8;
    %jmp T_18.16;
T_18.9 ;
    %pushi/vec4 111, 0, 8;
    %store/vec4 v000001fd8af84b30_0, 0, 8;
    %jmp T_18.16;
T_18.10 ;
    %pushi/vec4 119, 0, 8;
    %store/vec4 v000001fd8af84b30_0, 0, 8;
    %jmp T_18.16;
T_18.11 ;
    %pushi/vec4 124, 0, 8;
    %store/vec4 v000001fd8af84b30_0, 0, 8;
    %jmp T_18.16;
T_18.12 ;
    %pushi/vec4 57, 0, 8;
    %store/vec4 v000001fd8af84b30_0, 0, 8;
    %jmp T_18.16;
T_18.13 ;
    %pushi/vec4 94, 0, 8;
    %store/vec4 v000001fd8af84b30_0, 0, 8;
    %jmp T_18.16;
T_18.14 ;
    %pushi/vec4 121, 0, 8;
    %store/vec4 v000001fd8af84b30_0, 0, 8;
    %jmp T_18.16;
T_18.15 ;
    %pushi/vec4 113, 0, 8;
    %store/vec4 v000001fd8af84b30_0, 0, 8;
    %jmp T_18.16;
T_18.16 ;
    %pop/vec4 1;
    %jmp T_18;
    .thread T_18;
    .scope S_000001fd8afae470;
T_19 ;
    %wait E_000001fd8afc5270;
    %load/vec4 v000001fd8af84f90_0;
    %dup/vec4;
    %pushi/vec4 0, 0, 4;
    %cmp/u;
    %jmp/1 T_19.0, 6;
    %dup/vec4;
    %pushi/vec4 1, 0, 4;
    %cmp/u;
    %jmp/1 T_19.1, 6;
    %dup/vec4;
    %pushi/vec4 2, 0, 4;
    %cmp/u;
    %jmp/1 T_19.2, 6;
    %dup/vec4;
    %pushi/vec4 3, 0, 4;
    %cmp/u;
    %jmp/1 T_19.3, 6;
    %dup/vec4;
    %pushi/vec4 4, 0, 4;
    %cmp/u;
    %jmp/1 T_19.4, 6;
    %dup/vec4;
    %pushi/vec4 5, 0, 4;
    %cmp/u;
    %jmp/1 T_19.5, 6;
    %dup/vec4;
    %pushi/vec4 6, 0, 4;
    %cmp/u;
    %jmp/1 T_19.6, 6;
    %dup/vec4;
    %pushi/vec4 7, 0, 4;
    %cmp/u;
    %jmp/1 T_19.7, 6;
    %dup/vec4;
    %pushi/vec4 8, 0, 4;
    %cmp/u;
    %jmp/1 T_19.8, 6;
    %dup/vec4;
    %pushi/vec4 9, 0, 4;
    %cmp/u;
    %jmp/1 T_19.9, 6;
    %dup/vec4;
    %pushi/vec4 10, 0, 4;
    %cmp/u;
    %jmp/1 T_19.10, 6;
    %dup/vec4;
    %pushi/vec4 11, 0, 4;
    %cmp/u;
    %jmp/1 T_19.11, 6;
    %dup/vec4;
    %pushi/vec4 12, 0, 4;
    %cmp/u;
    %jmp/1 T_19.12, 6;
    %dup/vec4;
    %pushi/vec4 13, 0, 4;
    %cmp/u;
    %jmp/1 T_19.13, 6;
    %dup/vec4;
    %pushi/vec4 14, 0, 4;
    %cmp/u;
    %jmp/1 T_19.14, 6;
    %dup/vec4;
    %pushi/vec4 15, 0, 4;
    %cmp/u;
    %jmp/1 T_19.15, 6;
    %jmp T_19.16;
T_19.0 ;
    %pushi/vec4 63, 0, 8;
    %store/vec4 v000001fd8af84db0_0, 0, 8;
    %jmp T_19.16;
T_19.1 ;
    %pushi/vec4 6, 0, 8;
    %store/vec4 v000001fd8af84db0_0, 0, 8;
    %jmp T_19.16;
T_19.2 ;
    %pushi/vec4 91, 0, 8;
    %store/vec4 v000001fd8af84db0_0, 0, 8;
    %jmp T_19.16;
T_19.3 ;
    %pushi/vec4 79, 0, 8;
    %store/vec4 v000001fd8af84db0_0, 0, 8;
    %jmp T_19.16;
T_19.4 ;
    %pushi/vec4 102, 0, 8;
    %store/vec4 v000001fd8af84db0_0, 0, 8;
    %jmp T_19.16;
T_19.5 ;
    %pushi/vec4 109, 0, 8;
    %store/vec4 v000001fd8af84db0_0, 0, 8;
    %jmp T_19.16;
T_19.6 ;
    %pushi/vec4 125, 0, 8;
    %store/vec4 v000001fd8af84db0_0, 0, 8;
    %jmp T_19.16;
T_19.7 ;
    %pushi/vec4 7, 0, 8;
    %store/vec4 v000001fd8af84db0_0, 0, 8;
    %jmp T_19.16;
T_19.8 ;
    %pushi/vec4 127, 0, 8;
    %store/vec4 v000001fd8af84db0_0, 0, 8;
    %jmp T_19.16;
T_19.9 ;
    %pushi/vec4 111, 0, 8;
    %store/vec4 v000001fd8af84db0_0, 0, 8;
    %jmp T_19.16;
T_19.10 ;
    %pushi/vec4 119, 0, 8;
    %store/vec4 v000001fd8af84db0_0, 0, 8;
    %jmp T_19.16;
T_19.11 ;
    %pushi/vec4 124, 0, 8;
    %store/vec4 v000001fd8af84db0_0, 0, 8;
    %jmp T_19.16;
T_19.12 ;
    %pushi/vec4 57, 0, 8;
    %store/vec4 v000001fd8af84db0_0, 0, 8;
    %jmp T_19.16;
T_19.13 ;
    %pushi/vec4 94, 0, 8;
    %store/vec4 v000001fd8af84db0_0, 0, 8;
    %jmp T_19.16;
T_19.14 ;
    %pushi/vec4 121, 0, 8;
    %store/vec4 v000001fd8af84db0_0, 0, 8;
    %jmp T_19.16;
T_19.15 ;
    %pushi/vec4 113, 0, 8;
    %store/vec4 v000001fd8af84db0_0, 0, 8;
    %jmp T_19.16;
T_19.16 ;
    %pop/vec4 1;
    %jmp T_19;
    .thread T_19;
    .scope S_000001fd8af80710;
T_20 ;
    %wait E_000001fd8afc5270;
    %load/vec4 v000001fd8b021100_0;
    %dup/vec4;
    %pushi/vec4 0, 0, 3;
    %cmp/u;
    %jmp/1 T_20.0, 6;
    %dup/vec4;
    %pushi/vec4 1, 0, 3;
    %cmp/u;
    %jmp/1 T_20.1, 6;
    %dup/vec4;
    %pushi/vec4 2, 0, 3;
    %cmp/u;
    %jmp/1 T_20.2, 6;
    %dup/vec4;
    %pushi/vec4 3, 0, 3;
    %cmp/u;
    %jmp/1 T_20.3, 6;
    %dup/vec4;
    %pushi/vec4 4, 0, 3;
    %cmp/u;
    %jmp/1 T_20.4, 6;
    %dup/vec4;
    %pushi/vec4 5, 0, 3;
    %cmp/u;
    %jmp/1 T_20.5, 6;
    %jmp T_20.6;
T_20.0 ;
    %pushi/vec4 0, 0, 32;
    %assign/vec4 v000001fd8b0221e0_0, 0;
    %jmp T_20.6;
T_20.1 ;
    %pushi/vec4 1, 0, 32;
    %assign/vec4 v000001fd8b0221e0_0, 0;
    %jmp T_20.6;
T_20.2 ;
    %pushi/vec4 16, 0, 32;
    %assign/vec4 v000001fd8b0221e0_0, 0;
    %jmp T_20.6;
T_20.3 ;
    %pushi/vec4 256, 0, 32;
    %assign/vec4 v000001fd8b0221e0_0, 0;
    %jmp T_20.6;
T_20.4 ;
    %pushi/vec4 4097, 0, 32;
    %assign/vec4 v000001fd8b0221e0_0, 0;
    %jmp T_20.6;
T_20.5 ;
    %pushi/vec4 65552, 0, 32;
    %assign/vec4 v000001fd8b0221e0_0, 0;
    %jmp T_20.6;
T_20.6 ;
    %pop/vec4 1;
    %jmp T_20;
    .thread T_20;
    .scope S_000001fd8af3b900;
T_21 ;
    %pushi/vec4 0, 0, 1;
    %store/vec4 v000001fd8b022d20_0, 0, 1;
    %pushi/vec4 0, 0, 1;
    %store/vec4 v000001fd8b021240_0, 0, 1;
    %pushi/vec4 0, 0, 1;
    %store/vec4 v000001fd8b021740_0, 0, 1;
    %pushi/vec4 0, 0, 1;
    %store/vec4 v000001fd8b0228c0_0, 0, 1;
    %end;
    .thread T_21;
    .scope S_000001fd8af3b900;
T_22 ;
T_22.0 ;
    %delay 5000, 0;
    %load/vec4 v000001fd8b022d20_0;
    %inv;
    %store/vec4 v000001fd8b022d20_0, 0, 1;
    %jmp T_22.0;
    %end;
    .thread T_22;
    .scope S_000001fd8af3b900;
T_23 ;
    %vpi_call 2 46 "$dumpfile", "tb_top.vcd" {0 0 0};
    %vpi_call 2 47 "$dumpvars", 32'sb00000000000000000000000000000000, S_000001fd8af3b900 {0 0 0};
    %pushi/vec4 0, 0, 1;
    %store/vec4 v000001fd8b021740_0, 0, 1;
    %pushi/vec4 0, 0, 1;
    %store/vec4 v000001fd8b0228c0_0, 0, 1;
    %pushi/vec4 0, 0, 1;
    %store/vec4 v000001fd8b021240_0, 0, 1;
    %delay 5000, 0;
    %pushi/vec4 1, 0, 1;
    %store/vec4 v000001fd8b021240_0, 0, 1;
    %delay 10000, 0;
    %pushi/vec4 1, 0, 1;
    %store/vec4 v000001fd8b0228c0_0, 0, 1;
    %delay 600000, 0;
    %pushi/vec4 0, 0, 1;
    %store/vec4 v000001fd8b0228c0_0, 0, 1;
    %delay 100000000, 0;
    %pushi/vec4 1, 0, 1;
    %store/vec4 v000001fd8b021740_0, 0, 1;
    %delay 600000, 0;
    %pushi/vec4 0, 0, 1;
    %store/vec4 v000001fd8b021740_0, 0, 1;
    %delay 100000000, 0;
    %pushi/vec4 1, 0, 1;
    %store/vec4 v000001fd8b021740_0, 0, 1;
    %delay 600000, 0;
    %pushi/vec4 0, 0, 1;
    %store/vec4 v000001fd8b021740_0, 0, 1;
    %delay 100000000, 0;
    %pushi/vec4 1, 0, 1;
    %store/vec4 v000001fd8b0228c0_0, 0, 1;
    %delay 600000, 0;
    %pushi/vec4 0, 0, 1;
    %store/vec4 v000001fd8b0228c0_0, 0, 1;
    %delay 100000000, 0;
    %pushi/vec4 1, 0, 1;
    %store/vec4 v000001fd8b021740_0, 0, 1;
    %delay 600000, 0;
    %pushi/vec4 0, 0, 1;
    %store/vec4 v000001fd8b021740_0, 0, 1;
    %delay 100000000, 0;
    %vpi_call 2 74 "$finish" {0 0 0};
    %end;
    .thread T_23;
# The file index is used to find the file name in the following table.
:file_names 7;
    "N/A";
    "<interactive>";
    "tb.v";
    "./top.v";
    "./FSM.v";
    "./Segment.v";
    "./botton.v";
