#! /c/Source/iverilog-install/bin/vvp
:ivl_version "12.0 (devel)" "(s20150603-1110-g18392a46)";
:ivl_delay_selection "TYPICAL";
:vpi_time_precision - 9;
:vpi_module "D:\iverilog\lib\ivl\system.vpi";
:vpi_module "D:\iverilog\lib\ivl\vhdl_sys.vpi";
:vpi_module "D:\iverilog\lib\ivl\vhdl_textio.vpi";
:vpi_module "D:\iverilog\lib\ivl\v2005_math.vpi";
:vpi_module "D:\iverilog\lib\ivl\va_math.vpi";
S_0000021524f4d220 .scope module, "top" "top" 2 5;
 .timescale -9 -9;
    .port_info 0 /INPUT 1 "clk";
    .port_info 1 /INPUT 1 "rst";
    .port_info 2 /INPUT 1 "key0";
    .port_info 3 /INPUT 1 "key1";
    .port_info 4 /OUTPUT 1 "unlock";
    .port_info 5 /OUTPUT 8 "Sel";
    .port_info 6 /OUTPUT 8 "DisPlay";
    .port_info 7 /OUTPUT 8 "DisPlay1";
v0000021524feae30_0 .net "DisPlay", 7 0, v0000021524f4d9f0_0;  1 drivers
v0000021524fea110_0 .net "DisPlay1", 7 0, v0000021524f4d810_0;  1 drivers
v0000021524feb150_0 .net "Sel", 7 0, v0000021524f4dbd0_0;  1 drivers
v0000021524feaed0_0 .net "b0", 0 0, v0000021524feabb0_0;  1 drivers
v0000021524feb1f0_0 .net "b1", 0 0, v0000021524feb970_0;  1 drivers
o0000021524f92088 .functor BUFZ 1, C4<z>; HiZ drive
v0000021524feba10_0 .net "clk", 0 0, o0000021524f92088;  0 drivers
v0000021524febbf0_0 .net "current_state", 2 0, L_0000021524f80f10;  1 drivers
v0000021524feb790_0 .var "data", 31 0;
o0000021524f92658 .functor BUFZ 1, C4<z>; HiZ drive
v0000021524fea610_0 .net "key0", 0 0, o0000021524f92658;  0 drivers
o0000021524f92868 .functor BUFZ 1, C4<z>; HiZ drive
v0000021524feb290_0 .net "key1", 0 0, o0000021524f92868;  0 drivers
o0000021524f92118 .functor BUFZ 1, C4<z>; HiZ drive
v0000021524febc90_0 .net "rst", 0 0, o0000021524f92118;  0 drivers
v0000021524fea890_0 .net "unlock", 0 0, v0000021524f4da90_0;  1 drivers
S_0000021524f0b8c0 .scope module, "u_FSM" "FSM" 2 29, 3 1 0, S_0000021524f4d220;
 .timescale 0 0;
    .port_info 0 /INPUT 1 "clk";
    .port_info 1 /INPUT 1 "rst";
    .port_info 2 /INPUT 1 "b0";
    .port_info 3 /INPUT 1 "b1";
    .port_info 4 /OUTPUT 1 "unlock";
    .port_info 5 /OUTPUT 3 "debugstate";
P_0000021524f54e90 .param/l "s_1" 0 3 9, +C4<00000000000000000000000000000001>;
P_0000021524f54ec8 .param/l "s_10" 0 3 10, +C4<00000000000000000000000000000010>;
P_0000021524f54f00 .param/l "s_100" 0 3 11, +C4<00000000000000000000000000000011>;
P_0000021524f54f38 .param/l "s_1001" 0 3 12, +C4<00000000000000000000000000000100>;
P_0000021524f54f70 .param/l "s_10010" 0 3 13, +C4<00000000000000000000000000000101>;
P_0000021524f54fa8 .param/l "s_reset" 0 3 8, +C4<00000000000000000000000000000000>;
L_0000021524f80f10 .functor BUFZ 3, v0000021524f4df90_0, C4<000>, C4<000>, C4<000>;
v0000021524f4e350_0 .net "b0", 0 0, v0000021524feabb0_0;  alias, 1 drivers
v0000021524f4d590_0 .net "b1", 0 0, v0000021524feb970_0;  alias, 1 drivers
v0000021524f4e0d0_0 .net "clk", 0 0, o0000021524f92088;  alias, 0 drivers
v0000021524f4e170_0 .net "debugstate", 2 0, L_0000021524f80f10;  alias, 1 drivers
v0000021524f4de50_0 .var "next_state", 2 0;
v0000021524f4d630_0 .net "rst", 0 0, o0000021524f92118;  alias, 0 drivers
v0000021524f4df90_0 .var "state", 2 0;
v0000021524f4da90_0 .var "unlock", 0 0;
E_0000021524f5afb0 .event anyedge, v0000021524f4d590_0, v0000021524f4e350_0, v0000021524f4df90_0;
E_0000021524f5acb0/0 .event negedge, v0000021524f4d630_0;
E_0000021524f5acb0/1 .event posedge, v0000021524f4e0d0_0;
E_0000021524f5acb0 .event/or E_0000021524f5acb0/0, E_0000021524f5acb0/1;
S_0000021524f54ff0 .scope module, "u_Segment" "Segment" 2 48, 4 2 0, S_0000021524f4d220;
 .timescale -9 -9;
    .port_info 0 /INPUT 1 "Clk";
    .port_info 1 /INPUT 1 "Reset_N";
    .port_info 2 /INPUT 32 "Disp_Data";
    .port_info 3 /INPUT 3 "state";
    .port_info 4 /OUTPUT 8 "Sel";
    .port_info 5 /OUTPUT 8 "DisPlay";
    .port_info 6 /OUTPUT 8 "DisPlay1";
v0000021524f4db30_0 .net "Clk", 0 0, o0000021524f92088;  alias, 0 drivers
v0000021524f4d9f0_0 .var "DisPlay", 7 0;
v0000021524f4d810_0 .var "DisPlay1", 7 0;
v0000021524f4e210_0 .net "Disp_Data", 31 0, v0000021524feb790_0;  1 drivers
v0000021524f4e2b0_0 .var "Disp_tmp", 3 0;
v0000021524f4d6d0_0 .var "Disp_tmp1", 3 0;
v0000021524f4d770_0 .var "Num", 2 0;
v0000021524f4d8b0_0 .net "Reset_N", 0 0, o0000021524f92118;  alias, 0 drivers
v0000021524f4dbd0_0 .var "Sel", 7 0;
v0000021524f4d950_0 .var "clk_1k", 0 0;
v0000021524f4def0_0 .var "div_cnt", 15 0;
v0000021524fea1b0_0 .net "state", 2 0, L_0000021524f80f10;  alias, 1 drivers
E_0000021524f5adf0 .event posedge, v0000021524f4e0d0_0;
S_0000021524f7e180 .scope module, "u_botton" "botton" 2 17, 5 1 0, S_0000021524f4d220;
 .timescale 0 0;
    .port_info 0 /INPUT 1 "clk";
    .port_info 1 /INPUT 1 "rst_n";
    .port_info 2 /INPUT 1 "key";
    .port_info 3 /OUTPUT 1 "press";
P_0000021524f5b1b0 .param/l "DELAY_TIME" 0 5 9, +C4<00000000000000000000000000110010>;
L_0000021524f80e30 .functor NOT 1, v0000021524feb8d0_0, C4<0>, C4<0>, C4<0>;
L_0000021524f811b0 .functor AND 1, v0000021524feac50_0, L_0000021524f80e30, C4<1>, C4<1>;
v0000021524feacf0_0 .net *"_ivl_0", 0 0, L_0000021524f80e30;  1 drivers
v0000021524fea9d0_0 .net "clk", 0 0, o0000021524f92088;  alias, 0 drivers
v0000021524feb470_0 .var "delay_cnt", 19 0;
v0000021524feb010_0 .var "delay_flag", 0 0;
v0000021524febb50_0 .net "key", 0 0, o0000021524f92658;  alias, 0 drivers
v0000021524febdd0_0 .net "key_nedge", 0 0, L_0000021524f811b0;  1 drivers
v0000021524feac50_0 .var "key_r0", 0 0;
v0000021524feb8d0_0 .var "key_r1", 0 0;
v0000021524feabb0_0 .var "press", 0 0;
v0000021524feb0b0_0 .net "rst_n", 0 0, o0000021524f92118;  alias, 0 drivers
S_0000021524f7e310 .scope module, "u_botton1" "botton" 2 23, 5 1 0, S_0000021524f4d220;
 .timescale 0 0;
    .port_info 0 /INPUT 1 "clk";
    .port_info 1 /INPUT 1 "rst_n";
    .port_info 2 /INPUT 1 "key";
    .port_info 3 /OUTPUT 1 "press";
P_0000021524f5b0b0 .param/l "DELAY_TIME" 0 5 9, +C4<00000000000000000000000000110010>;
L_0000021524f817d0 .functor NOT 1, v0000021524fea570_0, C4<0>, C4<0>, C4<0>;
L_0000021524f80b90 .functor AND 1, v0000021524fea7f0_0, L_0000021524f817d0, C4<1>, C4<1>;
v0000021524fea6b0_0 .net *"_ivl_0", 0 0, L_0000021524f817d0;  1 drivers
v0000021524feb650_0 .net "clk", 0 0, o0000021524f92088;  alias, 0 drivers
v0000021524fead90_0 .var "delay_cnt", 19 0;
v0000021524feb510_0 .var "delay_flag", 0 0;
v0000021524feb6f0_0 .net "key", 0 0, o0000021524f92868;  alias, 0 drivers
v0000021524febd30_0 .net "key_nedge", 0 0, L_0000021524f80b90;  1 drivers
v0000021524fea7f0_0 .var "key_r0", 0 0;
v0000021524fea570_0 .var "key_r1", 0 0;
v0000021524feb970_0 .var "press", 0 0;
v0000021524feaf70_0 .net "rst_n", 0 0, o0000021524f92118;  alias, 0 drivers
    .scope S_0000021524f7e180;
T_0 ;
    %pushi/vec4 0, 0, 20;
    %store/vec4 v0000021524feb470_0, 0, 20;
    %end;
    .thread T_0;
    .scope S_0000021524f7e180;
T_1 ;
    %wait E_0000021524f5acb0;
    %load/vec4 v0000021524feb0b0_0;
    %cmpi/e 0, 0, 1;
    %jmp/0xz  T_1.0, 4;
    %pushi/vec4 1, 0, 1;
    %assign/vec4 v0000021524feac50_0, 0;
    %pushi/vec4 1, 0, 1;
    %assign/vec4 v0000021524feb8d0_0, 0;
    %jmp T_1.1;
T_1.0 ;
    %load/vec4 v0000021524febb50_0;
    %assign/vec4 v0000021524feac50_0, 0;
    %load/vec4 v0000021524feac50_0;
    %assign/vec4 v0000021524feb8d0_0, 0;
T_1.1 ;
    %jmp T_1;
    .thread T_1;
    .scope S_0000021524f7e180;
T_2 ;
    %wait E_0000021524f5acb0;
    %load/vec4 v0000021524feb0b0_0;
    %nor/r;
    %flag_set/vec4 8;
    %jmp/0xz  T_2.0, 8;
    %pushi/vec4 0, 0, 20;
    %assign/vec4 v0000021524feb470_0, 0;
    %jmp T_2.1;
T_2.0 ;
    %load/vec4 v0000021524feb010_0;
    %flag_set/vec4 8;
    %jmp/0xz  T_2.2, 8;
    %load/vec4 v0000021524feb470_0;
    %pad/u 32;
    %cmpi/e 49, 0, 32;
    %jmp/0xz  T_2.4, 4;
    %pushi/vec4 0, 0, 20;
    %assign/vec4 v0000021524feb470_0, 0;
    %jmp T_2.5;
T_2.4 ;
    %load/vec4 v0000021524feb470_0;
    %addi 1, 0, 20;
    %assign/vec4 v0000021524feb470_0, 0;
T_2.5 ;
T_2.2 ;
T_2.1 ;
    %jmp T_2;
    .thread T_2;
    .scope S_0000021524f7e180;
T_3 ;
    %wait E_0000021524f5acb0;
    %load/vec4 v0000021524feb0b0_0;
    %nor/r;
    %flag_set/vec4 8;
    %jmp/0xz  T_3.0, 8;
    %pushi/vec4 0, 0, 1;
    %assign/vec4 v0000021524feb010_0, 0;
    %jmp T_3.1;
T_3.0 ;
    %load/vec4 v0000021524febdd0_0;
    %flag_set/vec4 8;
    %jmp/0xz  T_3.2, 8;
    %pushi/vec4 1, 0, 1;
    %assign/vec4 v0000021524feb010_0, 0;
    %jmp T_3.3;
T_3.2 ;
    %load/vec4 v0000021524feb470_0;
    %pad/u 32;
    %cmpi/e 49, 0, 32;
    %jmp/0xz  T_3.4, 4;
    %pushi/vec4 0, 0, 1;
    %assign/vec4 v0000021524feb010_0, 0;
T_3.4 ;
T_3.3 ;
T_3.1 ;
    %jmp T_3;
    .thread T_3;
    .scope S_0000021524f7e180;
T_4 ;
    %wait E_0000021524f5acb0;
    %load/vec4 v0000021524feb0b0_0;
    %nor/r;
    %flag_set/vec4 8;
    %jmp/0xz  T_4.0, 8;
    %pushi/vec4 0, 0, 1;
    %assign/vec4 v0000021524feabb0_0, 0;
    %jmp T_4.1;
T_4.0 ;
    %load/vec4 v0000021524feb470_0;
    %pad/u 32;
    %cmpi/e 49, 0, 32;
    %jmp/0xz  T_4.2, 4;
    %load/vec4 v0000021524feac50_0;
    %assign/vec4 v0000021524feabb0_0, 0;
    %jmp T_4.3;
T_4.2 ;
    %pushi/vec4 0, 0, 1;
    %assign/vec4 v0000021524feabb0_0, 0;
T_4.3 ;
T_4.1 ;
    %jmp T_4;
    .thread T_4;
    .scope S_0000021524f7e310;
T_5 ;
    %pushi/vec4 0, 0, 20;
    %store/vec4 v0000021524fead90_0, 0, 20;
    %end;
    .thread T_5;
    .scope S_0000021524f7e310;
T_6 ;
    %wait E_0000021524f5acb0;
    %load/vec4 v0000021524feaf70_0;
    %cmpi/e 0, 0, 1;
    %jmp/0xz  T_6.0, 4;
    %pushi/vec4 1, 0, 1;
    %assign/vec4 v0000021524fea7f0_0, 0;
    %pushi/vec4 1, 0, 1;
    %assign/vec4 v0000021524fea570_0, 0;
    %jmp T_6.1;
T_6.0 ;
    %load/vec4 v0000021524feb6f0_0;
    %assign/vec4 v0000021524fea7f0_0, 0;
    %load/vec4 v0000021524fea7f0_0;
    %assign/vec4 v0000021524fea570_0, 0;
T_6.1 ;
    %jmp T_6;
    .thread T_6;
    .scope S_0000021524f7e310;
T_7 ;
    %wait E_0000021524f5acb0;
    %load/vec4 v0000021524feaf70_0;
    %nor/r;
    %flag_set/vec4 8;
    %jmp/0xz  T_7.0, 8;
    %pushi/vec4 0, 0, 20;
    %assign/vec4 v0000021524fead90_0, 0;
    %jmp T_7.1;
T_7.0 ;
    %load/vec4 v0000021524feb510_0;
    %flag_set/vec4 8;
    %jmp/0xz  T_7.2, 8;
    %load/vec4 v0000021524fead90_0;
    %pad/u 32;
    %cmpi/e 49, 0, 32;
    %jmp/0xz  T_7.4, 4;
    %pushi/vec4 0, 0, 20;
    %assign/vec4 v0000021524fead90_0, 0;
    %jmp T_7.5;
T_7.4 ;
    %load/vec4 v0000021524fead90_0;
    %addi 1, 0, 20;
    %assign/vec4 v0000021524fead90_0, 0;
T_7.5 ;
T_7.2 ;
T_7.1 ;
    %jmp T_7;
    .thread T_7;
    .scope S_0000021524f7e310;
T_8 ;
    %wait E_0000021524f5acb0;
    %load/vec4 v0000021524feaf70_0;
    %nor/r;
    %flag_set/vec4 8;
    %jmp/0xz  T_8.0, 8;
    %pushi/vec4 0, 0, 1;
    %assign/vec4 v0000021524feb510_0, 0;
    %jmp T_8.1;
T_8.0 ;
    %load/vec4 v0000021524febd30_0;
    %flag_set/vec4 8;
    %jmp/0xz  T_8.2, 8;
    %pushi/vec4 1, 0, 1;
    %assign/vec4 v0000021524feb510_0, 0;
    %jmp T_8.3;
T_8.2 ;
    %load/vec4 v0000021524fead90_0;
    %pad/u 32;
    %cmpi/e 49, 0, 32;
    %jmp/0xz  T_8.4, 4;
    %pushi/vec4 0, 0, 1;
    %assign/vec4 v0000021524feb510_0, 0;
T_8.4 ;
T_8.3 ;
T_8.1 ;
    %jmp T_8;
    .thread T_8;
    .scope S_0000021524f7e310;
T_9 ;
    %wait E_0000021524f5acb0;
    %load/vec4 v0000021524feaf70_0;
    %nor/r;
    %flag_set/vec4 8;
    %jmp/0xz  T_9.0, 8;
    %pushi/vec4 0, 0, 1;
    %assign/vec4 v0000021524feb970_0, 0;
    %jmp T_9.1;
T_9.0 ;
    %load/vec4 v0000021524fead90_0;
    %pad/u 32;
    %cmpi/e 49, 0, 32;
    %jmp/0xz  T_9.2, 4;
    %load/vec4 v0000021524fea7f0_0;
    %assign/vec4 v0000021524feb970_0, 0;
    %jmp T_9.3;
T_9.2 ;
    %pushi/vec4 0, 0, 1;
    %assign/vec4 v0000021524feb970_0, 0;
T_9.3 ;
T_9.1 ;
    %jmp T_9;
    .thread T_9;
    .scope S_0000021524f0b8c0;
T_10 ;
    %wait E_0000021524f5acb0;
    %load/vec4 v0000021524f4d630_0;
    %nor/r;
    %flag_set/vec4 8;
    %jmp/0xz  T_10.0, 8;
    %pushi/vec4 0, 0, 3;
    %assign/vec4 v0000021524f4df90_0, 0;
    %jmp T_10.1;
T_10.0 ;
    %load/vec4 v0000021524f4de50_0;
    %assign/vec4 v0000021524f4df90_0, 0;
T_10.1 ;
    %jmp T_10;
    .thread T_10;
    .scope S_0000021524f0b8c0;
T_11 ;
    %wait E_0000021524f5acb0;
    %load/vec4 v0000021524f4d630_0;
    %nor/r;
    %flag_set/vec4 8;
    %jmp/0xz  T_11.0, 8;
    %pushi/vec4 0, 0, 1;
    %store/vec4 v0000021524f4da90_0, 0, 1;
    %jmp T_11.1;
T_11.0 ;
    %load/vec4 v0000021524f4de50_0;
    %dup/vec4;
    %pushi/vec4 0, 0, 3;
    %cmp/u;
    %jmp/1 T_11.2, 6;
    %dup/vec4;
    %pushi/vec4 1, 0, 3;
    %cmp/u;
    %jmp/1 T_11.3, 6;
    %dup/vec4;
    %pushi/vec4 2, 0, 3;
    %cmp/u;
    %jmp/1 T_11.4, 6;
    %dup/vec4;
    %pushi/vec4 3, 0, 3;
    %cmp/u;
    %jmp/1 T_11.5, 6;
    %dup/vec4;
    %pushi/vec4 4, 0, 3;
    %cmp/u;
    %jmp/1 T_11.6, 6;
    %dup/vec4;
    %pushi/vec4 5, 0, 3;
    %cmp/u;
    %jmp/1 T_11.7, 6;
    %pushi/vec4 0, 0, 1;
    %assign/vec4 v0000021524f4da90_0, 0;
    %jmp T_11.9;
T_11.2 ;
    %pushi/vec4 0, 0, 1;
    %assign/vec4 v0000021524f4da90_0, 0;
    %jmp T_11.9;
T_11.3 ;
    %pushi/vec4 0, 0, 1;
    %assign/vec4 v0000021524f4da90_0, 0;
    %jmp T_11.9;
T_11.4 ;
    %pushi/vec4 0, 0, 1;
    %assign/vec4 v0000021524f4da90_0, 0;
    %jmp T_11.9;
T_11.5 ;
    %pushi/vec4 0, 0, 1;
    %assign/vec4 v0000021524f4da90_0, 0;
    %jmp T_11.9;
T_11.6 ;
    %pushi/vec4 0, 0, 1;
    %assign/vec4 v0000021524f4da90_0, 0;
    %jmp T_11.9;
T_11.7 ;
    %pushi/vec4 1, 0, 1;
    %assign/vec4 v0000021524f4da90_0, 0;
    %jmp T_11.9;
T_11.9 ;
    %pop/vec4 1;
T_11.1 ;
    %jmp T_11;
    .thread T_11;
    .scope S_0000021524f0b8c0;
T_12 ;
    %wait E_0000021524f5afb0;
    %load/vec4 v0000021524f4df90_0;
    %dup/vec4;
    %pushi/vec4 0, 0, 3;
    %cmp/u;
    %jmp/1 T_12.0, 6;
    %dup/vec4;
    %pushi/vec4 1, 0, 3;
    %cmp/u;
    %jmp/1 T_12.1, 6;
    %dup/vec4;
    %pushi/vec4 2, 0, 3;
    %cmp/u;
    %jmp/1 T_12.2, 6;
    %dup/vec4;
    %pushi/vec4 3, 0, 3;
    %cmp/u;
    %jmp/1 T_12.3, 6;
    %dup/vec4;
    %pushi/vec4 4, 0, 3;
    %cmp/u;
    %jmp/1 T_12.4, 6;
    %dup/vec4;
    %pushi/vec4 5, 0, 3;
    %cmp/u;
    %jmp/1 T_12.5, 6;
    %jmp T_12.6;
T_12.0 ;
    %load/vec4 v0000021524f4e350_0;
    %load/vec4 v0000021524f4d590_0;
    %concat/vec4; draw_concat_vec4
    %cmpi/e 1, 0, 2;
    %jmp/0xz  T_12.7, 4;
    %pushi/vec4 1, 0, 3;
    %store/vec4 v0000021524f4de50_0, 0, 3;
    %jmp T_12.8;
T_12.7 ;
    %pushi/vec4 0, 0, 3;
    %store/vec4 v0000021524f4de50_0, 0, 3;
T_12.8 ;
    %jmp T_12.6;
T_12.1 ;
    %load/vec4 v0000021524f4e350_0;
    %load/vec4 v0000021524f4d590_0;
    %concat/vec4; draw_concat_vec4
    %cmpi/e 2, 0, 2;
    %jmp/0xz  T_12.9, 4;
    %pushi/vec4 2, 0, 3;
    %store/vec4 v0000021524f4de50_0, 0, 3;
    %jmp T_12.10;
T_12.9 ;
    %pushi/vec4 1, 0, 3;
    %store/vec4 v0000021524f4de50_0, 0, 3;
T_12.10 ;
    %jmp T_12.6;
T_12.2 ;
    %load/vec4 v0000021524f4e350_0;
    %load/vec4 v0000021524f4d590_0;
    %concat/vec4; draw_concat_vec4
    %cmpi/e 2, 0, 2;
    %jmp/0xz  T_12.11, 4;
    %pushi/vec4 3, 0, 3;
    %store/vec4 v0000021524f4de50_0, 0, 3;
    %jmp T_12.12;
T_12.11 ;
    %load/vec4 v0000021524f4e350_0;
    %load/vec4 v0000021524f4d590_0;
    %concat/vec4; draw_concat_vec4
    %cmpi/e 1, 0, 2;
    %jmp/0xz  T_12.13, 4;
    %pushi/vec4 1, 0, 3;
    %store/vec4 v0000021524f4de50_0, 0, 3;
    %jmp T_12.14;
T_12.13 ;
    %pushi/vec4 2, 0, 3;
    %store/vec4 v0000021524f4de50_0, 0, 3;
T_12.14 ;
T_12.12 ;
    %jmp T_12.6;
T_12.3 ;
    %load/vec4 v0000021524f4e350_0;
    %load/vec4 v0000021524f4d590_0;
    %concat/vec4; draw_concat_vec4
    %cmpi/e 1, 0, 2;
    %jmp/0xz  T_12.15, 4;
    %pushi/vec4 4, 0, 3;
    %store/vec4 v0000021524f4de50_0, 0, 3;
    %jmp T_12.16;
T_12.15 ;
    %load/vec4 v0000021524f4e350_0;
    %load/vec4 v0000021524f4d590_0;
    %concat/vec4; draw_concat_vec4
    %cmpi/e 2, 0, 2;
    %jmp/0xz  T_12.17, 4;
    %pushi/vec4 0, 0, 3;
    %store/vec4 v0000021524f4de50_0, 0, 3;
    %jmp T_12.18;
T_12.17 ;
    %pushi/vec4 3, 0, 3;
    %store/vec4 v0000021524f4de50_0, 0, 3;
T_12.18 ;
T_12.16 ;
    %jmp T_12.6;
T_12.4 ;
    %load/vec4 v0000021524f4e350_0;
    %load/vec4 v0000021524f4d590_0;
    %concat/vec4; draw_concat_vec4
    %cmpi/e 2, 0, 2;
    %jmp/0xz  T_12.19, 4;
    %pushi/vec4 5, 0, 3;
    %store/vec4 v0000021524f4de50_0, 0, 3;
    %jmp T_12.20;
T_12.19 ;
    %load/vec4 v0000021524f4e350_0;
    %load/vec4 v0000021524f4d590_0;
    %concat/vec4; draw_concat_vec4
    %cmpi/e 1, 0, 2;
    %jmp/0xz  T_12.21, 4;
    %pushi/vec4 1, 0, 3;
    %store/vec4 v0000021524f4de50_0, 0, 3;
    %jmp T_12.22;
T_12.21 ;
    %pushi/vec4 4, 0, 3;
    %store/vec4 v0000021524f4de50_0, 0, 3;
T_12.22 ;
T_12.20 ;
    %jmp T_12.6;
T_12.5 ;
    %load/vec4 v0000021524f4e350_0;
    %load/vec4 v0000021524f4d590_0;
    %concat/vec4; draw_concat_vec4
    %cmpi/e 2, 0, 2;
    %jmp/0xz  T_12.23, 4;
    %pushi/vec4 0, 0, 3;
    %store/vec4 v0000021524f4de50_0, 0, 3;
    %jmp T_12.24;
T_12.23 ;
    %load/vec4 v0000021524f4e350_0;
    %load/vec4 v0000021524f4d590_0;
    %concat/vec4; draw_concat_vec4
    %cmpi/e 1, 0, 2;
    %jmp/0xz  T_12.25, 4;
    %pushi/vec4 1, 0, 3;
    %store/vec4 v0000021524f4de50_0, 0, 3;
    %jmp T_12.26;
T_12.25 ;
    %pushi/vec4 5, 0, 3;
    %store/vec4 v0000021524f4de50_0, 0, 3;
T_12.26 ;
T_12.24 ;
    %jmp T_12.6;
T_12.6 ;
    %pop/vec4 1;
    %jmp T_12;
    .thread T_12, $push;
    .scope S_0000021524f54ff0;
T_13 ;
    %wait E_0000021524f5acb0;
    %load/vec4 v0000021524f4d8b0_0;
    %nor/r;
    %flag_set/vec4 8;
    %jmp/0xz  T_13.0, 8;
    %pushi/vec4 0, 0, 16;
    %assign/vec4 v0000021524f4def0_0, 0;
    %jmp T_13.1;
T_13.0 ;
    %load/vec4 v0000021524f4def0_0;
    %pad/u 32;
    %cmpi/u 499, 0, 32;
    %flag_inv 5; GE is !LT
    %jmp/0xz  T_13.2, 5;
    %pushi/vec4 0, 0, 16;
    %assign/vec4 v0000021524f4def0_0, 0;
    %jmp T_13.3;
T_13.2 ;
    %load/vec4 v0000021524f4def0_0;
    %addi 1, 0, 16;
    %assign/vec4 v0000021524f4def0_0, 0;
T_13.3 ;
T_13.1 ;
    %jmp T_13;
    .thread T_13;
    .scope S_0000021524f54ff0;
T_14 ;
    %wait E_0000021524f5acb0;
    %load/vec4 v0000021524f4d8b0_0;
    %nor/r;
    %flag_set/vec4 8;
    %jmp/0xz  T_14.0, 8;
    %pushi/vec4 0, 0, 1;
    %assign/vec4 v0000021524f4d950_0, 0;
    %jmp T_14.1;
T_14.0 ;
    %load/vec4 v0000021524f4def0_0;
    %pad/u 32;
    %cmpi/e 499, 0, 32;
    %jmp/0xz  T_14.2, 4;
    %pushi/vec4 1, 0, 1;
    %assign/vec4 v0000021524f4d950_0, 0;
    %jmp T_14.3;
T_14.2 ;
    %pushi/vec4 0, 0, 1;
    %assign/vec4 v0000021524f4d950_0, 0;
T_14.3 ;
T_14.1 ;
    %jmp T_14;
    .thread T_14;
    .scope S_0000021524f54ff0;
T_15 ;
    %wait E_0000021524f5acb0;
    %load/vec4 v0000021524f4d8b0_0;
    %nor/r;
    %flag_set/vec4 8;
    %jmp/0xz  T_15.0, 8;
    %pushi/vec4 0, 0, 3;
    %assign/vec4 v0000021524f4d770_0, 0;
    %jmp T_15.1;
T_15.0 ;
    %load/vec4 v0000021524f4d950_0;
    %flag_set/vec4 8;
    %jmp/0xz  T_15.2, 8;
    %load/vec4 v0000021524fea1b0_0;
    %pad/u 32;
    %cmpi/ne 0, 0, 32;
    %jmp/0xz  T_15.4, 4;
    %load/vec4 v0000021524f4d770_0;
    %pad/u 32;
    %load/vec4 v0000021524fea1b0_0;
    %pad/u 32;
    %subi 1, 0, 32;
    %cmp/e;
    %flag_mov 8, 4;
    %jmp/0 T_15.6, 8;
    %pushi/vec4 0, 0, 3;
    %jmp/1 T_15.7, 8;
T_15.6 ; End of true expr.
    %load/vec4 v0000021524f4d770_0;
    %addi 1, 0, 3;
    %jmp/0 T_15.7, 8;
 ; End of false expr.
    %blend;
T_15.7;
    %assign/vec4 v0000021524f4d770_0, 0;
    %jmp T_15.5;
T_15.4 ;
    %pushi/vec4 0, 0, 3;
    %assign/vec4 v0000021524f4d770_0, 0;
T_15.5 ;
T_15.2 ;
T_15.1 ;
    %jmp T_15;
    .thread T_15;
    .scope S_0000021524f54ff0;
T_16 ;
    %wait E_0000021524f5adf0;
    %load/vec4 v0000021524fea1b0_0;
    %dup/vec4;
    %pushi/vec4 0, 0, 3;
    %cmp/u;
    %jmp/1 T_16.0, 6;
    %dup/vec4;
    %pushi/vec4 1, 0, 3;
    %cmp/u;
    %jmp/1 T_16.1, 6;
    %dup/vec4;
    %pushi/vec4 2, 0, 3;
    %cmp/u;
    %jmp/1 T_16.2, 6;
    %dup/vec4;
    %pushi/vec4 3, 0, 3;
    %cmp/u;
    %jmp/1 T_16.3, 6;
    %dup/vec4;
    %pushi/vec4 4, 0, 3;
    %cmp/u;
    %jmp/1 T_16.4, 6;
    %dup/vec4;
    %pushi/vec4 5, 0, 3;
    %cmp/u;
    %jmp/1 T_16.5, 6;
    %jmp T_16.6;
T_16.0 ;
    %pushi/vec4 0, 0, 8;
    %store/vec4 v0000021524f4dbd0_0, 0, 8;
    %jmp T_16.6;
T_16.1 ;
    %load/vec4 v0000021524f4d770_0;
    %dup/vec4;
    %pushi/vec4 0, 0, 3;
    %cmp/u;
    %jmp/1 T_16.7, 6;
    %jmp T_16.8;
T_16.7 ;
    %pushi/vec4 1, 0, 8;
    %store/vec4 v0000021524f4dbd0_0, 0, 8;
    %jmp T_16.8;
T_16.8 ;
    %pop/vec4 1;
    %jmp T_16.6;
T_16.2 ;
    %load/vec4 v0000021524f4d770_0;
    %dup/vec4;
    %pushi/vec4 0, 0, 3;
    %cmp/u;
    %jmp/1 T_16.9, 6;
    %dup/vec4;
    %pushi/vec4 1, 0, 3;
    %cmp/u;
    %jmp/1 T_16.10, 6;
    %jmp T_16.11;
T_16.9 ;
    %pushi/vec4 1, 0, 8;
    %store/vec4 v0000021524f4dbd0_0, 0, 8;
    %jmp T_16.11;
T_16.10 ;
    %pushi/vec4 2, 0, 8;
    %store/vec4 v0000021524f4dbd0_0, 0, 8;
    %jmp T_16.11;
T_16.11 ;
    %pop/vec4 1;
    %jmp T_16.6;
T_16.3 ;
    %load/vec4 v0000021524f4d770_0;
    %dup/vec4;
    %pushi/vec4 0, 0, 3;
    %cmp/u;
    %jmp/1 T_16.12, 6;
    %dup/vec4;
    %pushi/vec4 1, 0, 3;
    %cmp/u;
    %jmp/1 T_16.13, 6;
    %dup/vec4;
    %pushi/vec4 2, 0, 3;
    %cmp/u;
    %jmp/1 T_16.14, 6;
    %jmp T_16.15;
T_16.12 ;
    %pushi/vec4 1, 0, 8;
    %store/vec4 v0000021524f4dbd0_0, 0, 8;
    %jmp T_16.15;
T_16.13 ;
    %pushi/vec4 2, 0, 8;
    %store/vec4 v0000021524f4dbd0_0, 0, 8;
    %jmp T_16.15;
T_16.14 ;
    %pushi/vec4 4, 0, 8;
    %store/vec4 v0000021524f4dbd0_0, 0, 8;
    %jmp T_16.15;
T_16.15 ;
    %pop/vec4 1;
    %jmp T_16.6;
T_16.4 ;
    %load/vec4 v0000021524f4d770_0;
    %dup/vec4;
    %pushi/vec4 0, 0, 3;
    %cmp/u;
    %jmp/1 T_16.16, 6;
    %dup/vec4;
    %pushi/vec4 1, 0, 3;
    %cmp/u;
    %jmp/1 T_16.17, 6;
    %dup/vec4;
    %pushi/vec4 2, 0, 3;
    %cmp/u;
    %jmp/1 T_16.18, 6;
    %dup/vec4;
    %pushi/vec4 3, 0, 3;
    %cmp/u;
    %jmp/1 T_16.19, 6;
    %jmp T_16.20;
T_16.16 ;
    %pushi/vec4 1, 0, 8;
    %store/vec4 v0000021524f4dbd0_0, 0, 8;
    %jmp T_16.20;
T_16.17 ;
    %pushi/vec4 2, 0, 8;
    %store/vec4 v0000021524f4dbd0_0, 0, 8;
    %jmp T_16.20;
T_16.18 ;
    %pushi/vec4 4, 0, 8;
    %store/vec4 v0000021524f4dbd0_0, 0, 8;
    %jmp T_16.20;
T_16.19 ;
    %pushi/vec4 8, 0, 8;
    %store/vec4 v0000021524f4dbd0_0, 0, 8;
    %jmp T_16.20;
T_16.20 ;
    %pop/vec4 1;
    %jmp T_16.6;
T_16.5 ;
    %load/vec4 v0000021524f4d770_0;
    %dup/vec4;
    %pushi/vec4 0, 0, 3;
    %cmp/u;
    %jmp/1 T_16.21, 6;
    %dup/vec4;
    %pushi/vec4 1, 0, 3;
    %cmp/u;
    %jmp/1 T_16.22, 6;
    %dup/vec4;
    %pushi/vec4 2, 0, 3;
    %cmp/u;
    %jmp/1 T_16.23, 6;
    %dup/vec4;
    %pushi/vec4 3, 0, 3;
    %cmp/u;
    %jmp/1 T_16.24, 6;
    %dup/vec4;
    %pushi/vec4 4, 0, 3;
    %cmp/u;
    %jmp/1 T_16.25, 6;
    %jmp T_16.26;
T_16.21 ;
    %pushi/vec4 1, 0, 8;
    %store/vec4 v0000021524f4dbd0_0, 0, 8;
    %jmp T_16.26;
T_16.22 ;
    %pushi/vec4 2, 0, 8;
    %store/vec4 v0000021524f4dbd0_0, 0, 8;
    %jmp T_16.26;
T_16.23 ;
    %pushi/vec4 4, 0, 8;
    %store/vec4 v0000021524f4dbd0_0, 0, 8;
    %jmp T_16.26;
T_16.24 ;
    %pushi/vec4 8, 0, 8;
    %store/vec4 v0000021524f4dbd0_0, 0, 8;
    %jmp T_16.26;
T_16.25 ;
    %pushi/vec4 16, 0, 8;
    %store/vec4 v0000021524f4dbd0_0, 0, 8;
    %jmp T_16.26;
T_16.26 ;
    %pop/vec4 1;
    %jmp T_16.6;
T_16.6 ;
    %pop/vec4 1;
    %jmp T_16;
    .thread T_16;
    .scope S_0000021524f54ff0;
T_17 ;
    %wait E_0000021524f5adf0;
    %load/vec4 v0000021524f4d770_0;
    %dup/vec4;
    %pushi/vec4 0, 0, 3;
    %cmp/u;
    %jmp/1 T_17.0, 6;
    %dup/vec4;
    %pushi/vec4 1, 0, 3;
    %cmp/u;
    %jmp/1 T_17.1, 6;
    %dup/vec4;
    %pushi/vec4 2, 0, 3;
    %cmp/u;
    %jmp/1 T_17.2, 6;
    %dup/vec4;
    %pushi/vec4 3, 0, 3;
    %cmp/u;
    %jmp/1 T_17.3, 6;
    %dup/vec4;
    %pushi/vec4 4, 0, 3;
    %cmp/u;
    %jmp/1 T_17.4, 6;
    %dup/vec4;
    %pushi/vec4 5, 0, 3;
    %cmp/u;
    %jmp/1 T_17.5, 6;
    %dup/vec4;
    %pushi/vec4 6, 0, 3;
    %cmp/u;
    %jmp/1 T_17.6, 6;
    %dup/vec4;
    %pushi/vec4 7, 0, 3;
    %cmp/u;
    %jmp/1 T_17.7, 6;
    %jmp T_17.8;
T_17.0 ;
    %load/vec4 v0000021524f4e210_0;
    %parti/s 4, 0, 2;
    %store/vec4 v0000021524f4e2b0_0, 0, 4;
    %jmp T_17.8;
T_17.1 ;
    %load/vec4 v0000021524f4e210_0;
    %parti/s 4, 4, 4;
    %store/vec4 v0000021524f4e2b0_0, 0, 4;
    %jmp T_17.8;
T_17.2 ;
    %load/vec4 v0000021524f4e210_0;
    %parti/s 4, 8, 5;
    %store/vec4 v0000021524f4e2b0_0, 0, 4;
    %jmp T_17.8;
T_17.3 ;
    %load/vec4 v0000021524f4e210_0;
    %parti/s 4, 12, 5;
    %store/vec4 v0000021524f4e2b0_0, 0, 4;
    %jmp T_17.8;
T_17.4 ;
    %load/vec4 v0000021524f4e210_0;
    %parti/s 4, 16, 6;
    %store/vec4 v0000021524f4d6d0_0, 0, 4;
    %jmp T_17.8;
T_17.5 ;
    %load/vec4 v0000021524f4e210_0;
    %parti/s 4, 20, 6;
    %store/vec4 v0000021524f4d6d0_0, 0, 4;
    %jmp T_17.8;
T_17.6 ;
    %load/vec4 v0000021524f4e210_0;
    %parti/s 4, 24, 6;
    %store/vec4 v0000021524f4d6d0_0, 0, 4;
    %jmp T_17.8;
T_17.7 ;
    %load/vec4 v0000021524f4e210_0;
    %parti/s 4, 28, 6;
    %store/vec4 v0000021524f4d6d0_0, 0, 4;
    %jmp T_17.8;
T_17.8 ;
    %pop/vec4 1;
    %jmp T_17;
    .thread T_17;
    .scope S_0000021524f54ff0;
T_18 ;
    %wait E_0000021524f5adf0;
    %load/vec4 v0000021524f4e2b0_0;
    %dup/vec4;
    %pushi/vec4 0, 0, 4;
    %cmp/u;
    %jmp/1 T_18.0, 6;
    %dup/vec4;
    %pushi/vec4 1, 0, 4;
    %cmp/u;
    %jmp/1 T_18.1, 6;
    %dup/vec4;
    %pushi/vec4 2, 0, 4;
    %cmp/u;
    %jmp/1 T_18.2, 6;
    %dup/vec4;
    %pushi/vec4 3, 0, 4;
    %cmp/u;
    %jmp/1 T_18.3, 6;
    %dup/vec4;
    %pushi/vec4 4, 0, 4;
    %cmp/u;
    %jmp/1 T_18.4, 6;
    %dup/vec4;
    %pushi/vec4 5, 0, 4;
    %cmp/u;
    %jmp/1 T_18.5, 6;
    %dup/vec4;
    %pushi/vec4 6, 0, 4;
    %cmp/u;
    %jmp/1 T_18.6, 6;
    %dup/vec4;
    %pushi/vec4 7, 0, 4;
    %cmp/u;
    %jmp/1 T_18.7, 6;
    %dup/vec4;
    %pushi/vec4 8, 0, 4;
    %cmp/u;
    %jmp/1 T_18.8, 6;
    %dup/vec4;
    %pushi/vec4 9, 0, 4;
    %cmp/u;
    %jmp/1 T_18.9, 6;
    %dup/vec4;
    %pushi/vec4 10, 0, 4;
    %cmp/u;
    %jmp/1 T_18.10, 6;
    %dup/vec4;
    %pushi/vec4 11, 0, 4;
    %cmp/u;
    %jmp/1 T_18.11, 6;
    %dup/vec4;
    %pushi/vec4 12, 0, 4;
    %cmp/u;
    %jmp/1 T_18.12, 6;
    %dup/vec4;
    %pushi/vec4 13, 0, 4;
    %cmp/u;
    %jmp/1 T_18.13, 6;
    %dup/vec4;
    %pushi/vec4 14, 0, 4;
    %cmp/u;
    %jmp/1 T_18.14, 6;
    %dup/vec4;
    %pushi/vec4 15, 0, 4;
    %cmp/u;
    %jmp/1 T_18.15, 6;
    %jmp T_18.16;
T_18.0 ;
    %pushi/vec4 63, 0, 8;
    %store/vec4 v0000021524f4d9f0_0, 0, 8;
    %jmp T_18.16;
T_18.1 ;
    %pushi/vec4 6, 0, 8;
    %store/vec4 v0000021524f4d9f0_0, 0, 8;
    %jmp T_18.16;
T_18.2 ;
    %pushi/vec4 91, 0, 8;
    %store/vec4 v0000021524f4d9f0_0, 0, 8;
    %jmp T_18.16;
T_18.3 ;
    %pushi/vec4 79, 0, 8;
    %store/vec4 v0000021524f4d9f0_0, 0, 8;
    %jmp T_18.16;
T_18.4 ;
    %pushi/vec4 102, 0, 8;
    %store/vec4 v0000021524f4d9f0_0, 0, 8;
    %jmp T_18.16;
T_18.5 ;
    %pushi/vec4 109, 0, 8;
    %store/vec4 v0000021524f4d9f0_0, 0, 8;
    %jmp T_18.16;
T_18.6 ;
    %pushi/vec4 125, 0, 8;
    %store/vec4 v0000021524f4d9f0_0, 0, 8;
    %jmp T_18.16;
T_18.7 ;
    %pushi/vec4 7, 0, 8;
    %store/vec4 v0000021524f4d9f0_0, 0, 8;
    %jmp T_18.16;
T_18.8 ;
    %pushi/vec4 127, 0, 8;
    %store/vec4 v0000021524f4d9f0_0, 0, 8;
    %jmp T_18.16;
T_18.9 ;
    %pushi/vec4 111, 0, 8;
    %store/vec4 v0000021524f4d9f0_0, 0, 8;
    %jmp T_18.16;
T_18.10 ;
    %pushi/vec4 119, 0, 8;
    %store/vec4 v0000021524f4d9f0_0, 0, 8;
    %jmp T_18.16;
T_18.11 ;
    %pushi/vec4 124, 0, 8;
    %store/vec4 v0000021524f4d9f0_0, 0, 8;
    %jmp T_18.16;
T_18.12 ;
    %pushi/vec4 57, 0, 8;
    %store/vec4 v0000021524f4d9f0_0, 0, 8;
    %jmp T_18.16;
T_18.13 ;
    %pushi/vec4 94, 0, 8;
    %store/vec4 v0000021524f4d9f0_0, 0, 8;
    %jmp T_18.16;
T_18.14 ;
    %pushi/vec4 121, 0, 8;
    %store/vec4 v0000021524f4d9f0_0, 0, 8;
    %jmp T_18.16;
T_18.15 ;
    %pushi/vec4 113, 0, 8;
    %store/vec4 v0000021524f4d9f0_0, 0, 8;
    %jmp T_18.16;
T_18.16 ;
    %pop/vec4 1;
    %jmp T_18;
    .thread T_18;
    .scope S_0000021524f54ff0;
T_19 ;
    %wait E_0000021524f5adf0;
    %load/vec4 v0000021524f4d6d0_0;
    %dup/vec4;
    %pushi/vec4 0, 0, 4;
    %cmp/u;
    %jmp/1 T_19.0, 6;
    %dup/vec4;
    %pushi/vec4 1, 0, 4;
    %cmp/u;
    %jmp/1 T_19.1, 6;
    %dup/vec4;
    %pushi/vec4 2, 0, 4;
    %cmp/u;
    %jmp/1 T_19.2, 6;
    %dup/vec4;
    %pushi/vec4 3, 0, 4;
    %cmp/u;
    %jmp/1 T_19.3, 6;
    %dup/vec4;
    %pushi/vec4 4, 0, 4;
    %cmp/u;
    %jmp/1 T_19.4, 6;
    %dup/vec4;
    %pushi/vec4 5, 0, 4;
    %cmp/u;
    %jmp/1 T_19.5, 6;
    %dup/vec4;
    %pushi/vec4 6, 0, 4;
    %cmp/u;
    %jmp/1 T_19.6, 6;
    %dup/vec4;
    %pushi/vec4 7, 0, 4;
    %cmp/u;
    %jmp/1 T_19.7, 6;
    %dup/vec4;
    %pushi/vec4 8, 0, 4;
    %cmp/u;
    %jmp/1 T_19.8, 6;
    %dup/vec4;
    %pushi/vec4 9, 0, 4;
    %cmp/u;
    %jmp/1 T_19.9, 6;
    %dup/vec4;
    %pushi/vec4 10, 0, 4;
    %cmp/u;
    %jmp/1 T_19.10, 6;
    %dup/vec4;
    %pushi/vec4 11, 0, 4;
    %cmp/u;
    %jmp/1 T_19.11, 6;
    %dup/vec4;
    %pushi/vec4 12, 0, 4;
    %cmp/u;
    %jmp/1 T_19.12, 6;
    %dup/vec4;
    %pushi/vec4 13, 0, 4;
    %cmp/u;
    %jmp/1 T_19.13, 6;
    %dup/vec4;
    %pushi/vec4 14, 0, 4;
    %cmp/u;
    %jmp/1 T_19.14, 6;
    %dup/vec4;
    %pushi/vec4 15, 0, 4;
    %cmp/u;
    %jmp/1 T_19.15, 6;
    %jmp T_19.16;
T_19.0 ;
    %pushi/vec4 63, 0, 8;
    %store/vec4 v0000021524f4d810_0, 0, 8;
    %jmp T_19.16;
T_19.1 ;
    %pushi/vec4 6, 0, 8;
    %store/vec4 v0000021524f4d810_0, 0, 8;
    %jmp T_19.16;
T_19.2 ;
    %pushi/vec4 91, 0, 8;
    %store/vec4 v0000021524f4d810_0, 0, 8;
    %jmp T_19.16;
T_19.3 ;
    %pushi/vec4 79, 0, 8;
    %store/vec4 v0000021524f4d810_0, 0, 8;
    %jmp T_19.16;
T_19.4 ;
    %pushi/vec4 102, 0, 8;
    %store/vec4 v0000021524f4d810_0, 0, 8;
    %jmp T_19.16;
T_19.5 ;
    %pushi/vec4 109, 0, 8;
    %store/vec4 v0000021524f4d810_0, 0, 8;
    %jmp T_19.16;
T_19.6 ;
    %pushi/vec4 125, 0, 8;
    %store/vec4 v0000021524f4d810_0, 0, 8;
    %jmp T_19.16;
T_19.7 ;
    %pushi/vec4 7, 0, 8;
    %store/vec4 v0000021524f4d810_0, 0, 8;
    %jmp T_19.16;
T_19.8 ;
    %pushi/vec4 127, 0, 8;
    %store/vec4 v0000021524f4d810_0, 0, 8;
    %jmp T_19.16;
T_19.9 ;
    %pushi/vec4 111, 0, 8;
    %store/vec4 v0000021524f4d810_0, 0, 8;
    %jmp T_19.16;
T_19.10 ;
    %pushi/vec4 119, 0, 8;
    %store/vec4 v0000021524f4d810_0, 0, 8;
    %jmp T_19.16;
T_19.11 ;
    %pushi/vec4 124, 0, 8;
    %store/vec4 v0000021524f4d810_0, 0, 8;
    %jmp T_19.16;
T_19.12 ;
    %pushi/vec4 57, 0, 8;
    %store/vec4 v0000021524f4d810_0, 0, 8;
    %jmp T_19.16;
T_19.13 ;
    %pushi/vec4 94, 0, 8;
    %store/vec4 v0000021524f4d810_0, 0, 8;
    %jmp T_19.16;
T_19.14 ;
    %pushi/vec4 121, 0, 8;
    %store/vec4 v0000021524f4d810_0, 0, 8;
    %jmp T_19.16;
T_19.15 ;
    %pushi/vec4 113, 0, 8;
    %store/vec4 v0000021524f4d810_0, 0, 8;
    %jmp T_19.16;
T_19.16 ;
    %pop/vec4 1;
    %jmp T_19;
    .thread T_19;
    .scope S_0000021524f4d220;
T_20 ;
    %wait E_0000021524f5adf0;
    %load/vec4 v0000021524febbf0_0;
    %dup/vec4;
    %pushi/vec4 0, 0, 3;
    %cmp/u;
    %jmp/1 T_20.0, 6;
    %dup/vec4;
    %pushi/vec4 1, 0, 3;
    %cmp/u;
    %jmp/1 T_20.1, 6;
    %dup/vec4;
    %pushi/vec4 2, 0, 3;
    %cmp/u;
    %jmp/1 T_20.2, 6;
    %dup/vec4;
    %pushi/vec4 3, 0, 3;
    %cmp/u;
    %jmp/1 T_20.3, 6;
    %dup/vec4;
    %pushi/vec4 4, 0, 3;
    %cmp/u;
    %jmp/1 T_20.4, 6;
    %dup/vec4;
    %pushi/vec4 5, 0, 3;
    %cmp/u;
    %jmp/1 T_20.5, 6;
    %jmp T_20.6;
T_20.0 ;
    %pushi/vec4 0, 0, 32;
    %assign/vec4 v0000021524feb790_0, 0;
    %jmp T_20.6;
T_20.1 ;
    %pushi/vec4 1, 0, 32;
    %assign/vec4 v0000021524feb790_0, 0;
    %jmp T_20.6;
T_20.2 ;
    %pushi/vec4 16, 0, 32;
    %assign/vec4 v0000021524feb790_0, 0;
    %jmp T_20.6;
T_20.3 ;
    %pushi/vec4 256, 0, 32;
    %assign/vec4 v0000021524feb790_0, 0;
    %jmp T_20.6;
T_20.4 ;
    %pushi/vec4 4097, 0, 32;
    %assign/vec4 v0000021524feb790_0, 0;
    %jmp T_20.6;
T_20.5 ;
    %pushi/vec4 65552, 0, 32;
    %assign/vec4 v0000021524feb790_0, 0;
    %jmp T_20.6;
T_20.6 ;
    %pop/vec4 1;
    %jmp T_20;
    .thread T_20;
# The file index is used to find the file name in the following table.
:file_names 6;
    "N/A";
    "<interactive>";
    "top.v";
    "./FSM.v";
    "./Segment.v";
    "./botton.v";
