#! /c/Source/iverilog-install/bin/vvp
:ivl_version "12.0 (devel)" "(s20150603-1110-g18392a46)";
:ivl_delay_selection "TYPICAL";
:vpi_time_precision + 0;
:vpi_module "D:\iverilog\lib\ivl\system.vpi";
:vpi_module "D:\iverilog\lib\ivl\vhdl_sys.vpi";
:vpi_module "D:\iverilog\lib\ivl\vhdl_textio.vpi";
:vpi_module "D:\iverilog\lib\ivl\v2005_math.vpi";
:vpi_module "D:\iverilog\lib\ivl\va_math.vpi";
S_0000016ed71d6ce0 .scope module, "clock_divider" "clock_divider" 2 1;
 .timescale 0 0;
    .port_info 0 /INPUT 1 "clk_in";
    .port_info 1 /INPUT 1 "reset";
    .port_info 2 /OUTPUT 1 "clk";
P_0000016ed71dc030 .param/l "half" 0 2 2, C4<0000000000001010>;
v0000016ed71d6e70_0 .var "clk", 0 0;
o0000016ed7096fd8 .functor BUFZ 1, C4<z>; HiZ drive
v0000016ed71d6f10_0 .net "clk_in", 0 0, o0000016ed7096fd8;  0 drivers
v0000016ed71d6fb0_0 .var "count", 15 0;
o0000016ed7097038 .functor BUFZ 1, C4<z>; HiZ drive
v0000016ed71ded40_0 .net "reset", 0 0, o0000016ed7097038;  0 drivers
E_0000016ed71dc330 .event posedge, v0000016ed71d6f10_0;
    .scope S_0000016ed71d6ce0;
T_0 ;
    %pushi/vec4 0, 0, 1;
    %store/vec4 v0000016ed71d6e70_0, 0, 1;
    %pushi/vec4 0, 0, 16;
    %store/vec4 v0000016ed71d6fb0_0, 0, 16;
    %end;
    .thread T_0;
    .scope S_0000016ed71d6ce0;
T_1 ;
    %wait E_0000016ed71dc330;
    %load/vec4 v0000016ed71ded40_0;
    %pad/u 32;
    %cmpi/e 1, 0, 32;
    %jmp/0xz  T_1.0, 4;
    %pushi/vec4 0, 0, 1;
    %store/vec4 v0000016ed71d6e70_0, 0, 1;
    %pushi/vec4 0, 0, 16;
    %store/vec4 v0000016ed71d6fb0_0, 0, 16;
    %jmp T_1.1;
T_1.0 ;
    %load/vec4 v0000016ed71d6fb0_0;
    %cmpi/e 10, 0, 16;
    %jmp/0xz  T_1.2, 4;
    %load/vec4 v0000016ed71d6e70_0;
    %inv;
    %assign/vec4 v0000016ed71d6e70_0, 0;
    %pushi/vec4 0, 0, 16;
    %assign/vec4 v0000016ed71d6fb0_0, 0;
    %jmp T_1.3;
T_1.2 ;
    %load/vec4 v0000016ed71d6fb0_0;
    %addi 1, 0, 16;
    %assign/vec4 v0000016ed71d6fb0_0, 0;
T_1.3 ;
T_1.1 ;
    %jmp T_1;
    .thread T_1;
# The file index is used to find the file name in the following table.
:file_names 3;
    "N/A";
    "<interactive>";
    "clock_divider.v";
