#! /c/Source/iverilog-install/bin/vvp
:ivl_version "12.0 (devel)" "(s20150603-1110-g18392a46)";
:ivl_delay_selection "TYPICAL";
:vpi_time_precision + 0;
:vpi_module "D:\iverilog\lib\ivl\system.vpi";
:vpi_module "D:\iverilog\lib\ivl\vhdl_sys.vpi";
:vpi_module "D:\iverilog\lib\ivl\vhdl_textio.vpi";
:vpi_module "D:\iverilog\lib\ivl\v2005_math.vpi";
:vpi_module "D:\iverilog\lib\ivl\va_math.vpi";
S_000001996ee162b0 .scope module, "three_buffer" "three_buffer" 2 1;
 .timescale 0 0;
    .port_info 0 /INPUT 1 "E";
    .port_info 1 /INPUT 4 "A";
    .port_info 2 /OUTPUT 4 "Y";
P_000001996ee149a0 .param/l "n" 0 2 2, +C4<00000000000000000000000000000100>;
o000001996ee16f68 .functor BUFZ 4, C4<zzzz>; HiZ drive
v000001996ec17400_0 .net "A", 3 0, o000001996ee16f68;  0 drivers
o000001996ee16f98 .functor BUFZ 1, C4<z>; HiZ drive
v000001996ec16fd0_0 .net "E", 0 0, o000001996ee16f98;  0 drivers
v000001996ec1d040_0 .net "Y", 3 0, L_000001996ec1d180;  1 drivers
o000001996ee16ff8 .functor BUFZ 4, C4<zzzz>; HiZ drive
; Elide local net with no drivers, v000001996ec1d0e0_0 name=_ivl_0
L_000001996ec1d180 .functor MUXZ 4, o000001996ee16ff8, o000001996ee16f68, o000001996ee16f98, C4<>;
# The file index is used to find the file name in the following table.
:file_names 3;
    "N/A";
    "<interactive>";
    "three_buffer.v";
