#! /c/Source/iverilog-install/bin/vvp
:ivl_version "12.0 (devel)" "(s20150603-1110-g18392a46)";
:ivl_delay_selection "TYPICAL";
:vpi_time_precision + 0;
:vpi_module "D:\iverilog\lib\ivl\system.vpi";
:vpi_module "D:\iverilog\lib\ivl\vhdl_sys.vpi";
:vpi_module "D:\iverilog\lib\ivl\vhdl_textio.vpi";
:vpi_module "D:\iverilog\lib\ivl\v2005_math.vpi";
:vpi_module "D:\iverilog\lib\ivl\va_math.vpi";
S_000001d7935a9e80 .scope module, "demo_top" "demo_top" 2 4;
 .timescale 0 0;
    .port_info 0 /INPUT 1 "clk";
    .port_info 1 /INPUT 1 "rst_n";
    .port_info 2 /INPUT 32 "target";
    .port_info 3 /INPUT 32 "y";
    .port_info 4 /INPUT 16 "kp";
    .port_info 5 /INPUT 16 "ki";
    .port_info 6 /INPUT 16 "kd";
    .port_info 7 /OUTPUT 32 "uk0";
o000001d7935aefa8 .functor BUFZ 1, C4<z>; HiZ drive
v000001d793601ef0_0 .net "clk", 0 0, o000001d7935aefa8;  0 drivers
v000001d793602ad0_0 .net/s "d_uk", 31 0, L_000001d793602cb0;  1 drivers
v000001d793601450_0 .net/s "ek0", 31 0, L_000001d793601c70;  1 drivers
v000001d793602670_0 .net/s "ek1", 31 0, v000001d793572ca0_0;  1 drivers
v000001d793602710_0 .net/s "ek2", 31 0, v000001d793572d40_0;  1 drivers
o000001d7935af518 .functor BUFZ 16, C4<zzzzzzzzzzzzzzzz>; HiZ drive
v000001d793602a30_0 .net "kd", 15 0, o000001d7935af518;  0 drivers
o000001d7935af548 .functor BUFZ 16, C4<zzzzzzzzzzzzzzzz>; HiZ drive
v000001d793601b30_0 .net "ki", 15 0, o000001d7935af548;  0 drivers
o000001d7935af578 .functor BUFZ 16, C4<zzzzzzzzzzzzzzzz>; HiZ drive
v000001d793602c10_0 .net "kp", 15 0, o000001d7935af578;  0 drivers
o000001d7935af068 .functor BUFZ 1, C4<z>; HiZ drive
v000001d793602530_0 .net "rst_n", 0 0, o000001d7935af068;  0 drivers
o000001d7935af098 .functor BUFZ 32, C4<zzzzzzzzzzzzzzzzzzzzzzzzzzzzzzzz>; HiZ drive
v000001d793601e50_0 .net/s "target", 31 0, o000001d7935af098;  0 drivers
v000001d793601bd0_0 .net/s "uk0", 31 0, v000001d793601590_0;  1 drivers
o000001d7935af0c8 .functor BUFZ 32, C4<zzzzzzzzzzzzzzzzzzzzzzzzzzzzzzzz>; HiZ drive
v000001d7936025d0_0 .net/s "y", 31 0, o000001d7935af0c8;  0 drivers
S_000001d7935aa010 .scope module, "error_demo" "error" 2 19, 3 1 0, S_000001d7935a9e80;
 .timescale 0 0;
    .port_info 0 /INPUT 1 "clk";
    .port_info 1 /INPUT 1 "rst_n";
    .port_info 2 /INPUT 32 "target";
    .port_info 3 /INPUT 32 "y";
    .port_info 4 /OUTPUT 32 "ek0";
    .port_info 5 /OUTPUT 32 "ek1";
    .port_info 6 /OUTPUT 32 "ek2";
v000001d7935aa1a0_0 .net "clk", 0 0, o000001d7935aefa8;  alias, 0 drivers
v000001d7936edaa0_0 .net/s "ek0", 31 0, L_000001d793601c70;  alias, 1 drivers
v000001d793572ca0_0 .var/s "ek1", 31 0;
v000001d793572d40_0 .var/s "ek2", 31 0;
v000001d793572de0_0 .net "rst_n", 0 0, o000001d7935af068;  alias, 0 drivers
v000001d793572e80_0 .net/s "target", 31 0, o000001d7935af098;  alias, 0 drivers
v000001d7936004e0_0 .net/s "y", 31 0, o000001d7935af0c8;  alias, 0 drivers
E_000001d7936e9db0/0 .event negedge, v000001d793572de0_0;
E_000001d7936e9db0/1 .event posedge, v000001d7935aa1a0_0;
E_000001d7936e9db0 .event/or E_000001d7936e9db0/0, E_000001d7936e9db0/1;
L_000001d793601c70 .arith/sub 32, o000001d7935af098, o000001d7935af0c8;
S_000001d793572f20 .scope module, "incre_value_demo" "incre_value" 2 30, 4 1 0, S_000001d7935a9e80;
 .timescale 0 0;
    .port_info 0 /INPUT 32 "ek0";
    .port_info 1 /INPUT 32 "ek1";
    .port_info 2 /INPUT 32 "ek2";
    .port_info 3 /INPUT 16 "kp";
    .port_info 4 /INPUT 16 "ki";
    .port_info 5 /INPUT 16 "kd";
    .port_info 6 /OUTPUT 32 "d_uk";
v000001d793600b20_0 .net *"_ivl_0", 31 0, L_000001d793602b70;  1 drivers
L_000001d7936030a0 .functor BUFT 1, C4<0000000000000000>, C4<0>, C4<0>, C4<0>;
v000001d793600080_0 .net *"_ivl_11", 15 0, L_000001d7936030a0;  1 drivers
v000001d793600620_0 .net *"_ivl_13", 31 0, L_000001d7936013b0;  1 drivers
v000001d793600f80_0 .net *"_ivl_14", 31 0, L_000001d793601310;  1 drivers
v000001d7936001c0_0 .net *"_ivl_16", 31 0, L_000001d7936014f0;  1 drivers
L_000001d7936030e8 .functor BUFT 1, C4<0000000000000000>, C4<0>, C4<0>, C4<0>;
v000001d793600800_0 .net *"_ivl_19", 15 0, L_000001d7936030e8;  1 drivers
v000001d7936006c0_0 .net *"_ivl_20", 31 0, L_000001d793601130;  1 drivers
v000001d793600bc0_0 .net *"_ivl_22", 31 0, L_000001d7936016d0;  1 drivers
v000001d793600da0_0 .net *"_ivl_24", 31 0, L_000001d7936020d0;  1 drivers
v000001d793600e40_0 .net *"_ivl_27", 31 0, L_000001d793601770;  1 drivers
L_000001d793603058 .functor BUFT 1, C4<0000000000000000>, C4<0>, C4<0>, C4<0>;
v000001d793600580_0 .net *"_ivl_3", 15 0, L_000001d793603058;  1 drivers
v000001d793600c60_0 .net *"_ivl_4", 31 0, L_000001d793601270;  1 drivers
v000001d7936008a0_0 .net *"_ivl_7", 31 0, L_000001d793601630;  1 drivers
v000001d793600440_0 .net *"_ivl_8", 31 0, L_000001d793601a90;  1 drivers
v000001d793600d00_0 .net/s "d_uk", 31 0, L_000001d793602cb0;  alias, 1 drivers
v000001d793600260_0 .net/s "ek0", 31 0, L_000001d793601c70;  alias, 1 drivers
v000001d793600a80_0 .net/s "ek1", 31 0, v000001d793572ca0_0;  alias, 1 drivers
v000001d793600120_0 .net/s "ek2", 31 0, v000001d793572d40_0;  alias, 1 drivers
v000001d793600300_0 .net "kd", 15 0, o000001d7935af518;  alias, 0 drivers
v000001d793600940_0 .net "ki", 15 0, o000001d7935af548;  alias, 0 drivers
v000001d7936003a0_0 .net "kp", 15 0, o000001d7935af578;  alias, 0 drivers
L_000001d793602b70 .concat [ 16 16 0 0], o000001d7935af578, L_000001d793603058;
L_000001d793601270 .arith/sub 32, L_000001d793601c70, v000001d793572ca0_0;
L_000001d793601630 .arith/mult 32, L_000001d793602b70, L_000001d793601270;
L_000001d793601a90 .concat [ 16 16 0 0], o000001d7935af548, L_000001d7936030a0;
L_000001d7936013b0 .arith/mult 32, L_000001d793601a90, L_000001d793601c70;
L_000001d793601310 .arith/sum 32, L_000001d793601630, L_000001d7936013b0;
L_000001d7936014f0 .concat [ 16 16 0 0], o000001d7935af518, L_000001d7936030e8;
L_000001d793601130 .arith/sub 32, L_000001d793601c70, v000001d793572ca0_0;
L_000001d7936016d0 .arith/sub 32, v000001d793572ca0_0, v000001d793572d40_0;
L_000001d7936020d0 .arith/sub 32, L_000001d793601130, L_000001d7936016d0;
L_000001d793601770 .arith/mult 32, L_000001d7936014f0, L_000001d7936020d0;
L_000001d793602cb0 .arith/sum 32, L_000001d793601310, L_000001d793601770;
S_000001d7935a4590 .scope module, "pid_value_demo" "pid_value" 2 39, 5 1 0, S_000001d7935a9e80;
 .timescale 0 0;
    .port_info 0 /INPUT 1 "clk";
    .port_info 1 /INPUT 1 "rst_n";
    .port_info 2 /INPUT 32 "d_uk";
    .port_info 3 /OUTPUT 32 "uk0";
v000001d793600760_0 .net "clk", 0 0, o000001d7935aefa8;  alias, 0 drivers
v000001d7936009e0_0 .net/s "d_uk", 31 0, L_000001d793602cb0;  alias, 1 drivers
v000001d793600ee0_0 .net "rst_n", 0 0, o000001d7935af068;  alias, 0 drivers
v000001d793601590_0 .var/s "uk0", 31 0;
v000001d793602490_0 .var/s "uk1", 31 0;
E_000001d7935ad050 .event anyedge, v000001d793600d00_0;
    .scope S_000001d7935aa010;
T_0 ;
    %wait E_000001d7936e9db0;
    %load/vec4 v000001d793572de0_0;
    %nor/r;
    %flag_set/vec4 8;
    %jmp/0xz  T_0.0, 8;
    %pushi/vec4 0, 0, 32;
    %assign/vec4 v000001d793572ca0_0, 0;
    %pushi/vec4 0, 0, 32;
    %assign/vec4 v000001d793572d40_0, 0;
    %jmp T_0.1;
T_0.0 ;
    %load/vec4 v000001d7936edaa0_0;
    %assign/vec4 v000001d793572ca0_0, 0;
    %load/vec4 v000001d793572ca0_0;
    %assign/vec4 v000001d793572d40_0, 0;
T_0.1 ;
    %jmp T_0;
    .thread T_0;
    .scope S_000001d7935a4590;
T_1 ;
    %pushi/vec4 0, 0, 32;
    %store/vec4 v000001d793602490_0, 0, 32;
    %end;
    .thread T_1;
    .scope S_000001d7935a4590;
T_2 ;
    %wait E_000001d7935ad050;
    %load/vec4 v000001d793602490_0;
    %load/vec4 v000001d7936009e0_0;
    %pushi/vec4 1000, 0, 32;
    %div/s;
    %add;
    %store/vec4 v000001d793601590_0, 0, 32;
    %load/vec4 v000001d793601590_0;
    %store/vec4 v000001d793602490_0, 0, 32;
    %jmp T_2;
    .thread T_2, $push;
# The file index is used to find the file name in the following table.
:file_names 6;
    "N/A";
    "<interactive>";
    "demo_top.v";
    "./error.v";
    "./incre_value.v";
    "./pid_value.v";
