#! /c/Source/iverilog-install/bin/vvp
:ivl_version "12.0 (devel)" "(s20150603-1110-g18392a46)";
:ivl_delay_selection "TYPICAL";
:vpi_time_precision + 0;
:vpi_module "D:\iverilog\lib\ivl\system.vpi";
:vpi_module "D:\iverilog\lib\ivl\vhdl_sys.vpi";
:vpi_module "D:\iverilog\lib\ivl\vhdl_textio.vpi";
:vpi_module "D:\iverilog\lib\ivl\v2005_math.vpi";
:vpi_module "D:\iverilog\lib\ivl\va_math.vpi";
S_000001e0812e2ca0 .scope module, "error" "error" 2 1;
 .timescale 0 0;
    .port_info 0 /INPUT 1 "clk";
    .port_info 1 /INPUT 1 "rst_n";
    .port_info 2 /INPUT 32 "target";
    .port_info 3 /INPUT 32 "y";
    .port_info 4 /OUTPUT 32 "ek0";
    .port_info 5 /OUTPUT 32 "ek1";
    .port_info 6 /OUTPUT 32 "ek2";
o000001e081316fb8 .functor BUFZ 1, C4<z>; HiZ drive
v000001e0812e2e30_0 .net "clk", 0 0, o000001e081316fb8;  0 drivers
v000001e08144bac0_0 .net/s "ek0", 31 0, L_000001e081311ad0;  1 drivers
v000001e0812e2ed0_0 .var/s "ek1", 31 0;
v000001e0812e2f70_0 .var/s "ek2", 31 0;
o000001e081317078 .functor BUFZ 1, C4<z>; HiZ drive
v000001e0812e3010_0 .net "rst_n", 0 0, o000001e081317078;  0 drivers
o000001e0813170a8 .functor BUFZ 32, C4<zzzzzzzzzzzzzzzzzzzzzzzzzzzzzzzz>; HiZ drive
v000001e0812e30b0_0 .net/s "target", 31 0, o000001e0813170a8;  0 drivers
o000001e0813170d8 .functor BUFZ 32, C4<zzzzzzzzzzzzzzzzzzzzzzzzzzzzzzzz>; HiZ drive
v000001e081311a30_0 .net/s "y", 31 0, o000001e0813170d8;  0 drivers
E_000001e08144bdf0/0 .event negedge, v000001e0812e3010_0;
E_000001e08144bdf0/1 .event posedge, v000001e0812e2e30_0;
E_000001e08144bdf0 .event/or E_000001e08144bdf0/0, E_000001e08144bdf0/1;
L_000001e081311ad0 .arith/sub 32, o000001e0813170a8, o000001e0813170d8;
    .scope S_000001e0812e2ca0;
T_0 ;
    %wait E_000001e08144bdf0;
    %load/vec4 v000001e0812e3010_0;
    %nor/r;
    %flag_set/vec4 8;
    %jmp/0xz  T_0.0, 8;
    %pushi/vec4 0, 0, 32;
    %assign/vec4 v000001e0812e2ed0_0, 0;
    %pushi/vec4 0, 0, 32;
    %assign/vec4 v000001e0812e2f70_0, 0;
    %jmp T_0.1;
T_0.0 ;
    %load/vec4 v000001e08144bac0_0;
    %assign/vec4 v000001e0812e2ed0_0, 0;
    %load/vec4 v000001e0812e2ed0_0;
    %assign/vec4 v000001e0812e2f70_0, 0;
T_0.1 ;
    %jmp T_0;
    .thread T_0;
# The file index is used to find the file name in the following table.
:file_names 3;
    "N/A";
    "<interactive>";
    "error.v";
