#! /c/Source/iverilog-install/bin/vvp
:ivl_version "12.0 (devel)" "(s20150603-1110-g18392a46)";
:ivl_delay_selection "TYPICAL";
:vpi_time_precision + 0;
:vpi_module "D:\iverilog\lib\ivl\system.vpi";
:vpi_module "D:\iverilog\lib\ivl\vhdl_sys.vpi";
:vpi_module "D:\iverilog\lib\ivl\vhdl_textio.vpi";
:vpi_module "D:\iverilog\lib\ivl\v2005_math.vpi";
:vpi_module "D:\iverilog\lib\ivl\va_math.vpi";
S_0000029c872f2db0 .scope module, "incre_value" "incre_value" 2 1;
 .timescale 0 0;
    .port_info 0 /INPUT 32 "ek0";
    .port_info 1 /INPUT 32 "ek1";
    .port_info 2 /INPUT 32 "ek2";
    .port_info 3 /INPUT 16 "kp";
    .port_info 4 /INPUT 16 "ki";
    .port_info 5 /INPUT 16 "kd";
    .port_info 6 /OUTPUT 32 "d_uk";
v0000029c872f33c0_0 .net *"_ivl_0", 31 0, L_0000029c8736a2d0;  1 drivers
L_0000029c8736afc0 .functor BUFT 1, C4<0000000000000000>, C4<0>, C4<0>, C4<0>;
v0000029c872f2f40_0 .net *"_ivl_11", 15 0, L_0000029c8736afc0;  1 drivers
v0000029c872f2fe0_0 .net *"_ivl_13", 31 0, L_0000029c8736a190;  1 drivers
v0000029c872f3080_0 .net *"_ivl_14", 31 0, L_0000029c8736ac30;  1 drivers
v0000029c87369c40_0 .net *"_ivl_16", 31 0, L_0000029c8736a870;  1 drivers
L_0000029c8736b008 .functor BUFT 1, C4<0000000000000000>, C4<0>, C4<0>, C4<0>;
v0000029c87369ce0_0 .net *"_ivl_19", 15 0, L_0000029c8736b008;  1 drivers
v0000029c87369d80_0 .net *"_ivl_20", 31 0, L_0000029c8736a730;  1 drivers
v0000029c87369e20_0 .net *"_ivl_22", 31 0, L_0000029c8736a910;  1 drivers
v0000029c87369ec0_0 .net *"_ivl_24", 31 0, L_0000029c8736aeb0;  1 drivers
v0000029c87324b30_0 .net *"_ivl_27", 31 0, L_0000029c87369fb0;  1 drivers
L_0000029c8736af78 .functor BUFT 1, C4<0000000000000000>, C4<0>, C4<0>, C4<0>;
v0000029c8736a370_0 .net *"_ivl_3", 15 0, L_0000029c8736af78;  1 drivers
v0000029c8736a230_0 .net *"_ivl_4", 31 0, L_0000029c8736a7d0;  1 drivers
v0000029c8736a690_0 .net *"_ivl_7", 31 0, L_0000029c8736a4b0;  1 drivers
v0000029c8736ae10_0 .net *"_ivl_8", 31 0, L_0000029c8736a550;  1 drivers
v0000029c8736a9b0_0 .net/s "d_uk", 31 0, L_0000029c8736aa50;  1 drivers
o0000029c873272a8 .functor BUFZ 32, C4<zzzzzzzzzzzzzzzzzzzzzzzzzzzzzzzz>; HiZ drive
v0000029c8736a410_0 .net/s "ek0", 31 0, o0000029c873272a8;  0 drivers
o0000029c873272d8 .functor BUFZ 32, C4<zzzzzzzzzzzzzzzzzzzzzzzzzzzzzzzz>; HiZ drive
v0000029c8736aaf0_0 .net/s "ek1", 31 0, o0000029c873272d8;  0 drivers
o0000029c87327308 .functor BUFZ 32, C4<zzzzzzzzzzzzzzzzzzzzzzzzzzzzzzzz>; HiZ drive
v0000029c8736a5f0_0 .net/s "ek2", 31 0, o0000029c87327308;  0 drivers
o0000029c87327338 .functor BUFZ 16, C4<zzzzzzzzzzzzzzzz>; HiZ drive
v0000029c8736a050_0 .net "kd", 15 0, o0000029c87327338;  0 drivers
o0000029c87327368 .functor BUFZ 16, C4<zzzzzzzzzzzzzzzz>; HiZ drive
v0000029c8736a0f0_0 .net "ki", 15 0, o0000029c87327368;  0 drivers
o0000029c87327398 .functor BUFZ 16, C4<zzzzzzzzzzzzzzzz>; HiZ drive
v0000029c8736ab90_0 .net "kp", 15 0, o0000029c87327398;  0 drivers
L_0000029c8736a2d0 .concat [ 16 16 0 0], o0000029c87327398, L_0000029c8736af78;
L_0000029c8736a7d0 .arith/sub 32, o0000029c873272a8, o0000029c873272d8;
L_0000029c8736a4b0 .arith/mult 32, L_0000029c8736a2d0, L_0000029c8736a7d0;
L_0000029c8736a550 .concat [ 16 16 0 0], o0000029c87327368, L_0000029c8736afc0;
L_0000029c8736a190 .arith/mult 32, L_0000029c8736a550, o0000029c873272a8;
L_0000029c8736ac30 .arith/sum 32, L_0000029c8736a4b0, L_0000029c8736a190;
L_0000029c8736a870 .concat [ 16 16 0 0], o0000029c87327338, L_0000029c8736b008;
L_0000029c8736a730 .arith/sub 32, o0000029c873272a8, o0000029c873272d8;
L_0000029c8736a910 .arith/sub 32, o0000029c873272d8, o0000029c87327308;
L_0000029c8736aeb0 .arith/sub 32, L_0000029c8736a730, L_0000029c8736a910;
L_0000029c87369fb0 .arith/mult 32, L_0000029c8736a870, L_0000029c8736aeb0;
L_0000029c8736aa50 .arith/sum 32, L_0000029c8736ac30, L_0000029c87369fb0;
# The file index is used to find the file name in the following table.
:file_names 3;
    "N/A";
    "<interactive>";
    "incre_value.v";
