#! /c/Source/iverilog-install/bin/vvp
:ivl_version "12.0 (devel)" "(s20150603-1110-g18392a46)";
:ivl_delay_selection "TYPICAL";
:vpi_time_precision + 0;
:vpi_module "D:\iverilog\lib\ivl\system.vpi";
:vpi_module "D:\iverilog\lib\ivl\vhdl_sys.vpi";
:vpi_module "D:\iverilog\lib\ivl\vhdl_textio.vpi";
:vpi_module "D:\iverilog\lib\ivl\v2005_math.vpi";
:vpi_module "D:\iverilog\lib\ivl\va_math.vpi";
S_000002460aa82db0 .scope module, "pid_value" "pid_value" 2 1;
 .timescale 0 0;
    .port_info 0 /INPUT 1 "clk";
    .port_info 1 /INPUT 1 "rst_n";
    .port_info 2 /INPUT 32 "d_uk";
    .port_info 3 /OUTPUT 32 "uk0";
o000002460aab6fd8 .functor BUFZ 1, C4<z>; HiZ drive
v000002460aa83250_0 .net "clk", 0 0, o000002460aab6fd8;  0 drivers
o000002460aab7008 .functor BUFZ 32, C4<zzzzzzzzzzzzzzzzzzzzzzzzzzzzzzzz>; HiZ drive
v000002460aa82f40_0 .net/s "d_uk", 31 0, o000002460aab7008;  0 drivers
o000002460aab7038 .functor BUFZ 1, C4<z>; HiZ drive
v000002460aa82fe0_0 .net "rst_n", 0 0, o000002460aab7038;  0 drivers
v000002460aa83080_0 .var/s "uk0", 31 0;
v000002460aa6d120_0 .var/s "uk1", 31 0;
E_000002460aa67e20 .event anyedge, v000002460aa82f40_0;
    .scope S_000002460aa82db0;
T_0 ;
    %pushi/vec4 0, 0, 32;
    %store/vec4 v000002460aa6d120_0, 0, 32;
    %end;
    .thread T_0;
    .scope S_000002460aa82db0;
T_1 ;
    %wait E_000002460aa67e20;
    %load/vec4 v000002460aa6d120_0;
    %load/vec4 v000002460aa82f40_0;
    %pushi/vec4 1000, 0, 32;
    %div/s;
    %add;
    %store/vec4 v000002460aa83080_0, 0, 32;
    %load/vec4 v000002460aa83080_0;
    %store/vec4 v000002460aa6d120_0, 0, 32;
    %jmp T_1;
    .thread T_1, $push;
# The file index is used to find the file name in the following table.
:file_names 3;
    "N/A";
    "<interactive>";
    "pid_value.v";
