#! /c/Source/iverilog-install/bin/vvp
:ivl_version "12.0 (devel)" "(s20150603-1110-g18392a46)";
:ivl_delay_selection "TYPICAL";
:vpi_time_precision + 0;
:vpi_module "D:\iverilog\lib\ivl\system.vpi";
:vpi_module "D:\iverilog\lib\ivl\vhdl_sys.vpi";
:vpi_module "D:\iverilog\lib\ivl\vhdl_textio.vpi";
:vpi_module "D:\iverilog\lib\ivl\v2005_math.vpi";
:vpi_module "D:\iverilog\lib\ivl\va_math.vpi";
S_000001d99d3c2db0 .scope module, "key_driver" "key_driver" 2 1;
 .timescale 0 0;
    .port_info 0 /INPUT 1 "clk";
    .port_info 1 /INPUT 1 "rst_n";
    .port_info 2 /INPUT 1 "en";
    .port_info 3 /OUTPUT 4 "led_o";
o000001d99d3f6fd8 .functor BUFZ 1, C4<z>; HiZ drive
v000001d99d3c3250_0 .net "clk", 0 0, o000001d99d3f6fd8;  0 drivers
o000001d99d3f7008 .functor BUFZ 1, C4<z>; HiZ drive
v000001d99d3c2f40_0 .net "en", 0 0, o000001d99d3f7008;  0 drivers
v000001d99d3c2fe0_0 .var "led_o", 3 0;
o000001d99d3f7068 .functor BUFZ 1, C4<z>; HiZ drive
v000001d99d3c3080_0 .net "rst_n", 0 0, o000001d99d3f7068;  0 drivers
E_000001d99d339170/0 .event negedge, v000001d99d3c3080_0;
E_000001d99d339170/1 .event posedge, v000001d99d3c3250_0;
E_000001d99d339170 .event/or E_000001d99d339170/0, E_000001d99d339170/1;
    .scope S_000001d99d3c2db0;
T_0 ;
    %wait E_000001d99d339170;
    %load/vec4 v000001d99d3c3080_0;
    %nor/r;
    %flag_set/vec4 8;
    %jmp/0xz  T_0.0, 8;
    %pushi/vec4 0, 0, 4;
    %assign/vec4 v000001d99d3c2fe0_0, 0;
    %jmp T_0.1;
T_0.0 ;
    %load/vec4 v000001d99d3c2f40_0;
    %flag_set/vec4 8;
    %jmp/0xz  T_0.2, 8;
    %load/vec4 v000001d99d3c2fe0_0;
    %parti/s 1, 0, 2;
    %inv;
    %load/vec4 v000001d99d3c2fe0_0;
    %parti/s 3, 1, 2;
    %concat/vec4; draw_concat_vec4
    %assign/vec4 v000001d99d3c2fe0_0, 0;
T_0.2 ;
T_0.1 ;
    %jmp T_0;
    .thread T_0;
# The file index is used to find the file name in the following table.
:file_names 3;
    "N/A";
    "<interactive>";
    "key_driver.v";
