#! /c/Source/iverilog-install/bin/vvp
:ivl_version "12.0 (devel)" "(s20150603-1110-g18392a46)";
:ivl_delay_selection "TYPICAL";
:vpi_time_precision + 0;
:vpi_module "D:\iverilog\lib\ivl\system.vpi";
:vpi_module "D:\iverilog\lib\ivl\vhdl_sys.vpi";
:vpi_module "D:\iverilog\lib\ivl\vhdl_textio.vpi";
:vpi_module "D:\iverilog\lib\ivl\v2005_math.vpi";
:vpi_module "D:\iverilog\lib\ivl\va_math.vpi";
S_000001b986be7a20 .scope module, "key_led" "key_led" 2 4;
 .timescale 0 0;
    .port_info 0 /INPUT 1 "clk";
    .port_info 1 /INPUT 1 "rst_n";
    .port_info 2 /INPUT 1 "key_in";
    .port_info 3 /OUTPUT 4 "led";
o000001b986c03008 .functor BUFZ 1, C4<z>; HiZ drive
v000001b986c480c0_0 .net "clk", 0 0, o000001b986c03008;  0 drivers
o000001b986c03098 .functor BUFZ 1, C4<z>; HiZ drive
v000001b986c48160_0 .net "key_in", 0 0, o000001b986c03098;  0 drivers
v000001b986c479e0_0 .net "led", 3 0, v000001b986c48520_0;  1 drivers
v000001b986c482a0_0 .net "press", 0 0, v000001b986bf4e70_0;  1 drivers
o000001b986c03188 .functor BUFZ 1, C4<z>; HiZ drive
v000001b986c48660_0 .net "rst_n", 0 0, o000001b986c03188;  0 drivers
S_000001b986bffda0 .scope module, "u_key_debounce" "key_debounce" 2 15, 3 1 0, S_000001b986be7a20;
 .timescale 0 0;
    .port_info 0 /INPUT 1 "clk";
    .port_info 1 /INPUT 1 "rst_n";
    .port_info 2 /INPUT 1 "key";
    .port_info 3 /OUTPUT 1 "press";
P_000001b986c02380 .param/l "DELAY_TIME" 0 3 9, +C4<00000000000000000000001111101000>;
L_000001b986bff810 .functor NOT 1, v000001b986c00110_0, C4<0>, C4<0>, C4<0>;
L_000001b986bff8f0 .functor AND 1, L_000001b986bff810, v000001b986c001b0_0, C4<1>, C4<1>;
v000001b986d1baa0_0 .net *"_ivl_0", 0 0, L_000001b986bff810;  1 drivers
v000001b986bfbf30_0 .net "clk", 0 0, o000001b986c03008;  alias, 0 drivers
v000001b986be7bb0_0 .var "delay_cnt", 19 0;
v000001b986bfff30_0 .var "delay_flag", 0 0;
v000001b986bfffd0_0 .net "key", 0 0, o000001b986c03098;  alias, 0 drivers
v000001b986c00070_0 .net "key_nedge", 0 0, L_000001b986bff8f0;  1 drivers
v000001b986c00110_0 .var "key_r0", 0 0;
v000001b986c001b0_0 .var "key_r1", 0 0;
v000001b986bf4e70_0 .var "press", 0 0;
v000001b986bf4f10_0 .net "rst_n", 0 0, o000001b986c03188;  alias, 0 drivers
E_000001b986c02200/0 .event negedge, v000001b986bf4f10_0;
E_000001b986c02200/1 .event posedge, v000001b986bfbf30_0;
E_000001b986c02200 .event/or E_000001b986c02200/0, E_000001b986c02200/1;
S_000001b986bf4fb0 .scope module, "u_key_driver" "key_driver" 2 22, 4 1 0, S_000001b986be7a20;
 .timescale 0 0;
    .port_info 0 /INPUT 1 "clk";
    .port_info 1 /INPUT 1 "rst_n";
    .port_info 2 /INPUT 1 "en";
    .port_info 3 /OUTPUT 4 "led_o";
v000001b986bf5140_0 .net "clk", 0 0, o000001b986c03008;  alias, 0 drivers
v000001b986bc2ca0_0 .net "en", 0 0, v000001b986bf4e70_0;  alias, 1 drivers
v000001b986c48520_0 .var "led_o", 3 0;
v000001b986c485c0_0 .net "rst_n", 0 0, o000001b986c03188;  alias, 0 drivers
    .scope S_000001b986bffda0;
T_0 ;
    %pushi/vec4 0, 0, 20;
    %store/vec4 v000001b986be7bb0_0, 0, 20;
    %end;
    .thread T_0;
    .scope S_000001b986bffda0;
T_1 ;
    %wait E_000001b986c02200;
    %load/vec4 v000001b986bf4f10_0;
    %cmpi/e 0, 0, 1;
    %jmp/0xz  T_1.0, 4;
    %pushi/vec4 1, 0, 1;
    %assign/vec4 v000001b986c00110_0, 0;
    %pushi/vec4 1, 0, 1;
    %assign/vec4 v000001b986c001b0_0, 0;
    %jmp T_1.1;
T_1.0 ;
    %load/vec4 v000001b986bfffd0_0;
    %assign/vec4 v000001b986c00110_0, 0;
    %load/vec4 v000001b986c00110_0;
    %assign/vec4 v000001b986c001b0_0, 0;
T_1.1 ;
    %jmp T_1;
    .thread T_1;
    .scope S_000001b986bffda0;
T_2 ;
    %wait E_000001b986c02200;
    %load/vec4 v000001b986bf4f10_0;
    %nor/r;
    %flag_set/vec4 8;
    %jmp/0xz  T_2.0, 8;
    %pushi/vec4 0, 0, 20;
    %assign/vec4 v000001b986be7bb0_0, 0;
    %jmp T_2.1;
T_2.0 ;
    %load/vec4 v000001b986bfff30_0;
    %flag_set/vec4 8;
    %jmp/0xz  T_2.2, 8;
    %load/vec4 v000001b986be7bb0_0;
    %pad/u 32;
    %cmpi/e 999, 0, 32;
    %jmp/0xz  T_2.4, 4;
    %pushi/vec4 0, 0, 20;
    %assign/vec4 v000001b986be7bb0_0, 0;
    %jmp T_2.5;
T_2.4 ;
    %load/vec4 v000001b986be7bb0_0;
    %addi 1, 0, 20;
    %assign/vec4 v000001b986be7bb0_0, 0;
T_2.5 ;
T_2.2 ;
T_2.1 ;
    %jmp T_2;
    .thread T_2;
    .scope S_000001b986bffda0;
T_3 ;
    %wait E_000001b986c02200;
    %load/vec4 v000001b986bf4f10_0;
    %nor/r;
    %flag_set/vec4 8;
    %jmp/0xz  T_3.0, 8;
    %pushi/vec4 0, 0, 1;
    %assign/vec4 v000001b986bfff30_0, 0;
    %jmp T_3.1;
T_3.0 ;
    %load/vec4 v000001b986c00070_0;
    %flag_set/vec4 8;
    %jmp/0xz  T_3.2, 8;
    %pushi/vec4 1, 0, 1;
    %assign/vec4 v000001b986bfff30_0, 0;
    %jmp T_3.3;
T_3.2 ;
    %load/vec4 v000001b986be7bb0_0;
    %pad/u 32;
    %cmpi/e 999, 0, 32;
    %jmp/0xz  T_3.4, 4;
    %pushi/vec4 0, 0, 1;
    %assign/vec4 v000001b986bfff30_0, 0;
T_3.4 ;
T_3.3 ;
T_3.1 ;
    %jmp T_3;
    .thread T_3;
    .scope S_000001b986bffda0;
T_4 ;
    %wait E_000001b986c02200;
    %load/vec4 v000001b986bf4f10_0;
    %nor/r;
    %flag_set/vec4 8;
    %jmp/0xz  T_4.0, 8;
    %pushi/vec4 0, 0, 1;
    %assign/vec4 v000001b986bf4e70_0, 0;
    %jmp T_4.1;
T_4.0 ;
    %load/vec4 v000001b986be7bb0_0;
    %pad/u 32;
    %cmpi/e 999, 0, 32;
    %jmp/0xz  T_4.2, 4;
    %load/vec4 v000001b986c00110_0;
    %inv;
    %assign/vec4 v000001b986bf4e70_0, 0;
    %jmp T_4.3;
T_4.2 ;
    %pushi/vec4 0, 0, 1;
    %assign/vec4 v000001b986bf4e70_0, 0;
T_4.3 ;
T_4.1 ;
    %jmp T_4;
    .thread T_4;
    .scope S_000001b986bf4fb0;
T_5 ;
    %wait E_000001b986c02200;
    %load/vec4 v000001b986c485c0_0;
    %nor/r;
    %flag_set/vec4 8;
    %jmp/0xz  T_5.0, 8;
    %pushi/vec4 0, 0, 4;
    %assign/vec4 v000001b986c48520_0, 0;
    %jmp T_5.1;
T_5.0 ;
    %load/vec4 v000001b986bc2ca0_0;
    %flag_set/vec4 8;
    %jmp/0xz  T_5.2, 8;
    %load/vec4 v000001b986c48520_0;
    %parti/s 1, 0, 2;
    %inv;
    %load/vec4 v000001b986c48520_0;
    %parti/s 3, 1, 2;
    %concat/vec4; draw_concat_vec4
    %assign/vec4 v000001b986c48520_0, 0;
T_5.2 ;
T_5.1 ;
    %jmp T_5;
    .thread T_5;
# The file index is used to find the file name in the following table.
:file_names 5;
    "N/A";
    "<interactive>";
    "key_led.v";
    "./key_debounce.v";
    "./key_driver.v";
