#! /c/Source/iverilog-install/bin/vvp
:ivl_version "12.0 (devel)" "(s20150603-1110-g18392a46)";
:ivl_delay_selection "TYPICAL";
:vpi_time_precision - 12;
:vpi_module "D:\iverilog\lib\ivl\system.vpi";
:vpi_module "D:\iverilog\lib\ivl\vhdl_sys.vpi";
:vpi_module "D:\iverilog\lib\ivl\vhdl_textio.vpi";
:vpi_module "D:\iverilog\lib\ivl\v2005_math.vpi";
:vpi_module "D:\iverilog\lib\ivl\va_math.vpi";
S_000002828c3cb360 .scope module, "tb_key_led" "tb_key_led" 2 4;
 .timescale -9 -12;
P_000002828c4789e0 .param/l "PERIOD" 0 2 7, +C4<00000000000000000000000000010100>;
v000002828c483030_0 .var "clk", 0 0;
v000002828c4837b0_0 .var "key_in", 0 0;
v000002828c483850_0 .net "led", 3 0, v000002828c4835d0_0;  1 drivers
v000002828c4830d0_0 .var "rst_n", 0 0;
S_000002828c47b380 .scope module, "u_key_led" "key_led" 2 24, 3 4 0, S_000002828c3cb360;
 .timescale -9 -12;
    .port_info 0 /INPUT 1 "clk";
    .port_info 1 /INPUT 1 "rst_n";
    .port_info 2 /INPUT 1 "key_in";
    .port_info 3 /OUTPUT 4 "led";
v000002828c483c10_0 .net "clk", 0 0, v000002828c483030_0;  1 drivers
v000002828c483ad0_0 .net "key_in", 0 0, v000002828c4837b0_0;  1 drivers
v000002828c483d50_0 .net "led", 3 0, v000002828c4835d0_0;  alias, 1 drivers
v000002828c483990_0 .net "press", 0 0, v000002828c4937d0_0;  1 drivers
v000002828c483670_0 .net "rst_n", 0 0, v000002828c4830d0_0;  1 drivers
S_000002828c493500 .scope module, "u_key_debounce" "key_debounce" 3 15, 4 1 0, S_000002828c47b380;
 .timescale -9 -12;
    .port_info 0 /INPUT 1 "clk";
    .port_info 1 /INPUT 1 "rst_n";
    .port_info 2 /INPUT 1 "key";
    .port_info 3 /OUTPUT 1 "press";
P_000002828c478ee0 .param/l "DELAY_TIME" 0 4 9, +C4<00000000000000000000000000110010>;
L_000002828c496bf0 .functor NOT 1, v000002828c493730_0, C4<0>, C4<0>, C4<0>;
L_000002828c497a60 .functor AND 1, v000002828c493690_0, L_000002828c496bf0, C4<1>, C4<1>;
v000002828c3cb4f0_0 .net *"_ivl_0", 0 0, L_000002828c496bf0;  1 drivers
v000002828c4901a0_0 .net "clk", 0 0, v000002828c483030_0;  alias, 1 drivers
v000002828c47b510_0 .var "delay_cnt", 19 0;
v000002828c47b5b0_0 .var "delay_flag", 0 0;
v000002828c3cb9e0_0 .net "key", 0 0, v000002828c4837b0_0;  alias, 1 drivers
v000002828c3cba80_0 .net "key_nedge", 0 0, L_000002828c497a60;  1 drivers
v000002828c493690_0 .var "key_r0", 0 0;
v000002828c493730_0 .var "key_r1", 0 0;
v000002828c4937d0_0 .var "press", 0 0;
v000002828c493870_0 .net "rst_n", 0 0, v000002828c4830d0_0;  alias, 1 drivers
E_000002828c478f20/0 .event negedge, v000002828c493870_0;
E_000002828c478f20/1 .event posedge, v000002828c4901a0_0;
E_000002828c478f20 .event/or E_000002828c478f20/0, E_000002828c478f20/1;
S_000002828c48bb30 .scope module, "u_key_driver" "key_driver" 3 22, 5 1 0, S_000002828c47b380;
 .timescale -9 -12;
    .port_info 0 /INPUT 1 "clk";
    .port_info 1 /INPUT 1 "rst_n";
    .port_info 2 /INPUT 1 "en";
    .port_info 3 /OUTPUT 4 "led_o";
v000002828c493910_0 .net "clk", 0 0, v000002828c483030_0;  alias, 1 drivers
v000002828c483350_0 .net "en", 0 0, v000002828c4937d0_0;  alias, 1 drivers
v000002828c4835d0_0 .var "led_o", 3 0;
v000002828c483710_0 .net "rst_n", 0 0, v000002828c4830d0_0;  alias, 1 drivers
    .scope S_000002828c493500;
T_0 ;
    %pushi/vec4 0, 0, 20;
    %store/vec4 v000002828c47b510_0, 0, 20;
    %end;
    .thread T_0;
    .scope S_000002828c493500;
T_1 ;
    %wait E_000002828c478f20;
    %load/vec4 v000002828c493870_0;
    %cmpi/e 0, 0, 1;
    %jmp/0xz  T_1.0, 4;
    %pushi/vec4 1, 0, 1;
    %assign/vec4 v000002828c493690_0, 0;
    %pushi/vec4 1, 0, 1;
    %assign/vec4 v000002828c493730_0, 0;
    %jmp T_1.1;
T_1.0 ;
    %load/vec4 v000002828c3cb9e0_0;
    %assign/vec4 v000002828c493690_0, 0;
    %load/vec4 v000002828c493690_0;
    %assign/vec4 v000002828c493730_0, 0;
T_1.1 ;
    %jmp T_1;
    .thread T_1;
    .scope S_000002828c493500;
T_2 ;
    %wait E_000002828c478f20;
    %load/vec4 v000002828c493870_0;
    %nor/r;
    %flag_set/vec4 8;
    %jmp/0xz  T_2.0, 8;
    %pushi/vec4 0, 0, 20;
    %assign/vec4 v000002828c47b510_0, 0;
    %jmp T_2.1;
T_2.0 ;
    %load/vec4 v000002828c47b5b0_0;
    %flag_set/vec4 8;
    %jmp/0xz  T_2.2, 8;
    %load/vec4 v000002828c47b510_0;
    %pad/u 32;
    %cmpi/e 49, 0, 32;
    %jmp/0xz  T_2.4, 4;
    %pushi/vec4 0, 0, 20;
    %assign/vec4 v000002828c47b510_0, 0;
    %jmp T_2.5;
T_2.4 ;
    %load/vec4 v000002828c47b510_0;
    %addi 1, 0, 20;
    %assign/vec4 v000002828c47b510_0, 0;
T_2.5 ;
T_2.2 ;
T_2.1 ;
    %jmp T_2;
    .thread T_2;
    .scope S_000002828c493500;
T_3 ;
    %wait E_000002828c478f20;
    %load/vec4 v000002828c493870_0;
    %nor/r;
    %flag_set/vec4 8;
    %jmp/0xz  T_3.0, 8;
    %pushi/vec4 0, 0, 1;
    %assign/vec4 v000002828c47b5b0_0, 0;
    %jmp T_3.1;
T_3.0 ;
    %load/vec4 v000002828c3cba80_0;
    %flag_set/vec4 8;
    %jmp/0xz  T_3.2, 8;
    %pushi/vec4 1, 0, 1;
    %assign/vec4 v000002828c47b5b0_0, 0;
    %jmp T_3.3;
T_3.2 ;
    %load/vec4 v000002828c47b510_0;
    %pad/u 32;
    %cmpi/e 49, 0, 32;
    %jmp/0xz  T_3.4, 4;
    %pushi/vec4 0, 0, 1;
    %assign/vec4 v000002828c47b5b0_0, 0;
T_3.4 ;
T_3.3 ;
T_3.1 ;
    %jmp T_3;
    .thread T_3;
    .scope S_000002828c493500;
T_4 ;
    %wait E_000002828c478f20;
    %load/vec4 v000002828c493870_0;
    %nor/r;
    %flag_set/vec4 8;
    %jmp/0xz  T_4.0, 8;
    %pushi/vec4 0, 0, 1;
    %assign/vec4 v000002828c4937d0_0, 0;
    %jmp T_4.1;
T_4.0 ;
    %load/vec4 v000002828c47b510_0;
    %pad/u 32;
    %cmpi/e 49, 0, 32;
    %jmp/0xz  T_4.2, 4;
    %load/vec4 v000002828c493690_0;
    %assign/vec4 v000002828c4937d0_0, 0;
    %jmp T_4.3;
T_4.2 ;
    %pushi/vec4 0, 0, 1;
    %assign/vec4 v000002828c4937d0_0, 0;
T_4.3 ;
T_4.1 ;
    %jmp T_4;
    .thread T_4;
    .scope S_000002828c48bb30;
T_5 ;
    %wait E_000002828c478f20;
    %load/vec4 v000002828c483710_0;
    %nor/r;
    %flag_set/vec4 8;
    %jmp/0xz  T_5.0, 8;
    %pushi/vec4 0, 0, 4;
    %assign/vec4 v000002828c4835d0_0, 0;
    %jmp T_5.1;
T_5.0 ;
    %load/vec4 v000002828c483350_0;
    %flag_set/vec4 8;
    %jmp/0xz  T_5.2, 8;
    %load/vec4 v000002828c4835d0_0;
    %parti/s 1, 0, 2;
    %inv;
    %load/vec4 v000002828c4835d0_0;
    %parti/s 3, 1, 2;
    %concat/vec4; draw_concat_vec4
    %assign/vec4 v000002828c4835d0_0, 0;
T_5.2 ;
T_5.1 ;
    %jmp T_5;
    .thread T_5;
    .scope S_000002828c3cb360;
T_6 ;
    %pushi/vec4 0, 0, 1;
    %store/vec4 v000002828c483030_0, 0, 1;
    %pushi/vec4 0, 0, 1;
    %store/vec4 v000002828c4830d0_0, 0, 1;
    %pushi/vec4 0, 0, 1;
    %store/vec4 v000002828c4837b0_0, 0, 1;
    %end;
    .thread T_6;
    .scope S_000002828c3cb360;
T_7 ;
T_7.0 ;
    %delay 10000, 0;
    %load/vec4 v000002828c483030_0;
    %inv;
    %store/vec4 v000002828c483030_0, 0, 1;
    %jmp T_7.0;
    %end;
    .thread T_7;
    .scope S_000002828c3cb360;
T_8 ;
    %vpi_call 2 35 "$dumpfile", "tb_key_led.vcd" {0 0 0};
    %vpi_call 2 36 "$dumpvars", 32'sb00000000000000000000000000000000, S_000002828c3cb360 {0 0 0};
    %pushi/vec4 0, 0, 1;
    %store/vec4 v000002828c4830d0_0, 0, 1;
    %delay 10000, 0;
    %pushi/vec4 1, 0, 1;
    %store/vec4 v000002828c4830d0_0, 0, 1;
    %pushi/vec4 0, 0, 1;
    %store/vec4 v000002828c4837b0_0, 0, 1;
    %delay 1000000, 0;
    %pushi/vec4 1, 0, 1;
    %store/vec4 v000002828c4837b0_0, 0, 1;
    %delay 10000, 0;
    %pushi/vec4 0, 0, 1;
    %store/vec4 v000002828c4837b0_0, 0, 1;
    %delay 5000, 0;
    %pushi/vec4 1, 0, 1;
    %store/vec4 v000002828c4837b0_0, 0, 1;
    %delay 7000, 0;
    %pushi/vec4 0, 0, 1;
    %store/vec4 v000002828c4837b0_0, 0, 1;
    %delay 5000, 0;
    %pushi/vec4 1, 0, 1;
    %store/vec4 v000002828c4837b0_0, 0, 1;
    %delay 7000, 0;
    %pushi/vec4 0, 0, 1;
    %store/vec4 v000002828c4837b0_0, 0, 1;
    %delay 5000, 0;
    %pushi/vec4 1, 0, 1;
    %store/vec4 v000002828c4837b0_0, 0, 1;
    %delay 7000, 0;
    %pushi/vec4 0, 0, 1;
    %store/vec4 v000002828c4837b0_0, 0, 1;
    %delay 10000, 0;
    %pushi/vec4 1, 0, 1;
    %store/vec4 v000002828c4837b0_0, 0, 1;
    %delay 50000000, 0;
    %pushi/vec4 0, 0, 1;
    %store/vec4 v000002828c4837b0_0, 0, 1;
    %delay 100000000, 0;
    %vpi_call 2 62 "$finish" {0 0 0};
    %end;
    .thread T_8;
# The file index is used to find the file name in the following table.
:file_names 6;
    "N/A";
    "<interactive>";
    "tb.v";
    "./key_led.v";
    "./key_debounce.v";
    "./key_driver.v";
