#! /c/Source/iverilog-install/bin/vvp
:ivl_version "12.0 (devel)" "(s20150603-1110-g18392a46)";
:ivl_delay_selection "TYPICAL";
:vpi_time_precision + 0;
:vpi_module "D:\iverilog\lib\ivl\system.vpi";
:vpi_module "D:\iverilog\lib\ivl\vhdl_sys.vpi";
:vpi_module "D:\iverilog\lib\ivl\vhdl_textio.vpi";
:vpi_module "D:\iverilog\lib\ivl\v2005_math.vpi";
:vpi_module "D:\iverilog\lib\ivl\va_math.vpi";
S_00000174ed8e2ce0 .scope module, "uart_rx" "uart_rx" 2 1;
 .timescale 0 0;
    .port_info 0 /INPUT 1 "clk";
    .port_info 1 /INPUT 1 "rxd";
    .port_info 2 /OUTPUT 1 "data_rdy";
    .port_info 3 /OUTPUT 8 "data";
P_00000174ed85a2d0 .param/l "DONE" 1 2 10, +C4<00000000000000000000000000000010>;
P_00000174ed85a308 .param/l "IDLE" 1 2 8, +C4<00000000000000000000000000000000>;
P_00000174ed85a340 .param/l "RECEIVING" 1 2 9, +C4<00000000000000000000000000000001>;
v00000174ed85ba80_0 .net *"_ivl_0", 31 0, L_00000174ed9601e0;  1 drivers
L_00000174ed960288 .functor BUFT 1, C4<00000000000000000000000000000>, C4<0>, C4<0>, C4<0>;
v00000174ed8e3390_0 .net *"_ivl_3", 28 0, L_00000174ed960288;  1 drivers
L_00000174ed9602d0 .functor BUFT 1, C4<00000000000000000000000000000010>, C4<0>, C4<0>, C4<0>;
v00000174ed85b850_0 .net/2u *"_ivl_4", 31 0, L_00000174ed9602d0;  1 drivers
o00000174ed91b008 .functor BUFZ 1, C4<z>; HiZ drive
v00000174ed8e2e70_0 .net "clk", 0 0, o00000174ed91b008;  0 drivers
v00000174ed8e2f10_0 .var "count", 2 0;
v00000174ed8e2fb0_0 .var "data", 7 0;
v00000174ed8e3050_0 .net "data_rdy", 0 0, L_00000174ed914340;  1 drivers
v00000174ed8e30f0_0 .var "next_state", 2 0;
v00000174ed960000_0 .var "rx_data", 7 0;
o00000174ed91b128 .functor BUFZ 1, C4<z>; HiZ drive
v00000174ed9600a0_0 .net "rxd", 0 0, o00000174ed91b128;  0 drivers
v00000174ed960140_0 .var "state", 2 0;
E_00000174ed8590b0 .event posedge, v00000174ed8e2e70_0;
E_00000174ed859470 .event anyedge, v00000174ed960140_0, v00000174ed9600a0_0, v00000174ed8e2f10_0;
L_00000174ed9601e0 .concat [ 3 29 0 0], v00000174ed960140_0, L_00000174ed960288;
L_00000174ed914340 .cmp/eq 32, L_00000174ed9601e0, L_00000174ed9602d0;
    .scope S_00000174ed8e2ce0;
T_0 ;
    %pushi/vec4 0, 0, 3;
    %store/vec4 v00000174ed960140_0, 0, 3;
    %pushi/vec4 0, 0, 3;
    %store/vec4 v00000174ed8e30f0_0, 0, 3;
    %pushi/vec4 0, 0, 8;
    %store/vec4 v00000174ed960000_0, 0, 8;
    %end;
    .thread T_0;
    .scope S_00000174ed8e2ce0;
T_1 ;
    %wait E_00000174ed8590b0;
    %load/vec4 v00000174ed8e30f0_0;
    %assign/vec4 v00000174ed960140_0, 0;
    %jmp T_1;
    .thread T_1;
    .scope S_00000174ed8e2ce0;
T_2 ;
    %wait E_00000174ed859470;
    %load/vec4 v00000174ed960140_0;
    %store/vec4 v00000174ed8e30f0_0, 0, 3;
    %load/vec4 v00000174ed960140_0;
    %dup/vec4;
    %pushi/vec4 0, 0, 3;
    %cmp/u;
    %jmp/1 T_2.0, 6;
    %dup/vec4;
    %pushi/vec4 1, 0, 3;
    %cmp/u;
    %jmp/1 T_2.1, 6;
    %dup/vec4;
    %pushi/vec4 2, 0, 3;
    %cmp/u;
    %jmp/1 T_2.2, 6;
    %jmp T_2.3;
T_2.0 ;
    %load/vec4 v00000174ed9600a0_0;
    %pad/u 32;
    %cmpi/e 0, 0, 32;
    %jmp/0xz  T_2.4, 4;
    %pushi/vec4 1, 0, 3;
    %store/vec4 v00000174ed8e30f0_0, 0, 3;
T_2.4 ;
    %jmp T_2.3;
T_2.1 ;
    %load/vec4 v00000174ed8e2f10_0;
    %pad/u 32;
    %cmpi/e 7, 0, 32;
    %jmp/0xz  T_2.6, 4;
    %pushi/vec4 2, 0, 3;
    %store/vec4 v00000174ed8e30f0_0, 0, 3;
    %jmp T_2.7;
T_2.6 ;
    %pushi/vec4 1, 0, 3;
    %store/vec4 v00000174ed8e30f0_0, 0, 3;
T_2.7 ;
    %jmp T_2.3;
T_2.2 ;
    %pushi/vec4 0, 0, 3;
    %store/vec4 v00000174ed8e30f0_0, 0, 3;
    %jmp T_2.3;
T_2.3 ;
    %pop/vec4 1;
    %jmp T_2;
    .thread T_2, $push;
    .scope S_00000174ed8e2ce0;
T_3 ;
    %wait E_00000174ed8590b0;
    %load/vec4 v00000174ed960140_0;
    %pad/u 32;
    %cmpi/e 0, 0, 32;
    %jmp/0xz  T_3.0, 4;
    %pushi/vec4 0, 0, 3;
    %assign/vec4 v00000174ed8e2f10_0, 0;
    %jmp T_3.1;
T_3.0 ;
    %load/vec4 v00000174ed960140_0;
    %pad/u 32;
    %cmpi/e 1, 0, 32;
    %jmp/0xz  T_3.2, 4;
    %load/vec4 v00000174ed8e2f10_0;
    %addi 1, 0, 3;
    %assign/vec4 v00000174ed8e2f10_0, 0;
    %jmp T_3.3;
T_3.2 ;
    %load/vec4 v00000174ed960140_0;
    %pad/u 32;
    %cmpi/e 2, 0, 32;
    %jmp/0xz  T_3.4, 4;
    %pushi/vec4 0, 0, 3;
    %assign/vec4 v00000174ed8e2f10_0, 0;
T_3.4 ;
T_3.3 ;
T_3.1 ;
    %jmp T_3;
    .thread T_3;
    .scope S_00000174ed8e2ce0;
T_4 ;
    %wait E_00000174ed8590b0;
    %load/vec4 v00000174ed960140_0;
    %pad/u 32;
    %cmpi/e 1, 0, 32;
    %jmp/0xz  T_4.0, 4;
    %load/vec4 v00000174ed9600a0_0;
    %ix/load 5, 0, 0;
    %ix/getv 4, v00000174ed8e2f10_0;
    %assign/vec4/off/d v00000174ed960000_0, 4, 5;
T_4.0 ;
    %jmp T_4;
    .thread T_4;
# The file index is used to find the file name in the following table.
:file_names 3;
    "N/A";
    "<interactive>";
    "uart_rx.v";
