#! /c/Source/iverilog-install/bin/vvp
:ivl_version "12.0 (devel)" "(s20150603-1110-g18392a46)";
:ivl_delay_selection "TYPICAL";
:vpi_time_precision + 0;
:vpi_module "D:\iverilog\lib\ivl\system.vpi";
:vpi_module "D:\iverilog\lib\ivl\vhdl_sys.vpi";
:vpi_module "D:\iverilog\lib\ivl\vhdl_textio.vpi";
:vpi_module "D:\iverilog\lib\ivl\v2005_math.vpi";
:vpi_module "D:\iverilog\lib\ivl\va_math.vpi";
S_0000018fed922ce0 .scope module, "uart_tx" "uart_tx" 2 1;
 .timescale 0 0;
    .port_info 0 /INPUT 1 "clk";
    .port_info 1 /INPUT 8 "tx_data";
    .port_info 2 /INPUT 1 "tx_start";
    .port_info 3 /OUTPUT 1 "tx_busy";
    .port_info 4 /OUTPUT 1 "txd";
P_0000018feda1ad80 .param/l "DONE" 1 2 11, +C4<00000000000000000000000000000011>;
P_0000018feda1adb8 .param/l "IDLE" 1 2 8, +C4<00000000000000000000000000000000>;
P_0000018feda1adf0 .param/l "SENDING" 1 2 10, +C4<00000000000000000000000000000010>;
P_0000018feda1ae28 .param/l "START" 1 2 9, +C4<00000000000000000000000000000001>;
v0000018feda1afb0_0 .net *"_ivl_0", 31 0, L_0000018fed9a1210;  1 drivers
L_0000018fed9a12b8 .functor BUFT 1, C4<00000000000000000000000000000>, C4<0>, C4<0>, C4<0>;
v0000018fed923390_0 .net *"_ivl_3", 28 0, L_0000018fed9a12b8;  1 drivers
L_0000018fed9a1300 .functor BUFT 1, C4<00000000000000000000000000000010>, C4<0>, C4<0>, C4<0>;
v0000018feda1bb90_0 .net/2u *"_ivl_4", 31 0, L_0000018fed9a1300;  1 drivers
o0000018fed95c038 .functor BUFZ 1, C4<z>; HiZ drive
v0000018fed922e70_0 .net "clk", 0 0, o0000018fed95c038;  0 drivers
v0000018fed922f10_0 .var "count", 2 0;
v0000018fed922fb0_0 .var "next_state", 2 0;
v0000018fed923050_0 .var "state", 2 0;
v0000018fed9230f0_0 .net "tx_busy", 0 0, L_0000018fed954420;  1 drivers
o0000018fed95c128 .functor BUFZ 8, C4<zzzzzzzz>; HiZ drive
v0000018fed9a1030_0 .net "tx_data", 7 0, o0000018fed95c128;  0 drivers
o0000018fed95c158 .functor BUFZ 1, C4<z>; HiZ drive
v0000018fed9a10d0_0 .net "tx_start", 0 0, o0000018fed95c158;  0 drivers
v0000018fed9a1170_0 .var "txd", 0 0;
E_0000018fed95ab90 .event posedge, v0000018fed922e70_0;
E_0000018fed95add0 .event anyedge, v0000018fed923050_0, v0000018fed9a10d0_0, v0000018fed922f10_0;
L_0000018fed9a1210 .concat [ 3 29 0 0], v0000018fed923050_0, L_0000018fed9a12b8;
L_0000018fed954420 .cmp/eq 32, L_0000018fed9a1210, L_0000018fed9a1300;
    .scope S_0000018fed922ce0;
T_0 ;
    %pushi/vec4 0, 0, 3;
    %store/vec4 v0000018fed923050_0, 0, 3;
    %pushi/vec4 0, 0, 3;
    %store/vec4 v0000018fed922fb0_0, 0, 3;
    %end;
    .thread T_0;
    .scope S_0000018fed922ce0;
T_1 ;
    %wait E_0000018fed95ab90;
    %load/vec4 v0000018fed922fb0_0;
    %assign/vec4 v0000018fed923050_0, 0;
    %jmp T_1;
    .thread T_1;
    .scope S_0000018fed922ce0;
T_2 ;
    %wait E_0000018fed95add0;
    %load/vec4 v0000018fed923050_0;
    %store/vec4 v0000018fed922fb0_0, 0, 3;
    %load/vec4 v0000018fed923050_0;
    %dup/vec4;
    %pushi/vec4 0, 0, 3;
    %cmp/u;
    %jmp/1 T_2.0, 6;
    %dup/vec4;
    %pushi/vec4 1, 0, 3;
    %cmp/u;
    %jmp/1 T_2.1, 6;
    %dup/vec4;
    %pushi/vec4 2, 0, 3;
    %cmp/u;
    %jmp/1 T_2.2, 6;
    %dup/vec4;
    %pushi/vec4 3, 0, 3;
    %cmp/u;
    %jmp/1 T_2.3, 6;
    %jmp T_2.4;
T_2.0 ;
    %load/vec4 v0000018fed9a10d0_0;
    %flag_set/vec4 8;
    %jmp/0xz  T_2.5, 8;
    %pushi/vec4 1, 0, 3;
    %store/vec4 v0000018fed922fb0_0, 0, 3;
T_2.5 ;
    %jmp T_2.4;
T_2.1 ;
    %pushi/vec4 2, 0, 3;
    %store/vec4 v0000018fed922fb0_0, 0, 3;
    %jmp T_2.4;
T_2.2 ;
    %load/vec4 v0000018fed922f10_0;
    %pad/u 32;
    %cmpi/e 7, 0, 32;
    %jmp/0xz  T_2.7, 4;
    %pushi/vec4 3, 0, 3;
    %store/vec4 v0000018fed922fb0_0, 0, 3;
    %jmp T_2.8;
T_2.7 ;
    %pushi/vec4 2, 0, 3;
    %store/vec4 v0000018fed922fb0_0, 0, 3;
T_2.8 ;
    %jmp T_2.4;
T_2.3 ;
    %pushi/vec4 0, 0, 3;
    %store/vec4 v0000018fed922fb0_0, 0, 3;
    %jmp T_2.4;
T_2.4 ;
    %pop/vec4 1;
    %jmp T_2;
    .thread T_2, $push;
    .scope S_0000018fed922ce0;
T_3 ;
    %wait E_0000018fed95ab90;
    %load/vec4 v0000018fed923050_0;
    %pad/u 32;
    %cmpi/e 2, 0, 32;
    %jmp/0xz  T_3.0, 4;
    %load/vec4 v0000018fed922f10_0;
    %addi 1, 0, 3;
    %assign/vec4 v0000018fed922f10_0, 0;
    %jmp T_3.1;
T_3.0 ;
    %load/vec4 v0000018fed923050_0;
    %pad/u 32;
    %cmpi/e 3, 0, 32;
    %flag_mov 8, 4;
    %load/vec4 v0000018fed923050_0;
    %pad/u 32;
    %cmpi/e 0, 0, 32;
    %flag_or 4, 8;
    %jmp/0xz  T_3.2, 4;
    %pushi/vec4 0, 0, 3;
    %assign/vec4 v0000018fed922f10_0, 0;
T_3.2 ;
T_3.1 ;
    %jmp T_3;
    .thread T_3;
    .scope S_0000018fed922ce0;
T_4 ;
    %wait E_0000018fed95ab90;
    %load/vec4 v0000018fed923050_0;
    %pad/u 32;
    %cmpi/e 1, 0, 32;
    %jmp/0xz  T_4.0, 4;
    %pushi/vec4 0, 0, 1;
    %assign/vec4 v0000018fed9a1170_0, 0;
    %jmp T_4.1;
T_4.0 ;
    %load/vec4 v0000018fed923050_0;
    %pad/u 32;
    %cmpi/e 2, 0, 32;
    %jmp/0xz  T_4.2, 4;
    %load/vec4 v0000018fed9a1030_0;
    %load/vec4 v0000018fed922f10_0;
    %part/u 1;
    %assign/vec4 v0000018fed9a1170_0, 0;
    %jmp T_4.3;
T_4.2 ;
    %load/vec4 v0000018fed923050_0;
    %pad/u 32;
    %pushi/vec4 3, 0, 32;
    %cmp/e;
    %flag_get/vec4 4;
    %load/vec4 v0000018fed923050_0;
    %pad/u 32;
    %pushi/vec4 0, 0, 32;
    %cmp/e;
    %flag_get/vec4 4;
    %or;
    %flag_set/vec4 8;
    %jmp/0xz  T_4.4, 8;
    %pushi/vec4 1, 0, 1;
    %assign/vec4 v0000018fed9a1170_0, 0;
T_4.4 ;
T_4.3 ;
T_4.1 ;
    %jmp T_4;
    .thread T_4;
# The file index is used to find the file name in the following table.
:file_names 3;
    "N/A";
    "<interactive>";
    "uart_tx.v";
