#! /c/Source/iverilog-install/bin/vvp
:ivl_version "12.0 (devel)" "(s20150603-1110-g18392a46)";
:ivl_delay_selection "TYPICAL";
:vpi_time_precision + 0;
:vpi_module "D:\iverilog\lib\ivl\system.vpi";
:vpi_module "D:\iverilog\lib\ivl\vhdl_sys.vpi";
:vpi_module "D:\iverilog\lib\ivl\vhdl_textio.vpi";
:vpi_module "D:\iverilog\lib\ivl\v2005_math.vpi";
:vpi_module "D:\iverilog\lib\ivl\va_math.vpi";
S_000002037c01aa00 .scope module, "dp" "dp" 2 6;
 .timescale 0 0;
    .port_info 0 /INPUT 1 "Clock";
    .port_info 1 /INPUT 1 "Reset";
    .port_info 2 /INPUT 1 "MuxN";
    .port_info 3 /INPUT 1 "LoadN";
    .port_info 4 /INPUT 1 "MuxC";
    .port_info 5 /INPUT 1 "LoadC";
    .port_info 6 /INPUT 1 "Out";
    .port_info 7 /INPUT 8 "N";
    .port_info 8 /OUTPUT 1 "Data";
    .port_info 9 /OUTPUT 1 "Nd0";
    .port_info 10 /OUTPUT 1 "N0d0";
v000002037c07bbf0_0 .net "C4", 0 0, L_000002037c07bb50;  1 drivers
o000002037c027488 .functor BUFZ 1, C4<z>; HiZ drive
v000002037c07ce10_0 .net "Clock", 0 0, o000002037c027488;  0 drivers
v000002037c07bdd0_0 .net "Data", 0 0, L_000002037c0c9350;  1 drivers
o000002037c0274b8 .functor BUFZ 1, C4<z>; HiZ drive
v000002037c07c370_0 .net "LoadC", 0 0, o000002037c0274b8;  0 drivers
o000002037c027608 .functor BUFZ 1, C4<z>; HiZ drive
v000002037c07d770_0 .net "LoadN", 0 0, o000002037c027608;  0 drivers
o000002037c027188 .functor BUFZ 1, C4<z>; HiZ drive
v000002037c07be70_0 .net "MuxC", 0 0, o000002037c027188;  0 drivers
o000002037c027308 .functor BUFZ 1, C4<z>; HiZ drive
v000002037c07d450_0 .net "MuxN", 0 0, o000002037c027308;  0 drivers
o000002037c0272d8 .functor BUFZ 8, C4<zzzzzzzz>; HiZ drive
v000002037c07d130_0 .net "N", 7 0, o000002037c0272d8;  0 drivers
v000002037c07ceb0_0 .net "N0d0", 0 0, L_000002037c07c870;  1 drivers
v000002037c07d4f0_0 .net "Nd0", 0 0, L_000002037c07c730;  1 drivers
o000002037c027008 .functor BUFZ 1, C4<z>; HiZ drive
v000002037c07c910_0 .net "Out", 0 0, o000002037c027008;  0 drivers
o000002037c027458 .functor BUFZ 1, C4<z>; HiZ drive
v000002037c07c7d0_0 .net "Reset", 0 0, o000002037c027458;  0 drivers
L_000002037c07e9c8 .functor BUFT 1, C4<1>, C4<0>, C4<0>, C4<0>;
v000002037c07cf50_0 .net/2u *"_ivl_10", 0 0, L_000002037c07e9c8;  1 drivers
L_000002037c07ea10 .functor BUFT 1, C4<0>, C4<0>, C4<0>, C4<0>;
v000002037c07bd30_0 .net/2u *"_ivl_12", 0 0, L_000002037c07ea10;  1 drivers
v000002037c07d590_0 .net *"_ivl_16", 31 0, L_000002037c07c050;  1 drivers
L_000002037c07ea58 .functor BUFT 1, C4<000000000000000000000000>, C4<0>, C4<0>, C4<0>;
v000002037c07bc90_0 .net *"_ivl_19", 23 0, L_000002037c07ea58;  1 drivers
L_000002037c07eaa0 .functor BUFT 1, C4<00000000000000000000000000000000>, C4<0>, C4<0>, C4<0>;
v000002037c07c690_0 .net/2u *"_ivl_20", 31 0, L_000002037c07eaa0;  1 drivers
v000002037c07c9b0_0 .net *"_ivl_22", 0 0, L_000002037c07c0f0;  1 drivers
L_000002037c07eae8 .functor BUFT 1, C4<1>, C4<0>, C4<0>, C4<0>;
v000002037c07c2d0_0 .net/2u *"_ivl_24", 0 0, L_000002037c07eae8;  1 drivers
L_000002037c07eb30 .functor BUFT 1, C4<0>, C4<0>, C4<0>, C4<0>;
v000002037c07c410_0 .net/2u *"_ivl_26", 0 0, L_000002037c07eb30;  1 drivers
L_000002037c07e980 .functor BUFT 1, C4<0100>, C4<0>, C4<0>, C4<0>;
v000002037c07ba10_0 .net/2u *"_ivl_6", 3 0, L_000002037c07e980;  1 drivers
v000002037c07bf10_0 .net *"_ivl_8", 0 0, L_000002037c07bab0;  1 drivers
v000002037c07b8d0_0 .net "dp_C", 3 0, v000002037c00fad0_0;  1 drivers
v000002037c07bfb0_0 .net "dp_MuxC", 3 0, L_000002037c07d270;  1 drivers
v000002037c07cff0_0 .net "dp_MuxN", 7 0, L_000002037c07d3b0;  1 drivers
v000002037c07ca50_0 .net "dp_N", 7 0, v000002037c07caf0_0;  1 drivers
v000002037c07d1d0_0 .net "dp_shift", 7 0, v000002037c07c230_0;  1 drivers
v000002037c07b970_0 .net "dp_sum", 3 0, L_000002037c07d6d0;  1 drivers
L_000002037c07bab0 .cmp/eq 4, v000002037c00fad0_0, L_000002037c07e980;
L_000002037c07bb50 .functor MUXZ 1, L_000002037c07ea10, L_000002037c07e9c8, L_000002037c07bab0, C4<>;
L_000002037c07c050 .concat [ 8 24 0 0], v000002037c07caf0_0, L_000002037c07ea58;
L_000002037c07c0f0 .cmp/eq 32, L_000002037c07c050, L_000002037c07eaa0;
L_000002037c07c730 .functor MUXZ 1, L_000002037c07eb30, L_000002037c07eae8, L_000002037c07c0f0, C4<>;
L_000002037c07c870 .part v000002037c07caf0_0, 0, 1;
S_000002037c01ac50 .scope module, "buffer" "tri_buffer" 2 55, 3 1 0, S_000002037c01aa00;
 .timescale 0 0;
    .port_info 0 /INPUT 1 "E";
    .port_info 1 /INPUT 1 "D";
    .port_info 2 /OUTPUT 1 "Y";
P_000002037c00b190 .param/l "n" 0 3 2, +C4<00000000000000000000000000000001>;
v000002037c010610_0 .net "D", 0 0, L_000002037c07bb50;  alias, 1 drivers
v000002037c010250_0 .net "E", 0 0, o000002037c027008;  alias, 0 drivers
v000002037c010430_0 .net "Y", 0 0, L_000002037c0c9350;  alias, 1 drivers
o000002037c027068 .functor BUFZ 1, C4<z>; HiZ drive
; Elide local net with no drivers, v000002037c00fc10_0 name=_ivl_0
L_000002037c0c9350 .functor MUXZ 1, o000002037c027068, L_000002037c07bb50, o000002037c027008, C4<>;
S_000002037c016a60 .scope module, "muxC" "mux21" 2 22, 4 1 0, S_000002037c01aa00;
 .timescale 0 0;
    .port_info 0 /INPUT 1 "S";
    .port_info 1 /INPUT 4 "D1";
    .port_info 2 /INPUT 4 "D0";
    .port_info 3 /OUTPUT 4 "Y";
P_000002037c00ad10 .param/l "n" 0 4 2, +C4<00000000000000000000000000000100>;
v000002037c0102f0_0 .net "D0", 3 0, L_000002037c07d6d0;  alias, 1 drivers
L_000002037c07e8a8 .functor BUFT 1, C4<0000>, C4<0>, C4<0>, C4<0>;
v000002037c00f8f0_0 .net "D1", 3 0, L_000002037c07e8a8;  1 drivers
v000002037c00fe90_0 .net "S", 0 0, o000002037c027188;  alias, 0 drivers
v000002037c010110_0 .net "Y", 3 0, L_000002037c07d270;  alias, 1 drivers
L_000002037c07d270 .functor MUXZ 4, L_000002037c07d6d0, L_000002037c07e8a8, o000002037c027188, C4<>;
S_000002037c016bf0 .scope module, "muxN" "mux21" 2 16, 4 1 0, S_000002037c01aa00;
 .timescale 0 0;
    .port_info 0 /INPUT 1 "S";
    .port_info 1 /INPUT 8 "D1";
    .port_info 2 /INPUT 8 "D0";
    .port_info 3 /OUTPUT 8 "Y";
P_000002037c00a950 .param/l "n" 0 4 2, +C4<00000000000000000000000000001000>;
v000002037c00f990_0 .net "D0", 7 0, v000002037c07c230_0;  alias, 1 drivers
v000002037c0101b0_0 .net "D1", 7 0, o000002037c0272d8;  alias, 0 drivers
v000002037c010570_0 .net "S", 0 0, o000002037c027308;  alias, 0 drivers
v000002037c00f710_0 .net "Y", 7 0, L_000002037c07d3b0;  alias, 1 drivers
L_000002037c07d3b0 .functor MUXZ 8, v000002037c07c230_0, o000002037c0272d8, o000002037c027308, C4<>;
S_000002037c016d80 .scope module, "regC" "register" 2 35, 5 1 0, S_000002037c01aa00;
 .timescale 0 0;
    .port_info 0 /INPUT 1 "clock";
    .port_info 1 /INPUT 1 "clear";
    .port_info 2 /INPUT 1 "load";
    .port_info 3 /INPUT 4 "D";
    .port_info 4 /OUTPUT 4 "Q";
P_000002037c00add0 .param/l "n" 0 5 2, +C4<00000000000000000000000000000100>;
v000002037c00fa30_0 .net "D", 3 0, L_000002037c07d270;  alias, 1 drivers
v000002037c00fad0_0 .var "Q", 3 0;
v000002037c00fb70_0 .net "clear", 0 0, o000002037c027458;  alias, 0 drivers
v000002037c07cb90_0 .net "clock", 0 0, o000002037c027488;  alias, 0 drivers
v000002037c07d310_0 .net "load", 0 0, o000002037c0274b8;  alias, 0 drivers
E_000002037c00ae10/0 .event negedge, v000002037c00fb70_0;
E_000002037c00ae10/1 .event posedge, v000002037c07cb90_0;
E_000002037c00ae10 .event/or E_000002037c00ae10/0, E_000002037c00ae10/1;
S_000002037c015bb0 .scope module, "regN" "register" 2 28, 5 1 0, S_000002037c01aa00;
 .timescale 0 0;
    .port_info 0 /INPUT 1 "clock";
    .port_info 1 /INPUT 1 "clear";
    .port_info 2 /INPUT 1 "load";
    .port_info 3 /INPUT 8 "D";
    .port_info 4 /OUTPUT 8 "Q";
P_000002037c00ae50 .param/l "n" 0 5 2, +C4<00000000000000000000000000001000>;
v000002037c07c190_0 .net "D", 7 0, L_000002037c07d3b0;  alias, 1 drivers
v000002037c07caf0_0 .var "Q", 7 0;
v000002037c07cc30_0 .net "clear", 0 0, o000002037c027458;  alias, 0 drivers
v000002037c07d090_0 .net "clock", 0 0, o000002037c027488;  alias, 0 drivers
v000002037c07d630_0 .net "load", 0 0, o000002037c027608;  alias, 0 drivers
S_000002037c015d40 .scope module, "shift" "shifter" 2 42, 6 1 0, S_000002037c01aa00;
 .timescale 0 0;
    .port_info 0 /INPUT 2 "s";
    .port_info 1 /INPUT 8 "date";
    .port_info 2 /OUTPUT 8 "outdate";
P_000002037c00ae90 .param/l "n" 0 6 2, +C4<00000000000000000000000000001000>;
v000002037c07ccd0_0 .net "date", 7 0, v000002037c07caf0_0;  alias, 1 drivers
v000002037c07c230_0 .var "outdate", 7 0;
L_000002037c07e8f0 .functor BUFT 1, C4<10>, C4<0>, C4<0>, C4<0>;
v000002037c07cd70_0 .net "s", 1 0, L_000002037c07e8f0;  1 drivers
E_000002037c00b090 .event anyedge, v000002037c07caf0_0, v000002037c07cd70_0;
S_000002037c015ed0 .scope module, "sum" "adder" 2 47, 7 1 0, S_000002037c01aa00;
 .timescale 0 0;
    .port_info 0 /INPUT 4 "a";
    .port_info 1 /INPUT 4 "b";
    .port_info 2 /OUTPUT 4 "sum";
v000002037c07c5f0_0 .net "a", 3 0, v000002037c00fad0_0;  alias, 1 drivers
L_000002037c07e938 .functor BUFT 1, C4<0001>, C4<0>, C4<0>, C4<0>;
v000002037c07c4b0_0 .net "b", 3 0, L_000002037c07e938;  1 drivers
v000002037c07c550_0 .net "sum", 3 0, L_000002037c07d6d0;  alias, 1 drivers
L_000002037c07d6d0 .arith/sum 4, v000002037c00fad0_0, L_000002037c07e938;
    .scope S_000002037c015bb0;
T_0 ;
    %wait E_000002037c00ae10;
    %load/vec4 v000002037c07cc30_0;
    %pad/u 32;
    %cmpi/e 0, 0, 32;
    %jmp/0xz  T_0.0, 4;
    %pushi/vec4 0, 0, 8;
    %assign/vec4 v000002037c07caf0_0, 0;
    %jmp T_0.1;
T_0.0 ;
    %load/vec4 v000002037c07d630_0;
    %pad/u 32;
    %cmpi/e 1, 0, 32;
    %jmp/0xz  T_0.2, 4;
    %load/vec4 v000002037c07c190_0;
    %assign/vec4 v000002037c07caf0_0, 0;
T_0.2 ;
T_0.1 ;
    %jmp T_0;
    .thread T_0;
    .scope S_000002037c016d80;
T_1 ;
    %wait E_000002037c00ae10;
    %load/vec4 v000002037c00fb70_0;
    %pad/u 32;
    %cmpi/e 0, 0, 32;
    %jmp/0xz  T_1.0, 4;
    %pushi/vec4 0, 0, 4;
    %assign/vec4 v000002037c00fad0_0, 0;
    %jmp T_1.1;
T_1.0 ;
    %load/vec4 v000002037c07d310_0;
    %pad/u 32;
    %cmpi/e 1, 0, 32;
    %jmp/0xz  T_1.2, 4;
    %load/vec4 v000002037c00fa30_0;
    %assign/vec4 v000002037c00fad0_0, 0;
T_1.2 ;
T_1.1 ;
    %jmp T_1;
    .thread T_1;
    .scope S_000002037c015d40;
T_2 ;
    %wait E_000002037c00b090;
    %load/vec4 v000002037c07cd70_0;
    %dup/vec4;
    %pushi/vec4 0, 0, 2;
    %cmp/u;
    %jmp/1 T_2.0, 6;
    %dup/vec4;
    %pushi/vec4 1, 0, 2;
    %cmp/u;
    %jmp/1 T_2.1, 6;
    %dup/vec4;
    %pushi/vec4 2, 0, 2;
    %cmp/u;
    %jmp/1 T_2.2, 6;
    %dup/vec4;
    %pushi/vec4 3, 0, 2;
    %cmp/u;
    %jmp/1 T_2.3, 6;
    %jmp T_2.4;
T_2.0 ;
    %load/vec4 v000002037c07ccd0_0;
    %store/vec4 v000002037c07c230_0, 0, 8;
    %jmp T_2.4;
T_2.1 ;
    %load/vec4 v000002037c07ccd0_0;
    %ix/load 4, 1, 0;
    %flag_set/imm 4, 0;
    %shiftl 4;
    %store/vec4 v000002037c07c230_0, 0, 8;
    %jmp T_2.4;
T_2.2 ;
    %load/vec4 v000002037c07ccd0_0;
    %ix/load 4, 1, 0;
    %flag_set/imm 4, 0;
    %shiftr 4;
    %store/vec4 v000002037c07c230_0, 0, 8;
    %jmp T_2.4;
T_2.3 ;
    %load/vec4 v000002037c07ccd0_0;
    %parti/s 1, 0, 2;
    %load/vec4 v000002037c07ccd0_0;
    %parti/s 7, 1, 2;
    %concat/vec4; draw_concat_vec4
    %store/vec4 v000002037c07c230_0, 0, 8;
    %jmp T_2.4;
T_2.4 ;
    %pop/vec4 1;
    %jmp T_2;
    .thread T_2, $push;
# The file index is used to find the file name in the following table.
:file_names 8;
    "N/A";
    "<interactive>";
    "dp.v";
    "./tri_buffer.v";
    "./mux21.v";
    "./register.v";
    "./shifter.v";
    "./adder.v";
