#! /c/Source/iverilog-install/bin/vvp
:ivl_version "12.0 (devel)" "(s20150603-1110-g18392a46)";
:ivl_delay_selection "TYPICAL";
:vpi_time_precision + 0;
:vpi_module "D:\iverilog\lib\ivl\system.vpi";
:vpi_module "D:\iverilog\lib\ivl\vhdl_sys.vpi";
:vpi_module "D:\iverilog\lib\ivl\vhdl_textio.vpi";
:vpi_module "D:\iverilog\lib\ivl\v2005_math.vpi";
:vpi_module "D:\iverilog\lib\ivl\va_math.vpi";
S_000002719f992df0 .scope module, "fsm" "fsm" 2 1;
 .timescale 0 0;
    .port_info 0 /INPUT 1 "Clock";
    .port_info 1 /INPUT 1 "Reset";
    .port_info 2 /INPUT 1 "N0d0";
    .port_info 3 /INPUT 1 "Nd0";
    .port_info 4 /OUTPUT 1 "Nload";
    .port_info 5 /OUTPUT 1 "Cload";
    .port_info 6 /OUTPUT 1 "Out";
    .port_info 7 /OUTPUT 1 "MuxC";
    .port_info 8 /OUTPUT 1 "MuxN";
P_000002719f992f80 .param/l "s0" 0 2 6, +C4<00000000000000000000000000000000>;
P_000002719f992fb8 .param/l "s1" 0 2 6, +C4<00000000000000000000000000000001>;
P_000002719f992ff0 .param/l "s2" 0 2 6, +C4<00000000000000000000000000000010>;
P_000002719f993028 .param/l "s3" 0 2 6, +C4<00000000000000000000000000000011>;
P_000002719f993060 .param/l "s4" 0 2 6, +C4<00000000000000000000000000000100>;
v000002719f9930a0_0 .var "Cload", 0 0;
o000002719f9cbfe8 .functor BUFZ 1, C4<z>; HiZ drive
v000002719fa14c20_0 .net "Clock", 0 0, o000002719f9cbfe8;  0 drivers
v000002719fa14cc0_0 .var "MuxC", 0 0;
v000002719fa14d60_0 .var "MuxN", 0 0;
o000002719f9cc078 .functor BUFZ 1, C4<z>; HiZ drive
v000002719fa14e00_0 .net "N0d0", 0 0, o000002719f9cc078;  0 drivers
o000002719f9cc0a8 .functor BUFZ 1, C4<z>; HiZ drive
v000002719fa14ea0_0 .net "Nd0", 0 0, o000002719f9cc0a8;  0 drivers
v000002719f9c1ae0_0 .var "Nload", 0 0;
v000002719f9c1b80_0 .var "Out", 0 0;
o000002719f9cc138 .functor BUFZ 1, C4<z>; HiZ drive
v000002719f9c1c20_0 .net "Reset", 0 0, o000002719f9cc138;  0 drivers
v000002719f9c1cc0_0 .var "state", 2 0;
E_000002719fb0ada0 .event anyedge, v000002719f9c1cc0_0;
E_000002719fb0ade0/0 .event negedge, v000002719f9c1c20_0;
E_000002719fb0ade0/1 .event posedge, v000002719fa14c20_0;
E_000002719fb0ade0 .event/or E_000002719fb0ade0/0, E_000002719fb0ade0/1;
    .scope S_000002719f992df0;
T_0 ;
    %wait E_000002719fb0ade0;
    %load/vec4 v000002719f9c1c20_0;
    %inv;
    %flag_set/vec4 8;
    %jmp/0xz  T_0.0, 8;
    %pushi/vec4 0, 0, 3;
    %assign/vec4 v000002719f9c1cc0_0, 0;
    %jmp T_0.1;
T_0.0 ;
    %load/vec4 v000002719f9c1cc0_0;
    %dup/vec4;
    %pushi/vec4 0, 0, 3;
    %cmp/u;
    %jmp/1 T_0.2, 6;
    %dup/vec4;
    %pushi/vec4 1, 0, 3;
    %cmp/u;
    %jmp/1 T_0.3, 6;
    %dup/vec4;
    %pushi/vec4 2, 0, 3;
    %cmp/u;
    %jmp/1 T_0.4, 6;
    %dup/vec4;
    %pushi/vec4 3, 0, 3;
    %cmp/u;
    %jmp/1 T_0.5, 6;
    %dup/vec4;
    %pushi/vec4 4, 0, 3;
    %cmp/u;
    %jmp/1 T_0.6, 6;
    %pushi/vec4 0, 0, 3;
    %assign/vec4 v000002719f9c1cc0_0, 0;
    %jmp T_0.8;
T_0.2 ;
    %pushi/vec4 1, 0, 3;
    %assign/vec4 v000002719f9c1cc0_0, 0;
    %jmp T_0.8;
T_0.3 ;
    %load/vec4 v000002719fa14ea0_0;
    %flag_set/vec4 8;
    %jmp/0xz  T_0.9, 8;
    %pushi/vec4 4, 0, 3;
    %assign/vec4 v000002719f9c1cc0_0, 0;
    %jmp T_0.10;
T_0.9 ;
    %load/vec4 v000002719fa14e00_0;
    %flag_set/vec4 8;
    %jmp/0xz  T_0.11, 8;
    %pushi/vec4 3, 0, 3;
    %assign/vec4 v000002719f9c1cc0_0, 0;
    %jmp T_0.12;
T_0.11 ;
    %pushi/vec4 2, 0, 3;
    %assign/vec4 v000002719f9c1cc0_0, 0;
T_0.12 ;
T_0.10 ;
    %jmp T_0.8;
T_0.4 ;
    %pushi/vec4 1, 0, 3;
    %assign/vec4 v000002719f9c1cc0_0, 0;
    %jmp T_0.8;
T_0.5 ;
    %pushi/vec4 2, 0, 3;
    %assign/vec4 v000002719f9c1cc0_0, 0;
    %jmp T_0.8;
T_0.6 ;
    %pushi/vec4 4, 0, 3;
    %assign/vec4 v000002719f9c1cc0_0, 0;
    %jmp T_0.8;
T_0.8 ;
    %pop/vec4 1;
T_0.1 ;
    %jmp T_0;
    .thread T_0;
    .scope S_000002719f992df0;
T_1 ;
    %wait E_000002719fb0ada0;
    %load/vec4 v000002719f9c1cc0_0;
    %dup/vec4;
    %pushi/vec4 0, 0, 3;
    %cmp/u;
    %jmp/1 T_1.0, 6;
    %dup/vec4;
    %pushi/vec4 1, 0, 3;
    %cmp/u;
    %jmp/1 T_1.1, 6;
    %dup/vec4;
    %pushi/vec4 2, 0, 3;
    %cmp/u;
    %jmp/1 T_1.2, 6;
    %dup/vec4;
    %pushi/vec4 3, 0, 3;
    %cmp/u;
    %jmp/1 T_1.3, 6;
    %dup/vec4;
    %pushi/vec4 4, 0, 3;
    %cmp/u;
    %jmp/1 T_1.4, 6;
    %pushi/vec4 0, 0, 1;
    %assign/vec4 v000002719f9c1ae0_0, 0;
    %pushi/vec4 0, 0, 1;
    %assign/vec4 v000002719f9930a0_0, 0;
    %pushi/vec4 0, 0, 1;
    %assign/vec4 v000002719f9c1b80_0, 0;
    %pushi/vec4 0, 0, 1;
    %assign/vec4 v000002719fa14cc0_0, 0;
    %pushi/vec4 0, 0, 1;
    %assign/vec4 v000002719fa14d60_0, 0;
    %jmp T_1.6;
T_1.0 ;
    %pushi/vec4 1, 0, 1;
    %assign/vec4 v000002719f9c1ae0_0, 0;
    %pushi/vec4 1, 0, 1;
    %assign/vec4 v000002719f9930a0_0, 0;
    %pushi/vec4 0, 0, 1;
    %assign/vec4 v000002719f9c1b80_0, 0;
    %pushi/vec4 1, 0, 1;
    %assign/vec4 v000002719fa14cc0_0, 0;
    %pushi/vec4 1, 0, 1;
    %assign/vec4 v000002719fa14d60_0, 0;
    %jmp T_1.6;
T_1.1 ;
    %pushi/vec4 0, 0, 1;
    %assign/vec4 v000002719f9c1ae0_0, 0;
    %pushi/vec4 0, 0, 1;
    %assign/vec4 v000002719f9930a0_0, 0;
    %pushi/vec4 0, 0, 1;
    %assign/vec4 v000002719f9c1b80_0, 0;
    %pushi/vec4 0, 0, 1;
    %assign/vec4 v000002719fa14cc0_0, 0;
    %pushi/vec4 0, 0, 1;
    %assign/vec4 v000002719fa14d60_0, 0;
    %jmp T_1.6;
T_1.2 ;
    %pushi/vec4 1, 0, 1;
    %assign/vec4 v000002719f9c1ae0_0, 0;
    %pushi/vec4 0, 0, 1;
    %assign/vec4 v000002719f9930a0_0, 0;
    %pushi/vec4 0, 0, 1;
    %assign/vec4 v000002719f9c1b80_0, 0;
    %pushi/vec4 0, 0, 1;
    %assign/vec4 v000002719fa14cc0_0, 0;
    %pushi/vec4 0, 0, 1;
    %assign/vec4 v000002719fa14d60_0, 0;
    %jmp T_1.6;
T_1.3 ;
    %pushi/vec4 0, 0, 1;
    %assign/vec4 v000002719f9c1ae0_0, 0;
    %pushi/vec4 1, 0, 1;
    %assign/vec4 v000002719f9930a0_0, 0;
    %pushi/vec4 0, 0, 1;
    %assign/vec4 v000002719f9c1b80_0, 0;
    %pushi/vec4 0, 0, 1;
    %assign/vec4 v000002719fa14cc0_0, 0;
    %pushi/vec4 0, 0, 1;
    %assign/vec4 v000002719fa14d60_0, 0;
    %jmp T_1.6;
T_1.4 ;
    %pushi/vec4 0, 0, 1;
    %assign/vec4 v000002719f9c1ae0_0, 0;
    %pushi/vec4 0, 0, 1;
    %assign/vec4 v000002719f9930a0_0, 0;
    %pushi/vec4 1, 0, 1;
    %assign/vec4 v000002719f9c1b80_0, 0;
    %pushi/vec4 0, 0, 1;
    %assign/vec4 v000002719fa14cc0_0, 0;
    %pushi/vec4 0, 0, 1;
    %assign/vec4 v000002719fa14d60_0, 0;
    %jmp T_1.6;
T_1.6 ;
    %pop/vec4 1;
    %jmp T_1;
    .thread T_1, $push;
# The file index is used to find the file name in the following table.
:file_names 3;
    "N/A";
    "<interactive>";
    "fsm.v";
