#! /c/Source/iverilog-install/bin/vvp
:ivl_version "12.0 (devel)" "(s20150603-1110-g18392a46)";
:ivl_delay_selection "TYPICAL";
:vpi_time_precision + 0;
:vpi_module "D:\iverilog\lib\ivl\system.vpi";
:vpi_module "D:\iverilog\lib\ivl\vhdl_sys.vpi";
:vpi_module "D:\iverilog\lib\ivl\vhdl_textio.vpi";
:vpi_module "D:\iverilog\lib\ivl\v2005_math.vpi";
:vpi_module "D:\iverilog\lib\ivl\va_math.vpi";
S_0000021fbe642df0 .scope module, "register" "register" 2 1;
 .timescale 0 0;
    .port_info 0 /INPUT 1 "clock";
    .port_info 1 /INPUT 1 "clear";
    .port_info 2 /INPUT 1 "load";
    .port_info 3 /INPUT 8 "D";
    .port_info 4 /OUTPUT 8 "Q";
P_0000021fbe7688e0 .param/l "n" 0 2 2, +C4<00000000000000000000000000001000>;
o0000021fbe676fd8 .functor BUFZ 8, C4<zzzzzzzz>; HiZ drive
v0000021fbe643510_0 .net "D", 7 0, o0000021fbe676fd8;  0 drivers
v0000021fbe642f80_0 .var "Q", 7 0;
o0000021fbe677038 .functor BUFZ 1, C4<z>; HiZ drive
v0000021fbe643020_0 .net "clear", 0 0, o0000021fbe677038;  0 drivers
o0000021fbe677068 .functor BUFZ 1, C4<z>; HiZ drive
v0000021fbe6430c0_0 .net "clock", 0 0, o0000021fbe677068;  0 drivers
o0000021fbe677098 .functor BUFZ 1, C4<z>; HiZ drive
v0000021fbe76e630_0 .net "load", 0 0, o0000021fbe677098;  0 drivers
E_0000021fbe7687e0/0 .event negedge, v0000021fbe643020_0;
E_0000021fbe7687e0/1 .event posedge, v0000021fbe6430c0_0;
E_0000021fbe7687e0 .event/or E_0000021fbe7687e0/0, E_0000021fbe7687e0/1;
    .scope S_0000021fbe642df0;
T_0 ;
    %wait E_0000021fbe7687e0;
    %load/vec4 v0000021fbe643020_0;
    %pad/u 32;
    %cmpi/e 0, 0, 32;
    %jmp/0xz  T_0.0, 4;
    %pushi/vec4 0, 0, 8;
    %assign/vec4 v0000021fbe642f80_0, 0;
    %jmp T_0.1;
T_0.0 ;
    %load/vec4 v0000021fbe76e630_0;
    %pad/u 32;
    %cmpi/e 1, 0, 32;
    %jmp/0xz  T_0.2, 4;
    %load/vec4 v0000021fbe643510_0;
    %assign/vec4 v0000021fbe642f80_0, 0;
T_0.2 ;
T_0.1 ;
    %jmp T_0;
    .thread T_0;
# The file index is used to find the file name in the following table.
:file_names 3;
    "N/A";
    "<interactive>";
    "register.v";
