#! /c/Source/iverilog-install/bin/vvp
:ivl_version "12.0 (devel)" "(s20150603-1110-g18392a46)";
:ivl_delay_selection "TYPICAL";
:vpi_time_precision + 0;
:vpi_module "D:\iverilog\lib\ivl\system.vpi";
:vpi_module "D:\iverilog\lib\ivl\vhdl_sys.vpi";
:vpi_module "D:\iverilog\lib\ivl\vhdl_textio.vpi";
:vpi_module "D:\iverilog\lib\ivl\v2005_math.vpi";
:vpi_module "D:\iverilog\lib\ivl\va_math.vpi";
S_000001e01b292ce0 .scope module, "cu" "cu" 2 1;
 .timescale 0 0;
    .port_info 0 /INPUT 1 "clk";
    .port_info 1 /INPUT 1 "rst";
    .port_info 2 /INPUT 3 "IR75";
    .port_info 3 /INPUT 1 "Anot0";
    .port_info 4 /OUTPUT 1 "IRload";
    .port_info 5 /OUTPUT 1 "PCload";
    .port_info 6 /OUTPUT 1 "JNZmux";
    .port_info 7 /OUTPUT 1 "Halt_out";
    .port_info 8 /OUTPUT 1 "OutE";
    .port_info 9 /OUTPUT 1 "Aload";
    .port_info 10 /OUTPUT 1 "INmux";
P_000001e01b292e70 .param/l "Dec" 0 2 14, +C4<00000000000000000000000001100101>;
P_000001e01b292ea8 .param/l "Decode" 0 2 14, +C4<00000000000000000000000000000001>;
P_000001e01b292ee0 .param/l "Fetch" 0 2 14, +C4<00000000000000000000000000000000>;
P_000001e01b292f18 .param/l "Halt" 0 2 14, +C4<00000000000000000000000001101111>;
P_000001e01b292f50 .param/l "Input" 0 2 14, +C4<00000000000000000000000000001011>;
P_000001e01b292f88 .param/l "JNZ" 0 2 14, +C4<00000000000000000000000001101110>;
P_000001e01b292fc0 .param/l "Output" 0 2 14, +C4<00000000000000000000000001100100>;
v000001e01b2935b0_0 .var "Aload", 0 0;
o000001e01b2d8f88 .functor BUFZ 1, C4<z>; HiZ drive
v000001e01b2930c0_0 .net "Anot0", 0 0, o000001e01b2d8f88;  0 drivers
v000001e01b27bb10_0 .var "Halt_out", 0 0;
v000001e01b27bbb0_0 .var "INmux", 0 0;
o000001e01b2d9018 .functor BUFZ 3, C4<zzz>; HiZ drive
v000001e01b27bc50_0 .net "IR75", 2 0, o000001e01b2d9018;  0 drivers
v000001e01b2c4ae0_0 .var "IRload", 0 0;
v000001e01b2c4b80_0 .var "JNZmux", 0 0;
v000001e01b2c4c20_0 .var "OutE", 0 0;
v000001e01b2c4cc0_0 .var "PCload", 0 0;
o000001e01b2d9108 .functor BUFZ 1, C4<z>; HiZ drive
v000001e01b2c4d60_0 .net "clk", 0 0, o000001e01b2d9108;  0 drivers
v000001e01b2c4e00_0 .var "next_state", 2 0;
o000001e01b2d9168 .functor BUFZ 1, C4<z>; HiZ drive
v000001e01b2c4ea0_0 .net "rst", 0 0, o000001e01b2d9168;  0 drivers
v000001e01b2c4f40_0 .var "state", 2 0;
E_000001e01b2bed60 .event anyedge, v000001e01b27bc50_0, v000001e01b2c4f40_0;
E_000001e01b2bee20/0 .event negedge, v000001e01b2c4ea0_0;
E_000001e01b2bee20/1 .event posedge, v000001e01b2c4d60_0;
E_000001e01b2bee20 .event/or E_000001e01b2bee20/0, E_000001e01b2bee20/1;
    .scope S_000001e01b292ce0;
T_0 ;
    %wait E_000001e01b2bee20;
    %load/vec4 v000001e01b2c4ea0_0;
    %nor/r;
    %flag_set/vec4 8;
    %jmp/0xz  T_0.0, 8;
    %pushi/vec4 0, 0, 3;
    %assign/vec4 v000001e01b2c4f40_0, 0;
    %jmp T_0.1;
T_0.0 ;
    %load/vec4 v000001e01b2c4e00_0;
    %assign/vec4 v000001e01b2c4f40_0, 0;
T_0.1 ;
    %jmp T_0;
    .thread T_0;
    .scope S_000001e01b292ce0;
T_1 ;
    %wait E_000001e01b2bee20;
    %load/vec4 v000001e01b2c4ea0_0;
    %nor/r;
    %flag_set/vec4 8;
    %jmp/0xz  T_1.0, 8;
    %pushi/vec4 0, 0, 1;
    %assign/vec4 v000001e01b2c4ae0_0, 0;
    %pushi/vec4 0, 0, 1;
    %assign/vec4 v000001e01b2c4cc0_0, 0;
    %pushi/vec4 0, 0, 1;
    %assign/vec4 v000001e01b2c4b80_0, 0;
    %pushi/vec4 0, 0, 1;
    %assign/vec4 v000001e01b27bb10_0, 0;
    %pushi/vec4 0, 0, 1;
    %assign/vec4 v000001e01b2c4c20_0, 0;
    %pushi/vec4 0, 0, 1;
    %assign/vec4 v000001e01b2935b0_0, 0;
    %pushi/vec4 0, 0, 1;
    %assign/vec4 v000001e01b27bbb0_0, 0;
    %jmp T_1.1;
T_1.0 ;
    %load/vec4 v000001e01b2c4e00_0;
    %pad/u 7;
    %dup/vec4;
    %pushi/vec4 0, 0, 7;
    %cmp/u;
    %jmp/1 T_1.2, 6;
    %dup/vec4;
    %pushi/vec4 1, 0, 7;
    %cmp/u;
    %jmp/1 T_1.3, 6;
    %dup/vec4;
    %pushi/vec4 11, 0, 7;
    %cmp/u;
    %jmp/1 T_1.4, 6;
    %dup/vec4;
    %pushi/vec4 100, 0, 7;
    %cmp/u;
    %jmp/1 T_1.5, 6;
    %dup/vec4;
    %pushi/vec4 101, 0, 7;
    %cmp/u;
    %jmp/1 T_1.6, 6;
    %dup/vec4;
    %pushi/vec4 110, 0, 7;
    %cmp/u;
    %jmp/1 T_1.7, 6;
    %dup/vec4;
    %pushi/vec4 111, 0, 7;
    %cmp/u;
    %jmp/1 T_1.8, 6;
    %pushi/vec4 0, 0, 1;
    %assign/vec4 v000001e01b2c4ae0_0, 0;
    %pushi/vec4 0, 0, 1;
    %assign/vec4 v000001e01b2c4cc0_0, 0;
    %pushi/vec4 0, 0, 1;
    %assign/vec4 v000001e01b2c4b80_0, 0;
    %pushi/vec4 0, 0, 1;
    %assign/vec4 v000001e01b27bb10_0, 0;
    %pushi/vec4 0, 0, 1;
    %assign/vec4 v000001e01b2c4c20_0, 0;
    %pushi/vec4 0, 0, 1;
    %assign/vec4 v000001e01b2935b0_0, 0;
    %pushi/vec4 0, 0, 1;
    %assign/vec4 v000001e01b27bbb0_0, 0;
    %jmp T_1.10;
T_1.2 ;
    %pushi/vec4 1, 0, 1;
    %assign/vec4 v000001e01b2c4ae0_0, 0;
    %pushi/vec4 1, 0, 1;
    %assign/vec4 v000001e01b2c4cc0_0, 0;
    %pushi/vec4 0, 0, 1;
    %assign/vec4 v000001e01b2c4b80_0, 0;
    %pushi/vec4 0, 0, 1;
    %assign/vec4 v000001e01b27bb10_0, 0;
    %pushi/vec4 0, 0, 1;
    %assign/vec4 v000001e01b2c4c20_0, 0;
    %pushi/vec4 0, 0, 1;
    %assign/vec4 v000001e01b2935b0_0, 0;
    %pushi/vec4 0, 0, 1;
    %assign/vec4 v000001e01b27bbb0_0, 0;
    %jmp T_1.10;
T_1.3 ;
    %pushi/vec4 0, 0, 1;
    %assign/vec4 v000001e01b2c4ae0_0, 0;
    %pushi/vec4 0, 0, 1;
    %assign/vec4 v000001e01b2c4cc0_0, 0;
    %pushi/vec4 0, 0, 1;
    %assign/vec4 v000001e01b2c4b80_0, 0;
    %pushi/vec4 0, 0, 1;
    %assign/vec4 v000001e01b27bb10_0, 0;
    %pushi/vec4 0, 0, 1;
    %assign/vec4 v000001e01b2c4c20_0, 0;
    %pushi/vec4 0, 0, 1;
    %assign/vec4 v000001e01b2935b0_0, 0;
    %pushi/vec4 0, 0, 1;
    %assign/vec4 v000001e01b27bbb0_0, 0;
    %jmp T_1.10;
T_1.4 ;
    %pushi/vec4 0, 0, 1;
    %assign/vec4 v000001e01b2c4ae0_0, 0;
    %pushi/vec4 0, 0, 1;
    %assign/vec4 v000001e01b2c4cc0_0, 0;
    %pushi/vec4 0, 0, 1;
    %assign/vec4 v000001e01b2c4b80_0, 0;
    %pushi/vec4 0, 0, 1;
    %assign/vec4 v000001e01b27bb10_0, 0;
    %pushi/vec4 0, 0, 1;
    %assign/vec4 v000001e01b2c4c20_0, 0;
    %pushi/vec4 1, 0, 1;
    %assign/vec4 v000001e01b2935b0_0, 0;
    %pushi/vec4 1, 0, 1;
    %assign/vec4 v000001e01b27bbb0_0, 0;
    %jmp T_1.10;
T_1.5 ;
    %pushi/vec4 0, 0, 1;
    %assign/vec4 v000001e01b2c4ae0_0, 0;
    %pushi/vec4 0, 0, 1;
    %assign/vec4 v000001e01b2c4cc0_0, 0;
    %pushi/vec4 0, 0, 1;
    %assign/vec4 v000001e01b2c4b80_0, 0;
    %pushi/vec4 0, 0, 1;
    %assign/vec4 v000001e01b27bb10_0, 0;
    %pushi/vec4 1, 0, 1;
    %assign/vec4 v000001e01b2c4c20_0, 0;
    %pushi/vec4 0, 0, 1;
    %assign/vec4 v000001e01b2935b0_0, 0;
    %pushi/vec4 0, 0, 1;
    %assign/vec4 v000001e01b27bbb0_0, 0;
    %jmp T_1.10;
T_1.6 ;
    %pushi/vec4 0, 0, 1;
    %assign/vec4 v000001e01b2c4ae0_0, 0;
    %pushi/vec4 0, 0, 1;
    %assign/vec4 v000001e01b2c4cc0_0, 0;
    %pushi/vec4 0, 0, 1;
    %assign/vec4 v000001e01b2c4b80_0, 0;
    %pushi/vec4 0, 0, 1;
    %assign/vec4 v000001e01b27bb10_0, 0;
    %pushi/vec4 0, 0, 1;
    %assign/vec4 v000001e01b2c4c20_0, 0;
    %pushi/vec4 1, 0, 1;
    %assign/vec4 v000001e01b2935b0_0, 0;
    %pushi/vec4 0, 0, 1;
    %assign/vec4 v000001e01b27bbb0_0, 0;
    %jmp T_1.10;
T_1.7 ;
    %pushi/vec4 0, 0, 1;
    %assign/vec4 v000001e01b2c4ae0_0, 0;
    %load/vec4 v000001e01b2930c0_0;
    %pad/u 32;
    %cmpi/e 1, 0, 32;
    %flag_mov 8, 4;
    %jmp/0 T_1.11, 8;
    %pushi/vec4 1, 0, 2;
    %jmp/1 T_1.12, 8;
T_1.11 ; End of true expr.
    %pushi/vec4 0, 0, 2;
    %jmp/0 T_1.12, 8;
 ; End of false expr.
    %blend;
T_1.12;
    %pad/s 1;
    %assign/vec4 v000001e01b2c4cc0_0, 0;
    %pushi/vec4 1, 0, 1;
    %assign/vec4 v000001e01b2c4b80_0, 0;
    %pushi/vec4 0, 0, 1;
    %assign/vec4 v000001e01b27bb10_0, 0;
    %pushi/vec4 0, 0, 1;
    %assign/vec4 v000001e01b2c4c20_0, 0;
    %pushi/vec4 0, 0, 1;
    %assign/vec4 v000001e01b2935b0_0, 0;
    %pushi/vec4 0, 0, 1;
    %assign/vec4 v000001e01b27bbb0_0, 0;
    %jmp T_1.10;
T_1.8 ;
    %pushi/vec4 0, 0, 1;
    %assign/vec4 v000001e01b2c4ae0_0, 0;
    %pushi/vec4 0, 0, 1;
    %assign/vec4 v000001e01b2c4cc0_0, 0;
    %pushi/vec4 0, 0, 1;
    %assign/vec4 v000001e01b2c4b80_0, 0;
    %pushi/vec4 1, 0, 1;
    %assign/vec4 v000001e01b27bb10_0, 0;
    %pushi/vec4 0, 0, 1;
    %assign/vec4 v000001e01b2c4c20_0, 0;
    %pushi/vec4 0, 0, 1;
    %assign/vec4 v000001e01b2935b0_0, 0;
    %pushi/vec4 0, 0, 1;
    %assign/vec4 v000001e01b27bbb0_0, 0;
    %jmp T_1.10;
T_1.10 ;
    %pop/vec4 1;
T_1.1 ;
    %jmp T_1;
    .thread T_1;
    .scope S_000001e01b292ce0;
T_2 ;
    %wait E_000001e01b2bed60;
    %load/vec4 v000001e01b2c4f40_0;
    %pad/u 7;
    %dup/vec4;
    %pushi/vec4 0, 0, 7;
    %cmp/u;
    %jmp/1 T_2.0, 6;
    %dup/vec4;
    %pushi/vec4 1, 0, 7;
    %cmp/u;
    %jmp/1 T_2.1, 6;
    %dup/vec4;
    %pushi/vec4 11, 0, 7;
    %cmp/u;
    %jmp/1 T_2.2, 6;
    %dup/vec4;
    %pushi/vec4 100, 0, 7;
    %cmp/u;
    %jmp/1 T_2.3, 6;
    %dup/vec4;
    %pushi/vec4 101, 0, 7;
    %cmp/u;
    %jmp/1 T_2.4, 6;
    %dup/vec4;
    %pushi/vec4 110, 0, 7;
    %cmp/u;
    %jmp/1 T_2.5, 6;
    %dup/vec4;
    %pushi/vec4 111, 0, 7;
    %cmp/u;
    %jmp/1 T_2.6, 6;
    %pushi/vec4 0, 0, 3;
    %store/vec4 v000001e01b2c4e00_0, 0, 3;
    %jmp T_2.8;
T_2.0 ;
    %pushi/vec4 1, 0, 3;
    %store/vec4 v000001e01b2c4e00_0, 0, 3;
    %jmp T_2.8;
T_2.1 ;
    %load/vec4 v000001e01b27bc50_0;
    %cmpi/e 3, 0, 3;
    %jmp/0xz  T_2.9, 4;
    %pushi/vec4 3, 0, 3;
    %store/vec4 v000001e01b2c4e00_0, 0, 3;
    %jmp T_2.10;
T_2.9 ;
    %load/vec4 v000001e01b27bc50_0;
    %cmpi/e 4, 0, 3;
    %jmp/0xz  T_2.11, 4;
    %pushi/vec4 4, 0, 3;
    %store/vec4 v000001e01b2c4e00_0, 0, 3;
    %jmp T_2.12;
T_2.11 ;
    %load/vec4 v000001e01b27bc50_0;
    %cmpi/e 5, 0, 3;
    %jmp/0xz  T_2.13, 4;
    %pushi/vec4 5, 0, 3;
    %store/vec4 v000001e01b2c4e00_0, 0, 3;
    %jmp T_2.14;
T_2.13 ;
    %load/vec4 v000001e01b27bc50_0;
    %cmpi/e 6, 0, 3;
    %jmp/0xz  T_2.15, 4;
    %pushi/vec4 6, 0, 3;
    %store/vec4 v000001e01b2c4e00_0, 0, 3;
    %jmp T_2.16;
T_2.15 ;
    %load/vec4 v000001e01b27bc50_0;
    %cmpi/e 7, 0, 3;
    %jmp/0xz  T_2.17, 4;
    %pushi/vec4 7, 0, 3;
    %store/vec4 v000001e01b2c4e00_0, 0, 3;
    %jmp T_2.18;
T_2.17 ;
    %pushi/vec4 0, 0, 3;
    %store/vec4 v000001e01b2c4e00_0, 0, 3;
T_2.18 ;
T_2.16 ;
T_2.14 ;
T_2.12 ;
T_2.10 ;
    %jmp T_2.8;
T_2.2 ;
    %pushi/vec4 0, 0, 3;
    %store/vec4 v000001e01b2c4e00_0, 0, 3;
    %jmp T_2.8;
T_2.3 ;
    %pushi/vec4 0, 0, 3;
    %store/vec4 v000001e01b2c4e00_0, 0, 3;
    %jmp T_2.8;
T_2.4 ;
    %pushi/vec4 0, 0, 3;
    %store/vec4 v000001e01b2c4e00_0, 0, 3;
    %jmp T_2.8;
T_2.5 ;
    %pushi/vec4 0, 0, 3;
    %store/vec4 v000001e01b2c4e00_0, 0, 3;
    %jmp T_2.8;
T_2.6 ;
    %pushi/vec4 7, 0, 3;
    %store/vec4 v000001e01b2c4e00_0, 0, 3;
    %jmp T_2.8;
T_2.8 ;
    %pop/vec4 1;
    %jmp T_2;
    .thread T_2, $push;
# The file index is used to find the file name in the following table.
:file_names 3;
    "N/A";
    "<interactive>";
    "cu.v";
