Added Component: Designator=GND(SIP-2)
Add component (AddParameter): Name = "LatestRevisionDate"; Value = "17-Jul-2002"; VariantName = "[No Variations]"
Add component (AddParameter): Name = "LatestRevisionNote"; Value = "Re-released for DXP Platform."; VariantName = "[No Variations]"
Add component (AddParameter): Name = "Publisher"; Value = "Altium Limited"; VariantName = "[No Variations]"
Added Component: Designator=Ii(SIP-4)
Add component (AddParameter): Name = "LatestRevisionDate"; Value = "17-Jul-2002"; VariantName = "[No Variations]"
Add component (AddParameter): Name = "LatestRevisionNote"; Value = "Re-released for DXP Platform."; VariantName = "[No Variations]"
Add component (AddParameter): Name = "Publisher"; Value = "Altium Limited"; VariantName = "[No Variations]"
Added Component: Designator=Power(POWER PLUG5)
Add component (AddParameter): Name = "LatestRevisionDate"; Value = "17-Jul-2002"; VariantName = "[No Variations]"
Add component (AddParameter): Name = "LatestRevisionNote"; Value = "Re-released for DXP Platform."; VariantName = "[No Variations]"
Add component (AddParameter): Name = "Publisher"; Value = "Altium Limited"; VariantName = "[No Variations]"
Added Component: Designator=Vf(SIP-2)
Add component (AddParameter): Name = "LatestRevisionDate"; Value = "17-Jul-2002"; VariantName = "[No Variations]"
Add component (AddParameter): Name = "LatestRevisionNote"; Value = "Re-released for DXP Platform."; VariantName = "[No Variations]"
Add component (AddParameter): Name = "Publisher"; Value = "Altium Limited"; VariantName = "[No Variations]"
Added Component: Designator=Vo1(SIP-2)
Add component (AddParameter): Name = "LatestRevisionDate"; Value = "17-Jul-2002"; VariantName = "[No Variations]"
Add component (AddParameter): Name = "LatestRevisionNote"; Value = "Re-released for DXP Platform."; VariantName = "[No Variations]"
Add component (AddParameter): Name = "Publisher"; Value = "Altium Limited"; VariantName = "[No Variations]"
Added Component: Designator=Vo(SIP-4)
Add component (AddParameter): Name = "LatestRevisionDate"; Value = "17-Jul-2002"; VariantName = "[No Variations]"
Add component (AddParameter): Name = "LatestRevisionNote"; Value = "Re-released for DXP Platform."; VariantName = "[No Variations]"
Add component (AddParameter): Name = "Publisher"; Value = "Altium Limited"; VariantName = "[No Variations]"
Added Pin To Net: NetName=GND Pin=GND-1
Added Pin To Net: NetName=GND Pin=GND-2
Added Pin To Net: NetName=NetC1_1 Pin=Ii-1
Added Pin To Net: NetName=NetC1_1 Pin=Ii-2
Added Pin To Net: NetName=NetC1_2 Pin=Ii-3
Added Pin To Net: NetName=NetC1_2 Pin=Ii-4
Added Pin To Net: NetName=-12V Pin=Power-1
Added Pin To Net: NetName=GND Pin=Power-3
Added Pin To Net: NetName=+12V Pin=Power-5
Added Pin To Net: NetName=NetR9_2 Pin=Vf-1
Added Pin To Net: NetName=NetR9_2 Pin=Vf-2
Added Pin To Net: NetName=NetR5_1 Pin=Vo1-1
Added Pin To Net: NetName=NetR5_1 Pin=Vo1-2
Added Pin To Net: NetName=NetRW1_1 Pin=Vo-1
Added Pin To Net: NetName=NetRW1_1 Pin=Vo-2
Added Pin To Net: NetName=GND Pin=Vo-3
Added Pin To Net: NetName=GND Pin=Vo-4
Added Member To Class: ClassName=IV_transform_circuit Member=Component GND Header 2
Added Member To Class: ClassName=IV_transform_circuit Member=Component Ii Header 4
Added Member To Class: ClassName=IV_transform_circuit Member=Component Power Header 5
Added Member To Class: ClassName=IV_transform_circuit Member=Component Vf Header 2
Added Member To Class: ClassName=IV_transform_circuit Member=Component Vo1 Header 2
Added Member To Class: ClassName=IV_transform_circuit Member=Component Vo Header 4
