#! /c/Source/iverilog-install/bin/vvp
:ivl_version "12.0 (devel)" "(s20150603-1110-g18392a46)";
:ivl_delay_selection "TYPICAL";
:vpi_time_precision - 9;
:vpi_module "D:\iverilog\lib\ivl\system.vpi";
:vpi_module "D:\iverilog\lib\ivl\vhdl_sys.vpi";
:vpi_module "D:\iverilog\lib\ivl\vhdl_textio.vpi";
:vpi_module "D:\iverilog\lib\ivl\v2005_math.vpi";
:vpi_module "D:\iverilog\lib\ivl\va_math.vpi";
S_000001ecf25d4a90 .scope module, "Divergence_Meter" "Divergence_Meter" 2 5;
 .timescale -9 -9;
    .port_info 0 /INPUT 1 "clk";
    .port_info 1 /INPUT 1 "rst";
    .port_info 2 /INPUT 1 "botton";
    .port_info 3 /OUTPUT 8 "Sel";
    .port_info 4 /OUTPUT 8 "DisPlay";
    .port_info 5 /OUTPUT 8 "DisPlay1";
v000001ecf26721e0_0 .net "DisPlay", 7 0, v000001ecf2612a40_0;  1 drivers
v000001ecf2672140_0 .net "DisPlay1", 7 0, v000001ecf26125e0_0;  1 drivers
v000001ecf2672280_0 .net "Sel", 7 0, v000001ecf2612900_0;  1 drivers
o000001ecf261a5c8 .functor BUFZ 1, C4<z>; HiZ drive
v000001ecf2671600_0 .net "botton", 0 0, o000001ecf261a5c8;  0 drivers
v000001ecf26717e0_0 .net "botton_flag", 0 0, v000001ecf2612f40_0;  1 drivers
o000001ecf261a178 .functor BUFZ 1, C4<z>; HiZ drive
v000001ecf2672320_0 .net "clk", 0 0, o000001ecf261a178;  0 drivers
v000001ecf2671100_0 .net "random", 31 0, v000001ecf2672f00_0;  1 drivers
o000001ecf261a328 .functor BUFZ 1, C4<z>; HiZ drive
v000001ecf2672aa0_0 .net "rst", 0 0, o000001ecf261a328;  0 drivers
L_000001ecf29d0088 .functor BUFT 1, C4<00010010001101000101011001111000>, C4<0>, C4<0>, C4<0>;
v000001ecf26716a0_0 .net "seed", 31 0, L_000001ecf29d0088;  1 drivers
S_000001ecf22eb970 .scope module, "u_Segment" "Segment" 2 28, 3 2 0, S_000001ecf25d4a90;
 .timescale -9 -9;
    .port_info 0 /INPUT 1 "Clk";
    .port_info 1 /INPUT 1 "Reset_N";
    .port_info 2 /INPUT 32 "Disp_Data";
    .port_info 3 /INPUT 1 "enable";
    .port_info 4 /OUTPUT 8 "Sel";
    .port_info 5 /OUTPUT 8 "DisPlay";
    .port_info 6 /OUTPUT 8 "DisPlay1";
v000001ecf26124a0_0 .net "Clk", 0 0, o000001ecf261a178;  alias, 0 drivers
v000001ecf2612540_0 .var "Data", 31 0;
v000001ecf2612a40_0 .var "DisPlay", 7 0;
v000001ecf26125e0_0 .var "DisPlay1", 7 0;
v000001ecf2612360_0 .net "Disp_Data", 31 0, v000001ecf2672f00_0;  alias, 1 drivers
v000001ecf2612ae0_0 .var "Disp_tmp", 3 0;
v000001ecf2612220_0 .var "Disp_tmp1", 3 0;
v000001ecf2612680_0 .var "Num", 2 0;
v000001ecf2612c20_0 .var "Num1", 9 0;
v000001ecf2612cc0_0 .net "Reset_N", 0 0, o000001ecf261a328;  alias, 0 drivers
v000001ecf2612900_0 .var "Sel", 7 0;
v000001ecf2612ea0_0 .var "clk_1k", 0 0;
v000001ecf26122c0_0 .var "div_cnt", 15 0;
v000001ecf2612b80_0 .net "enable", 0 0, v000001ecf2612f40_0;  alias, 1 drivers
E_000001ecf260e220 .event posedge, v000001ecf26124a0_0;
E_000001ecf260e2a0/0 .event negedge, v000001ecf2612cc0_0;
E_000001ecf260e2a0/1 .event posedge, v000001ecf26124a0_0;
E_000001ecf260e2a0 .event/or E_000001ecf260e2a0/0, E_000001ecf260e2a0/1;
S_000001ecf25f0320 .scope module, "u_botton" "botton" 2 16, 4 1 0, S_000001ecf25d4a90;
 .timescale -9 -9;
    .port_info 0 /INPUT 1 "clk";
    .port_info 1 /INPUT 1 "rst_n";
    .port_info 2 /INPUT 1 "key";
    .port_info 3 /OUTPUT 1 "delay_flag";
P_000001ecf260eaa0 .param/l "DELAY_TIME" 0 4 9, +C4<00000000000000000000001111101000>;
L_000001ecf2614840 .functor NOT 1, v000001ecf26120e0_0, C4<0>, C4<0>, C4<0>;
L_000001ecf26148b0 .functor AND 1, v000001ecf2612e00_0, L_000001ecf2614840, C4<1>, C4<1>;
v000001ecf2612400_0 .net *"_ivl_0", 0 0, L_000001ecf2614840;  1 drivers
v000001ecf2612040_0 .net "clk", 0 0, o000001ecf261a178;  alias, 0 drivers
v000001ecf2612720_0 .var "delay_cnt", 19 0;
v000001ecf2612f40_0 .var "delay_flag", 0 0;
v000001ecf2612d60_0 .net "key", 0 0, o000001ecf261a5c8;  alias, 0 drivers
v000001ecf26127c0_0 .net "key_nedge", 0 0, L_000001ecf26148b0;  1 drivers
v000001ecf2612e00_0 .var "key_r0", 0 0;
v000001ecf26120e0_0 .var "key_r1", 0 0;
v000001ecf2672d20_0 .net "rst_n", 0 0, o000001ecf261a328;  alias, 0 drivers
S_000001ecf25f04b0 .scope module, "u_random" "random" 2 22, 5 1 0, S_000001ecf25d4a90;
 .timescale -9 -9;
    .port_info 0 /INPUT 1 "clk";
    .port_info 1 /INPUT 1 "rst_n";
    .port_info 2 /INPUT 32 "seed";
    .port_info 3 /OUTPUT 32 "random";
P_000001ecf260ea20 .param/l "half" 0 5 9, C4<0000000000001010>;
v000001ecf2672a00_0 .net "clk", 0 0, o000001ecf261a178;  alias, 0 drivers
v000001ecf2671ce0_0 .var "clk_in", 0 0;
v000001ecf2672dc0_0 .var "count", 15 0;
v000001ecf2672e60_0 .var "data", 31 0;
v000001ecf2672f00_0 .var "random", 31 0;
v000001ecf2671060_0 .net "rst_n", 0 0, o000001ecf261a328;  alias, 0 drivers
v000001ecf2671560_0 .net "seed", 31 0, L_000001ecf29d0088;  alias, 1 drivers
E_000001ecf260e1a0/0 .event negedge, v000001ecf2612cc0_0;
E_000001ecf260e1a0/1 .event posedge, v000001ecf2671ce0_0;
E_000001ecf260e1a0 .event/or E_000001ecf260e1a0/0, E_000001ecf260e1a0/1;
    .scope S_000001ecf25f0320;
T_0 ;
    %pushi/vec4 0, 0, 20;
    %store/vec4 v000001ecf2612720_0, 0, 20;
    %end;
    .thread T_0;
    .scope S_000001ecf25f0320;
T_1 ;
    %wait E_000001ecf260e2a0;
    %load/vec4 v000001ecf2672d20_0;
    %cmpi/e 0, 0, 1;
    %jmp/0xz  T_1.0, 4;
    %pushi/vec4 1, 0, 1;
    %assign/vec4 v000001ecf2612e00_0, 0;
    %pushi/vec4 1, 0, 1;
    %assign/vec4 v000001ecf26120e0_0, 0;
    %jmp T_1.1;
T_1.0 ;
    %load/vec4 v000001ecf2612d60_0;
    %assign/vec4 v000001ecf2612e00_0, 0;
    %load/vec4 v000001ecf2612e00_0;
    %assign/vec4 v000001ecf26120e0_0, 0;
T_1.1 ;
    %jmp T_1;
    .thread T_1;
    .scope S_000001ecf25f0320;
T_2 ;
    %wait E_000001ecf260e2a0;
    %load/vec4 v000001ecf2672d20_0;
    %nor/r;
    %flag_set/vec4 8;
    %jmp/0xz  T_2.0, 8;
    %pushi/vec4 0, 0, 20;
    %assign/vec4 v000001ecf2612720_0, 0;
    %jmp T_2.1;
T_2.0 ;
    %load/vec4 v000001ecf2612f40_0;
    %flag_set/vec4 8;
    %jmp/0xz  T_2.2, 8;
    %load/vec4 v000001ecf2612720_0;
    %pad/u 32;
    %cmpi/e 999, 0, 32;
    %jmp/0xz  T_2.4, 4;
    %pushi/vec4 0, 0, 20;
    %assign/vec4 v000001ecf2612720_0, 0;
    %jmp T_2.5;
T_2.4 ;
    %load/vec4 v000001ecf2612720_0;
    %addi 1, 0, 20;
    %assign/vec4 v000001ecf2612720_0, 0;
T_2.5 ;
T_2.2 ;
T_2.1 ;
    %jmp T_2;
    .thread T_2;
    .scope S_000001ecf25f0320;
T_3 ;
    %wait E_000001ecf260e2a0;
    %load/vec4 v000001ecf2672d20_0;
    %nor/r;
    %flag_set/vec4 8;
    %jmp/0xz  T_3.0, 8;
    %pushi/vec4 0, 0, 1;
    %assign/vec4 v000001ecf2612f40_0, 0;
    %jmp T_3.1;
T_3.0 ;
    %load/vec4 v000001ecf26127c0_0;
    %flag_set/vec4 8;
    %jmp/0xz  T_3.2, 8;
    %pushi/vec4 1, 0, 1;
    %assign/vec4 v000001ecf2612f40_0, 0;
    %jmp T_3.3;
T_3.2 ;
    %load/vec4 v000001ecf2612720_0;
    %pad/u 32;
    %cmpi/e 999, 0, 32;
    %jmp/0xz  T_3.4, 4;
    %pushi/vec4 0, 0, 1;
    %assign/vec4 v000001ecf2612f40_0, 0;
T_3.4 ;
T_3.3 ;
T_3.1 ;
    %jmp T_3;
    .thread T_3;
    .scope S_000001ecf25f04b0;
T_4 ;
    %pushi/vec4 0, 0, 1;
    %store/vec4 v000001ecf2671ce0_0, 0, 1;
    %pushi/vec4 0, 0, 16;
    %store/vec4 v000001ecf2672dc0_0, 0, 16;
    %end;
    .thread T_4;
    .scope S_000001ecf25f04b0;
T_5 ;
    %wait E_000001ecf260e220;
    %load/vec4 v000001ecf2671060_0;
    %nor/r;
    %pad/u 32;
    %cmpi/e 1, 0, 32;
    %jmp/0xz  T_5.0, 4;
    %pushi/vec4 0, 0, 1;
    %store/vec4 v000001ecf2671ce0_0, 0, 1;
    %pushi/vec4 0, 0, 16;
    %store/vec4 v000001ecf2672dc0_0, 0, 16;
    %jmp T_5.1;
T_5.0 ;
    %load/vec4 v000001ecf2672dc0_0;
    %cmpi/e 10, 0, 16;
    %jmp/0xz  T_5.2, 4;
    %load/vec4 v000001ecf2671ce0_0;
    %inv;
    %assign/vec4 v000001ecf2671ce0_0, 0;
    %pushi/vec4 0, 0, 16;
    %assign/vec4 v000001ecf2672dc0_0, 0;
    %jmp T_5.3;
T_5.2 ;
    %load/vec4 v000001ecf2672dc0_0;
    %addi 1, 0, 16;
    %assign/vec4 v000001ecf2672dc0_0, 0;
T_5.3 ;
T_5.1 ;
    %jmp T_5;
    .thread T_5;
    .scope S_000001ecf25f04b0;
T_6 ;
    %wait E_000001ecf260e1a0;
    %load/vec4 v000001ecf2671060_0;
    %nor/r;
    %flag_set/vec4 8;
    %jmp/0xz  T_6.0, 8;
    %pushi/vec4 0, 0, 32;
    %assign/vec4 v000001ecf2672e60_0, 0;
    %pushi/vec4 0, 0, 32;
    %assign/vec4 v000001ecf2672f00_0, 0;
    %jmp T_6.1;
T_6.0 ;
    %load/vec4 v000001ecf2672e60_0;
    %cmpi/e 0, 0, 32;
    %jmp/0xz  T_6.2, 4;
    %load/vec4 v000001ecf2671560_0;
    %assign/vec4 v000001ecf2672e60_0, 0;
    %jmp T_6.3;
T_6.2 ;
    %load/vec4 v000001ecf2672e60_0;
    %parti/s 1, 31, 6;
    %ix/load 4, 0, 0;
    %ix/load 5, 0, 0;
    %flag_set/imm 4, 0;
    %assign/vec4/off/d v000001ecf2672e60_0, 4, 5;
    %load/vec4 v000001ecf2672e60_0;
    %parti/s 1, 0, 2;
    %load/vec4 v000001ecf2672e60_0;
    %parti/s 1, 31, 6;
    %xor;
    %ix/load 4, 1, 0;
    %ix/load 5, 0, 0;
    %flag_set/imm 4, 0;
    %assign/vec4/off/d v000001ecf2672e60_0, 4, 5;
    %load/vec4 v000001ecf2672e60_0;
    %parti/s 1, 1, 2;
    %load/vec4 v000001ecf2672e60_0;
    %parti/s 1, 31, 6;
    %xor;
    %ix/load 4, 2, 0;
    %ix/load 5, 0, 0;
    %flag_set/imm 4, 0;
    %assign/vec4/off/d v000001ecf2672e60_0, 4, 5;
    %load/vec4 v000001ecf2672e60_0;
    %parti/s 1, 2, 3;
    %load/vec4 v000001ecf2672e60_0;
    %parti/s 1, 31, 6;
    %xor;
    %ix/load 4, 3, 0;
    %ix/load 5, 0, 0;
    %flag_set/imm 4, 0;
    %assign/vec4/off/d v000001ecf2672e60_0, 4, 5;
    %load/vec4 v000001ecf2672e60_0;
    %parti/s 1, 3, 3;
    %ix/load 4, 4, 0;
    %ix/load 5, 0, 0;
    %flag_set/imm 4, 0;
    %assign/vec4/off/d v000001ecf2672e60_0, 4, 5;
    %load/vec4 v000001ecf2672e60_0;
    %parti/s 1, 4, 4;
    %load/vec4 v000001ecf2672e60_0;
    %parti/s 1, 31, 6;
    %xor;
    %ix/load 4, 5, 0;
    %ix/load 5, 0, 0;
    %flag_set/imm 4, 0;
    %assign/vec4/off/d v000001ecf2672e60_0, 4, 5;
    %load/vec4 v000001ecf2672e60_0;
    %parti/s 1, 5, 4;
    %ix/load 4, 6, 0;
    %ix/load 5, 0, 0;
    %flag_set/imm 4, 0;
    %assign/vec4/off/d v000001ecf2672e60_0, 4, 5;
    %load/vec4 v000001ecf2672e60_0;
    %parti/s 1, 6, 4;
    %load/vec4 v000001ecf2672e60_0;
    %parti/s 1, 31, 6;
    %xor;
    %ix/load 4, 7, 0;
    %ix/load 5, 0, 0;
    %flag_set/imm 4, 0;
    %assign/vec4/off/d v000001ecf2672e60_0, 4, 5;
    %load/vec4 v000001ecf2672e60_0;
    %parti/s 1, 7, 4;
    %ix/load 4, 8, 0;
    %ix/load 5, 0, 0;
    %flag_set/imm 4, 0;
    %assign/vec4/off/d v000001ecf2672e60_0, 4, 5;
    %load/vec4 v000001ecf2672e60_0;
    %parti/s 1, 8, 5;
    %ix/load 4, 9, 0;
    %ix/load 5, 0, 0;
    %flag_set/imm 4, 0;
    %assign/vec4/off/d v000001ecf2672e60_0, 4, 5;
    %load/vec4 v000001ecf2672e60_0;
    %parti/s 1, 9, 5;
    %ix/load 4, 10, 0;
    %ix/load 5, 0, 0;
    %flag_set/imm 4, 0;
    %assign/vec4/off/d v000001ecf2672e60_0, 4, 5;
    %load/vec4 v000001ecf2672e60_0;
    %parti/s 1, 10, 5;
    %ix/load 4, 11, 0;
    %ix/load 5, 0, 0;
    %flag_set/imm 4, 0;
    %assign/vec4/off/d v000001ecf2672e60_0, 4, 5;
    %load/vec4 v000001ecf2672e60_0;
    %parti/s 1, 11, 5;
    %ix/load 4, 12, 0;
    %ix/load 5, 0, 0;
    %flag_set/imm 4, 0;
    %assign/vec4/off/d v000001ecf2672e60_0, 4, 5;
    %load/vec4 v000001ecf2672e60_0;
    %parti/s 1, 12, 5;
    %ix/load 4, 13, 0;
    %ix/load 5, 0, 0;
    %flag_set/imm 4, 0;
    %assign/vec4/off/d v000001ecf2672e60_0, 4, 5;
    %load/vec4 v000001ecf2672e60_0;
    %parti/s 1, 13, 5;
    %ix/load 4, 14, 0;
    %ix/load 5, 0, 0;
    %flag_set/imm 4, 0;
    %assign/vec4/off/d v000001ecf2672e60_0, 4, 5;
    %load/vec4 v000001ecf2672e60_0;
    %parti/s 1, 14, 5;
    %ix/load 4, 15, 0;
    %ix/load 5, 0, 0;
    %flag_set/imm 4, 0;
    %assign/vec4/off/d v000001ecf2672e60_0, 4, 5;
    %load/vec4 v000001ecf2672e60_0;
    %parti/s 1, 15, 5;
    %ix/load 4, 16, 0;
    %ix/load 5, 0, 0;
    %flag_set/imm 4, 0;
    %assign/vec4/off/d v000001ecf2672e60_0, 4, 5;
    %load/vec4 v000001ecf2672e60_0;
    %parti/s 1, 16, 6;
    %ix/load 4, 17, 0;
    %ix/load 5, 0, 0;
    %flag_set/imm 4, 0;
    %assign/vec4/off/d v000001ecf2672e60_0, 4, 5;
    %load/vec4 v000001ecf2672e60_0;
    %parti/s 1, 17, 6;
    %ix/load 4, 18, 0;
    %ix/load 5, 0, 0;
    %flag_set/imm 4, 0;
    %assign/vec4/off/d v000001ecf2672e60_0, 4, 5;
    %load/vec4 v000001ecf2672e60_0;
    %parti/s 1, 18, 6;
    %ix/load 4, 19, 0;
    %ix/load 5, 0, 0;
    %flag_set/imm 4, 0;
    %assign/vec4/off/d v000001ecf2672e60_0, 4, 5;
    %load/vec4 v000001ecf2672e60_0;
    %parti/s 1, 19, 6;
    %ix/load 4, 20, 0;
    %ix/load 5, 0, 0;
    %flag_set/imm 4, 0;
    %assign/vec4/off/d v000001ecf2672e60_0, 4, 5;
    %load/vec4 v000001ecf2672e60_0;
    %parti/s 1, 20, 6;
    %ix/load 4, 21, 0;
    %ix/load 5, 0, 0;
    %flag_set/imm 4, 0;
    %assign/vec4/off/d v000001ecf2672e60_0, 4, 5;
    %load/vec4 v000001ecf2672e60_0;
    %parti/s 1, 21, 6;
    %ix/load 4, 22, 0;
    %ix/load 5, 0, 0;
    %flag_set/imm 4, 0;
    %assign/vec4/off/d v000001ecf2672e60_0, 4, 5;
    %load/vec4 v000001ecf2672e60_0;
    %parti/s 1, 22, 6;
    %ix/load 4, 23, 0;
    %ix/load 5, 0, 0;
    %flag_set/imm 4, 0;
    %assign/vec4/off/d v000001ecf2672e60_0, 4, 5;
    %load/vec4 v000001ecf2672e60_0;
    %parti/s 1, 23, 6;
    %ix/load 4, 24, 0;
    %ix/load 5, 0, 0;
    %flag_set/imm 4, 0;
    %assign/vec4/off/d v000001ecf2672e60_0, 4, 5;
    %load/vec4 v000001ecf2672e60_0;
    %parti/s 1, 24, 6;
    %ix/load 4, 25, 0;
    %ix/load 5, 0, 0;
    %flag_set/imm 4, 0;
    %assign/vec4/off/d v000001ecf2672e60_0, 4, 5;
    %load/vec4 v000001ecf2672e60_0;
    %parti/s 1, 25, 6;
    %ix/load 4, 26, 0;
    %ix/load 5, 0, 0;
    %flag_set/imm 4, 0;
    %assign/vec4/off/d v000001ecf2672e60_0, 4, 5;
    %load/vec4 v000001ecf2672e60_0;
    %parti/s 1, 26, 6;
    %ix/load 4, 27, 0;
    %ix/load 5, 0, 0;
    %flag_set/imm 4, 0;
    %assign/vec4/off/d v000001ecf2672e60_0, 4, 5;
    %load/vec4 v000001ecf2672e60_0;
    %parti/s 1, 27, 6;
    %ix/load 4, 28, 0;
    %ix/load 5, 0, 0;
    %flag_set/imm 4, 0;
    %assign/vec4/off/d v000001ecf2672e60_0, 4, 5;
    %load/vec4 v000001ecf2672e60_0;
    %parti/s 1, 28, 6;
    %ix/load 4, 29, 0;
    %ix/load 5, 0, 0;
    %flag_set/imm 4, 0;
    %assign/vec4/off/d v000001ecf2672e60_0, 4, 5;
    %load/vec4 v000001ecf2672e60_0;
    %parti/s 1, 29, 6;
    %ix/load 4, 30, 0;
    %ix/load 5, 0, 0;
    %flag_set/imm 4, 0;
    %assign/vec4/off/d v000001ecf2672e60_0, 4, 5;
    %load/vec4 v000001ecf2672e60_0;
    %parti/s 1, 30, 6;
    %ix/load 4, 31, 0;
    %ix/load 5, 0, 0;
    %flag_set/imm 4, 0;
    %assign/vec4/off/d v000001ecf2672e60_0, 4, 5;
    %load/vec4 v000001ecf2672e60_0;
    %parti/s 4, 0, 2;
    %cmpi/u 10, 0, 4;
    %jmp/0xz  T_6.4, 5;
    %load/vec4 v000001ecf2672e60_0;
    %parti/s 4, 0, 2;
    %ix/load 4, 0, 0;
    %ix/load 5, 0, 0;
    %flag_set/imm 4, 0;
    %assign/vec4/off/d v000001ecf2672f00_0, 4, 5;
    %jmp T_6.5;
T_6.4 ;
    %load/vec4 v000001ecf2672e60_0;
    %parti/s 4, 0, 2;
    %inv;
    %ix/load 4, 0, 0;
    %ix/load 5, 0, 0;
    %flag_set/imm 4, 0;
    %assign/vec4/off/d v000001ecf2672f00_0, 4, 5;
T_6.5 ;
    %load/vec4 v000001ecf2672e60_0;
    %parti/s 4, 4, 4;
    %cmpi/u 10, 0, 4;
    %jmp/0xz  T_6.6, 5;
    %load/vec4 v000001ecf2672e60_0;
    %parti/s 4, 4, 4;
    %ix/load 4, 4, 0;
    %ix/load 5, 0, 0;
    %flag_set/imm 4, 0;
    %assign/vec4/off/d v000001ecf2672f00_0, 4, 5;
    %jmp T_6.7;
T_6.6 ;
    %load/vec4 v000001ecf2672e60_0;
    %parti/s 4, 4, 4;
    %inv;
    %ix/load 4, 4, 0;
    %ix/load 5, 0, 0;
    %flag_set/imm 4, 0;
    %assign/vec4/off/d v000001ecf2672f00_0, 4, 5;
T_6.7 ;
    %load/vec4 v000001ecf2672e60_0;
    %parti/s 4, 8, 5;
    %cmpi/u 10, 0, 4;
    %jmp/0xz  T_6.8, 5;
    %load/vec4 v000001ecf2672e60_0;
    %parti/s 4, 8, 5;
    %ix/load 4, 8, 0;
    %ix/load 5, 0, 0;
    %flag_set/imm 4, 0;
    %assign/vec4/off/d v000001ecf2672f00_0, 4, 5;
    %jmp T_6.9;
T_6.8 ;
    %load/vec4 v000001ecf2672e60_0;
    %parti/s 4, 8, 5;
    %inv;
    %ix/load 4, 8, 0;
    %ix/load 5, 0, 0;
    %flag_set/imm 4, 0;
    %assign/vec4/off/d v000001ecf2672f00_0, 4, 5;
T_6.9 ;
    %load/vec4 v000001ecf2672e60_0;
    %parti/s 4, 12, 5;
    %cmpi/u 10, 0, 4;
    %jmp/0xz  T_6.10, 5;
    %load/vec4 v000001ecf2672e60_0;
    %parti/s 4, 12, 5;
    %ix/load 4, 12, 0;
    %ix/load 5, 0, 0;
    %flag_set/imm 4, 0;
    %assign/vec4/off/d v000001ecf2672f00_0, 4, 5;
    %jmp T_6.11;
T_6.10 ;
    %load/vec4 v000001ecf2672e60_0;
    %parti/s 4, 12, 5;
    %inv;
    %ix/load 4, 12, 0;
    %ix/load 5, 0, 0;
    %flag_set/imm 4, 0;
    %assign/vec4/off/d v000001ecf2672f00_0, 4, 5;
T_6.11 ;
    %load/vec4 v000001ecf2672e60_0;
    %parti/s 4, 16, 6;
    %cmpi/u 10, 0, 4;
    %jmp/0xz  T_6.12, 5;
    %load/vec4 v000001ecf2672e60_0;
    %parti/s 4, 16, 6;
    %ix/load 4, 16, 0;
    %ix/load 5, 0, 0;
    %flag_set/imm 4, 0;
    %assign/vec4/off/d v000001ecf2672f00_0, 4, 5;
    %jmp T_6.13;
T_6.12 ;
    %load/vec4 v000001ecf2672e60_0;
    %parti/s 4, 16, 6;
    %inv;
    %ix/load 4, 16, 0;
    %ix/load 5, 0, 0;
    %flag_set/imm 4, 0;
    %assign/vec4/off/d v000001ecf2672f00_0, 4, 5;
T_6.13 ;
    %load/vec4 v000001ecf2672e60_0;
    %parti/s 4, 20, 6;
    %cmpi/u 10, 0, 4;
    %jmp/0xz  T_6.14, 5;
    %load/vec4 v000001ecf2672e60_0;
    %parti/s 4, 20, 6;
    %ix/load 4, 20, 0;
    %ix/load 5, 0, 0;
    %flag_set/imm 4, 0;
    %assign/vec4/off/d v000001ecf2672f00_0, 4, 5;
    %jmp T_6.15;
T_6.14 ;
    %load/vec4 v000001ecf2672e60_0;
    %parti/s 4, 20, 6;
    %inv;
    %ix/load 4, 20, 0;
    %ix/load 5, 0, 0;
    %flag_set/imm 4, 0;
    %assign/vec4/off/d v000001ecf2672f00_0, 4, 5;
T_6.15 ;
    %load/vec4 v000001ecf2672e60_0;
    %parti/s 4, 24, 6;
    %cmpi/u 10, 0, 4;
    %jmp/0xz  T_6.16, 5;
    %load/vec4 v000001ecf2672e60_0;
    %parti/s 4, 24, 6;
    %ix/load 4, 24, 0;
    %ix/load 5, 0, 0;
    %flag_set/imm 4, 0;
    %assign/vec4/off/d v000001ecf2672f00_0, 4, 5;
    %jmp T_6.17;
T_6.16 ;
    %load/vec4 v000001ecf2672e60_0;
    %parti/s 4, 24, 6;
    %inv;
    %ix/load 4, 24, 0;
    %ix/load 5, 0, 0;
    %flag_set/imm 4, 0;
    %assign/vec4/off/d v000001ecf2672f00_0, 4, 5;
T_6.17 ;
    %load/vec4 v000001ecf2672e60_0;
    %parti/s 4, 28, 6;
    %cmpi/u 14, 0, 4;
    %jmp/0xz  T_6.18, 5;
    %pushi/vec4 15, 0, 4;
    %ix/load 4, 28, 0;
    %ix/load 5, 0, 0;
    %flag_set/imm 4, 0;
    %assign/vec4/off/d v000001ecf2672f00_0, 4, 5;
    %jmp T_6.19;
T_6.18 ;
    %pushi/vec4 14, 0, 4;
    %ix/load 4, 28, 0;
    %ix/load 5, 0, 0;
    %flag_set/imm 4, 0;
    %assign/vec4/off/d v000001ecf2672f00_0, 4, 5;
T_6.19 ;
T_6.3 ;
T_6.1 ;
    %jmp T_6;
    .thread T_6;
    .scope S_000001ecf22eb970;
T_7 ;
    %wait E_000001ecf260e2a0;
    %load/vec4 v000001ecf2612cc0_0;
    %nor/r;
    %flag_set/vec4 8;
    %jmp/0xz  T_7.0, 8;
    %pushi/vec4 0, 0, 16;
    %assign/vec4 v000001ecf26122c0_0, 0;
    %jmp T_7.1;
T_7.0 ;
    %load/vec4 v000001ecf26122c0_0;
    %pad/u 32;
    %cmpi/u 49, 0, 32;
    %flag_inv 5; GE is !LT
    %jmp/0xz  T_7.2, 5;
    %pushi/vec4 0, 0, 16;
    %assign/vec4 v000001ecf26122c0_0, 0;
    %jmp T_7.3;
T_7.2 ;
    %load/vec4 v000001ecf26122c0_0;
    %addi 1, 0, 16;
    %assign/vec4 v000001ecf26122c0_0, 0;
T_7.3 ;
T_7.1 ;
    %jmp T_7;
    .thread T_7;
    .scope S_000001ecf22eb970;
T_8 ;
    %wait E_000001ecf260e2a0;
    %load/vec4 v000001ecf2612cc0_0;
    %nor/r;
    %flag_set/vec4 8;
    %jmp/0xz  T_8.0, 8;
    %pushi/vec4 0, 0, 1;
    %assign/vec4 v000001ecf2612ea0_0, 0;
    %jmp T_8.1;
T_8.0 ;
    %load/vec4 v000001ecf26122c0_0;
    %pad/u 32;
    %cmpi/e 49, 0, 32;
    %jmp/0xz  T_8.2, 4;
    %pushi/vec4 1, 0, 1;
    %assign/vec4 v000001ecf2612ea0_0, 0;
    %jmp T_8.3;
T_8.2 ;
    %pushi/vec4 0, 0, 1;
    %assign/vec4 v000001ecf2612ea0_0, 0;
T_8.3 ;
T_8.1 ;
    %jmp T_8;
    .thread T_8;
    .scope S_000001ecf22eb970;
T_9 ;
    %wait E_000001ecf260e2a0;
    %load/vec4 v000001ecf2612cc0_0;
    %nor/r;
    %flag_set/vec4 8;
    %jmp/0xz  T_9.0, 8;
    %pushi/vec4 0, 0, 3;
    %assign/vec4 v000001ecf2612680_0, 0;
    %pushi/vec4 0, 0, 10;
    %assign/vec4 v000001ecf2612c20_0, 0;
    %jmp T_9.1;
T_9.0 ;
    %load/vec4 v000001ecf2612ea0_0;
    %flag_set/vec4 8;
    %jmp/0xz  T_9.2, 8;
    %load/vec4 v000001ecf2612680_0;
    %addi 1, 0, 3;
    %assign/vec4 v000001ecf2612680_0, 0;
    %load/vec4 v000001ecf2612c20_0;
    %addi 1, 0, 10;
    %assign/vec4 v000001ecf2612c20_0, 0;
T_9.2 ;
T_9.1 ;
    %jmp T_9;
    .thread T_9;
    .scope S_000001ecf22eb970;
T_10 ;
    %wait E_000001ecf260e220;
    %load/vec4 v000001ecf2612b80_0;
    %inv;
    %flag_set/vec4 8;
    %jmp/0xz  T_10.0, 8;
    %load/vec4 v000001ecf2612680_0;
    %dup/vec4;
    %pushi/vec4 0, 0, 3;
    %cmp/u;
    %jmp/1 T_10.2, 6;
    %dup/vec4;
    %pushi/vec4 1, 0, 3;
    %cmp/u;
    %jmp/1 T_10.3, 6;
    %dup/vec4;
    %pushi/vec4 2, 0, 3;
    %cmp/u;
    %jmp/1 T_10.4, 6;
    %dup/vec4;
    %pushi/vec4 3, 0, 3;
    %cmp/u;
    %jmp/1 T_10.5, 6;
    %dup/vec4;
    %pushi/vec4 4, 0, 3;
    %cmp/u;
    %jmp/1 T_10.6, 6;
    %dup/vec4;
    %pushi/vec4 5, 0, 3;
    %cmp/u;
    %jmp/1 T_10.7, 6;
    %dup/vec4;
    %pushi/vec4 6, 0, 3;
    %cmp/u;
    %jmp/1 T_10.8, 6;
    %dup/vec4;
    %pushi/vec4 7, 0, 3;
    %cmp/u;
    %jmp/1 T_10.9, 6;
    %jmp T_10.10;
T_10.2 ;
    %pushi/vec4 1, 0, 8;
    %store/vec4 v000001ecf2612900_0, 0, 8;
    %jmp T_10.10;
T_10.3 ;
    %pushi/vec4 2, 0, 8;
    %store/vec4 v000001ecf2612900_0, 0, 8;
    %jmp T_10.10;
T_10.4 ;
    %pushi/vec4 4, 0, 8;
    %store/vec4 v000001ecf2612900_0, 0, 8;
    %jmp T_10.10;
T_10.5 ;
    %pushi/vec4 8, 0, 8;
    %store/vec4 v000001ecf2612900_0, 0, 8;
    %jmp T_10.10;
T_10.6 ;
    %pushi/vec4 16, 0, 8;
    %store/vec4 v000001ecf2612900_0, 0, 8;
    %jmp T_10.10;
T_10.7 ;
    %pushi/vec4 32, 0, 8;
    %store/vec4 v000001ecf2612900_0, 0, 8;
    %jmp T_10.10;
T_10.8 ;
    %pushi/vec4 64, 0, 8;
    %store/vec4 v000001ecf2612900_0, 0, 8;
    %jmp T_10.10;
T_10.9 ;
    %pushi/vec4 128, 0, 8;
    %store/vec4 v000001ecf2612900_0, 0, 8;
    %jmp T_10.10;
T_10.10 ;
    %pop/vec4 1;
    %jmp T_10.1;
T_10.0 ;
    %load/vec4 v000001ecf2612c20_0;
    %dup/vec4;
    %pushi/vec4 128, 0, 10;
    %cmp/u;
    %jmp/1 T_10.11, 6;
    %dup/vec4;
    %pushi/vec4 256, 0, 10;
    %cmp/u;
    %jmp/1 T_10.12, 6;
    %dup/vec4;
    %pushi/vec4 384, 0, 10;
    %cmp/u;
    %jmp/1 T_10.13, 6;
    %dup/vec4;
    %pushi/vec4 512, 0, 10;
    %cmp/u;
    %jmp/1 T_10.14, 6;
    %dup/vec4;
    %pushi/vec4 640, 0, 10;
    %cmp/u;
    %jmp/1 T_10.15, 6;
    %dup/vec4;
    %pushi/vec4 768, 0, 10;
    %cmp/u;
    %jmp/1 T_10.16, 6;
    %dup/vec4;
    %pushi/vec4 896, 0, 10;
    %cmp/u;
    %jmp/1 T_10.17, 6;
    %dup/vec4;
    %pushi/vec4 1023, 0, 10;
    %cmp/u;
    %jmp/1 T_10.18, 6;
    %jmp T_10.19;
T_10.11 ;
    %pushi/vec4 1, 0, 8;
    %store/vec4 v000001ecf2612900_0, 0, 8;
    %jmp T_10.19;
T_10.12 ;
    %pushi/vec4 2, 0, 8;
    %store/vec4 v000001ecf2612900_0, 0, 8;
    %jmp T_10.19;
T_10.13 ;
    %pushi/vec4 4, 0, 8;
    %store/vec4 v000001ecf2612900_0, 0, 8;
    %jmp T_10.19;
T_10.14 ;
    %pushi/vec4 8, 0, 8;
    %store/vec4 v000001ecf2612900_0, 0, 8;
    %jmp T_10.19;
T_10.15 ;
    %pushi/vec4 16, 0, 8;
    %store/vec4 v000001ecf2612900_0, 0, 8;
    %jmp T_10.19;
T_10.16 ;
    %pushi/vec4 32, 0, 8;
    %store/vec4 v000001ecf2612900_0, 0, 8;
    %jmp T_10.19;
T_10.17 ;
    %pushi/vec4 64, 0, 8;
    %store/vec4 v000001ecf2612900_0, 0, 8;
    %jmp T_10.19;
T_10.18 ;
    %pushi/vec4 128, 0, 8;
    %store/vec4 v000001ecf2612900_0, 0, 8;
    %jmp T_10.19;
T_10.19 ;
    %pop/vec4 1;
T_10.1 ;
    %jmp T_10;
    .thread T_10;
    .scope S_000001ecf22eb970;
T_11 ;
    %wait E_000001ecf260e220;
    %load/vec4 v000001ecf2612b80_0;
    %flag_set/vec4 8;
    %jmp/0xz  T_11.0, 8;
    %load/vec4 v000001ecf2612360_0;
    %assign/vec4 v000001ecf2612540_0, 0;
    %jmp T_11.1;
T_11.0 ;
    %load/vec4 v000001ecf2612540_0;
    %assign/vec4 v000001ecf2612540_0, 0;
T_11.1 ;
    %jmp T_11;
    .thread T_11;
    .scope S_000001ecf22eb970;
T_12 ;
    %wait E_000001ecf260e220;
    %load/vec4 v000001ecf2612680_0;
    %dup/vec4;
    %pushi/vec4 0, 0, 3;
    %cmp/u;
    %jmp/1 T_12.0, 6;
    %dup/vec4;
    %pushi/vec4 1, 0, 3;
    %cmp/u;
    %jmp/1 T_12.1, 6;
    %dup/vec4;
    %pushi/vec4 2, 0, 3;
    %cmp/u;
    %jmp/1 T_12.2, 6;
    %dup/vec4;
    %pushi/vec4 3, 0, 3;
    %cmp/u;
    %jmp/1 T_12.3, 6;
    %dup/vec4;
    %pushi/vec4 4, 0, 3;
    %cmp/u;
    %jmp/1 T_12.4, 6;
    %dup/vec4;
    %pushi/vec4 5, 0, 3;
    %cmp/u;
    %jmp/1 T_12.5, 6;
    %dup/vec4;
    %pushi/vec4 6, 0, 3;
    %cmp/u;
    %jmp/1 T_12.6, 6;
    %dup/vec4;
    %pushi/vec4 7, 0, 3;
    %cmp/u;
    %jmp/1 T_12.7, 6;
    %jmp T_12.8;
T_12.0 ;
    %load/vec4 v000001ecf2612540_0;
    %parti/s 4, 0, 2;
    %store/vec4 v000001ecf2612ae0_0, 0, 4;
    %jmp T_12.8;
T_12.1 ;
    %load/vec4 v000001ecf2612540_0;
    %parti/s 4, 4, 4;
    %store/vec4 v000001ecf2612ae0_0, 0, 4;
    %jmp T_12.8;
T_12.2 ;
    %load/vec4 v000001ecf2612540_0;
    %parti/s 4, 8, 5;
    %store/vec4 v000001ecf2612ae0_0, 0, 4;
    %jmp T_12.8;
T_12.3 ;
    %load/vec4 v000001ecf2612540_0;
    %parti/s 4, 12, 5;
    %store/vec4 v000001ecf2612ae0_0, 0, 4;
    %jmp T_12.8;
T_12.4 ;
    %load/vec4 v000001ecf2612540_0;
    %parti/s 4, 16, 6;
    %store/vec4 v000001ecf2612220_0, 0, 4;
    %jmp T_12.8;
T_12.5 ;
    %load/vec4 v000001ecf2612540_0;
    %parti/s 4, 20, 6;
    %store/vec4 v000001ecf2612220_0, 0, 4;
    %jmp T_12.8;
T_12.6 ;
    %load/vec4 v000001ecf2612540_0;
    %parti/s 4, 24, 6;
    %store/vec4 v000001ecf2612220_0, 0, 4;
    %jmp T_12.8;
T_12.7 ;
    %load/vec4 v000001ecf2612540_0;
    %parti/s 4, 28, 6;
    %store/vec4 v000001ecf2612220_0, 0, 4;
    %jmp T_12.8;
T_12.8 ;
    %pop/vec4 1;
    %jmp T_12;
    .thread T_12;
    .scope S_000001ecf22eb970;
T_13 ;
    %wait E_000001ecf260e220;
    %load/vec4 v000001ecf2612ae0_0;
    %dup/vec4;
    %pushi/vec4 0, 0, 4;
    %cmp/u;
    %jmp/1 T_13.0, 6;
    %dup/vec4;
    %pushi/vec4 1, 0, 4;
    %cmp/u;
    %jmp/1 T_13.1, 6;
    %dup/vec4;
    %pushi/vec4 2, 0, 4;
    %cmp/u;
    %jmp/1 T_13.2, 6;
    %dup/vec4;
    %pushi/vec4 3, 0, 4;
    %cmp/u;
    %jmp/1 T_13.3, 6;
    %dup/vec4;
    %pushi/vec4 4, 0, 4;
    %cmp/u;
    %jmp/1 T_13.4, 6;
    %dup/vec4;
    %pushi/vec4 5, 0, 4;
    %cmp/u;
    %jmp/1 T_13.5, 6;
    %dup/vec4;
    %pushi/vec4 6, 0, 4;
    %cmp/u;
    %jmp/1 T_13.6, 6;
    %dup/vec4;
    %pushi/vec4 7, 0, 4;
    %cmp/u;
    %jmp/1 T_13.7, 6;
    %dup/vec4;
    %pushi/vec4 8, 0, 4;
    %cmp/u;
    %jmp/1 T_13.8, 6;
    %dup/vec4;
    %pushi/vec4 9, 0, 4;
    %cmp/u;
    %jmp/1 T_13.9, 6;
    %dup/vec4;
    %pushi/vec4 10, 0, 4;
    %cmp/u;
    %jmp/1 T_13.10, 6;
    %dup/vec4;
    %pushi/vec4 11, 0, 4;
    %cmp/u;
    %jmp/1 T_13.11, 6;
    %dup/vec4;
    %pushi/vec4 12, 0, 4;
    %cmp/u;
    %jmp/1 T_13.12, 6;
    %dup/vec4;
    %pushi/vec4 13, 0, 4;
    %cmp/u;
    %jmp/1 T_13.13, 6;
    %dup/vec4;
    %pushi/vec4 14, 0, 4;
    %cmp/u;
    %jmp/1 T_13.14, 6;
    %dup/vec4;
    %pushi/vec4 15, 0, 4;
    %cmp/u;
    %jmp/1 T_13.15, 6;
    %jmp T_13.16;
T_13.0 ;
    %pushi/vec4 63, 0, 8;
    %store/vec4 v000001ecf2612a40_0, 0, 8;
    %jmp T_13.16;
T_13.1 ;
    %pushi/vec4 6, 0, 8;
    %store/vec4 v000001ecf2612a40_0, 0, 8;
    %jmp T_13.16;
T_13.2 ;
    %pushi/vec4 91, 0, 8;
    %store/vec4 v000001ecf2612a40_0, 0, 8;
    %jmp T_13.16;
T_13.3 ;
    %pushi/vec4 79, 0, 8;
    %store/vec4 v000001ecf2612a40_0, 0, 8;
    %jmp T_13.16;
T_13.4 ;
    %pushi/vec4 102, 0, 8;
    %store/vec4 v000001ecf2612a40_0, 0, 8;
    %jmp T_13.16;
T_13.5 ;
    %pushi/vec4 109, 0, 8;
    %store/vec4 v000001ecf2612a40_0, 0, 8;
    %jmp T_13.16;
T_13.6 ;
    %pushi/vec4 125, 0, 8;
    %store/vec4 v000001ecf2612a40_0, 0, 8;
    %jmp T_13.16;
T_13.7 ;
    %pushi/vec4 7, 0, 8;
    %store/vec4 v000001ecf2612a40_0, 0, 8;
    %jmp T_13.16;
T_13.8 ;
    %pushi/vec4 127, 0, 8;
    %store/vec4 v000001ecf2612a40_0, 0, 8;
    %jmp T_13.16;
T_13.9 ;
    %pushi/vec4 111, 0, 8;
    %store/vec4 v000001ecf2612a40_0, 0, 8;
    %jmp T_13.16;
T_13.10 ;
    %pushi/vec4 119, 0, 8;
    %store/vec4 v000001ecf2612a40_0, 0, 8;
    %jmp T_13.16;
T_13.11 ;
    %pushi/vec4 124, 0, 8;
    %store/vec4 v000001ecf2612a40_0, 0, 8;
    %jmp T_13.16;
T_13.12 ;
    %pushi/vec4 57, 0, 8;
    %store/vec4 v000001ecf2612a40_0, 0, 8;
    %jmp T_13.16;
T_13.13 ;
    %pushi/vec4 94, 0, 8;
    %store/vec4 v000001ecf2612a40_0, 0, 8;
    %jmp T_13.16;
T_13.14 ;
    %pushi/vec4 134, 0, 8;
    %store/vec4 v000001ecf2612a40_0, 0, 8;
    %jmp T_13.16;
T_13.15 ;
    %pushi/vec4 191, 0, 8;
    %store/vec4 v000001ecf2612a40_0, 0, 8;
    %jmp T_13.16;
T_13.16 ;
    %pop/vec4 1;
    %jmp T_13;
    .thread T_13;
    .scope S_000001ecf22eb970;
T_14 ;
    %wait E_000001ecf260e220;
    %load/vec4 v000001ecf2612220_0;
    %dup/vec4;
    %pushi/vec4 0, 0, 4;
    %cmp/u;
    %jmp/1 T_14.0, 6;
    %dup/vec4;
    %pushi/vec4 1, 0, 4;
    %cmp/u;
    %jmp/1 T_14.1, 6;
    %dup/vec4;
    %pushi/vec4 2, 0, 4;
    %cmp/u;
    %jmp/1 T_14.2, 6;
    %dup/vec4;
    %pushi/vec4 3, 0, 4;
    %cmp/u;
    %jmp/1 T_14.3, 6;
    %dup/vec4;
    %pushi/vec4 4, 0, 4;
    %cmp/u;
    %jmp/1 T_14.4, 6;
    %dup/vec4;
    %pushi/vec4 5, 0, 4;
    %cmp/u;
    %jmp/1 T_14.5, 6;
    %dup/vec4;
    %pushi/vec4 6, 0, 4;
    %cmp/u;
    %jmp/1 T_14.6, 6;
    %dup/vec4;
    %pushi/vec4 7, 0, 4;
    %cmp/u;
    %jmp/1 T_14.7, 6;
    %dup/vec4;
    %pushi/vec4 8, 0, 4;
    %cmp/u;
    %jmp/1 T_14.8, 6;
    %dup/vec4;
    %pushi/vec4 9, 0, 4;
    %cmp/u;
    %jmp/1 T_14.9, 6;
    %dup/vec4;
    %pushi/vec4 10, 0, 4;
    %cmp/u;
    %jmp/1 T_14.10, 6;
    %dup/vec4;
    %pushi/vec4 11, 0, 4;
    %cmp/u;
    %jmp/1 T_14.11, 6;
    %dup/vec4;
    %pushi/vec4 12, 0, 4;
    %cmp/u;
    %jmp/1 T_14.12, 6;
    %dup/vec4;
    %pushi/vec4 13, 0, 4;
    %cmp/u;
    %jmp/1 T_14.13, 6;
    %dup/vec4;
    %pushi/vec4 14, 0, 4;
    %cmp/u;
    %jmp/1 T_14.14, 6;
    %dup/vec4;
    %pushi/vec4 15, 0, 4;
    %cmp/u;
    %jmp/1 T_14.15, 6;
    %jmp T_14.16;
T_14.0 ;
    %pushi/vec4 63, 0, 8;
    %store/vec4 v000001ecf26125e0_0, 0, 8;
    %jmp T_14.16;
T_14.1 ;
    %pushi/vec4 6, 0, 8;
    %store/vec4 v000001ecf26125e0_0, 0, 8;
    %jmp T_14.16;
T_14.2 ;
    %pushi/vec4 91, 0, 8;
    %store/vec4 v000001ecf26125e0_0, 0, 8;
    %jmp T_14.16;
T_14.3 ;
    %pushi/vec4 79, 0, 8;
    %store/vec4 v000001ecf26125e0_0, 0, 8;
    %jmp T_14.16;
T_14.4 ;
    %pushi/vec4 102, 0, 8;
    %store/vec4 v000001ecf26125e0_0, 0, 8;
    %jmp T_14.16;
T_14.5 ;
    %pushi/vec4 109, 0, 8;
    %store/vec4 v000001ecf26125e0_0, 0, 8;
    %jmp T_14.16;
T_14.6 ;
    %pushi/vec4 125, 0, 8;
    %store/vec4 v000001ecf26125e0_0, 0, 8;
    %jmp T_14.16;
T_14.7 ;
    %pushi/vec4 7, 0, 8;
    %store/vec4 v000001ecf26125e0_0, 0, 8;
    %jmp T_14.16;
T_14.8 ;
    %pushi/vec4 127, 0, 8;
    %store/vec4 v000001ecf26125e0_0, 0, 8;
    %jmp T_14.16;
T_14.9 ;
    %pushi/vec4 111, 0, 8;
    %store/vec4 v000001ecf26125e0_0, 0, 8;
    %jmp T_14.16;
T_14.10 ;
    %pushi/vec4 119, 0, 8;
    %store/vec4 v000001ecf26125e0_0, 0, 8;
    %jmp T_14.16;
T_14.11 ;
    %pushi/vec4 124, 0, 8;
    %store/vec4 v000001ecf26125e0_0, 0, 8;
    %jmp T_14.16;
T_14.12 ;
    %pushi/vec4 57, 0, 8;
    %store/vec4 v000001ecf26125e0_0, 0, 8;
    %jmp T_14.16;
T_14.13 ;
    %pushi/vec4 94, 0, 8;
    %store/vec4 v000001ecf26125e0_0, 0, 8;
    %jmp T_14.16;
T_14.14 ;
    %pushi/vec4 134, 0, 8;
    %store/vec4 v000001ecf26125e0_0, 0, 8;
    %jmp T_14.16;
T_14.15 ;
    %pushi/vec4 191, 0, 8;
    %store/vec4 v000001ecf26125e0_0, 0, 8;
    %jmp T_14.16;
T_14.16 ;
    %pop/vec4 1;
    %jmp T_14;
    .thread T_14;
# The file index is used to find the file name in the following table.
:file_names 6;
    "N/A";
    "<interactive>";
    "Divergence_Meter.v";
    "./Segment.v";
    "./botton.v";
    "./random.v";
