#! /c/Source/iverilog-install/bin/vvp
:ivl_version "12.0 (devel)" "(s20150603-1110-g18392a46)";
:ivl_delay_selection "TYPICAL";
:vpi_time_precision + 0;
:vpi_module "D:\iverilog\lib\ivl\system.vpi";
:vpi_module "D:\iverilog\lib\ivl\vhdl_sys.vpi";
:vpi_module "D:\iverilog\lib\ivl\vhdl_textio.vpi";
:vpi_module "D:\iverilog\lib\ivl\v2005_math.vpi";
:vpi_module "D:\iverilog\lib\ivl\va_math.vpi";
S_00000253390eb940 .scope module, "random" "random" 2 1;
 .timescale 0 0;
    .port_info 0 /INPUT 1 "clk";
    .port_info 1 /INPUT 1 "rst_n";
    .port_info 2 /INPUT 32 "seed";
    .port_info 3 /OUTPUT 32 "random";
P_000002533912c330 .param/l "half" 0 2 9, C4<0000000000001010>;
o0000025339147fd8 .functor BUFZ 1, C4<z>; HiZ drive
v0000025339103390_0 .net "clk", 0 0, o0000025339147fd8;  0 drivers
v00000253390ebad0_0 .var "clk_in", 0 0;
v00000253391030e0_0 .var "count", 15 0;
v00000253391332f0_0 .var "data", 31 0;
v0000025339133390_0 .var "random", 31 0;
o00000253391480c8 .functor BUFZ 1, C4<z>; HiZ drive
v0000025339133430_0 .net "rst_n", 0 0, o00000253391480c8;  0 drivers
o00000253391480f8 .functor BUFZ 32, C4<zzzzzzzzzzzzzzzzzzzzzzzzzzzzzzzz>; HiZ drive
v00000253391334d0_0 .net "seed", 31 0, o00000253391480f8;  0 drivers
E_000002533912d030/0 .event negedge, v0000025339133430_0;
E_000002533912d030/1 .event posedge, v00000253390ebad0_0;
E_000002533912d030 .event/or E_000002533912d030/0, E_000002533912d030/1;
E_000002533912c630 .event posedge, v0000025339103390_0;
    .scope S_00000253390eb940;
T_0 ;
    %pushi/vec4 0, 0, 1;
    %store/vec4 v00000253390ebad0_0, 0, 1;
    %pushi/vec4 0, 0, 16;
    %store/vec4 v00000253391030e0_0, 0, 16;
    %end;
    .thread T_0;
    .scope S_00000253390eb940;
T_1 ;
    %wait E_000002533912c630;
    %load/vec4 v0000025339133430_0;
    %nor/r;
    %pad/u 32;
    %cmpi/e 1, 0, 32;
    %jmp/0xz  T_1.0, 4;
    %pushi/vec4 0, 0, 1;
    %store/vec4 v00000253390ebad0_0, 0, 1;
    %pushi/vec4 0, 0, 16;
    %store/vec4 v00000253391030e0_0, 0, 16;
    %jmp T_1.1;
T_1.0 ;
    %load/vec4 v00000253391030e0_0;
    %cmpi/e 10, 0, 16;
    %jmp/0xz  T_1.2, 4;
    %load/vec4 v00000253390ebad0_0;
    %inv;
    %assign/vec4 v00000253390ebad0_0, 0;
    %pushi/vec4 0, 0, 16;
    %assign/vec4 v00000253391030e0_0, 0;
    %jmp T_1.3;
T_1.2 ;
    %load/vec4 v00000253391030e0_0;
    %addi 1, 0, 16;
    %assign/vec4 v00000253391030e0_0, 0;
T_1.3 ;
T_1.1 ;
    %jmp T_1;
    .thread T_1;
    .scope S_00000253390eb940;
T_2 ;
    %wait E_000002533912d030;
    %load/vec4 v0000025339133430_0;
    %nor/r;
    %flag_set/vec4 8;
    %jmp/0xz  T_2.0, 8;
    %pushi/vec4 0, 0, 32;
    %assign/vec4 v00000253391332f0_0, 0;
    %pushi/vec4 0, 0, 32;
    %assign/vec4 v0000025339133390_0, 0;
    %jmp T_2.1;
T_2.0 ;
    %load/vec4 v00000253391332f0_0;
    %cmpi/e 0, 0, 32;
    %jmp/0xz  T_2.2, 4;
    %load/vec4 v00000253391334d0_0;
    %assign/vec4 v00000253391332f0_0, 0;
    %jmp T_2.3;
T_2.2 ;
    %load/vec4 v00000253391332f0_0;
    %parti/s 1, 31, 6;
    %ix/load 4, 0, 0;
    %ix/load 5, 0, 0;
    %flag_set/imm 4, 0;
    %assign/vec4/off/d v00000253391332f0_0, 4, 5;
    %load/vec4 v00000253391332f0_0;
    %parti/s 1, 0, 2;
    %load/vec4 v00000253391332f0_0;
    %parti/s 1, 31, 6;
    %xor;
    %ix/load 4, 1, 0;
    %ix/load 5, 0, 0;
    %flag_set/imm 4, 0;
    %assign/vec4/off/d v00000253391332f0_0, 4, 5;
    %load/vec4 v00000253391332f0_0;
    %parti/s 1, 1, 2;
    %load/vec4 v00000253391332f0_0;
    %parti/s 1, 31, 6;
    %xor;
    %ix/load 4, 2, 0;
    %ix/load 5, 0, 0;
    %flag_set/imm 4, 0;
    %assign/vec4/off/d v00000253391332f0_0, 4, 5;
    %load/vec4 v00000253391332f0_0;
    %parti/s 1, 2, 3;
    %load/vec4 v00000253391332f0_0;
    %parti/s 1, 31, 6;
    %xor;
    %ix/load 4, 3, 0;
    %ix/load 5, 0, 0;
    %flag_set/imm 4, 0;
    %assign/vec4/off/d v00000253391332f0_0, 4, 5;
    %load/vec4 v00000253391332f0_0;
    %parti/s 1, 3, 3;
    %ix/load 4, 4, 0;
    %ix/load 5, 0, 0;
    %flag_set/imm 4, 0;
    %assign/vec4/off/d v00000253391332f0_0, 4, 5;
    %load/vec4 v00000253391332f0_0;
    %parti/s 1, 4, 4;
    %load/vec4 v00000253391332f0_0;
    %parti/s 1, 31, 6;
    %xor;
    %ix/load 4, 5, 0;
    %ix/load 5, 0, 0;
    %flag_set/imm 4, 0;
    %assign/vec4/off/d v00000253391332f0_0, 4, 5;
    %load/vec4 v00000253391332f0_0;
    %parti/s 1, 5, 4;
    %ix/load 4, 6, 0;
    %ix/load 5, 0, 0;
    %flag_set/imm 4, 0;
    %assign/vec4/off/d v00000253391332f0_0, 4, 5;
    %load/vec4 v00000253391332f0_0;
    %parti/s 1, 6, 4;
    %load/vec4 v00000253391332f0_0;
    %parti/s 1, 31, 6;
    %xor;
    %ix/load 4, 7, 0;
    %ix/load 5, 0, 0;
    %flag_set/imm 4, 0;
    %assign/vec4/off/d v00000253391332f0_0, 4, 5;
    %load/vec4 v00000253391332f0_0;
    %parti/s 1, 7, 4;
    %ix/load 4, 8, 0;
    %ix/load 5, 0, 0;
    %flag_set/imm 4, 0;
    %assign/vec4/off/d v00000253391332f0_0, 4, 5;
    %load/vec4 v00000253391332f0_0;
    %parti/s 1, 8, 5;
    %ix/load 4, 9, 0;
    %ix/load 5, 0, 0;
    %flag_set/imm 4, 0;
    %assign/vec4/off/d v00000253391332f0_0, 4, 5;
    %load/vec4 v00000253391332f0_0;
    %parti/s 1, 9, 5;
    %ix/load 4, 10, 0;
    %ix/load 5, 0, 0;
    %flag_set/imm 4, 0;
    %assign/vec4/off/d v00000253391332f0_0, 4, 5;
    %load/vec4 v00000253391332f0_0;
    %parti/s 1, 10, 5;
    %ix/load 4, 11, 0;
    %ix/load 5, 0, 0;
    %flag_set/imm 4, 0;
    %assign/vec4/off/d v00000253391332f0_0, 4, 5;
    %load/vec4 v00000253391332f0_0;
    %parti/s 1, 11, 5;
    %ix/load 4, 12, 0;
    %ix/load 5, 0, 0;
    %flag_set/imm 4, 0;
    %assign/vec4/off/d v00000253391332f0_0, 4, 5;
    %load/vec4 v00000253391332f0_0;
    %parti/s 1, 12, 5;
    %ix/load 4, 13, 0;
    %ix/load 5, 0, 0;
    %flag_set/imm 4, 0;
    %assign/vec4/off/d v00000253391332f0_0, 4, 5;
    %load/vec4 v00000253391332f0_0;
    %parti/s 1, 13, 5;
    %ix/load 4, 14, 0;
    %ix/load 5, 0, 0;
    %flag_set/imm 4, 0;
    %assign/vec4/off/d v00000253391332f0_0, 4, 5;
    %load/vec4 v00000253391332f0_0;
    %parti/s 1, 14, 5;
    %ix/load 4, 15, 0;
    %ix/load 5, 0, 0;
    %flag_set/imm 4, 0;
    %assign/vec4/off/d v00000253391332f0_0, 4, 5;
    %load/vec4 v00000253391332f0_0;
    %parti/s 1, 15, 5;
    %ix/load 4, 16, 0;
    %ix/load 5, 0, 0;
    %flag_set/imm 4, 0;
    %assign/vec4/off/d v00000253391332f0_0, 4, 5;
    %load/vec4 v00000253391332f0_0;
    %parti/s 1, 16, 6;
    %ix/load 4, 17, 0;
    %ix/load 5, 0, 0;
    %flag_set/imm 4, 0;
    %assign/vec4/off/d v00000253391332f0_0, 4, 5;
    %load/vec4 v00000253391332f0_0;
    %parti/s 1, 17, 6;
    %ix/load 4, 18, 0;
    %ix/load 5, 0, 0;
    %flag_set/imm 4, 0;
    %assign/vec4/off/d v00000253391332f0_0, 4, 5;
    %load/vec4 v00000253391332f0_0;
    %parti/s 1, 18, 6;
    %ix/load 4, 19, 0;
    %ix/load 5, 0, 0;
    %flag_set/imm 4, 0;
    %assign/vec4/off/d v00000253391332f0_0, 4, 5;
    %load/vec4 v00000253391332f0_0;
    %parti/s 1, 19, 6;
    %ix/load 4, 20, 0;
    %ix/load 5, 0, 0;
    %flag_set/imm 4, 0;
    %assign/vec4/off/d v00000253391332f0_0, 4, 5;
    %load/vec4 v00000253391332f0_0;
    %parti/s 1, 20, 6;
    %ix/load 4, 21, 0;
    %ix/load 5, 0, 0;
    %flag_set/imm 4, 0;
    %assign/vec4/off/d v00000253391332f0_0, 4, 5;
    %load/vec4 v00000253391332f0_0;
    %parti/s 1, 21, 6;
    %ix/load 4, 22, 0;
    %ix/load 5, 0, 0;
    %flag_set/imm 4, 0;
    %assign/vec4/off/d v00000253391332f0_0, 4, 5;
    %load/vec4 v00000253391332f0_0;
    %parti/s 1, 22, 6;
    %ix/load 4, 23, 0;
    %ix/load 5, 0, 0;
    %flag_set/imm 4, 0;
    %assign/vec4/off/d v00000253391332f0_0, 4, 5;
    %load/vec4 v00000253391332f0_0;
    %parti/s 1, 23, 6;
    %ix/load 4, 24, 0;
    %ix/load 5, 0, 0;
    %flag_set/imm 4, 0;
    %assign/vec4/off/d v00000253391332f0_0, 4, 5;
    %load/vec4 v00000253391332f0_0;
    %parti/s 1, 24, 6;
    %ix/load 4, 25, 0;
    %ix/load 5, 0, 0;
    %flag_set/imm 4, 0;
    %assign/vec4/off/d v00000253391332f0_0, 4, 5;
    %load/vec4 v00000253391332f0_0;
    %parti/s 1, 25, 6;
    %ix/load 4, 26, 0;
    %ix/load 5, 0, 0;
    %flag_set/imm 4, 0;
    %assign/vec4/off/d v00000253391332f0_0, 4, 5;
    %load/vec4 v00000253391332f0_0;
    %parti/s 1, 26, 6;
    %ix/load 4, 27, 0;
    %ix/load 5, 0, 0;
    %flag_set/imm 4, 0;
    %assign/vec4/off/d v00000253391332f0_0, 4, 5;
    %load/vec4 v00000253391332f0_0;
    %parti/s 1, 27, 6;
    %ix/load 4, 28, 0;
    %ix/load 5, 0, 0;
    %flag_set/imm 4, 0;
    %assign/vec4/off/d v00000253391332f0_0, 4, 5;
    %load/vec4 v00000253391332f0_0;
    %parti/s 1, 28, 6;
    %ix/load 4, 29, 0;
    %ix/load 5, 0, 0;
    %flag_set/imm 4, 0;
    %assign/vec4/off/d v00000253391332f0_0, 4, 5;
    %load/vec4 v00000253391332f0_0;
    %parti/s 1, 29, 6;
    %ix/load 4, 30, 0;
    %ix/load 5, 0, 0;
    %flag_set/imm 4, 0;
    %assign/vec4/off/d v00000253391332f0_0, 4, 5;
    %load/vec4 v00000253391332f0_0;
    %parti/s 1, 30, 6;
    %ix/load 4, 31, 0;
    %ix/load 5, 0, 0;
    %flag_set/imm 4, 0;
    %assign/vec4/off/d v00000253391332f0_0, 4, 5;
    %load/vec4 v00000253391332f0_0;
    %parti/s 4, 0, 2;
    %cmpi/u 10, 0, 4;
    %jmp/0xz  T_2.4, 5;
    %load/vec4 v00000253391332f0_0;
    %parti/s 4, 0, 2;
    %ix/load 4, 0, 0;
    %ix/load 5, 0, 0;
    %flag_set/imm 4, 0;
    %assign/vec4/off/d v0000025339133390_0, 4, 5;
    %jmp T_2.5;
T_2.4 ;
    %load/vec4 v00000253391332f0_0;
    %parti/s 4, 0, 2;
    %inv;
    %ix/load 4, 0, 0;
    %ix/load 5, 0, 0;
    %flag_set/imm 4, 0;
    %assign/vec4/off/d v0000025339133390_0, 4, 5;
T_2.5 ;
    %load/vec4 v00000253391332f0_0;
    %parti/s 4, 4, 4;
    %cmpi/u 10, 0, 4;
    %jmp/0xz  T_2.6, 5;
    %load/vec4 v00000253391332f0_0;
    %parti/s 4, 4, 4;
    %ix/load 4, 4, 0;
    %ix/load 5, 0, 0;
    %flag_set/imm 4, 0;
    %assign/vec4/off/d v0000025339133390_0, 4, 5;
    %jmp T_2.7;
T_2.6 ;
    %load/vec4 v00000253391332f0_0;
    %parti/s 4, 4, 4;
    %inv;
    %ix/load 4, 4, 0;
    %ix/load 5, 0, 0;
    %flag_set/imm 4, 0;
    %assign/vec4/off/d v0000025339133390_0, 4, 5;
T_2.7 ;
    %load/vec4 v00000253391332f0_0;
    %parti/s 4, 8, 5;
    %cmpi/u 10, 0, 4;
    %jmp/0xz  T_2.8, 5;
    %load/vec4 v00000253391332f0_0;
    %parti/s 4, 8, 5;
    %ix/load 4, 8, 0;
    %ix/load 5, 0, 0;
    %flag_set/imm 4, 0;
    %assign/vec4/off/d v0000025339133390_0, 4, 5;
    %jmp T_2.9;
T_2.8 ;
    %load/vec4 v00000253391332f0_0;
    %parti/s 4, 8, 5;
    %inv;
    %ix/load 4, 8, 0;
    %ix/load 5, 0, 0;
    %flag_set/imm 4, 0;
    %assign/vec4/off/d v0000025339133390_0, 4, 5;
T_2.9 ;
    %load/vec4 v00000253391332f0_0;
    %parti/s 4, 12, 5;
    %cmpi/u 10, 0, 4;
    %jmp/0xz  T_2.10, 5;
    %load/vec4 v00000253391332f0_0;
    %parti/s 4, 12, 5;
    %ix/load 4, 12, 0;
    %ix/load 5, 0, 0;
    %flag_set/imm 4, 0;
    %assign/vec4/off/d v0000025339133390_0, 4, 5;
    %jmp T_2.11;
T_2.10 ;
    %load/vec4 v00000253391332f0_0;
    %parti/s 4, 12, 5;
    %inv;
    %ix/load 4, 12, 0;
    %ix/load 5, 0, 0;
    %flag_set/imm 4, 0;
    %assign/vec4/off/d v0000025339133390_0, 4, 5;
T_2.11 ;
    %load/vec4 v00000253391332f0_0;
    %parti/s 4, 16, 6;
    %cmpi/u 10, 0, 4;
    %jmp/0xz  T_2.12, 5;
    %load/vec4 v00000253391332f0_0;
    %parti/s 4, 16, 6;
    %ix/load 4, 16, 0;
    %ix/load 5, 0, 0;
    %flag_set/imm 4, 0;
    %assign/vec4/off/d v0000025339133390_0, 4, 5;
    %jmp T_2.13;
T_2.12 ;
    %load/vec4 v00000253391332f0_0;
    %parti/s 4, 16, 6;
    %inv;
    %ix/load 4, 16, 0;
    %ix/load 5, 0, 0;
    %flag_set/imm 4, 0;
    %assign/vec4/off/d v0000025339133390_0, 4, 5;
T_2.13 ;
    %load/vec4 v00000253391332f0_0;
    %parti/s 4, 20, 6;
    %cmpi/u 10, 0, 4;
    %jmp/0xz  T_2.14, 5;
    %load/vec4 v00000253391332f0_0;
    %parti/s 4, 20, 6;
    %ix/load 4, 20, 0;
    %ix/load 5, 0, 0;
    %flag_set/imm 4, 0;
    %assign/vec4/off/d v0000025339133390_0, 4, 5;
    %jmp T_2.15;
T_2.14 ;
    %load/vec4 v00000253391332f0_0;
    %parti/s 4, 20, 6;
    %inv;
    %ix/load 4, 20, 0;
    %ix/load 5, 0, 0;
    %flag_set/imm 4, 0;
    %assign/vec4/off/d v0000025339133390_0, 4, 5;
T_2.15 ;
    %load/vec4 v00000253391332f0_0;
    %parti/s 4, 24, 6;
    %cmpi/u 10, 0, 4;
    %jmp/0xz  T_2.16, 5;
    %load/vec4 v00000253391332f0_0;
    %parti/s 4, 24, 6;
    %ix/load 4, 24, 0;
    %ix/load 5, 0, 0;
    %flag_set/imm 4, 0;
    %assign/vec4/off/d v0000025339133390_0, 4, 5;
    %jmp T_2.17;
T_2.16 ;
    %load/vec4 v00000253391332f0_0;
    %parti/s 4, 24, 6;
    %inv;
    %ix/load 4, 24, 0;
    %ix/load 5, 0, 0;
    %flag_set/imm 4, 0;
    %assign/vec4/off/d v0000025339133390_0, 4, 5;
T_2.17 ;
    %load/vec4 v00000253391332f0_0;
    %parti/s 4, 28, 6;
    %cmpi/u 14, 0, 4;
    %jmp/0xz  T_2.18, 5;
    %pushi/vec4 15, 0, 4;
    %ix/load 4, 28, 0;
    %ix/load 5, 0, 0;
    %flag_set/imm 4, 0;
    %assign/vec4/off/d v0000025339133390_0, 4, 5;
    %jmp T_2.19;
T_2.18 ;
    %pushi/vec4 14, 0, 4;
    %ix/load 4, 28, 0;
    %ix/load 5, 0, 0;
    %flag_set/imm 4, 0;
    %assign/vec4/off/d v0000025339133390_0, 4, 5;
T_2.19 ;
T_2.3 ;
T_2.1 ;
    %jmp T_2;
    .thread T_2;
# The file index is used to find the file name in the following table.
:file_names 3;
    "N/A";
    "<interactive>";
    "random.v";
