#! /c/Source/iverilog-install/bin/vvp
:ivl_version "12.0 (devel)" "(s20150603-1110-g18392a46)";
:ivl_delay_selection "TYPICAL";
:vpi_time_precision - 9;
:vpi_module "D:\iverilog\lib\ivl\system.vpi";
:vpi_module "D:\iverilog\lib\ivl\vhdl_sys.vpi";
:vpi_module "D:\iverilog\lib\ivl\vhdl_textio.vpi";
:vpi_module "D:\iverilog\lib\ivl\v2005_math.vpi";
:vpi_module "D:\iverilog\lib\ivl\va_math.vpi";
S_000001764e18b990 .scope module, "Segment" "Segment" 2 2;
 .timescale -9 -9;
    .port_info 0 /INPUT 1 "Clk";
    .port_info 1 /INPUT 1 "Reset_N";
    .port_info 2 /INPUT 32 "Disp_Data";
    .port_info 3 /INPUT 1 "enable";
    .port_info 4 /OUTPUT 8 "Sel";
    .port_info 5 /OUTPUT 8 "DisPlay";
    .port_info 6 /OUTPUT 8 "DisPlay1";
o000001764e028f68 .functor BUFZ 1, C4<z>; HiZ drive
v000001764e007770_0 .net "Clk", 0 0, o000001764e028f68;  0 drivers
v000001764dfe3100_0 .var "Data", 31 0;
v000001764e189ef0_0 .var "DisPlay", 7 0;
v000001764e189f90_0 .var "DisPlay1", 7 0;
o000001764e029028 .functor BUFZ 32, C4<zzzzzzzzzzzzzzzzzzzzzzzzzzzzzzzz>; HiZ drive
v000001764e014e80_0 .net "Disp_Data", 31 0, o000001764e029028;  0 drivers
v000001764e014f20_0 .var "Disp_tmp", 3 0;
v000001764e014fc0_0 .var "Disp_tmp1", 3 0;
v000001764e015060_0 .var "Num", 2 0;
v000001764e015100_0 .var "Num1", 9 0;
o000001764e029118 .functor BUFZ 1, C4<z>; HiZ drive
v000001764e0151a0_0 .net "Reset_N", 0 0, o000001764e029118;  0 drivers
v000001764e077030_0 .var "Sel", 7 0;
v000001764e0770d0_0 .var "clk_1k", 0 0;
v000001764e077170_0 .var "div_cnt", 15 0;
o000001764e0291d8 .functor BUFZ 1, C4<z>; HiZ drive
v000001764e077210_0 .net "enable", 0 0, o000001764e0291d8;  0 drivers
E_000001764e008700 .event posedge, v000001764e007770_0;
E_000001764e008840/0 .event negedge, v000001764e0151a0_0;
E_000001764e008840/1 .event posedge, v000001764e007770_0;
E_000001764e008840 .event/or E_000001764e008840/0, E_000001764e008840/1;
    .scope S_000001764e18b990;
T_0 ;
    %wait E_000001764e008840;
    %load/vec4 v000001764e0151a0_0;
    %nor/r;
    %flag_set/vec4 8;
    %jmp/0xz  T_0.0, 8;
    %pushi/vec4 0, 0, 16;
    %assign/vec4 v000001764e077170_0, 0;
    %jmp T_0.1;
T_0.0 ;
    %load/vec4 v000001764e077170_0;
    %pad/u 32;
    %cmpi/u 49, 0, 32;
    %flag_inv 5; GE is !LT
    %jmp/0xz  T_0.2, 5;
    %pushi/vec4 0, 0, 16;
    %assign/vec4 v000001764e077170_0, 0;
    %jmp T_0.3;
T_0.2 ;
    %load/vec4 v000001764e077170_0;
    %addi 1, 0, 16;
    %assign/vec4 v000001764e077170_0, 0;
T_0.3 ;
T_0.1 ;
    %jmp T_0;
    .thread T_0;
    .scope S_000001764e18b990;
T_1 ;
    %wait E_000001764e008840;
    %load/vec4 v000001764e0151a0_0;
    %nor/r;
    %flag_set/vec4 8;
    %jmp/0xz  T_1.0, 8;
    %pushi/vec4 0, 0, 1;
    %assign/vec4 v000001764e0770d0_0, 0;
    %jmp T_1.1;
T_1.0 ;
    %load/vec4 v000001764e077170_0;
    %pad/u 32;
    %cmpi/e 49, 0, 32;
    %jmp/0xz  T_1.2, 4;
    %pushi/vec4 1, 0, 1;
    %assign/vec4 v000001764e0770d0_0, 0;
    %jmp T_1.3;
T_1.2 ;
    %pushi/vec4 0, 0, 1;
    %assign/vec4 v000001764e0770d0_0, 0;
T_1.3 ;
T_1.1 ;
    %jmp T_1;
    .thread T_1;
    .scope S_000001764e18b990;
T_2 ;
    %wait E_000001764e008840;
    %load/vec4 v000001764e0151a0_0;
    %nor/r;
    %flag_set/vec4 8;
    %jmp/0xz  T_2.0, 8;
    %pushi/vec4 0, 0, 3;
    %assign/vec4 v000001764e015060_0, 0;
    %pushi/vec4 0, 0, 10;
    %assign/vec4 v000001764e015100_0, 0;
    %jmp T_2.1;
T_2.0 ;
    %load/vec4 v000001764e0770d0_0;
    %flag_set/vec4 8;
    %jmp/0xz  T_2.2, 8;
    %load/vec4 v000001764e015060_0;
    %addi 1, 0, 3;
    %assign/vec4 v000001764e015060_0, 0;
    %load/vec4 v000001764e015100_0;
    %addi 1, 0, 10;
    %assign/vec4 v000001764e015100_0, 0;
T_2.2 ;
T_2.1 ;
    %jmp T_2;
    .thread T_2;
    .scope S_000001764e18b990;
T_3 ;
    %wait E_000001764e008700;
    %load/vec4 v000001764e077210_0;
    %inv;
    %flag_set/vec4 8;
    %jmp/0xz  T_3.0, 8;
    %load/vec4 v000001764e015060_0;
    %dup/vec4;
    %pushi/vec4 0, 0, 3;
    %cmp/u;
    %jmp/1 T_3.2, 6;
    %dup/vec4;
    %pushi/vec4 1, 0, 3;
    %cmp/u;
    %jmp/1 T_3.3, 6;
    %dup/vec4;
    %pushi/vec4 2, 0, 3;
    %cmp/u;
    %jmp/1 T_3.4, 6;
    %dup/vec4;
    %pushi/vec4 3, 0, 3;
    %cmp/u;
    %jmp/1 T_3.5, 6;
    %dup/vec4;
    %pushi/vec4 4, 0, 3;
    %cmp/u;
    %jmp/1 T_3.6, 6;
    %dup/vec4;
    %pushi/vec4 5, 0, 3;
    %cmp/u;
    %jmp/1 T_3.7, 6;
    %dup/vec4;
    %pushi/vec4 6, 0, 3;
    %cmp/u;
    %jmp/1 T_3.8, 6;
    %dup/vec4;
    %pushi/vec4 7, 0, 3;
    %cmp/u;
    %jmp/1 T_3.9, 6;
    %jmp T_3.10;
T_3.2 ;
    %pushi/vec4 1, 0, 8;
    %store/vec4 v000001764e077030_0, 0, 8;
    %jmp T_3.10;
T_3.3 ;
    %pushi/vec4 2, 0, 8;
    %store/vec4 v000001764e077030_0, 0, 8;
    %jmp T_3.10;
T_3.4 ;
    %pushi/vec4 4, 0, 8;
    %store/vec4 v000001764e077030_0, 0, 8;
    %jmp T_3.10;
T_3.5 ;
    %pushi/vec4 8, 0, 8;
    %store/vec4 v000001764e077030_0, 0, 8;
    %jmp T_3.10;
T_3.6 ;
    %pushi/vec4 16, 0, 8;
    %store/vec4 v000001764e077030_0, 0, 8;
    %jmp T_3.10;
T_3.7 ;
    %pushi/vec4 32, 0, 8;
    %store/vec4 v000001764e077030_0, 0, 8;
    %jmp T_3.10;
T_3.8 ;
    %pushi/vec4 64, 0, 8;
    %store/vec4 v000001764e077030_0, 0, 8;
    %jmp T_3.10;
T_3.9 ;
    %pushi/vec4 128, 0, 8;
    %store/vec4 v000001764e077030_0, 0, 8;
    %jmp T_3.10;
T_3.10 ;
    %pop/vec4 1;
    %jmp T_3.1;
T_3.0 ;
    %load/vec4 v000001764e015100_0;
    %dup/vec4;
    %pushi/vec4 128, 0, 10;
    %cmp/u;
    %jmp/1 T_3.11, 6;
    %dup/vec4;
    %pushi/vec4 256, 0, 10;
    %cmp/u;
    %jmp/1 T_3.12, 6;
    %dup/vec4;
    %pushi/vec4 384, 0, 10;
    %cmp/u;
    %jmp/1 T_3.13, 6;
    %dup/vec4;
    %pushi/vec4 512, 0, 10;
    %cmp/u;
    %jmp/1 T_3.14, 6;
    %dup/vec4;
    %pushi/vec4 640, 0, 10;
    %cmp/u;
    %jmp/1 T_3.15, 6;
    %dup/vec4;
    %pushi/vec4 768, 0, 10;
    %cmp/u;
    %jmp/1 T_3.16, 6;
    %dup/vec4;
    %pushi/vec4 896, 0, 10;
    %cmp/u;
    %jmp/1 T_3.17, 6;
    %dup/vec4;
    %pushi/vec4 1023, 0, 10;
    %cmp/u;
    %jmp/1 T_3.18, 6;
    %jmp T_3.19;
T_3.11 ;
    %pushi/vec4 1, 0, 8;
    %store/vec4 v000001764e077030_0, 0, 8;
    %jmp T_3.19;
T_3.12 ;
    %pushi/vec4 2, 0, 8;
    %store/vec4 v000001764e077030_0, 0, 8;
    %jmp T_3.19;
T_3.13 ;
    %pushi/vec4 4, 0, 8;
    %store/vec4 v000001764e077030_0, 0, 8;
    %jmp T_3.19;
T_3.14 ;
    %pushi/vec4 8, 0, 8;
    %store/vec4 v000001764e077030_0, 0, 8;
    %jmp T_3.19;
T_3.15 ;
    %pushi/vec4 16, 0, 8;
    %store/vec4 v000001764e077030_0, 0, 8;
    %jmp T_3.19;
T_3.16 ;
    %pushi/vec4 32, 0, 8;
    %store/vec4 v000001764e077030_0, 0, 8;
    %jmp T_3.19;
T_3.17 ;
    %pushi/vec4 64, 0, 8;
    %store/vec4 v000001764e077030_0, 0, 8;
    %jmp T_3.19;
T_3.18 ;
    %pushi/vec4 128, 0, 8;
    %store/vec4 v000001764e077030_0, 0, 8;
    %jmp T_3.19;
T_3.19 ;
    %pop/vec4 1;
T_3.1 ;
    %jmp T_3;
    .thread T_3;
    .scope S_000001764e18b990;
T_4 ;
    %wait E_000001764e008700;
    %load/vec4 v000001764e077210_0;
    %flag_set/vec4 8;
    %jmp/0xz  T_4.0, 8;
    %load/vec4 v000001764e014e80_0;
    %assign/vec4 v000001764dfe3100_0, 0;
    %jmp T_4.1;
T_4.0 ;
    %load/vec4 v000001764dfe3100_0;
    %assign/vec4 v000001764dfe3100_0, 0;
T_4.1 ;
    %jmp T_4;
    .thread T_4;
    .scope S_000001764e18b990;
T_5 ;
    %wait E_000001764e008700;
    %load/vec4 v000001764e015060_0;
    %dup/vec4;
    %pushi/vec4 0, 0, 3;
    %cmp/u;
    %jmp/1 T_5.0, 6;
    %dup/vec4;
    %pushi/vec4 1, 0, 3;
    %cmp/u;
    %jmp/1 T_5.1, 6;
    %dup/vec4;
    %pushi/vec4 2, 0, 3;
    %cmp/u;
    %jmp/1 T_5.2, 6;
    %dup/vec4;
    %pushi/vec4 3, 0, 3;
    %cmp/u;
    %jmp/1 T_5.3, 6;
    %dup/vec4;
    %pushi/vec4 4, 0, 3;
    %cmp/u;
    %jmp/1 T_5.4, 6;
    %dup/vec4;
    %pushi/vec4 5, 0, 3;
    %cmp/u;
    %jmp/1 T_5.5, 6;
    %dup/vec4;
    %pushi/vec4 6, 0, 3;
    %cmp/u;
    %jmp/1 T_5.6, 6;
    %dup/vec4;
    %pushi/vec4 7, 0, 3;
    %cmp/u;
    %jmp/1 T_5.7, 6;
    %jmp T_5.8;
T_5.0 ;
    %load/vec4 v000001764dfe3100_0;
    %parti/s 4, 0, 2;
    %store/vec4 v000001764e014f20_0, 0, 4;
    %jmp T_5.8;
T_5.1 ;
    %load/vec4 v000001764dfe3100_0;
    %parti/s 4, 4, 4;
    %store/vec4 v000001764e014f20_0, 0, 4;
    %jmp T_5.8;
T_5.2 ;
    %load/vec4 v000001764dfe3100_0;
    %parti/s 4, 8, 5;
    %store/vec4 v000001764e014f20_0, 0, 4;
    %jmp T_5.8;
T_5.3 ;
    %load/vec4 v000001764dfe3100_0;
    %parti/s 4, 12, 5;
    %store/vec4 v000001764e014f20_0, 0, 4;
    %jmp T_5.8;
T_5.4 ;
    %load/vec4 v000001764dfe3100_0;
    %parti/s 4, 16, 6;
    %store/vec4 v000001764e014fc0_0, 0, 4;
    %jmp T_5.8;
T_5.5 ;
    %load/vec4 v000001764dfe3100_0;
    %parti/s 4, 20, 6;
    %store/vec4 v000001764e014fc0_0, 0, 4;
    %jmp T_5.8;
T_5.6 ;
    %load/vec4 v000001764dfe3100_0;
    %parti/s 4, 24, 6;
    %store/vec4 v000001764e014fc0_0, 0, 4;
    %jmp T_5.8;
T_5.7 ;
    %load/vec4 v000001764dfe3100_0;
    %parti/s 4, 28, 6;
    %store/vec4 v000001764e014fc0_0, 0, 4;
    %jmp T_5.8;
T_5.8 ;
    %pop/vec4 1;
    %jmp T_5;
    .thread T_5;
    .scope S_000001764e18b990;
T_6 ;
    %wait E_000001764e008700;
    %load/vec4 v000001764e014f20_0;
    %dup/vec4;
    %pushi/vec4 0, 0, 4;
    %cmp/u;
    %jmp/1 T_6.0, 6;
    %dup/vec4;
    %pushi/vec4 1, 0, 4;
    %cmp/u;
    %jmp/1 T_6.1, 6;
    %dup/vec4;
    %pushi/vec4 2, 0, 4;
    %cmp/u;
    %jmp/1 T_6.2, 6;
    %dup/vec4;
    %pushi/vec4 3, 0, 4;
    %cmp/u;
    %jmp/1 T_6.3, 6;
    %dup/vec4;
    %pushi/vec4 4, 0, 4;
    %cmp/u;
    %jmp/1 T_6.4, 6;
    %dup/vec4;
    %pushi/vec4 5, 0, 4;
    %cmp/u;
    %jmp/1 T_6.5, 6;
    %dup/vec4;
    %pushi/vec4 6, 0, 4;
    %cmp/u;
    %jmp/1 T_6.6, 6;
    %dup/vec4;
    %pushi/vec4 7, 0, 4;
    %cmp/u;
    %jmp/1 T_6.7, 6;
    %dup/vec4;
    %pushi/vec4 8, 0, 4;
    %cmp/u;
    %jmp/1 T_6.8, 6;
    %dup/vec4;
    %pushi/vec4 9, 0, 4;
    %cmp/u;
    %jmp/1 T_6.9, 6;
    %dup/vec4;
    %pushi/vec4 10, 0, 4;
    %cmp/u;
    %jmp/1 T_6.10, 6;
    %dup/vec4;
    %pushi/vec4 11, 0, 4;
    %cmp/u;
    %jmp/1 T_6.11, 6;
    %dup/vec4;
    %pushi/vec4 12, 0, 4;
    %cmp/u;
    %jmp/1 T_6.12, 6;
    %dup/vec4;
    %pushi/vec4 13, 0, 4;
    %cmp/u;
    %jmp/1 T_6.13, 6;
    %dup/vec4;
    %pushi/vec4 14, 0, 4;
    %cmp/u;
    %jmp/1 T_6.14, 6;
    %dup/vec4;
    %pushi/vec4 15, 0, 4;
    %cmp/u;
    %jmp/1 T_6.15, 6;
    %jmp T_6.16;
T_6.0 ;
    %pushi/vec4 63, 0, 8;
    %store/vec4 v000001764e189ef0_0, 0, 8;
    %jmp T_6.16;
T_6.1 ;
    %pushi/vec4 6, 0, 8;
    %store/vec4 v000001764e189ef0_0, 0, 8;
    %jmp T_6.16;
T_6.2 ;
    %pushi/vec4 91, 0, 8;
    %store/vec4 v000001764e189ef0_0, 0, 8;
    %jmp T_6.16;
T_6.3 ;
    %pushi/vec4 79, 0, 8;
    %store/vec4 v000001764e189ef0_0, 0, 8;
    %jmp T_6.16;
T_6.4 ;
    %pushi/vec4 102, 0, 8;
    %store/vec4 v000001764e189ef0_0, 0, 8;
    %jmp T_6.16;
T_6.5 ;
    %pushi/vec4 109, 0, 8;
    %store/vec4 v000001764e189ef0_0, 0, 8;
    %jmp T_6.16;
T_6.6 ;
    %pushi/vec4 125, 0, 8;
    %store/vec4 v000001764e189ef0_0, 0, 8;
    %jmp T_6.16;
T_6.7 ;
    %pushi/vec4 7, 0, 8;
    %store/vec4 v000001764e189ef0_0, 0, 8;
    %jmp T_6.16;
T_6.8 ;
    %pushi/vec4 127, 0, 8;
    %store/vec4 v000001764e189ef0_0, 0, 8;
    %jmp T_6.16;
T_6.9 ;
    %pushi/vec4 111, 0, 8;
    %store/vec4 v000001764e189ef0_0, 0, 8;
    %jmp T_6.16;
T_6.10 ;
    %pushi/vec4 119, 0, 8;
    %store/vec4 v000001764e189ef0_0, 0, 8;
    %jmp T_6.16;
T_6.11 ;
    %pushi/vec4 124, 0, 8;
    %store/vec4 v000001764e189ef0_0, 0, 8;
    %jmp T_6.16;
T_6.12 ;
    %pushi/vec4 57, 0, 8;
    %store/vec4 v000001764e189ef0_0, 0, 8;
    %jmp T_6.16;
T_6.13 ;
    %pushi/vec4 94, 0, 8;
    %store/vec4 v000001764e189ef0_0, 0, 8;
    %jmp T_6.16;
T_6.14 ;
    %pushi/vec4 134, 0, 8;
    %store/vec4 v000001764e189ef0_0, 0, 8;
    %jmp T_6.16;
T_6.15 ;
    %pushi/vec4 191, 0, 8;
    %store/vec4 v000001764e189ef0_0, 0, 8;
    %jmp T_6.16;
T_6.16 ;
    %pop/vec4 1;
    %jmp T_6;
    .thread T_6;
    .scope S_000001764e18b990;
T_7 ;
    %wait E_000001764e008700;
    %load/vec4 v000001764e014fc0_0;
    %dup/vec4;
    %pushi/vec4 0, 0, 4;
    %cmp/u;
    %jmp/1 T_7.0, 6;
    %dup/vec4;
    %pushi/vec4 1, 0, 4;
    %cmp/u;
    %jmp/1 T_7.1, 6;
    %dup/vec4;
    %pushi/vec4 2, 0, 4;
    %cmp/u;
    %jmp/1 T_7.2, 6;
    %dup/vec4;
    %pushi/vec4 3, 0, 4;
    %cmp/u;
    %jmp/1 T_7.3, 6;
    %dup/vec4;
    %pushi/vec4 4, 0, 4;
    %cmp/u;
    %jmp/1 T_7.4, 6;
    %dup/vec4;
    %pushi/vec4 5, 0, 4;
    %cmp/u;
    %jmp/1 T_7.5, 6;
    %dup/vec4;
    %pushi/vec4 6, 0, 4;
    %cmp/u;
    %jmp/1 T_7.6, 6;
    %dup/vec4;
    %pushi/vec4 7, 0, 4;
    %cmp/u;
    %jmp/1 T_7.7, 6;
    %dup/vec4;
    %pushi/vec4 8, 0, 4;
    %cmp/u;
    %jmp/1 T_7.8, 6;
    %dup/vec4;
    %pushi/vec4 9, 0, 4;
    %cmp/u;
    %jmp/1 T_7.9, 6;
    %dup/vec4;
    %pushi/vec4 10, 0, 4;
    %cmp/u;
    %jmp/1 T_7.10, 6;
    %dup/vec4;
    %pushi/vec4 11, 0, 4;
    %cmp/u;
    %jmp/1 T_7.11, 6;
    %dup/vec4;
    %pushi/vec4 12, 0, 4;
    %cmp/u;
    %jmp/1 T_7.12, 6;
    %dup/vec4;
    %pushi/vec4 13, 0, 4;
    %cmp/u;
    %jmp/1 T_7.13, 6;
    %dup/vec4;
    %pushi/vec4 14, 0, 4;
    %cmp/u;
    %jmp/1 T_7.14, 6;
    %dup/vec4;
    %pushi/vec4 15, 0, 4;
    %cmp/u;
    %jmp/1 T_7.15, 6;
    %jmp T_7.16;
T_7.0 ;
    %pushi/vec4 63, 0, 8;
    %store/vec4 v000001764e189f90_0, 0, 8;
    %jmp T_7.16;
T_7.1 ;
    %pushi/vec4 6, 0, 8;
    %store/vec4 v000001764e189f90_0, 0, 8;
    %jmp T_7.16;
T_7.2 ;
    %pushi/vec4 91, 0, 8;
    %store/vec4 v000001764e189f90_0, 0, 8;
    %jmp T_7.16;
T_7.3 ;
    %pushi/vec4 79, 0, 8;
    %store/vec4 v000001764e189f90_0, 0, 8;
    %jmp T_7.16;
T_7.4 ;
    %pushi/vec4 102, 0, 8;
    %store/vec4 v000001764e189f90_0, 0, 8;
    %jmp T_7.16;
T_7.5 ;
    %pushi/vec4 109, 0, 8;
    %store/vec4 v000001764e189f90_0, 0, 8;
    %jmp T_7.16;
T_7.6 ;
    %pushi/vec4 125, 0, 8;
    %store/vec4 v000001764e189f90_0, 0, 8;
    %jmp T_7.16;
T_7.7 ;
    %pushi/vec4 7, 0, 8;
    %store/vec4 v000001764e189f90_0, 0, 8;
    %jmp T_7.16;
T_7.8 ;
    %pushi/vec4 127, 0, 8;
    %store/vec4 v000001764e189f90_0, 0, 8;
    %jmp T_7.16;
T_7.9 ;
    %pushi/vec4 111, 0, 8;
    %store/vec4 v000001764e189f90_0, 0, 8;
    %jmp T_7.16;
T_7.10 ;
    %pushi/vec4 119, 0, 8;
    %store/vec4 v000001764e189f90_0, 0, 8;
    %jmp T_7.16;
T_7.11 ;
    %pushi/vec4 124, 0, 8;
    %store/vec4 v000001764e189f90_0, 0, 8;
    %jmp T_7.16;
T_7.12 ;
    %pushi/vec4 57, 0, 8;
    %store/vec4 v000001764e189f90_0, 0, 8;
    %jmp T_7.16;
T_7.13 ;
    %pushi/vec4 94, 0, 8;
    %store/vec4 v000001764e189f90_0, 0, 8;
    %jmp T_7.16;
T_7.14 ;
    %pushi/vec4 134, 0, 8;
    %store/vec4 v000001764e189f90_0, 0, 8;
    %jmp T_7.16;
T_7.15 ;
    %pushi/vec4 191, 0, 8;
    %store/vec4 v000001764e189f90_0, 0, 8;
    %jmp T_7.16;
T_7.16 ;
    %pop/vec4 1;
    %jmp T_7;
    .thread T_7;
# The file index is used to find the file name in the following table.
:file_names 3;
    "N/A";
    "<interactive>";
    "Segment.v";
