#! /c/Source/iverilog-install/bin/vvp
:ivl_version "12.0 (devel)" "(s20150603-1110-g18392a46)";
:ivl_delay_selection "TYPICAL";
:vpi_time_precision - 12;
:vpi_module "D:\iverilog\lib\ivl\system.vpi";
:vpi_module "D:\iverilog\lib\ivl\vhdl_sys.vpi";
:vpi_module "D:\iverilog\lib\ivl\vhdl_textio.vpi";
:vpi_module "D:\iverilog\lib\ivl\v2005_math.vpi";
:vpi_module "D:\iverilog\lib\ivl\va_math.vpi";
S_000001f452e5b270 .scope module, "tb_adder" "tb_adder" 2 6;
 .timescale -9 -12;
P_000001f452e5c330 .param/l "PERIOD" 0 2 9, +C4<00000000000000000000000000001010>;
v000001f452e5b670_0 .var "a", 3 0;
v000001f452e5b710_0 .var "b", 3 0;
v000001f452e5b7b0_0 .net "cout", 0 0, L_000001f452d14070;  1 drivers
v000001f452d13e90_0 .net "sum", 3 0, L_000001f452d13c10;  1 drivers
S_000001f452d15e60 .scope module, "u_adder" "adder" 2 22, 3 1 0, S_000001f452e5b270;
 .timescale 0 0;
    .port_info 0 /INPUT 4 "a";
    .port_info 1 /INPUT 4 "b";
    .port_info 2 /OUTPUT 4 "sum";
    .port_info 3 /OUTPUT 1 "cout";
L_000001f452d5a070 .functor BUFT 1, C4<0>, C4<0>, C4<0>, C4<0>;
v000001f452ce3400_0 .net *"_ivl_10", 0 0, L_000001f452d5a070;  1 drivers
v000001f452ce3640_0 .net *"_ivl_11", 4 0, L_000001f452d144d0;  1 drivers
v000001f452ce30a0_0 .net *"_ivl_3", 4 0, L_000001f452d14890;  1 drivers
L_000001f452d5a028 .functor BUFT 1, C4<0>, C4<0>, C4<0>, C4<0>;
v000001f452d15ff0_0 .net *"_ivl_6", 0 0, L_000001f452d5a028;  1 drivers
v000001f452d16090_0 .net *"_ivl_7", 4 0, L_000001f452d149d0;  1 drivers
v000001f452d16130_0 .net "a", 3 0, v000001f452e5b670_0;  1 drivers
v000001f452d161d0_0 .net "b", 3 0, v000001f452e5b710_0;  1 drivers
v000001f452d16270_0 .net "cout", 0 0, L_000001f452d14070;  alias, 1 drivers
v000001f452e5b5d0_0 .net "sum", 3 0, L_000001f452d13c10;  alias, 1 drivers
L_000001f452d14070 .part L_000001f452d144d0, 4, 1;
L_000001f452d13c10 .part L_000001f452d144d0, 0, 4;
L_000001f452d14890 .concat [ 4 1 0 0], v000001f452e5b670_0, L_000001f452d5a028;
L_000001f452d149d0 .concat [ 4 1 0 0], v000001f452e5b710_0, L_000001f452d5a070;
L_000001f452d144d0 .arith/sum 5, L_000001f452d14890, L_000001f452d149d0;
    .scope S_000001f452e5b270;
T_0 ;
    %pushi/vec4 0, 0, 4;
    %store/vec4 v000001f452e5b670_0, 0, 4;
    %pushi/vec4 0, 0, 4;
    %store/vec4 v000001f452e5b710_0, 0, 4;
    %end;
    .thread T_0;
    .scope S_000001f452e5b270;
T_1 ;
    %vpi_call 2 32 "$dumpfile", "4bitadder.vcd" {0 0 0};
    %vpi_call 2 33 "$dumpvars" {0 0 0};
    %pushi/vec4 5, 0, 4;
    %store/vec4 v000001f452e5b670_0, 0, 4;
    %pushi/vec4 2, 0, 4;
    %store/vec4 v000001f452e5b710_0, 0, 4;
    %delay 20000, 0;
    %pushi/vec4 3, 0, 4;
    %store/vec4 v000001f452e5b670_0, 0, 4;
    %pushi/vec4 9, 0, 4;
    %store/vec4 v000001f452e5b710_0, 0, 4;
    %delay 20000, 0;
    %vpi_call 2 40 "$finish" {0 0 0};
    %end;
    .thread T_1;
# The file index is used to find the file name in the following table.
:file_names 4;
    "N/A";
    "<interactive>";
    "tb_adder.v";
    "./4bitadder.v";
