#! /c/Source/iverilog-install/bin/vvp
:ivl_version "12.0 (devel)" "(s20150603-1110-g18392a46)";
:ivl_delay_selection "TYPICAL";
:vpi_time_precision - 12;
:vpi_module "D:\iverilog\lib\ivl\system.vpi";
:vpi_module "D:\iverilog\lib\ivl\vhdl_sys.vpi";
:vpi_module "D:\iverilog\lib\ivl\vhdl_textio.vpi";
:vpi_module "D:\iverilog\lib\ivl\v2005_math.vpi";
:vpi_module "D:\iverilog\lib\ivl\va_math.vpi";
S_000001ecc77ed3d0 .scope module, "tb_decoder" "tb_decoder" 2 5;
 .timescale -9 -12;
P_000001ecc78a9890 .param/l "PERIOD" 0 2 8, +C4<00000000000000000000000000001010>;
v000001ecc77eba90_0 .var "A", 2 0;
v000001ecc77ebb30_0 .var "E", 0 0;
v000001ecc77ed6f0_0 .net "F", 7 0, v000001ecc7873120_0;  1 drivers
S_000001ecc77ed560 .scope module, "u_decoder" "decoder" 2 21, 3 1 0, S_000001ecc77ed3d0;
 .timescale -9 -12;
    .port_info 0 /INPUT 1 "E";
    .port_info 1 /INPUT 3 "A";
    .port_info 2 /OUTPUT 8 "F";
v000001ecc78733d0_0 .net "A", 2 0, v000001ecc77eba90_0;  1 drivers
v000001ecc7873760_0 .net "E", 0 0, v000001ecc77ebb30_0;  1 drivers
v000001ecc7873120_0 .var "F", 7 0;
E_000001ecc78a98d0 .event anyedge, v000001ecc78733d0_0, v000001ecc7873760_0;
    .scope S_000001ecc77ed560;
T_0 ;
    %wait E_000001ecc78a98d0;
    %load/vec4 v000001ecc7873760_0;
    %flag_set/vec4 8;
    %jmp/0xz  T_0.0, 8;
    %load/vec4 v000001ecc78733d0_0;
    %dup/vec4;
    %pushi/vec4 0, 0, 3;
    %cmp/u;
    %jmp/1 T_0.2, 6;
    %dup/vec4;
    %pushi/vec4 1, 0, 3;
    %cmp/u;
    %jmp/1 T_0.3, 6;
    %dup/vec4;
    %pushi/vec4 2, 0, 3;
    %cmp/u;
    %jmp/1 T_0.4, 6;
    %dup/vec4;
    %pushi/vec4 3, 0, 3;
    %cmp/u;
    %jmp/1 T_0.5, 6;
    %dup/vec4;
    %pushi/vec4 4, 0, 3;
    %cmp/u;
    %jmp/1 T_0.6, 6;
    %dup/vec4;
    %pushi/vec4 5, 0, 3;
    %cmp/u;
    %jmp/1 T_0.7, 6;
    %dup/vec4;
    %pushi/vec4 6, 0, 3;
    %cmp/u;
    %jmp/1 T_0.8, 6;
    %dup/vec4;
    %pushi/vec4 7, 0, 3;
    %cmp/u;
    %jmp/1 T_0.9, 6;
    %jmp T_0.10;
T_0.2 ;
    %pushi/vec4 1, 0, 8;
    %store/vec4 v000001ecc7873120_0, 0, 8;
    %jmp T_0.10;
T_0.3 ;
    %pushi/vec4 2, 0, 8;
    %store/vec4 v000001ecc7873120_0, 0, 8;
    %jmp T_0.10;
T_0.4 ;
    %pushi/vec4 4, 0, 8;
    %store/vec4 v000001ecc7873120_0, 0, 8;
    %jmp T_0.10;
T_0.5 ;
    %pushi/vec4 8, 0, 8;
    %store/vec4 v000001ecc7873120_0, 0, 8;
    %jmp T_0.10;
T_0.6 ;
    %pushi/vec4 16, 0, 8;
    %store/vec4 v000001ecc7873120_0, 0, 8;
    %jmp T_0.10;
T_0.7 ;
    %pushi/vec4 32, 0, 8;
    %store/vec4 v000001ecc7873120_0, 0, 8;
    %jmp T_0.10;
T_0.8 ;
    %pushi/vec4 64, 0, 8;
    %store/vec4 v000001ecc7873120_0, 0, 8;
    %jmp T_0.10;
T_0.9 ;
    %pushi/vec4 128, 0, 8;
    %store/vec4 v000001ecc7873120_0, 0, 8;
    %jmp T_0.10;
T_0.10 ;
    %pop/vec4 1;
    %jmp T_0.1;
T_0.0 ;
    %pushi/vec4 0, 0, 8;
    %store/vec4 v000001ecc7873120_0, 0, 8;
T_0.1 ;
    %jmp T_0;
    .thread T_0, $push;
    .scope S_000001ecc77ed3d0;
T_1 ;
    %pushi/vec4 0, 0, 1;
    %store/vec4 v000001ecc77ebb30_0, 0, 1;
    %pushi/vec4 0, 0, 3;
    %store/vec4 v000001ecc77eba90_0, 0, 3;
    %end;
    .thread T_1;
    .scope S_000001ecc77ed3d0;
T_2 ;
    %vpi_call 2 30 "$dumpfile", "decoder.vcd" {0 0 0};
    %vpi_call 2 31 "$dumpvars" {0 0 0};
    %pushi/vec4 1, 0, 1;
    %store/vec4 v000001ecc77ebb30_0, 0, 1;
    %pushi/vec4 0, 0, 3;
    %store/vec4 v000001ecc77eba90_0, 0, 3;
    %delay 20000, 0;
    %pushi/vec4 1, 0, 1;
    %store/vec4 v000001ecc77ebb30_0, 0, 1;
    %pushi/vec4 1, 0, 3;
    %store/vec4 v000001ecc77eba90_0, 0, 3;
    %delay 20000, 0;
    %pushi/vec4 2, 0, 3;
    %store/vec4 v000001ecc77eba90_0, 0, 3;
    %delay 20000, 0;
    %pushi/vec4 3, 0, 3;
    %store/vec4 v000001ecc77eba90_0, 0, 3;
    %delay 20000, 0;
    %pushi/vec4 4, 0, 3;
    %store/vec4 v000001ecc77eba90_0, 0, 3;
    %delay 20000, 0;
    %pushi/vec4 5, 0, 3;
    %store/vec4 v000001ecc77eba90_0, 0, 3;
    %delay 20000, 0;
    %pushi/vec4 6, 0, 3;
    %store/vec4 v000001ecc77eba90_0, 0, 3;
    %delay 20000, 0;
    %pushi/vec4 7, 0, 3;
    %store/vec4 v000001ecc77eba90_0, 0, 3;
    %delay 20000, 0;
    %pushi/vec4 0, 0, 1;
    %store/vec4 v000001ecc77ebb30_0, 0, 1;
    %pushi/vec4 2, 0, 3;
    %store/vec4 v000001ecc77eba90_0, 0, 3;
    %delay 20000, 0;
    %vpi_call 2 54 "$finish" {0 0 0};
    %end;
    .thread T_2;
# The file index is used to find the file name in the following table.
:file_names 4;
    "N/A";
    "<interactive>";
    "tb.v";
    "./decoder.v";
