#! /c/Source/iverilog-install/bin/vvp
:ivl_version "12.0 (devel)" "(s20150603-1110-g18392a46)";
:ivl_delay_selection "TYPICAL";
:vpi_time_precision - 12;
:vpi_module "D:\iverilog\lib\ivl\system.vpi";
:vpi_module "D:\iverilog\lib\ivl\vhdl_sys.vpi";
:vpi_module "D:\iverilog\lib\ivl\vhdl_textio.vpi";
:vpi_module "D:\iverilog\lib\ivl\v2005_math.vpi";
:vpi_module "D:\iverilog\lib\ivl\va_math.vpi";
S_0000026e99203650 .scope module, "tb_top" "tb_top" 2 5;
 .timescale -9 -12;
P_0000026e9923fed0 .param/l "PERIOD" 0 2 8, +C4<00000000000000000000000000001010>;
v0000026e992a2680_0 .var "A", 7 0;
v0000026e992a1a00_0 .net "Halt_out", 0 0, v0000026e992384d0_0;  1 drivers
v0000026e992a2540_0 .net "Output", 7 0, L_0000026e992a20e0;  1 drivers
v0000026e992a27c0_0 .var "clk", 0 0;
v0000026e992a2860_0 .var "rst", 0 0;
S_0000026e9920c250 .scope module, "u_top" "top" 2 28, 3 3 0, S_0000026e99203650;
 .timescale -9 -12;
    .port_info 0 /INPUT 1 "clk";
    .port_info 1 /INPUT 1 "rst";
    .port_info 2 /INPUT 8 "A";
    .port_info 3 /OUTPUT 8 "Output";
    .port_info 4 /OUTPUT 1 "Halt_out";
v0000026e992a1140_0 .net "A", 7 0, v0000026e992a2680_0;  1 drivers
v0000026e992a1780_0 .net "Aload", 0 0, v0000026e99238430_0;  1 drivers
v0000026e992a1c80_0 .net "Anot0", 0 0, L_0000026e992a1280;  1 drivers
v0000026e992a2900_0 .net "Halt_out", 0 0, v0000026e992384d0_0;  alias, 1 drivers
v0000026e992a29a0_0 .net "INmux", 0 0, v0000026e99238750_0;  1 drivers
v0000026e992a11e0_0 .net "IR75", 2 0, L_0000026e992a2040;  1 drivers
v0000026e992a2a40_0 .net "IRload", 0 0, v0000026e99238110_0;  1 drivers
v0000026e992a2d60_0 .net "JNZmux", 0 0, v0000026e992382f0_0;  1 drivers
v0000026e992a16e0_0 .net "OutE", 0 0, v0000026e99238390_0;  1 drivers
v0000026e992a2220_0 .net "Output", 7 0, L_0000026e992a20e0;  alias, 1 drivers
v0000026e992a22c0_0 .net "PCload", 0 0, v0000026e992389d0_0;  1 drivers
v0000026e992a2ae0_0 .net "clk", 0 0, v0000026e992a27c0_0;  1 drivers
v0000026e992a25e0_0 .net "rst", 0 0, v0000026e992a2860_0;  1 drivers
S_0000026e9920c3e0 .scope module, "cu" "cu" 3 25, 4 1 0, S_0000026e9920c250;
 .timescale -9 -12;
    .port_info 0 /INPUT 1 "clk";
    .port_info 1 /INPUT 1 "rst";
    .port_info 2 /INPUT 3 "IR75";
    .port_info 3 /INPUT 1 "Anot0";
    .port_info 4 /OUTPUT 1 "IRload";
    .port_info 5 /OUTPUT 1 "PCload";
    .port_info 6 /OUTPUT 1 "JNZmux";
    .port_info 7 /OUTPUT 1 "Halt_out";
    .port_info 8 /OUTPUT 1 "OutE";
    .port_info 9 /OUTPUT 1 "Aload";
    .port_info 10 /OUTPUT 1 "INmux";
P_0000026e9920c570 .param/l "Dec" 0 4 14, C4<101>;
P_0000026e9920c5a8 .param/l "Decode" 0 4 14, C4<001>;
P_0000026e9920c5e0 .param/l "Fetch" 0 4 14, C4<000>;
P_0000026e9920c618 .param/l "Halt" 0 4 14, C4<111>;
P_0000026e9920c650 .param/l "Input" 0 4 14, C4<011>;
P_0000026e9920c688 .param/l "JNZ" 0 4 14, C4<110>;
P_0000026e9920c6c0 .param/l "Output" 0 4 14, C4<100>;
v0000026e99238430_0 .var "Aload", 0 0;
v0000026e99238070_0 .net "Anot0", 0 0, L_0000026e992a1280;  alias, 1 drivers
v0000026e992384d0_0 .var "Halt_out", 0 0;
v0000026e99238750_0 .var "INmux", 0 0;
v0000026e99238cf0_0 .net "IR75", 2 0, L_0000026e992a2040;  alias, 1 drivers
v0000026e99238110_0 .var "IRload", 0 0;
v0000026e992382f0_0 .var "JNZmux", 0 0;
v0000026e99238390_0 .var "OutE", 0 0;
v0000026e992389d0_0 .var "PCload", 0 0;
v0000026e99238b10_0 .net "clk", 0 0, v0000026e992a27c0_0;  alias, 1 drivers
v0000026e9929ebf0_0 .var "next_state", 2 0;
v0000026e9929d110_0 .net "rst", 0 0, v0000026e992a2860_0;  alias, 1 drivers
v0000026e9929e330_0 .var "state", 2 0;
E_0000026e9923fad0 .event anyedge, v0000026e99238cf0_0, v0000026e9929e330_0;
E_0000026e992404d0/0 .event negedge, v0000026e9929d110_0;
E_0000026e992404d0/1 .event posedge, v0000026e99238b10_0;
E_0000026e992404d0 .event/or E_0000026e992404d0/0, E_0000026e992404d0/1;
S_0000026e9922e790 .scope module, "dp" "dp" 3 12, 5 7 0, S_0000026e9920c250;
 .timescale -9 -12;
    .port_info 0 /INPUT 1 "clk";
    .port_info 1 /INPUT 1 "rst";
    .port_info 2 /INPUT 1 "IRload";
    .port_info 3 /INPUT 1 "PCload";
    .port_info 4 /INPUT 1 "JNZmux";
    .port_info 5 /INPUT 1 "INmux";
    .port_info 6 /INPUT 1 "Aload";
    .port_info 7 /INPUT 1 "OutE";
    .port_info 8 /INPUT 8 "Input";
    .port_info 9 /OUTPUT 3 "IR75";
    .port_info 10 /OUTPUT 1 "Anot0";
    .port_info 11 /OUTPUT 8 "Output";
v0000026e9929d390_0 .net "Aload", 0 0, v0000026e99238430_0;  alias, 1 drivers
v0000026e9929d430_0 .net "Anot0", 0 0, L_0000026e992a1280;  alias, 1 drivers
v0000026e9929d610_0 .net "INmux", 0 0, v0000026e99238750_0;  alias, 1 drivers
v0000026e9929d6b0_0 .net "IR75", 2 0, L_0000026e992a2040;  alias, 1 drivers
v0000026e9929d750_0 .net "IRload", 0 0, v0000026e99238110_0;  alias, 1 drivers
v0000026e9929dd90_0 .net "Input", 7 0, v0000026e992a2680_0;  alias, 1 drivers
v0000026e9929de30_0 .net "JNZmux", 0 0, v0000026e992382f0_0;  alias, 1 drivers
v0000026e992a2720_0 .net "OutE", 0 0, v0000026e99238390_0;  alias, 1 drivers
v0000026e992a1f00_0 .net "Output", 7 0, L_0000026e992a20e0;  alias, 1 drivers
v0000026e992a1be0_0 .net "PCload", 0 0, v0000026e992389d0_0;  alias, 1 drivers
L_0000026e996001f0 .functor BUFT 1, C4<00000000000000000000000000000000>, C4<0>, C4<0>, C4<0>;
v0000026e992a24a0_0 .net/2u *"_ivl_10", 31 0, L_0000026e996001f0;  1 drivers
v0000026e992a2360_0 .net *"_ivl_12", 0 0, L_0000026e992a2180;  1 drivers
L_0000026e99600238 .functor BUFT 1, C4<1>, C4<0>, C4<0>, C4<0>;
v0000026e992a2cc0_0 .net/2u *"_ivl_14", 0 0, L_0000026e99600238;  1 drivers
L_0000026e99600280 .functor BUFT 1, C4<0>, C4<0>, C4<0>, C4<0>;
v0000026e992a18c0_0 .net/2u *"_ivl_16", 0 0, L_0000026e99600280;  1 drivers
v0000026e992a1640_0 .net *"_ivl_6", 31 0, L_0000026e992a1320;  1 drivers
L_0000026e996001a8 .functor BUFT 1, C4<000000000000000000000000>, C4<0>, C4<0>, C4<0>;
v0000026e992a1500_0 .net *"_ivl_9", 23 0, L_0000026e996001a8;  1 drivers
v0000026e992a1d20_0 .net "clk", 0 0, v0000026e992a27c0_0;  alias, 1 drivers
v0000026e992a1fa0_0 .net "dp_A", 7 0, v0000026e9929df70_0;  1 drivers
v0000026e992a1960_0 .net "dp_INmux", 7 0, L_0000026e992a1820;  1 drivers
v0000026e992a1aa0_0 .net "dp_IR", 7 0, v0000026e9929d070_0;  1 drivers
v0000026e992a15a0_0 .net "dp_JNZmux", 3 0, L_0000026e992a2b80;  1 drivers
v0000026e992a2e00_0 .net "dp_PC", 3 0, v0000026e9929e510_0;  1 drivers
v0000026e992a1b40_0 .net "dp_ROMQ", 7 0, L_0000026e99227400;  1 drivers
v0000026e992a1dc0_0 .net "dp_decrement", 7 0, L_0000026e992a1e60;  1 drivers
v0000026e992a13c0_0 .net "dp_increment", 3 0, L_0000026e992a2400;  1 drivers
v0000026e992a2ea0_0 .net "rst", 0 0, v0000026e992a2860_0;  alias, 1 drivers
L_0000026e992a2f40 .part v0000026e9929d070_0, 0, 4;
L_0000026e992a2040 .part v0000026e9929d070_0, 5, 3;
L_0000026e992a1320 .concat [ 8 24 0 0], v0000026e9929df70_0, L_0000026e996001a8;
L_0000026e992a2180 .cmp/ne 32, L_0000026e992a1320, L_0000026e996001f0;
L_0000026e992a1280 .functor MUXZ 1, L_0000026e99600280, L_0000026e99600238, L_0000026e992a2180, C4<>;
S_0000026e9922e920 .scope module, "buffer" "tri_buffer" 5 29, 6 1 0, S_0000026e9922e790;
 .timescale -9 -12;
    .port_info 0 /INPUT 1 "E";
    .port_info 1 /INPUT 8 "D";
    .port_info 2 /OUTPUT 8 "Y";
P_0000026e9923fd50 .param/l "n" 0 6 2, +C4<00000000000000000000000000001000>;
v0000026e9929d4d0_0 .net "D", 7 0, v0000026e9929df70_0;  alias, 1 drivers
v0000026e9929ded0_0 .net "E", 0 0, v0000026e99238390_0;  alias, 1 drivers
v0000026e9929e150_0 .net "Y", 7 0, L_0000026e992a20e0;  alias, 1 drivers
o0000026e99246c98 .functor BUFZ 8, C4<zzzzzzzz>; HiZ drive
; Elide local net with no drivers, v0000026e9929ec90_0 name=_ivl_0
L_0000026e992a20e0 .functor MUXZ 8, o0000026e99246c98, v0000026e9929df70_0, v0000026e99238390_0, C4<>;
S_0000026e9922eab0 .scope module, "dec" "decrement" 5 27, 7 1 0, S_0000026e9922e790;
 .timescale -9 -12;
    .port_info 0 /INPUT 8 "A";
    .port_info 1 /OUTPUT 8 "F";
v0000026e9929d9d0_0 .net "A", 7 0, v0000026e9929df70_0;  alias, 1 drivers
v0000026e9929da70_0 .net "F", 7 0, L_0000026e992a1e60;  alias, 1 drivers
L_0000026e996000d0 .functor BUFT 1, C4<00000001>, C4<0>, C4<0>, C4<0>;
v0000026e9929e010_0 .net/2u *"_ivl_0", 7 0, L_0000026e996000d0;  1 drivers
L_0000026e992a1e60 .arith/sub 8, v0000026e9929df70_0, L_0000026e996000d0;
S_0000026e99209200 .scope module, "inc" "increment" 5 26, 8 1 0, S_0000026e9922e790;
 .timescale -9 -12;
    .port_info 0 /INPUT 4 "A";
    .port_info 1 /OUTPUT 4 "F";
v0000026e9929e1f0_0 .net "A", 3 0, v0000026e9929e510_0;  alias, 1 drivers
v0000026e9929e3d0_0 .net "F", 3 0, L_0000026e992a2400;  alias, 1 drivers
L_0000026e99600088 .functor BUFT 1, C4<0001>, C4<0>, C4<0>, C4<0>;
v0000026e9929ea10_0 .net/2u *"_ivl_0", 3 0, L_0000026e99600088;  1 drivers
L_0000026e992a2400 .arith/sum 4, v0000026e9929e510_0, L_0000026e99600088;
S_0000026e99209390 .scope module, "muxIN" "mux21" 5 24, 9 1 0, S_0000026e9922e790;
 .timescale -9 -12;
    .port_info 0 /INPUT 1 "S";
    .port_info 1 /INPUT 8 "A";
    .port_info 2 /INPUT 8 "B";
    .port_info 3 /OUTPUT 8 "Y";
P_0000026e99240350 .param/l "n" 0 9 2, +C4<00000000000000000000000000001000>;
v0000026e9929e0b0_0 .net "A", 7 0, v0000026e992a2680_0;  alias, 1 drivers
v0000026e9929e8d0_0 .net "B", 7 0, L_0000026e992a1e60;  alias, 1 drivers
v0000026e9929eab0_0 .net "S", 0 0, v0000026e99238750_0;  alias, 1 drivers
v0000026e9929d890_0 .net "Y", 7 0, L_0000026e992a1820;  alias, 1 drivers
L_0000026e992a1820 .functor MUXZ 8, L_0000026e992a1e60, v0000026e992a2680_0, v0000026e99238750_0, C4<>;
S_0000026e99209520 .scope module, "muxJNZ" "mux21" 5 25, 9 1 0, S_0000026e9922e790;
 .timescale -9 -12;
    .port_info 0 /INPUT 1 "S";
    .port_info 1 /INPUT 4 "A";
    .port_info 2 /INPUT 4 "B";
    .port_info 3 /OUTPUT 4 "Y";
P_0000026e99240090 .param/l "n" 0 9 2, +C4<00000000000000000000000000000100>;
v0000026e9929e470_0 .net "A", 3 0, L_0000026e992a2f40;  1 drivers
v0000026e9929db10_0 .net "B", 3 0, L_0000026e992a2400;  alias, 1 drivers
v0000026e9929d7f0_0 .net "S", 0 0, v0000026e992382f0_0;  alias, 1 drivers
v0000026e9929d930_0 .net "Y", 3 0, L_0000026e992a2b80;  alias, 1 drivers
L_0000026e992a2b80 .functor MUXZ 4, L_0000026e992a2400, L_0000026e992a2f40, v0000026e992382f0_0, C4<>;
S_0000026e992063e0 .scope module, "regA" "Register" 5 23, 10 1 0, S_0000026e9922e790;
 .timescale -9 -12;
    .port_info 0 /INPUT 1 "clk";
    .port_info 1 /INPUT 1 "rst";
    .port_info 2 /INPUT 1 "load";
    .port_info 3 /INPUT 8 "D";
    .port_info 4 /OUTPUT 8 "Q";
P_0000026e9923fd90 .param/l "n" 0 10 2, +C4<00000000000000000000000000001000>;
v0000026e9929d570_0 .net "D", 7 0, L_0000026e992a1820;  alias, 1 drivers
v0000026e9929df70_0 .var "Q", 7 0;
v0000026e9929e970_0 .net "clk", 0 0, v0000026e992a27c0_0;  alias, 1 drivers
v0000026e9929ed30_0 .net "load", 0 0, v0000026e99238430_0;  alias, 1 drivers
v0000026e9929eb50_0 .net "rst", 0 0, v0000026e992a2860_0;  alias, 1 drivers
S_0000026e99206570 .scope module, "regIR" "Register" 5 21, 10 1 0, S_0000026e9922e790;
 .timescale -9 -12;
    .port_info 0 /INPUT 1 "clk";
    .port_info 1 /INPUT 1 "rst";
    .port_info 2 /INPUT 1 "load";
    .port_info 3 /INPUT 8 "D";
    .port_info 4 /OUTPUT 8 "Q";
P_0000026e9923ff10 .param/l "n" 0 10 2, +C4<00000000000000000000000000001000>;
v0000026e9929e290_0 .net "D", 7 0, L_0000026e99227400;  alias, 1 drivers
v0000026e9929d070_0 .var "Q", 7 0;
v0000026e9929edd0_0 .net "clk", 0 0, v0000026e992a27c0_0;  alias, 1 drivers
v0000026e9929dcf0_0 .net "load", 0 0, v0000026e99238110_0;  alias, 1 drivers
v0000026e9929ee70_0 .net "rst", 0 0, v0000026e992a2860_0;  alias, 1 drivers
S_0000026e99206700 .scope module, "regPC" "Register" 5 22, 10 1 0, S_0000026e9922e790;
 .timescale -9 -12;
    .port_info 0 /INPUT 1 "clk";
    .port_info 1 /INPUT 1 "rst";
    .port_info 2 /INPUT 1 "load";
    .port_info 3 /INPUT 4 "D";
    .port_info 4 /OUTPUT 4 "Q";
P_0000026e99240510 .param/l "n" 0 10 2, +C4<00000000000000000000000000000100>;
v0000026e9929dbb0_0 .net "D", 3 0, L_0000026e992a2b80;  alias, 1 drivers
v0000026e9929e510_0 .var "Q", 3 0;
v0000026e9929e6f0_0 .net "clk", 0 0, v0000026e992a27c0_0;  alias, 1 drivers
v0000026e9929ef10_0 .net "load", 0 0, v0000026e992389d0_0;  alias, 1 drivers
v0000026e9929e790_0 .net "rst", 0 0, v0000026e992a2860_0;  alias, 1 drivers
S_0000026e99205a50 .scope module, "rom" "rom" 5 28, 11 1 0, S_0000026e9922e790;
 .timescale -9 -12;
    .port_info 0 /INPUT 1 "E";
    .port_info 1 /INPUT 4 "addr";
    .port_info 2 /OUTPUT 8 "data";
P_0000026e9923ff50 .param/l "size" 0 11 2, +C4<00000000000000000000000000000100>;
L_0000026e99227400 .functor BUFT 8, L_0000026e992a2c20, C4<00000000>, C4<00000000>, C4<00000000>;
L_0000026e99600160 .functor BUFT 1, C4<1>, C4<0>, C4<0>, C4<0>;
v0000026e9929d1b0_0 .net "E", 0 0, L_0000026e99600160;  1 drivers
v0000026e9929e830_0 .net *"_ivl_0", 7 0, L_0000026e992a2c20;  1 drivers
v0000026e9929d250_0 .net *"_ivl_2", 5 0, L_0000026e992a10a0;  1 drivers
L_0000026e99600118 .functor BUFT 1, C4<00>, C4<0>, C4<0>, C4<0>;
v0000026e9929d2f0_0 .net *"_ivl_5", 1 0, L_0000026e99600118;  1 drivers
v0000026e9929e5b0_0 .net "addr", 3 0, v0000026e9929e510_0;  alias, 1 drivers
v0000026e9929e650_0 .net "data", 7 0, L_0000026e99227400;  alias, 1 drivers
v0000026e9929dc50 .array "mem", 15 0, 7 0;
L_0000026e992a2c20 .array/port v0000026e9929dc50, L_0000026e992a10a0;
L_0000026e992a10a0 .concat [ 4 2 0 0], v0000026e9929e510_0, L_0000026e99600118;
    .scope S_0000026e99206570;
T_0 ;
    %wait E_0000026e992404d0;
    %load/vec4 v0000026e9929ee70_0;
    %pad/u 32;
    %cmpi/e 0, 0, 32;
    %jmp/0xz  T_0.0, 4;
    %pushi/vec4 0, 0, 8;
    %assign/vec4 v0000026e9929d070_0, 0;
    %jmp T_0.1;
T_0.0 ;
    %load/vec4 v0000026e9929dcf0_0;
    %pad/u 32;
    %cmpi/e 1, 0, 32;
    %jmp/0xz  T_0.2, 4;
    %load/vec4 v0000026e9929e290_0;
    %assign/vec4 v0000026e9929d070_0, 0;
T_0.2 ;
T_0.1 ;
    %jmp T_0;
    .thread T_0;
    .scope S_0000026e99206700;
T_1 ;
    %wait E_0000026e992404d0;
    %load/vec4 v0000026e9929e790_0;
    %pad/u 32;
    %cmpi/e 0, 0, 32;
    %jmp/0xz  T_1.0, 4;
    %pushi/vec4 0, 0, 4;
    %assign/vec4 v0000026e9929e510_0, 0;
    %jmp T_1.1;
T_1.0 ;
    %load/vec4 v0000026e9929ef10_0;
    %pad/u 32;
    %cmpi/e 1, 0, 32;
    %jmp/0xz  T_1.2, 4;
    %load/vec4 v0000026e9929dbb0_0;
    %assign/vec4 v0000026e9929e510_0, 0;
T_1.2 ;
T_1.1 ;
    %jmp T_1;
    .thread T_1;
    .scope S_0000026e992063e0;
T_2 ;
    %wait E_0000026e992404d0;
    %load/vec4 v0000026e9929eb50_0;
    %pad/u 32;
    %cmpi/e 0, 0, 32;
    %jmp/0xz  T_2.0, 4;
    %pushi/vec4 0, 0, 8;
    %assign/vec4 v0000026e9929df70_0, 0;
    %jmp T_2.1;
T_2.0 ;
    %load/vec4 v0000026e9929ed30_0;
    %pad/u 32;
    %cmpi/e 1, 0, 32;
    %jmp/0xz  T_2.2, 4;
    %load/vec4 v0000026e9929d570_0;
    %assign/vec4 v0000026e9929df70_0, 0;
T_2.2 ;
T_2.1 ;
    %jmp T_2;
    .thread T_2;
    .scope S_0000026e99205a50;
T_3 ;
    %pushi/vec4 96, 0, 8;
    %ix/load 3, 0, 0;
    %flag_set/imm 4, 0;
    %ix/load 4, 0, 0; Constant delay
    %assign/vec4/a/d v0000026e9929dc50, 0, 4;
    %pushi/vec4 128, 0, 8;
    %ix/load 3, 1, 0;
    %flag_set/imm 4, 0;
    %ix/load 4, 0, 0; Constant delay
    %assign/vec4/a/d v0000026e9929dc50, 0, 4;
    %pushi/vec4 160, 0, 8;
    %ix/load 3, 2, 0;
    %flag_set/imm 4, 0;
    %ix/load 4, 0, 0; Constant delay
    %assign/vec4/a/d v0000026e9929dc50, 0, 4;
    %pushi/vec4 193, 0, 8;
    %ix/load 3, 3, 0;
    %flag_set/imm 4, 0;
    %ix/load 4, 0, 0; Constant delay
    %assign/vec4/a/d v0000026e9929dc50, 0, 4;
    %pushi/vec4 255, 0, 8;
    %ix/load 3, 4, 0;
    %flag_set/imm 4, 0;
    %ix/load 4, 0, 0; Constant delay
    %assign/vec4/a/d v0000026e9929dc50, 0, 4;
    %end;
    .thread T_3;
    .scope S_0000026e9920c3e0;
T_4 ;
    %wait E_0000026e992404d0;
    %load/vec4 v0000026e9929d110_0;
    %nor/r;
    %flag_set/vec4 8;
    %jmp/0xz  T_4.0, 8;
    %pushi/vec4 0, 0, 3;
    %assign/vec4 v0000026e9929e330_0, 0;
    %jmp T_4.1;
T_4.0 ;
    %load/vec4 v0000026e9929ebf0_0;
    %assign/vec4 v0000026e9929e330_0, 0;
T_4.1 ;
    %jmp T_4;
    .thread T_4;
    .scope S_0000026e9920c3e0;
T_5 ;
    %wait E_0000026e992404d0;
    %load/vec4 v0000026e9929d110_0;
    %nor/r;
    %flag_set/vec4 8;
    %jmp/0xz  T_5.0, 8;
    %pushi/vec4 1, 0, 1;
    %assign/vec4 v0000026e99238110_0, 0;
    %pushi/vec4 1, 0, 1;
    %assign/vec4 v0000026e992389d0_0, 0;
    %pushi/vec4 0, 0, 1;
    %assign/vec4 v0000026e992382f0_0, 0;
    %pushi/vec4 0, 0, 1;
    %assign/vec4 v0000026e992384d0_0, 0;
    %pushi/vec4 0, 0, 1;
    %assign/vec4 v0000026e99238390_0, 0;
    %pushi/vec4 0, 0, 1;
    %assign/vec4 v0000026e99238430_0, 0;
    %pushi/vec4 0, 0, 1;
    %assign/vec4 v0000026e99238750_0, 0;
    %jmp T_5.1;
T_5.0 ;
    %load/vec4 v0000026e9929ebf0_0;
    %dup/vec4;
    %pushi/vec4 0, 0, 3;
    %cmp/u;
    %jmp/1 T_5.2, 6;
    %dup/vec4;
    %pushi/vec4 1, 0, 3;
    %cmp/u;
    %jmp/1 T_5.3, 6;
    %dup/vec4;
    %pushi/vec4 3, 0, 3;
    %cmp/u;
    %jmp/1 T_5.4, 6;
    %dup/vec4;
    %pushi/vec4 4, 0, 3;
    %cmp/u;
    %jmp/1 T_5.5, 6;
    %dup/vec4;
    %pushi/vec4 5, 0, 3;
    %cmp/u;
    %jmp/1 T_5.6, 6;
    %dup/vec4;
    %pushi/vec4 6, 0, 3;
    %cmp/u;
    %jmp/1 T_5.7, 6;
    %dup/vec4;
    %pushi/vec4 7, 0, 3;
    %cmp/u;
    %jmp/1 T_5.8, 6;
    %pushi/vec4 0, 0, 1;
    %assign/vec4 v0000026e99238110_0, 0;
    %pushi/vec4 0, 0, 1;
    %assign/vec4 v0000026e992389d0_0, 0;
    %pushi/vec4 0, 0, 1;
    %assign/vec4 v0000026e992382f0_0, 0;
    %pushi/vec4 0, 0, 1;
    %assign/vec4 v0000026e992384d0_0, 0;
    %pushi/vec4 0, 0, 1;
    %assign/vec4 v0000026e99238390_0, 0;
    %pushi/vec4 0, 0, 1;
    %assign/vec4 v0000026e99238430_0, 0;
    %pushi/vec4 0, 0, 1;
    %assign/vec4 v0000026e99238750_0, 0;
    %jmp T_5.10;
T_5.2 ;
    %pushi/vec4 1, 0, 1;
    %assign/vec4 v0000026e99238110_0, 0;
    %pushi/vec4 1, 0, 1;
    %assign/vec4 v0000026e992389d0_0, 0;
    %pushi/vec4 0, 0, 1;
    %assign/vec4 v0000026e992382f0_0, 0;
    %pushi/vec4 0, 0, 1;
    %assign/vec4 v0000026e992384d0_0, 0;
    %pushi/vec4 0, 0, 1;
    %assign/vec4 v0000026e99238390_0, 0;
    %pushi/vec4 0, 0, 1;
    %assign/vec4 v0000026e99238430_0, 0;
    %pushi/vec4 0, 0, 1;
    %assign/vec4 v0000026e99238750_0, 0;
    %jmp T_5.10;
T_5.3 ;
    %pushi/vec4 0, 0, 1;
    %assign/vec4 v0000026e99238110_0, 0;
    %pushi/vec4 0, 0, 1;
    %assign/vec4 v0000026e992389d0_0, 0;
    %pushi/vec4 0, 0, 1;
    %assign/vec4 v0000026e992382f0_0, 0;
    %pushi/vec4 0, 0, 1;
    %assign/vec4 v0000026e992384d0_0, 0;
    %pushi/vec4 0, 0, 1;
    %assign/vec4 v0000026e99238390_0, 0;
    %pushi/vec4 0, 0, 1;
    %assign/vec4 v0000026e99238430_0, 0;
    %pushi/vec4 0, 0, 1;
    %assign/vec4 v0000026e99238750_0, 0;
    %jmp T_5.10;
T_5.4 ;
    %pushi/vec4 0, 0, 1;
    %assign/vec4 v0000026e99238110_0, 0;
    %pushi/vec4 0, 0, 1;
    %assign/vec4 v0000026e992389d0_0, 0;
    %pushi/vec4 0, 0, 1;
    %assign/vec4 v0000026e992382f0_0, 0;
    %pushi/vec4 0, 0, 1;
    %assign/vec4 v0000026e992384d0_0, 0;
    %pushi/vec4 0, 0, 1;
    %assign/vec4 v0000026e99238390_0, 0;
    %pushi/vec4 1, 0, 1;
    %assign/vec4 v0000026e99238430_0, 0;
    %pushi/vec4 1, 0, 1;
    %assign/vec4 v0000026e99238750_0, 0;
    %jmp T_5.10;
T_5.5 ;
    %pushi/vec4 0, 0, 1;
    %assign/vec4 v0000026e99238110_0, 0;
    %pushi/vec4 0, 0, 1;
    %assign/vec4 v0000026e992389d0_0, 0;
    %pushi/vec4 0, 0, 1;
    %assign/vec4 v0000026e992382f0_0, 0;
    %pushi/vec4 0, 0, 1;
    %assign/vec4 v0000026e992384d0_0, 0;
    %pushi/vec4 1, 0, 1;
    %assign/vec4 v0000026e99238390_0, 0;
    %pushi/vec4 0, 0, 1;
    %assign/vec4 v0000026e99238430_0, 0;
    %pushi/vec4 0, 0, 1;
    %assign/vec4 v0000026e99238750_0, 0;
    %jmp T_5.10;
T_5.6 ;
    %pushi/vec4 0, 0, 1;
    %assign/vec4 v0000026e99238110_0, 0;
    %pushi/vec4 0, 0, 1;
    %assign/vec4 v0000026e992389d0_0, 0;
    %pushi/vec4 0, 0, 1;
    %assign/vec4 v0000026e992382f0_0, 0;
    %pushi/vec4 0, 0, 1;
    %assign/vec4 v0000026e992384d0_0, 0;
    %pushi/vec4 0, 0, 1;
    %assign/vec4 v0000026e99238390_0, 0;
    %pushi/vec4 1, 0, 1;
    %assign/vec4 v0000026e99238430_0, 0;
    %pushi/vec4 0, 0, 1;
    %assign/vec4 v0000026e99238750_0, 0;
    %jmp T_5.10;
T_5.7 ;
    %pushi/vec4 0, 0, 1;
    %assign/vec4 v0000026e99238110_0, 0;
    %load/vec4 v0000026e99238070_0;
    %pad/u 32;
    %cmpi/e 1, 0, 32;
    %flag_mov 8, 4;
    %jmp/0 T_5.11, 8;
    %pushi/vec4 1, 0, 2;
    %jmp/1 T_5.12, 8;
T_5.11 ; End of true expr.
    %pushi/vec4 0, 0, 2;
    %jmp/0 T_5.12, 8;
 ; End of false expr.
    %blend;
T_5.12;
    %pad/s 1;
    %assign/vec4 v0000026e992389d0_0, 0;
    %pushi/vec4 1, 0, 1;
    %assign/vec4 v0000026e992382f0_0, 0;
    %pushi/vec4 0, 0, 1;
    %assign/vec4 v0000026e992384d0_0, 0;
    %pushi/vec4 0, 0, 1;
    %assign/vec4 v0000026e99238390_0, 0;
    %pushi/vec4 0, 0, 1;
    %assign/vec4 v0000026e99238430_0, 0;
    %pushi/vec4 0, 0, 1;
    %assign/vec4 v0000026e99238750_0, 0;
    %jmp T_5.10;
T_5.8 ;
    %pushi/vec4 0, 0, 1;
    %assign/vec4 v0000026e99238110_0, 0;
    %pushi/vec4 0, 0, 1;
    %assign/vec4 v0000026e992389d0_0, 0;
    %pushi/vec4 0, 0, 1;
    %assign/vec4 v0000026e992382f0_0, 0;
    %pushi/vec4 1, 0, 1;
    %assign/vec4 v0000026e992384d0_0, 0;
    %pushi/vec4 0, 0, 1;
    %assign/vec4 v0000026e99238390_0, 0;
    %pushi/vec4 0, 0, 1;
    %assign/vec4 v0000026e99238430_0, 0;
    %pushi/vec4 0, 0, 1;
    %assign/vec4 v0000026e99238750_0, 0;
    %jmp T_5.10;
T_5.10 ;
    %pop/vec4 1;
T_5.1 ;
    %jmp T_5;
    .thread T_5;
    .scope S_0000026e9920c3e0;
T_6 ;
    %wait E_0000026e9923fad0;
    %load/vec4 v0000026e9929e330_0;
    %dup/vec4;
    %pushi/vec4 0, 0, 3;
    %cmp/u;
    %jmp/1 T_6.0, 6;
    %dup/vec4;
    %pushi/vec4 1, 0, 3;
    %cmp/u;
    %jmp/1 T_6.1, 6;
    %dup/vec4;
    %pushi/vec4 3, 0, 3;
    %cmp/u;
    %jmp/1 T_6.2, 6;
    %dup/vec4;
    %pushi/vec4 4, 0, 3;
    %cmp/u;
    %jmp/1 T_6.3, 6;
    %dup/vec4;
    %pushi/vec4 5, 0, 3;
    %cmp/u;
    %jmp/1 T_6.4, 6;
    %dup/vec4;
    %pushi/vec4 6, 0, 3;
    %cmp/u;
    %jmp/1 T_6.5, 6;
    %dup/vec4;
    %pushi/vec4 7, 0, 3;
    %cmp/u;
    %jmp/1 T_6.6, 6;
    %pushi/vec4 0, 0, 3;
    %store/vec4 v0000026e9929ebf0_0, 0, 3;
    %jmp T_6.8;
T_6.0 ;
    %pushi/vec4 1, 0, 3;
    %store/vec4 v0000026e9929ebf0_0, 0, 3;
    %jmp T_6.8;
T_6.1 ;
    %load/vec4 v0000026e99238cf0_0;
    %cmpi/e 3, 0, 3;
    %jmp/0xz  T_6.9, 4;
    %pushi/vec4 3, 0, 3;
    %store/vec4 v0000026e9929ebf0_0, 0, 3;
    %jmp T_6.10;
T_6.9 ;
    %load/vec4 v0000026e99238cf0_0;
    %cmpi/e 4, 0, 3;
    %jmp/0xz  T_6.11, 4;
    %pushi/vec4 4, 0, 3;
    %store/vec4 v0000026e9929ebf0_0, 0, 3;
    %jmp T_6.12;
T_6.11 ;
    %load/vec4 v0000026e99238cf0_0;
    %cmpi/e 5, 0, 3;
    %jmp/0xz  T_6.13, 4;
    %pushi/vec4 5, 0, 3;
    %store/vec4 v0000026e9929ebf0_0, 0, 3;
    %jmp T_6.14;
T_6.13 ;
    %load/vec4 v0000026e99238cf0_0;
    %cmpi/e 6, 0, 3;
    %jmp/0xz  T_6.15, 4;
    %pushi/vec4 6, 0, 3;
    %store/vec4 v0000026e9929ebf0_0, 0, 3;
    %jmp T_6.16;
T_6.15 ;
    %load/vec4 v0000026e99238cf0_0;
    %cmpi/e 7, 0, 3;
    %jmp/0xz  T_6.17, 4;
    %pushi/vec4 7, 0, 3;
    %store/vec4 v0000026e9929ebf0_0, 0, 3;
    %jmp T_6.18;
T_6.17 ;
    %pushi/vec4 0, 0, 3;
    %store/vec4 v0000026e9929ebf0_0, 0, 3;
T_6.18 ;
T_6.16 ;
T_6.14 ;
T_6.12 ;
T_6.10 ;
    %jmp T_6.8;
T_6.2 ;
    %pushi/vec4 0, 0, 3;
    %store/vec4 v0000026e9929ebf0_0, 0, 3;
    %jmp T_6.8;
T_6.3 ;
    %pushi/vec4 0, 0, 3;
    %store/vec4 v0000026e9929ebf0_0, 0, 3;
    %jmp T_6.8;
T_6.4 ;
    %pushi/vec4 0, 0, 3;
    %store/vec4 v0000026e9929ebf0_0, 0, 3;
    %jmp T_6.8;
T_6.5 ;
    %pushi/vec4 0, 0, 3;
    %store/vec4 v0000026e9929ebf0_0, 0, 3;
    %jmp T_6.8;
T_6.6 ;
    %pushi/vec4 7, 0, 3;
    %store/vec4 v0000026e9929ebf0_0, 0, 3;
    %jmp T_6.8;
T_6.8 ;
    %pop/vec4 1;
    %jmp T_6;
    .thread T_6, $push;
    .scope S_0000026e99203650;
T_7 ;
    %pushi/vec4 0, 0, 1;
    %store/vec4 v0000026e992a27c0_0, 0, 1;
    %pushi/vec4 0, 0, 1;
    %store/vec4 v0000026e992a2860_0, 0, 1;
    %pushi/vec4 0, 0, 8;
    %store/vec4 v0000026e992a2680_0, 0, 8;
    %end;
    .thread T_7;
    .scope S_0000026e99203650;
T_8 ;
T_8.0 ;
    %delay 5000, 0;
    %load/vec4 v0000026e992a27c0_0;
    %inv;
    %store/vec4 v0000026e992a27c0_0, 0, 1;
    %jmp T_8.0;
    %end;
    .thread T_8;
    .scope S_0000026e99203650;
T_9 ;
    %vpi_call 2 39 "$dumpfile", "tb_top.vcd" {0 0 0};
    %vpi_call 2 40 "$dumpvars", 32'sb00000000000000000000000000000000, S_0000026e99203650 {0 0 0};
    %pushi/vec4 66, 0, 8;
    %store/vec4 v0000026e992a2680_0, 0, 8;
    %pushi/vec4 1, 0, 1;
    %store/vec4 v0000026e992a2860_0, 0, 1;
    %delay 1000, 0;
    %pushi/vec4 0, 0, 1;
    %store/vec4 v0000026e992a2860_0, 0, 1;
    %delay 1000, 0;
    %pushi/vec4 1, 0, 1;
    %store/vec4 v0000026e992a2860_0, 0, 1;
    %delay 10000000, 0;
    %vpi_call 2 48 "$finish" {0 0 0};
    %end;
    .thread T_9;
# The file index is used to find the file name in the following table.
:file_names 12;
    "N/A";
    "<interactive>";
    "tb.v";
    "./top.v";
    "./cu.v";
    "./dp.v";
    "./tri_buffer.v";
    "./decrement.v";
    "./increment.v";
    "./mux21.v";
    "./Register.v";
    "./rom_16x8.v";
