#! /c/Source/iverilog-install/bin/vvp
:ivl_version "12.0 (devel)" "(s20150603-1110-g18392a46)";
:ivl_delay_selection "TYPICAL";
:vpi_time_precision + 0;
:vpi_module "D:\iverilog\lib\ivl\system.vpi";
:vpi_module "D:\iverilog\lib\ivl\vhdl_sys.vpi";
:vpi_module "D:\iverilog\lib\ivl\vhdl_textio.vpi";
:vpi_module "D:\iverilog\lib\ivl\v2005_math.vpi";
:vpi_module "D:\iverilog\lib\ivl\va_math.vpi";
S_0000021a6b742ca0 .scope module, "shiftreg" "shiftreg" 2 1;
 .timescale 0 0;
    .port_info 0 /INPUT 1 "clk";
    .port_info 1 /INPUT 1 "shift";
    .port_info 2 /INPUT 1 "serial_in";
    .port_info 3 /OUTPUT 8 "Q";
P_0000021a6b858960 .param/l "n" 0 2 2, +C4<00000000000000000000000000001000>;
v0000021a6b859ae0_0 .var "Q", 7 0;
o0000021a6b777008 .functor BUFZ 1, C4<z>; HiZ drive
v0000021a6b742e30_0 .net "clk", 0 0, o0000021a6b777008;  0 drivers
o0000021a6b777038 .functor BUFZ 1, C4<z>; HiZ drive
v0000021a6b742ed0_0 .net "serial_in", 0 0, o0000021a6b777038;  0 drivers
o0000021a6b777068 .functor BUFZ 1, C4<z>; HiZ drive
v0000021a6b742f70_0 .net "shift", 0 0, o0000021a6b777068;  0 drivers
E_0000021a6b8585a0 .event posedge, v0000021a6b742e30_0;
    .scope S_0000021a6b742ca0;
T_0 ;
    %pushi/vec4 0, 0, 8;
    %store/vec4 v0000021a6b859ae0_0, 0, 8;
    %end;
    .thread T_0;
    .scope S_0000021a6b742ca0;
T_1 ;
    %wait E_0000021a6b8585a0;
    %load/vec4 v0000021a6b742f70_0;
    %flag_set/vec4 8;
    %jmp/0xz  T_1.0, 8;
    %load/vec4 v0000021a6b742ed0_0;
    %load/vec4 v0000021a6b859ae0_0;
    %parti/s 7, 1, 2;
    %concat/vec4; draw_concat_vec4
    %assign/vec4 v0000021a6b859ae0_0, 0;
T_1.0 ;
    %jmp T_1;
    .thread T_1;
# The file index is used to find the file name in the following table.
:file_names 3;
    "N/A";
    "<interactive>";
    "shiftreg.v";
